
======================================================================
num_words = 1 | batch_size = 20
Baseline | pred='y' | pos_acc=1/1 (100.0%) | compared=1
CoT      | pred='y' | pos_acc=1/1 (100.0%) | compared=1
L2M      | pred='y' | pos_acc=1/1 (100.0%) | compared=1
L2M-DV   | pred='y' | pos_acc=1/1 (100.0%) | compared=1
Baseline | pred='s' | pos_acc=1/1 (100.0%) | compared=1
CoT      | pred='s' | pos_acc=1/1 (100.0%) | compared=1
L2M      | pred='s' | pos_acc=1/1 (100.0%) | compared=1
L2M-DV   | pred='s' | pos_acc=1/1 (100.0%) | compared=1
Baseline | pred='l' | pos_acc=1/1 (100.0%) | compared=1
CoT      | pred='l' | pos_acc=1/1 (100.0%) | compared=1
L2M      | pred='l' | pos_acc=1/1 (100.0%) | compared=1
L2M-DV   | pred='l' | pos_acc=1/1 (100.0%) | compared=1
Baseline | pred='l' | pos_acc=1/1 (100.0%) | compared=1
CoT      | pred='l' | pos_acc=1/1 (100.0%) | compared=1
L2M      | pred='l' | pos_acc=1/1 (100.0%) | compared=1
L2M-DV   | pred='l' | pos_acc=1/1 (100.0%) | compared=1
Baseline | pred='y' | pos_acc=1/1 (100.0%) | compared=1
CoT      | pred='y' | pos_acc=1/1 (100.0%) | compared=1
L2M      | pred='y' | pos_acc=1/1 (100.0%) | compared=1
L2M-DV   | pred='y' | pos_acc=1/1 (100.0%) | compared=1
Baseline | pred='y' | pos_acc=1/1 (100.0%) | compared=1
CoT      | pred='y' | pos_acc=1/1 (100.0%) | compared=1
L2M      | pred='y' | pos_acc=1/1 (100.0%) | compared=1
L2M-DV   | pred='y' | pos_acc=1/1 (100.0%) | compared=1
Baseline | pred='t' | pos_acc=1/1 (100.0%) | compared=1
CoT      | pred='t' | pos_acc=1/1 (100.0%) | compared=1
L2M      | pred='t' | pos_acc=1/1 (100.0%) | compared=1
L2M-DV   | pred='t' | pos_acc=1/1 (100.0%) | compared=1
Baseline | pred='n' | pos_acc=1/1 (100.0%) | compared=1
CoT      | pred='n' | pos_acc=1/1 (100.0%) | compared=1
L2M      | pred='n' | pos_acc=1/1 (100.0%) | compared=1
L2M-DV   | pred='n' | pos_acc=1/1 (100.0%) | compared=1
Baseline | pred='n' | pos_acc=1/1 (100.0%) | compared=1
CoT      | pred='n' | pos_acc=1/1 (100.0%) | compared=1
L2M      | pred='n' | pos_acc=1/1 (100.0%) | compared=1
L2M-DV   | pred='n' | pos_acc=1/1 (100.0%) | compared=1
Baseline | pred='m' | pos_acc=1/1 (100.0%) | compared=1
CoT      | pred='m' | pos_acc=1/1 (100.0%) | compared=1
L2M      | pred='m' | pos_acc=1/1 (100.0%) | compared=1
L2M-DV   | pred='m' | pos_acc=1/1 (100.0%) | compared=1
Baseline | pred='y' | pos_acc=1/1 (100.0%) | compared=1
CoT      | pred='y' | pos_acc=1/1 (100.0%) | compared=1
L2M      | pred='y' | pos_acc=1/1 (100.0%) | compared=1
L2M-DV   | pred='y' | pos_acc=1/1 (100.0%) | compared=1
Baseline | pred='m' | pos_acc=1/1 (100.0%) | compared=1
CoT      | pred='m' | pos_acc=1/1 (100.0%) | compared=1
L2M      | pred='m' | pos_acc=1/1 (100.0%) | compared=1
L2M-DV   | pred='m' | pos_acc=1/1 (100.0%) | compared=1
Baseline | pred='y' | pos_acc=1/1 (100.0%) | compared=1
CoT      | pred='y' | pos_acc=1/1 (100.0%) | compared=1
L2M      | pred='y' | pos_acc=1/1 (100.0%) | compared=1
L2M-DV   | pred='y' | pos_acc=1/1 (100.0%) | compared=1
Baseline | pred='y' | pos_acc=1/1 (100.0%) | compared=1
CoT      | pred='y' | pos_acc=1/1 (100.0%) | compared=1
L2M      | pred='y' | pos_acc=1/1 (100.0%) | compared=1
L2M-DV   | pred='y' | pos_acc=1/1 (100.0%) | compared=1
Baseline | pred='n' | pos_acc=1/1 (100.0%) | compared=1
CoT      | pred='n' | pos_acc=1/1 (100.0%) | compared=1
L2M      | pred='n' | pos_acc=1/1 (100.0%) | compared=1
L2M-DV   | pred='n' | pos_acc=1/1 (100.0%) | compared=1
Baseline | pred='s' | pos_acc=1/1 (100.0%) | compared=1
CoT      | pred='s' | pos_acc=1/1 (100.0%) | compared=1
L2M      | pred='s' | pos_acc=1/1 (100.0%) | compared=1
L2M-DV   | pred='s' | pos_acc=1/1 (100.0%) | compared=1
Baseline | pred='n' | pos_acc=1/1 (100.0%) | compared=1
CoT      | pred='n' | pos_acc=1/1 (100.0%) | compared=1
L2M      | pred='n' | pos_acc=1/1 (100.0%) | compared=1
L2M-DV   | pred='n' | pos_acc=1/1 (100.0%) | compared=1
Baseline | pred='n' | pos_acc=1/1 (100.0%) | compared=1
CoT      | pred='n' | pos_acc=1/1 (100.0%) | compared=1
L2M      | pred='n' | pos_acc=1/1 (100.0%) | compared=1
L2M-DV   | pred='n' | pos_acc=1/1 (100.0%) | compared=1
Baseline | pred='y' | pos_acc=1/1 (100.0%) | compared=1
CoT      | pred='y' | pos_acc=1/1 (100.0%) | compared=1
L2M      | pred='y' | pos_acc=1/1 (100.0%) | compared=1
L2M-DV   | pred='y' | pos_acc=1/1 (100.0%) | compared=1
Baseline | pred='n' | pos_acc=1/1 (100.0%) | compared=1
CoT      | pred='n' | pos_acc=1/1 (100.0%) | compared=1
L2M      | pred='n' | pos_acc=1/1 (100.0%) | compared=1
L2M-DV   | pred='n' | pos_acc=1/1 (100.0%) | compared=1

[Batch Summary for n_words=1]
  Baseline  : 100.00%
  CoT       : 100.00%
  L2M       : 100.00%
  L2M-DV    : 100.00%

======================================================================
num_words = 2 | batch_size = 20
Baseline | pred='ee' | pos_acc=1/2 (50.0%) | compared=2
CoT      | pred='ee' | pos_acc=1/2 (50.0%) | compared=2
L2M      | pred='en' | pos_acc=2/2 (100.0%) | compared=2
L2M-DV   | pred='en' | pos_acc=2/2 (100.0%) | compared=2
Baseline | pred='nn' | pos_acc=2/2 (100.0%) | compared=2
CoT      | pred='nn' | pos_acc=2/2 (100.0%) | compared=2
L2M      | pred='nn' | pos_acc=2/2 (100.0%) | compared=2
L2M-DV   | pred='nn' | pos_acc=2/2 (100.0%) | compared=2
Baseline | pred='yt' | pos_acc=1/2 (50.0%) | compared=2
CoT      | pred='yt' | pos_acc=1/2 (50.0%) | compared=2
L2M      | pred='ye' | pos_acc=2/2 (100.0%) | compared=2
L2M-DV   | pred='ye' | pos_acc=2/2 (100.0%) | compared=2
Baseline | pred='nn' | pos_acc=1/2 (50.0%) | compared=2
CoT      | pred='nn' | pos_acc=1/2 (50.0%) | compared=2
L2M      | pred='ny' | pos_acc=2/2 (100.0%) | compared=2
L2M-DV   | pred='ny' | pos_acc=2/2 (100.0%) | compared=2
Baseline | pred='yt' | pos_acc=2/2 (100.0%) | compared=2
CoT      | pred='yt' | pos_acc=2/2 (100.0%) | compared=2
L2M      | pred='yt' | pos_acc=2/2 (100.0%) | compared=2
L2M-DV   | pred='yt' | pos_acc=2/2 (100.0%) | compared=2
Baseline | pred='mc' | pos_acc=1/2 (50.0%) | compared=2
CoT      | pred='mc' | pos_acc=1/2 (50.0%) | compared=2
L2M      | pred='cy' | pos_acc=1/2 (50.0%) | compared=2
L2M-DV   | pred='my' | pos_acc=2/2 (100.0%) | compared=2
Baseline | pred='nn' | pos_acc=1/2 (50.0%) | compared=2
CoT      | pred='nn' | pos_acc=1/2 (50.0%) | compared=2
L2M      | pred='ny' | pos_acc=2/2 (100.0%) | compared=2
L2M-DV   | pred='ny' | pos_acc=2/2 (100.0%) | compared=2
Baseline | pred='yt' | pos_acc=1/2 (50.0%) | compared=2
CoT      | pred='yt' | pos_acc=1/2 (50.0%) | compared=2
L2M      | pred='ym' | pos_acc=2/2 (100.0%) | compared=2
L2M-DV   | pred='ym' | pos_acc=2/2 (100.0%) | compared=2
Baseline | pred='rr' | pos_acc=1/2 (50.0%) | compared=2
CoT      | pred='rr' | pos_acc=1/2 (50.0%) | compared=2
L2M      | pred='rn' | pos_acc=2/2 (100.0%) | compared=2
L2M-DV   | pred='rn' | pos_acc=2/2 (100.0%) | compared=2
Baseline | pred='yy' | pos_acc=2/2 (100.0%) | compared=2
CoT      | pred='yy' | pos_acc=2/2 (100.0%) | compared=2
L2M      | pred='yy' | pos_acc=2/2 (100.0%) | compared=2
L2M-DV   | pred='yy' | pos_acc=2/2 (100.0%) | compared=2
Baseline | pred='ye' | pos_acc=2/2 (100.0%) | compared=2
CoT      | pred='yn' | pos_acc=1/2 (50.0%) | compared=2
L2M      | pred='ye' | pos_acc=2/2 (100.0%) | compared=2
L2M-DV   | pred='ye' | pos_acc=2/2 (100.0%) | compared=2
Baseline | pred='ly' | pos_acc=1/2 (50.0%) | compared=2
CoT      | pred='ly' | pos_acc=1/2 (50.0%) | compared=2
L2M      | pred='yy' | pos_acc=2/2 (100.0%) | compared=2
L2M-DV   | pred='yy' | pos_acc=2/2 (100.0%) | compared=2
Baseline | pred='gn' | pos_acc=2/2 (100.0%) | compared=2
CoT      | pred='gn' | pos_acc=2/2 (100.0%) | compared=2
L2M      | pred='gn' | pos_acc=2/2 (100.0%) | compared=2
L2M-DV   | pred='gn' | pos_acc=2/2 (100.0%) | compared=2
Baseline | pred='ry' | pos_acc=2/2 (100.0%) | compared=2
CoT      | pred='ry' | pos_acc=2/2 (100.0%) | compared=2
L2M      | pred='ry' | pos_acc=2/2 (100.0%) | compared=2
L2M-DV   | pred='ry' | pos_acc=2/2 (100.0%) | compared=2
Baseline | pred='et' | pos_acc=1/2 (50.0%) | compared=2
CoT      | pred='et' | pos_acc=1/2 (50.0%) | compared=2
L2M      | pred='ee' | pos_acc=2/2 (100.0%) | compared=2
L2M-DV   | pred='ee' | pos_acc=2/2 (100.0%) | compared=2
Baseline | pred='yg' | pos_acc=1/2 (50.0%) | compared=2
CoT      | pred='yg' | pos_acc=1/2 (50.0%) | compared=2
L2M      | pred='yx' | pos_acc=2/2 (100.0%) | compared=2
L2M-DV   | pred='yx' | pos_acc=2/2 (100.0%) | compared=2
Baseline | pred='ye' | pos_acc=2/2 (100.0%) | compared=2
CoT      | pred='ye' | pos_acc=2/2 (100.0%) | compared=2
L2M      | pred='ye' | pos_acc=2/2 (100.0%) | compared=2
L2M-DV   | pred='ye' | pos_acc=2/2 (100.0%) | compared=2
Baseline | pred='ng' | pos_acc=1/2 (50.0%) | compared=2
CoT      | pred='ny' | pos_acc=2/2 (100.0%) | compared=2
L2M      | pred='ny' | pos_acc=2/2 (100.0%) | compared=2
L2M-DV   | pred='ny' | pos_acc=2/2 (100.0%) | compared=2
Baseline | pred='ng' | pos_acc=1/2 (50.0%) | compared=2
CoT      | pred='ng' | pos_acc=1/2 (50.0%) | compared=2
L2M      | pred='ny' | pos_acc=2/2 (100.0%) | compared=2
L2M-DV   | pred='ny' | pos_acc=2/2 (100.0%) | compared=2
Baseline | pred='nn' | pos_acc=1/2 (50.0%) | compared=2
CoT      | pred='nn' | pos_acc=1/2 (50.0%) | compared=2
L2M      | pred='nc' | pos_acc=2/2 (100.0%) | compared=2
L2M-DV   | pred='nc' | pos_acc=2/2 (100.0%) | compared=2

[Batch Summary for n_words=2]
  Baseline  : 67.50%
  CoT       : 67.50%
  L2M       : 97.50%
  L2M-DV    : 100.00%

======================================================================
num_words = 3 | batch_size = 20
Baseline | pred='sns' | pos_acc=1/3 (33.3%) | compared=3
CoT      | pred='sns' | pos_acc=1/3 (33.3%) | compared=3
L2M      | pred='sln' | pos_acc=3/3 (100.0%) | compared=3
L2M-DV   | pred='sln' | pos_acc=3/3 (100.0%) | compared=3
Baseline | pred='lnn' | pos_acc=2/3 (66.7%) | compared=3
CoT      | pred='lnn' | pos_acc=2/3 (66.7%) | compared=3
L2M      | pred='ynn' | pos_acc=3/3 (100.0%) | compared=3
L2M-DV   | pred='ynn' | pos_acc=3/3 (100.0%) | compared=3
Baseline | pred='nyr' | pos_acc=2/3 (66.7%) | compared=3
CoT      | pred='nyr' | pos_acc=2/3 (66.7%) | compared=3
L2M      | pred='nyy' | pos_acc=3/3 (100.0%) | compared=3
L2M-DV   | pred='nyy' | pos_acc=3/3 (100.0%) | compared=3
Baseline | pred='yry' | pos_acc=2/3 (66.7%) | compared=3
CoT      | pred='yry' | pos_acc=2/3 (66.7%) | compared=3
L2M      | pred='yyy' | pos_acc=3/3 (100.0%) | compared=3
L2M-DV   | pred='yyy' | pos_acc=3/3 (100.0%) | compared=3
Baseline | pred='yms' | pos_acc=2/3 (66.7%) | compared=3
CoT      | pred='yms' | pos_acc=2/3 (66.7%) | compared=3
L2M      | pred='ymy' | pos_acc=3/3 (100.0%) | compared=3
L2M-DV   | pred='ymy' | pos_acc=3/3 (100.0%) | compared=3
Baseline | pred='nen' | pos_acc=1/3 (33.3%) | compared=3
CoT      | pred='non' | pos_acc=1/3 (33.3%) | compared=3
L2M      | pred='nye' | pos_acc=3/3 (100.0%) | compared=3
L2M-DV   | pred='nye' | pos_acc=3/3 (100.0%) | compared=3
Baseline | pred='lyt' | pos_acc=1/3 (33.3%) | compared=3
CoT      | pred='lyt' | pos_acc=1/3 (33.3%) | compared=3
L2M      | pred='yyl' | pos_acc=3/3 (100.0%) | compared=3
L2M-DV   | pred='yyl' | pos_acc=3/3 (100.0%) | compared=3
Baseline | pred='eon' | pos_acc=1/3 (33.3%) | compared=3
CoT      | pred='eon' | pos_acc=1/3 (33.3%) | compared=3
L2M      | pred='eny' | pos_acc=3/3 (100.0%) | compared=3
L2M-DV   | pred='eny' | pos_acc=3/3 (100.0%) | compared=3
Baseline | pred='mty' | pos_acc=1/3 (33.3%) | compared=3
CoT      | pred='mty' | pos_acc=1/3 (33.3%) | compared=3
L2M      | pred='myl' | pos_acc=3/3 (100.0%) | compared=3
L2M-DV   | pred='myl' | pos_acc=3/3 (100.0%) | compared=3
Baseline | pred='yms' | pos_acc=2/3 (66.7%) | compared=3
CoT      | pred='yms' | pos_acc=2/3 (66.7%) | compared=3
L2M      | pred='ymn' | pos_acc=3/3 (100.0%) | compared=3
L2M-DV   | pred='ymn' | pos_acc=3/3 (100.0%) | compared=3
Baseline | pred='nly' | pos_acc=2/3 (66.7%) | compared=3
CoT      | pred='nly' | pos_acc=2/3 (66.7%) | compared=3
L2M      | pred='nyy' | pos_acc=3/3 (100.0%) | compared=3
L2M-DV   | pred='nyy' | pos_acc=3/3 (100.0%) | compared=3
Baseline | pred='yno' | pos_acc=2/3 (66.7%) | compared=3
CoT      | pred='yno' | pos_acc=2/3 (66.7%) | compared=3
L2M      | pred='ynl' | pos_acc=3/3 (100.0%) | compared=3
L2M-DV   | pred='ynl' | pos_acc=3/3 (100.0%) | compared=3
Baseline | pred='mum' | pos_acc=1/3 (33.3%) | compared=3
CoT      | pred='mty' | pos_acc=2/3 (66.7%) | compared=3
L2M      | pred='myy' | pos_acc=3/3 (100.0%) | compared=3
L2M-DV   | pred='myy' | pos_acc=3/3 (100.0%) | compared=3
Baseline | pred='non' | pos_acc=2/3 (66.7%) | compared=3
CoT      | pred='non' | pos_acc=2/3 (66.7%) | compared=3
L2M      | pred='nnn' | pos_acc=3/3 (100.0%) | compared=3
L2M-DV   | pred='nnn' | pos_acc=3/3 (100.0%) | compared=3
Baseline | pred='eyr' | pos_acc=2/3 (66.7%) | compared=3
CoT      | pred='eyy' | pos_acc=3/3 (100.0%) | compared=3
L2M      | pred='eyy' | pos_acc=3/3 (100.0%) | compared=3
L2M-DV   | pred='eyy' | pos_acc=3/3 (100.0%) | compared=3
Baseline | pred='nss' | pos_acc=2/3 (66.7%) | compared=3
CoT      | pred='nss' | pos_acc=2/3 (66.7%) | compared=3
L2M      | pred='nsm' | pos_acc=3/3 (100.0%) | compared=3
L2M-DV   | pred='nsm' | pos_acc=3/3 (100.0%) | compared=3
Baseline | pred='yln' | pos_acc=2/3 (66.7%) | compared=3
CoT      | pred='yln' | pos_acc=2/3 (66.7%) | compared=3
L2M      | pred='yly' | pos_acc=3/3 (100.0%) | compared=3
L2M-DV   | pred='yly' | pos_acc=3/3 (100.0%) | compared=3
Baseline | pred='lyy' | pos_acc=2/3 (66.7%) | compared=3
CoT      | pred='lyy' | pos_acc=2/3 (66.7%) | compared=3
L2M      | pred='yyy' | pos_acc=3/3 (100.0%) | compared=3
L2M-DV   | pred='yyy' | pos_acc=3/3 (100.0%) | compared=3
Baseline | pred='lnn' | pos_acc=2/3 (66.7%) | compared=3
CoT      | pred='lnn' | pos_acc=2/3 (66.7%) | compared=3
L2M      | pred='ynn' | pos_acc=3/3 (100.0%) | compared=3
L2M-DV   | pred='ynn' | pos_acc=3/3 (100.0%) | compared=3
Baseline | pred='non' | pos_acc=1/3 (33.3%) | compared=3
CoT      | pred='nty' | pos_acc=1/3 (33.3%) | compared=3
L2M      | pred='nym' | pos_acc=3/3 (100.0%) | compared=3
L2M-DV   | pred='nym' | pos_acc=3/3 (100.0%) | compared=3

[Batch Summary for n_words=3]
  Baseline  : 55.00%
  CoT       : 58.33%
  L2M       : 100.00%
  L2M-DV    : 100.00%

======================================================================
num_words = 4 | batch_size = 20
Baseline | pred='nnly' | pos_acc=3/4 (75.0%) | compared=4
CoT      | pred='nnly' | pos_acc=3/4 (75.0%) | compared=4
L2M      | pred='nnny' | pos_acc=4/4 (100.0%) | compared=4
L2M-DV   | pred='nnny' | pos_acc=4/4 (100.0%) | compared=4
Baseline | pred='lnnn' | pos_acc=4/4 (100.0%) | compared=4
CoT      | pred='nnno' | pos_acc=2/4 (50.0%) | compared=4
L2M      | pred='lnnn' | pos_acc=4/4 (100.0%) | compared=4
L2M-DV   | pred='lnnn' | pos_acc=4/4 (100.0%) | compared=4
Baseline | pred='ynot' | pos_acc=2/4 (50.0%) | compared=4
CoT      | pred='yonn' | pos_acc=1/4 (25.0%) | compared=4
L2M      | pred='ynys' | pos_acc=4/4 (100.0%) | compared=4
L2M-DV   | pred='ynys' | pos_acc=4/4 (100.0%) | compared=4
Baseline | pred='ylan' | pos_acc=2/4 (50.0%) | compared=4
CoT      | pred='ylan' | pos_acc=2/4 (50.0%) | compared=4
L2M      | pred='ylny' | pos_acc=4/4 (100.0%) | compared=4
L2M-DV   | pred='ylny' | pos_acc=4/4 (100.0%) | compared=4
Baseline | pred='lyny' | pos_acc=3/4 (75.0%) | compared=4
CoT      | pred='ylyn' | pos_acc=1/4 (25.0%) | compared=4
L2M      | pred='ynny' | pos_acc=3/4 (75.0%) | compared=4
L2M-DV   | pred='yyny' | pos_acc=4/4 (100.0%) | compared=4
Baseline | pred='ylyn' | pos_acc=2/4 (50.0%) | compared=4
CoT      | pred='ylyn' | pos_acc=2/4 (50.0%) | compared=4
L2M      | pred='yyen' | pos_acc=4/4 (100.0%) | compared=4
L2M-DV   | pred='yyen' | pos_acc=4/4 (100.0%) | compared=4
Baseline | pred='nnss' | pos_acc=3/4 (75.0%) | compared=4
CoT      | pred='nnss' | pos_acc=3/4 (75.0%) | compared=4
L2M      | pred='nnsc' | pos_acc=4/4 (100.0%) | compared=4
L2M-DV   | pred='nnsc' | pos_acc=4/4 (100.0%) | compared=4
Baseline | pred='cnsn' | pos_acc=2/4 (50.0%) | compared=4
CoT      | pred='cnsmm' | pos_acc=3/4 (75.0%) | compared=4 | len_mismatch(gold=4, pred=5)
L2M      | pred='cnnm' | pos_acc=4/4 (100.0%) | compared=4
L2M-DV   | pred='cnnm' | pos_acc=4/4 (100.0%) | compared=4
Baseline | pred='snly' | pos_acc=3/4 (75.0%) | compared=4
CoT      | pred='snly' | pos_acc=3/4 (75.0%) | compared=4
L2M      | pred='snyy' | pos_acc=4/4 (100.0%) | compared=4
L2M-DV   | pred='snyy' | pos_acc=4/4 (100.0%) | compared=4
Baseline | pred='eynn' | pos_acc=3/4 (75.0%) | compared=4
CoT      | pred='etnn' | pos_acc=2/4 (50.0%) | compared=4
L2M      | pred='eyny' | pos_acc=4/4 (100.0%) | compared=4
L2M-DV   | pred='eyny' | pos_acc=4/4 (100.0%) | compared=4
Baseline | pred='nvee' | pos_acc=2/4 (50.0%) | compared=4
CoT      | pred='nvee' | pos_acc=2/4 (50.0%) | compared=4
L2M      | pred='nene' | pos_acc=4/4 (100.0%) | compared=4
L2M-DV   | pred='nene' | pos_acc=4/4 (100.0%) | compared=4
Baseline | pred='lytl' | pos_acc=2/4 (50.0%) | compared=4
CoT      | pred='llyg' | pos_acc=1/4 (25.0%) | compared=4
L2M      | pred='lley' | pos_acc=3/4 (75.0%) | compared=4
L2M-DV   | pred='lley' | pos_acc=3/4 (75.0%) | compared=4
Baseline | pred='yyon' | pos_acc=3/4 (75.0%) | compared=4
CoT      | pred='yyyz' | pos_acc=3/4 (75.0%) | compared=4
L2M      | pred='yyyn' | pos_acc=4/4 (100.0%) | compared=4
L2M-DV   | pred='yynn' | pos_acc=3/4 (75.0%) | compared=4
Baseline | pred='nnyn' | pos_acc=3/4 (75.0%) | compared=4
CoT      | pred='nnyn' | pos_acc=3/4 (75.0%) | compared=4
L2M      | pred='nyyn' | pos_acc=4/4 (100.0%) | compared=4
L2M-DV   | pred='nyyn' | pos_acc=4/4 (100.0%) | compared=4
Baseline | pred='mnve' | pos_acc=2/4 (50.0%) | compared=4
CoT      | pred='mnne' | pos_acc=3/4 (75.0%) | compared=4
L2M      | pred='myne' | pos_acc=4/4 (100.0%) | compared=4
L2M-DV   | pred='myne' | pos_acc=4/4 (100.0%) | compared=4
Baseline | pred='lnen' | pos_acc=1/4 (25.0%) | compared=4
CoT      | pred='lneny' | pos_acc=1/4 (25.0%) | compared=4 | len_mismatch(gold=4, pred=5)
L2M      | pred='leny' | pos_acc=4/4 (100.0%) | compared=4
L2M-DV   | pred='leny' | pos_acc=4/4 (100.0%) | compared=4
Baseline | pred='ytyl' | pos_acc=2/4 (50.0%) | compared=4
CoT      | pred='ytyl' | pos_acc=2/4 (50.0%) | compared=4
L2M      | pred='ynnl' | pos_acc=3/4 (75.0%) | compared=4
L2M-DV   | pred='ynnl' | pos_acc=3/4 (75.0%) | compared=4
Baseline | pred='nnno' | pos_acc=3/4 (75.0%) | compared=4
CoT      | pred='nnno' | pos_acc=3/4 (75.0%) | compared=4
L2M      | pred='nnnn' | pos_acc=4/4 (100.0%) | compared=4
L2M-DV   | pred='nnnn' | pos_acc=4/4 (100.0%) | compared=4
Baseline | pred='nnno' | pos_acc=3/4 (75.0%) | compared=4
CoT      | pred='nnno' | pos_acc=3/4 (75.0%) | compared=4
L2M      | pred='nnnn' | pos_acc=4/4 (100.0%) | compared=4
L2M-DV   | pred='nnnn' | pos_acc=4/4 (100.0%) | compared=4
Baseline | pred='nnys' | pos_acc=3/4 (75.0%) | compared=4
CoT      | pred='nnys' | pos_acc=3/4 (75.0%) | compared=4
L2M      | pred='nnyx' | pos_acc=4/4 (100.0%) | compared=4
L2M-DV   | pred='nnyx' | pos_acc=4/4 (100.0%) | compared=4

[Batch Summary for n_words=4]
  Baseline  : 63.75%
  CoT       : 57.50%
  L2M       : 96.25%
  L2M-DV    : 96.25%

======================================================================
num_words = 5 | batch_size = 20
Baseline | pred='yntcl' | pos_acc=3/5 (60.0%) | compared=5
CoT      | pred='yntcl' | pos_acc=3/5 (60.0%) | compared=5
L2M      | pred='ynyyl' | pos_acc=5/5 (100.0%) | compared=5
L2M-DV   | pred='ynyyl' | pos_acc=5/5 (100.0%) | compared=5
Baseline | pred='gnity' | pos_acc=3/5 (60.0%) | compared=5
CoT      | pred='gnity' | pos_acc=3/5 (60.0%) | compared=5
L2M      | pred='gnyny' | pos_acc=5/5 (100.0%) | compared=5
L2M-DV   | pred='gnyny' | pos_acc=5/5 (100.0%) | compared=5
Baseline | pred='nnnll' | pos_acc=3/5 (60.0%) | compared=5
CoT      | pred='nnnll' | pos_acc=3/5 (60.0%) | compared=5
L2M      | pred='nnenl' | pos_acc=5/5 (100.0%) | compared=5
L2M-DV   | pred='nnenl' | pos_acc=5/5 (100.0%) | compared=5
Baseline | pred='esyity' | pos_acc=1/5 (20.0%) | compared=5 | len_mismatch(gold=5, pred=6)
CoT      | pred='esyyt' | pos_acc=2/5 (40.0%) | compared=5
L2M      | pred='enxyy' | pos_acc=5/5 (100.0%) | compared=5
L2M-DV   | pred='enxyy' | pos_acc=5/5 (100.0%) | compared=5
Baseline | pred='oylnn' | pos_acc=3/5 (60.0%) | compared=5
CoT      | pred='oylnn' | pos_acc=3/5 (60.0%) | compared=5
L2M      | pred='ymlnn' | pos_acc=5/5 (100.0%) | compared=5
L2M-DV   | pred='ymlnn' | pos_acc=5/5 (100.0%) | compared=5
Baseline | pred='nnlno' | pos_acc=3/5 (60.0%) | compared=5
CoT      | pred='nnlnt' | pos_acc=3/5 (60.0%) | compared=5
L2M      | pred='nnyny' | pos_acc=5/5 (100.0%) | compared=5
L2M-DV   | pred='nnyny' | pos_acc=5/5 (100.0%) | compared=5
Baseline | pred='nyrln' | pos_acc=3/5 (60.0%) | compared=5
CoT      | pred='nyrln' | pos_acc=3/5 (60.0%) | compared=5
L2M      | pred='nyylm' | pos_acc=5/5 (100.0%) | compared=5
L2M-DV   | pred='nyllm' | pos_acc=4/5 (80.0%) | compared=5
Baseline | pred='nonnn' | pos_acc=4/5 (80.0%) | compared=5
CoT      | pred='nonnn' | pos_acc=4/5 (80.0%) | compared=5
L2M      | pred='nennn' | pos_acc=5/5 (100.0%) | compared=5
L2M-DV   | pred='nennn' | pos_acc=5/5 (100.0%) | compared=5
Baseline | pred='nlyty' | pos_acc=3/5 (60.0%) | compared=5
CoT      | pred='nysyt' | pos_acc=3/5 (60.0%) | compared=5
L2M      | pred='nyyyy' | pos_acc=5/5 (100.0%) | compared=5
L2M-DV   | pred='nyyyy' | pos_acc=5/5 (100.0%) | compared=5
Baseline | pred='ytyon' | pos_acc=3/5 (60.0%) | compared=5
CoT      | pred='yynnt' | pos_acc=2/5 (40.0%) | compared=5
L2M      | pred='yyyyn' | pos_acc=5/5 (100.0%) | compared=5
L2M-DV   | pred='yyyyn' | pos_acc=5/5 (100.0%) | compared=5
Baseline | pred='nonyn' | pos_acc=4/5 (80.0%) | compared=5
CoT      | pred='nonyn' | pos_acc=4/5 (80.0%) | compared=5
L2M      | pred='nsnyn' | pos_acc=5/5 (100.0%) | compared=5
L2M-DV   | pred='nsnyn' | pos_acc=5/5 (100.0%) | compared=5
Baseline | pred='ednaln' | pos_acc=2/5 (40.0%) | compared=5 | len_mismatch(gold=5, pred=6)
CoT      | pred='ennaln' | pos_acc=3/5 (60.0%) | compared=5 | len_mismatch(gold=5, pred=6)
L2M      | pred='ennln' | pos_acc=5/5 (100.0%) | compared=5
L2M-DV   | pred='ennln' | pos_acc=5/5 (100.0%) | compared=5
Baseline | pred='esere' | pos_acc=2/5 (40.0%) | compared=5
CoT      | pred='esere' | pos_acc=2/5 (40.0%) | compared=5
L2M      | pred='eleen' | pos_acc=5/5 (100.0%) | compared=5
L2M-DV   | pred='eleen' | pos_acc=5/5 (100.0%) | compared=5
Baseline | pred='eynyt' | pos_acc=2/5 (40.0%) | compared=5
CoT      | pred='etysm' | pos_acc=1/5 (20.0%) | compared=5
L2M      | pred='eymty' | pos_acc=5/5 (100.0%) | compared=5
L2M-DV   | pred='eymty' | pos_acc=5/5 (100.0%) | compared=5
Baseline | pred='mnnty' | pos_acc=1/5 (20.0%) | compared=5
CoT      | pred='mlern' | pos_acc=2/5 (40.0%) | compared=5
L2M      | pred='meyln' | pos_acc=5/5 (100.0%) | compared=5
L2M-DV   | pred='meyln' | pos_acc=5/5 (100.0%) | compared=5
Baseline | pred='yntnx' | pos_acc=4/5 (80.0%) | compared=5
CoT      | pred='yntnx' | pos_acc=4/5 (80.0%) | compared=5
L2M      | pred='ynynx' | pos_acc=5/5 (100.0%) | compared=5
L2M-DV   | pred='ynynx' | pos_acc=5/5 (100.0%) | compared=5
Baseline | pred='nysnm' | pos_acc=4/5 (80.0%) | compared=5
CoT      | pred='nysnm' | pos_acc=4/5 (80.0%) | compared=5
L2M      | pred='nynnm' | pos_acc=4/5 (80.0%) | compared=5
L2M-DV   | pred='nyynm' | pos_acc=5/5 (100.0%) | compared=5
Baseline | pred='yynll' | pos_acc=4/5 (80.0%) | compared=5
CoT      | pred='yynll' | pos_acc=4/5 (80.0%) | compared=5
L2M      | pred='ynnly' | pos_acc=4/5 (80.0%) | compared=5
L2M-DV   | pred='ynnly' | pos_acc=4/5 (80.0%) | compared=5
Baseline | pred='elnon' | pos_acc=2/5 (40.0%) | compared=5
CoT      | pred='elnon' | pos_acc=2/5 (40.0%) | compared=5
L2M      | pred='ennys' | pos_acc=5/5 (100.0%) | compared=5
L2M-DV   | pred='ennys' | pos_acc=5/5 (100.0%) | compared=5
Baseline | pred='ylnsm' | pos_acc=3/5 (60.0%) | compared=5
CoT      | pred='ylnnm' | pos_acc=4/5 (80.0%) | compared=5
L2M      | pred='yltnm' | pos_acc=5/5 (100.0%) | compared=5
L2M-DV   | pred='yltmn' | pos_acc=3/5 (60.0%) | compared=5

[Batch Summary for n_words=5]
  Baseline  : 57.00%
  CoT       : 59.00%
  L2M       : 98.00%
  L2M-DV    : 96.00%

======================================================================
num_words = 6 | batch_size = 20
Baseline | pred='lyycne' | pos_acc=2/6 (33.3%) | compared=6
CoT      | pred='lyycne' | pos_acc=2/6 (33.3%) | compared=6
L2M      | pred='lynye' | pos_acc=5/6 (83.3%) | compared=5 | len_mismatch(gold=6, pred=5)
L2M-DV   | pred='lynye' | pos_acc=5/6 (83.3%) | compared=5 | len_mismatch(gold=6, pred=5)
Baseline | pred='ytnnom' | pos_acc=4/6 (66.7%) | compared=6
CoT      | pred='ytnnom' | pos_acc=4/6 (66.7%) | compared=6
L2M      | pred='ytmnnm' | pos_acc=6/6 (100.0%) | compared=6
L2M-DV   | pred='ytmnnm' | pos_acc=6/6 (100.0%) | compared=6
Baseline | pred='ymglln' | pos_acc=3/6 (50.0%) | compared=6
CoT      | pred='ymglln' | pos_acc=3/6 (50.0%) | compared=6
L2M      | pred='ymnlry' | pos_acc=6/6 (100.0%) | compared=6
L2M-DV   | pred='ymnlry' | pos_acc=6/6 (100.0%) | compared=6
Baseline | pred='yymnnn' | pos_acc=6/6 (100.0%) | compared=6
CoT      | pred='yyyonn' | pos_acc=4/6 (66.7%) | compared=6
L2M      | pred='yymnnn' | pos_acc=6/6 (100.0%) | compared=6
L2M-DV   | pred='yymnnn' | pos_acc=6/6 (100.0%) | compared=6
Baseline | pred='ylynny' | pos_acc=4/6 (66.7%) | compared=6
CoT      | pred='ylynny' | pos_acc=4/6 (66.7%) | compared=6
L2M      | pred='yyenny' | pos_acc=6/6 (100.0%) | compared=6
L2M-DV   | pred='yyenny' | pos_acc=6/6 (100.0%) | compared=6
Baseline | pred='nnctyn' | pos_acc=3/6 (50.0%) | compared=6
CoT      | pred='nnctyn' | pos_acc=3/6 (50.0%) | compared=6
L2M      | pred='nnceny' | pos_acc=6/6 (100.0%) | compared=6
L2M-DV   | pred='nnceny' | pos_acc=6/6 (100.0%) | compared=6
Baseline | pred='erctnn' | pos_acc=3/6 (50.0%) | compared=6
CoT      | pred='erctnn' | pos_acc=3/6 (50.0%) | compared=6
L2M      | pred='eycltn' | pos_acc=6/6 (100.0%) | compared=6
L2M-DV   | pred='eycltn' | pos_acc=6/6 (100.0%) | compared=6
Baseline | pred='nonnon' | pos_acc=3/6 (50.0%) | compared=6
CoT      | pred='nonnon' | pos_acc=3/6 (50.0%) | compared=6
L2M      | pred='nnnnnn' | pos_acc=5/6 (83.3%) | compared=6
L2M-DV   | pred='nnlnnn' | pos_acc=6/6 (100.0%) | compared=6
Baseline | pred='snynly' | pos_acc=6/6 (100.0%) | compared=6
CoT      | pred='snynly' | pos_acc=6/6 (100.0%) | compared=6
L2M      | pred='snynly' | pos_acc=6/6 (100.0%) | compared=6
L2M-DV   | pred='snynly' | pos_acc=6/6 (100.0%) | compared=6
Baseline | pred='nlynon' | pos_acc=3/6 (50.0%) | compared=6
CoT      | pred='nlynly' | pos_acc=4/6 (66.7%) | compared=6
L2M      | pred='nyynny' | pos_acc=6/6 (100.0%) | compared=6
L2M-DV   | pred='nyynny' | pos_acc=6/6 (100.0%) | compared=6
Baseline | pred='eennly' | pos_acc=3/6 (50.0%) | compared=6
CoT      | pred='eennly' | pos_acc=3/6 (50.0%) | compared=6
L2M      | pred='enynyy' | pos_acc=6/6 (100.0%) | compared=6
L2M-DV   | pred='enynyy' | pos_acc=6/6 (100.0%) | compared=6
Baseline | pred='sgnyen' | pos_acc=6/6 (100.0%) | compared=6
CoT      | pred='sgnyen' | pos_acc=6/6 (100.0%) | compared=6
L2M      | pred='sgnyen' | pos_acc=6/6 (100.0%) | compared=6
L2M-DV   | pred='sgnyen' | pos_acc=6/6 (100.0%) | compared=6
Baseline | pred='eennys' | pos_acc=4/6 (66.7%) | compared=6
CoT      | pred='eyyonn' | pos_acc=2/6 (33.3%) | compared=6
L2M      | pred='eynnyy' | pos_acc=6/6 (100.0%) | compared=6
L2M-DV   | pred='eynnyy' | pos_acc=6/6 (100.0%) | compared=6
Baseline | pred='ylnnno' | pos_acc=3/6 (50.0%) | compared=6
CoT      | pred='ylnnno' | pos_acc=3/6 (50.0%) | compared=6
L2M      | pred='ylmmnn' | pos_acc=4/6 (66.7%) | compared=6
L2M-DV   | pred='ylmnmn' | pos_acc=6/6 (100.0%) | compared=6
Baseline | pred='yntnll' | pos_acc=3/6 (50.0%) | compared=6
CoT      | pred='yntnln' | pos_acc=2/6 (33.3%) | compared=6
L2M      | pred='ynynnl' | pos_acc=5/6 (83.3%) | compared=6
L2M-DV   | pred='ynynnl' | pos_acc=5/6 (83.3%) | compared=6
Baseline | pred='ynoerr' | pos_acc=2/6 (33.3%) | compared=6
CoT      | pred='ynoerr' | pos_acc=2/6 (33.3%) | compared=6
L2M      | pred='ynmrny' | pos_acc=6/6 (100.0%) | compared=6
L2M-DV   | pred='ynmrny' | pos_acc=6/6 (100.0%) | compared=6
Baseline | pred='eenyon' | pos_acc=4/6 (66.7%) | compared=6
CoT      | pred='eennno' | pos_acc=3/6 (50.0%) | compared=6
L2M      | pred='eynynn' | pos_acc=6/6 (100.0%) | compared=6
L2M-DV   | pred='eynynn' | pos_acc=6/6 (100.0%) | compared=6
Baseline | pred='yynlal' | pos_acc=3/6 (50.0%) | compared=6
CoT      | pred='yynlal' | pos_acc=3/6 (50.0%) | compared=6
L2M      | pred='yyylny' | pos_acc=6/6 (100.0%) | compared=6
L2M-DV   | pred='yylyny' | pos_acc=4/6 (66.7%) | compared=6
Baseline | pred='ngnlyg' | pos_acc=3/6 (50.0%) | compared=6
CoT      | pred='ngnlyg' | pos_acc=3/6 (50.0%) | compared=6
L2M      | pred='nynycg' | pos_acc=6/6 (100.0%) | compared=6
L2M-DV   | pred='nynycg' | pos_acc=6/6 (100.0%) | compared=6
Baseline | pred='nyrlyy' | pos_acc=3/6 (50.0%) | compared=6
CoT      | pred='nlyity' | pos_acc=2/6 (33.3%) | compared=6
L2M      | pred='nynyny' | pos_acc=6/6 (100.0%) | compared=6
L2M-DV   | pred='nynyny' | pos_acc=6/6 (100.0%) | compared=6

[Batch Summary for n_words=6]
  Baseline  : 59.17%
  CoT       : 54.17%
  L2M       : 95.83%
  L2M-DV    : 96.67%

======================================================================
num_words = 7 | batch_size = 20
Baseline | pred='nnntonn' | pos_acc=3/7 (42.9%) | compared=7
CoT      | pred='nnntnon' | pos_acc=3/7 (42.9%) | compared=7
L2M      | pred='nynnnne' | pos_acc=7/7 (100.0%) | compared=7
L2M-DV   | pred='nynnnne' | pos_acc=7/7 (100.0%) | compared=7
Baseline | pred='ialnlnn' | pos_acc=4/7 (57.1%) | compared=7
CoT      | pred='yelnoon' | pos_acc=4/7 (57.1%) | compared=7
L2M      | pred='yecnlnn' | pos_acc=7/7 (100.0%) | compared=7
L2M-DV   | pred='yecnlnn' | pos_acc=7/7 (100.0%) | compared=7
Baseline | pred='eytlynn' | pos_acc=5/7 (71.4%) | compared=7
CoT      | pred='eyyllon' | pos_acc=4/7 (57.1%) | compared=7
L2M      | pred='eymlyyn' | pos_acc=7/7 (100.0%) | compared=7
L2M-DV   | pred='eymlyyn' | pos_acc=7/7 (100.0%) | compared=7
Baseline | pred='nsslnnn' | pos_acc=6/7 (85.7%) | compared=7
CoT      | pred='nssllnn' | pos_acc=5/7 (71.4%) | compared=7
L2M      | pred='nsrlnnn' | pos_acc=7/7 (100.0%) | compared=7
L2M-DV   | pred='nsrlnnn' | pos_acc=7/7 (100.0%) | compared=7
Baseline | pred='nglynnn' | pos_acc=4/7 (57.1%) | compared=7
CoT      | pred='nglynnn' | pos_acc=4/7 (57.1%) | compared=7
L2M      | pred='ngylnln' | pos_acc=7/7 (100.0%) | compared=7
L2M-DV   | pred='ngylnln' | pos_acc=7/7 (100.0%) | compared=7
Baseline | pred='nnllyee' | pos_acc=2/7 (28.6%) | compared=7
CoT      | pred='nnlnnnoz' | pos_acc=2/7 (28.6%) | compared=7 | len_mismatch(gold=7, pred=8)
L2M      | pred='nynynen' | pos_acc=7/7 (100.0%) | compared=7
L2M-DV   | pred='nynynen' | pos_acc=7/7 (100.0%) | compared=7
Baseline | pred='yllnnss' | pos_acc=5/7 (71.4%) | compared=7
CoT      | pred='yllnnss' | pos_acc=5/7 (71.4%) | compared=7
L2M      | pred='ylynnns' | pos_acc=7/7 (100.0%) | compared=7
L2M-DV   | pred='ylynnns' | pos_acc=7/7 (100.0%) | compared=7
Baseline | pred='ialnnnn' | pos_acc=4/7 (57.1%) | compared=7
CoT      | pred='lnnnntn' | pos_acc=6/7 (85.7%) | compared=7
L2M      | pred='lnnnnnn' | pos_acc=7/7 (100.0%) | compared=7
L2M-DV   | pred='lnnnnnn' | pos_acc=7/7 (100.0%) | compared=7
Baseline | pred='lmlrvey' | pos_acc=3/7 (42.9%) | compared=7
CoT      | pred='lmslvey' | pos_acc=3/7 (42.9%) | compared=7
L2M      | pred='nmlleny' | pos_acc=7/7 (100.0%) | compared=7
L2M-DV   | pred='nmlleny' | pos_acc=7/7 (100.0%) | compared=7
Baseline | pred='lnnlety' | pos_acc=3/7 (42.9%) | compared=7
CoT      | pred='lnnllyy' | pos_acc=5/7 (71.4%) | compared=7
L2M      | pred='lneelyy' | pos_acc=7/7 (100.0%) | compared=7
L2M-DV   | pred='lneelly' | pos_acc=6/7 (85.7%) | compared=7
Baseline | pred='ialynyr' | pos_acc=3/7 (42.9%) | compared=7
CoT      | pred='lyyngyr' | pos_acc=3/7 (42.9%) | compared=7
L2M      | pred='lyenyyy' | pos_acc=5/7 (71.4%) | compared=7
L2M-DV   | pred='lyeynyy' | pos_acc=7/7 (100.0%) | compared=7
Baseline | pred='nnentyy' | pos_acc=5/7 (71.4%) | compared=7
CoT      | pred='nnneyny' | pos_acc=2/7 (28.6%) | compared=7
L2M      | pred='nyennyy' | pos_acc=7/7 (100.0%) | compared=7
L2M-DV   | pred='nyennyy' | pos_acc=7/7 (100.0%) | compared=7
Baseline | pred='nnynlny' | pos_acc=4/7 (57.1%) | compared=7
CoT      | pred='nnynlny' | pos_acc=4/7 (57.1%) | compared=7
L2M      | pred='nnytnly' | pos_acc=7/7 (100.0%) | compared=7
L2M-DV   | pred='nnytnly' | pos_acc=7/7 (100.0%) | compared=7
Baseline | pred='lnnlnnl' | pos_acc=2/7 (28.6%) | compared=7
CoT      | pred='lnnlnnl' | pos_acc=2/7 (28.6%) | compared=7
L2M      | pred='ynnnlln' | pos_acc=7/7 (100.0%) | compared=7
L2M-DV   | pred='ynnnlln' | pos_acc=7/7 (100.0%) | compared=7
Baseline | pred='ylyynll' | pos_acc=4/7 (57.1%) | compared=7
CoT      | pred='ylyynll' | pos_acc=4/7 (57.1%) | compared=7
L2M      | pred='ynynyl' | pos_acc=1/7 (14.3%) | compared=6 | len_mismatch(gold=7, pred=6)
L2M-DV   | pred='yynynyl' | pos_acc=7/7 (100.0%) | compared=7
Baseline | pred='yntlnss' | pos_acc=4/7 (57.1%) | compared=7
CoT      | pred='yntlnss' | pos_acc=4/7 (57.1%) | compared=7
L2M      | pred='ynnncss' | pos_acc=7/7 (100.0%) | compared=7
L2M-DV   | pred='ynncnss' | pos_acc=5/7 (71.4%) | compared=7
Baseline | pred='lssnnnnn' | pos_acc=6/7 (85.7%) | compared=7 | len_mismatch(gold=7, pred=8)
CoT      | pred='lssnnnn' | pos_acc=6/7 (85.7%) | compared=7
L2M      | pred='lsnnnnn' | pos_acc=7/7 (100.0%) | compared=7
L2M-DV   | pred='lsnnnnn' | pos_acc=7/7 (100.0%) | compared=7
Baseline | pred='ymsyyny' | pos_acc=6/7 (85.7%) | compared=7
CoT      | pred='ymsyngy' | pos_acc=4/7 (57.1%) | compared=7
L2M      | pred='ymyyyny' | pos_acc=7/7 (100.0%) | compared=7
L2M-DV   | pred='ymynyny' | pos_acc=6/7 (85.7%) | compared=7
Baseline | pred='yecnmty' | pos_acc=3/7 (42.9%) | compared=7
CoT      | pred='yecnmey' | pos_acc=3/7 (42.9%) | compared=7
L2M      | pred='yenmeny' | pos_acc=7/7 (100.0%) | compared=7
L2M-DV   | pred='yenmeny' | pos_acc=7/7 (100.0%) | compared=7
Baseline | pred='yyylyly' | pos_acc=4/7 (57.1%) | compared=7
CoT      | pred='yyylyly' | pos_acc=4/7 (57.1%) | compared=7
L2M      | pred='yyyyney' | pos_acc=7/7 (100.0%) | compared=7
L2M-DV   | pred='yyyneyy' | pos_acc=4/7 (57.1%) | compared=7

[Batch Summary for n_words=7]
  Baseline  : 57.14%
  CoT       : 55.00%
  L2M       : 94.29%
  L2M-DV    : 95.00%

======================================================================
num_words = 8 | batch_size = 20
Baseline | pred='leregnlyl' | pos_acc=2/8 (25.0%) | compared=8 | len_mismatch(gold=8, pred=9)
CoT      | pred='elylnlna' | pos_acc=2/8 (25.0%) | compared=8
L2M      | pred='leynnycl' | pos_acc=5/8 (62.5%) | compared=8
L2M-DV   | pred='leyncynl' | pos_acc=6/8 (75.0%) | compared=8
Baseline | pred='lnmynlny' | pos_acc=7/8 (87.5%) | compared=8
CoT      | pred='lnmtylny' | pos_acc=5/8 (62.5%) | compared=8
L2M      | pred='ynmynlny' | pos_acc=8/8 (100.0%) | compared=8
L2M-DV   | pred='ynmynlny' | pos_acc=8/8 (100.0%) | compared=8
Baseline | pred='lsslynel' | pos_acc=4/8 (50.0%) | compared=8
CoT      | pred='ysslynen' | pos_acc=4/8 (50.0%) | compared=8
L2M      | pred='ysyyenel' | pos_acc=8/8 (100.0%) | compared=8
L2M-DV   | pred='ysyyenel' | pos_acc=8/8 (100.0%) | compared=8
Baseline | pred='tyteseen' | pos_acc=3/8 (37.5%) | compared=8
CoT      | pred='tyteseen' | pos_acc=3/8 (37.5%) | compared=8
L2M      | pred='tyeeysny' | pos_acc=8/8 (100.0%) | compared=8
L2M-DV   | pred='tyeeysny' | pos_acc=8/8 (100.0%) | compared=8
Baseline | pred='ngynntoy' | pos_acc=3/8 (37.5%) | compared=8
CoT      | pred='nnnynonn' | pos_acc=5/8 (62.5%) | compared=8
L2M      | pred='nnyynnyn' | pos_acc=8/8 (100.0%) | compared=8
L2M-DV   | pred='nnyynynn' | pos_acc=6/8 (75.0%) | compared=8
Baseline | pred='ynoanvee' | pos_acc=3/8 (37.5%) | compared=8
CoT      | pred='ynoanvee' | pos_acc=3/8 (37.5%) | compared=8
L2M      | pred='ynnnneyy' | pos_acc=8/8 (100.0%) | compared=8
L2M-DV   | pred='ynnnenyy' | pos_acc=6/8 (75.0%) | compared=8
Baseline | pred='nonlclne' | pos_acc=5/8 (62.5%) | compared=8
CoT      | pred='nnlaylce' | pos_acc=4/8 (50.0%) | compared=8
L2M      | pred='nnnyllne' | pos_acc=8/8 (100.0%) | compared=8
L2M-DV   | pred='nnnylnne' | pos_acc=7/8 (87.5%) | compared=8
Baseline | pred='llllylry' | pos_acc=3/8 (37.5%) | compared=8
CoT      | pred='lllnylry' | pos_acc=3/8 (37.5%) | compared=8
L2M      | pred='nlnyyyly' | pos_acc=8/8 (100.0%) | compared=8
L2M-DV   | pred='nlnyyyly' | pos_acc=8/8 (100.0%) | compared=8
Baseline | pred='nnlymsle' | pos_acc=3/8 (37.5%) | compared=8
CoT      | pred='nnlymtyl' | pos_acc=4/8 (50.0%) | compared=8
L2M      | pred='nnynmye' | pos_acc=7/8 (87.5%) | compared=7 | len_mismatch(gold=8, pred=7)
L2M-DV   | pred='nnynymel' | pos_acc=6/8 (75.0%) | compared=8
Baseline | pred='yevnnnnn' | pos_acc=6/8 (75.0%) | compared=8
CoT      | pred='yevnnnnn' | pos_acc=6/8 (75.0%) | compared=8
L2M      | pred='yennynnn' | pos_acc=8/8 (100.0%) | compared=8
L2M-DV   | pred='yennynnn' | pos_acc=8/8 (100.0%) | compared=8
Baseline | pred='nngmlncl' | pos_acc=4/8 (50.0%) | compared=8
CoT      | pred='nnymlycl' | pos_acc=6/8 (75.0%) | compared=8
L2M      | pred='nnymyynl' | pos_acc=8/8 (100.0%) | compared=8
L2M-DV   | pred='nnymyynl' | pos_acc=8/8 (100.0%) | compared=8
Baseline | pred='noynyynn' | pos_acc=3/8 (37.5%) | compared=8
CoT      | pred='nnntyyyn' | pos_acc=5/8 (62.5%) | compared=8
L2M      | pred='nynsynyn' | pos_acc=8/8 (100.0%) | compared=8
L2M-DV   | pred='nynsynyn' | pos_acc=8/8 (100.0%) | compared=8
Baseline | pred='ngnnysyy' | pos_acc=4/8 (50.0%) | compared=8
CoT      | pred='ngnnysyy' | pos_acc=4/8 (50.0%) | compared=8
L2M      | pred='nymyeggy' | pos_acc=4/8 (50.0%) | compared=8
L2M-DV   | pred='nynymegy' | pos_acc=6/8 (75.0%) | compared=8
Baseline | pred='esnglysl' | pos_acc=3/8 (37.5%) | compared=8
CoT      | pred='esnglysl' | pos_acc=3/8 (37.5%) | compared=8
L2M      | pred='eyngynls' | pos_acc=8/8 (100.0%) | compared=8
L2M-DV   | pred='eyngynyls' | pos_acc=6/8 (75.0%) | compared=8 | len_mismatch(gold=8, pred=9)
Baseline | pred='elgyynly' | pos_acc=5/8 (62.5%) | compared=8
CoT      | pred='elgyyyny' | pos_acc=7/8 (87.5%) | compared=8
L2M      | pred='exgyyyny' | pos_acc=8/8 (100.0%) | compared=8
L2M-DV   | pred='exgyyyny' | pos_acc=8/8 (100.0%) | compared=8
Baseline | pred='yssllnno' | pos_acc=3/8 (37.5%) | compared=8
CoT      | pred='yssllnno' | pos_acc=3/8 (37.5%) | compared=8
L2M      | pred='ysclryen' | pos_acc=8/8 (100.0%) | compared=8
L2M-DV   | pred='ysclryen' | pos_acc=8/8 (100.0%) | compared=8
Baseline | pred='ntlnnnnn' | pos_acc=4/8 (50.0%) | compared=8
CoT      | pred='tynlnnon' | pos_acc=5/8 (62.5%) | compared=8
L2M      | pred='tyennnyn' | pos_acc=8/8 (100.0%) | compared=8
L2M-DV   | pred='tyennnyn' | pos_acc=8/8 (100.0%) | compared=8
Baseline | pred='yntlnnns' | pos_acc=4/8 (50.0%) | compared=8
CoT      | pred='ymlneneh' | pos_acc=4/8 (50.0%) | compared=8
L2M      | pred='ymnlennn' | pos_acc=8/8 (100.0%) | compared=8
L2M-DV   | pred='ymnlennn' | pos_acc=8/8 (100.0%) | compared=8
Baseline | pred='yntnllly' | pos_acc=5/8 (62.5%) | compared=8
CoT      | pred='yntnllly' | pos_acc=5/8 (62.5%) | compared=8
L2M      | pred='ynynleny' | pos_acc=8/8 (100.0%) | compared=8
L2M-DV   | pred='ynynleny' | pos_acc=8/8 (100.0%) | compared=8
Baseline | pred='eennnnny' | pos_acc=6/8 (75.0%) | compared=8
CoT      | pred='eennnnny' | pos_acc=6/8 (75.0%) | compared=8
L2M      | pred='eynnlnny' | pos_acc=8/8 (100.0%) | compared=8
L2M-DV   | pred='eynnlnny' | pos_acc=8/8 (100.0%) | compared=8

[Batch Summary for n_words=8]
  Baseline  : 50.00%
  CoT       : 54.37%
  L2M       : 95.00%
  L2M-DV    : 91.88%

======================================================================
num_words = 9 | batch_size = 20
Baseline | pred='nyrnnleeeo' | pos_acc=5/9 (55.6%) | compared=9 | len_mismatch(gold=9, pred=10)
CoT      | pred='nyrlnleoe' | pos_acc=4/9 (44.4%) | compared=9
L2M      | pred='nynnnemye' | pos_acc=9/9 (100.0%) | compared=9
L2M-DV   | pred='nynnnemye' | pos_acc=9/9 (100.0%) | compared=9
Baseline | pred='lccmnlnte' | pos_acc=3/9 (33.3%) | compared=9
CoT      | pred='lxylmnlye' | pos_acc=3/9 (33.3%) | compared=9
L2M      | pred='xcymenyn' | pos_acc=8/9 (88.9%) | compared=8 | len_mismatch(gold=9, pred=8)
L2M-DV   | pred='xcymenynne' | pos_acc=8/9 (88.9%) | compared=9 | len_mismatch(gold=9, pred=10)
Baseline | pred='ennynglyy' | pos_acc=5/9 (55.6%) | compared=9
CoT      | pred='elnnsmnly' | pos_acc=5/9 (55.6%) | compared=9
L2M      | pred='ennymnnly' | pos_acc=9/9 (100.0%) | compared=9
L2M-DV   | pred='ennymnnly' | pos_acc=9/9 (100.0%) | compared=9
Baseline | pred='nlynnynne' | pos_acc=4/9 (44.4%) | compared=9
CoT      | pred='nlynnynne' | pos_acc=4/9 (44.4%) | compared=9
L2M      | pred='nyynnneen' | pos_acc=7/9 (77.8%) | compared=9
L2M-DV   | pred='nyynynnen' | pos_acc=9/9 (100.0%) | compared=9
Baseline | pred='ylnynltnn' | pos_acc=2/9 (22.2%) | compared=9
CoT      | pred='ylnynltnn' | pos_acc=2/9 (22.2%) | compared=9
L2M      | pred='ynynynynl' | pos_acc=7/9 (77.8%) | compared=9
L2M-DV   | pred='ynynynlyn' | pos_acc=7/9 (77.8%) | compared=9
Baseline | pred='ednnmsygy' | pos_acc=5/9 (55.6%) | compared=9
CoT      | pred='ednnmsmgy' | pos_acc=6/9 (66.7%) | compared=9
L2M      | pred='eenlmscyy' | pos_acc=8/9 (88.9%) | compared=9
L2M-DV   | pred='eenlmsmyy' | pos_acc=9/9 (100.0%) | compared=9
Baseline | pred='nonynlraln' | pos_acc=4/9 (44.4%) | compared=9 | len_mismatch(gold=9, pred=10)
CoT      | pred='nnntnntn' | pos_acc=3/9 (33.3%) | compared=8 | len_mismatch(gold=9, pred=8)
L2M      | pred='nmnynyltn' | pos_acc=9/9 (100.0%) | compared=9
L2M-DV   | pred='nmnynyltn' | pos_acc=9/9 (100.0%) | compared=9
Baseline | pred='lneonener' | pos_acc=0/9 (0.0%) | compared=9
CoT      | pred='yenerenr' | pos_acc=3/9 (33.3%) | compared=8 | len_mismatch(gold=9, pred=8)
L2M      | pred='yennenenn' | pos_acc=9/9 (100.0%) | compared=9
L2M-DV   | pred='yennennnn' | pos_acc=8/9 (88.9%) | compared=9
Baseline | pred='ylnelnoon' | pos_acc=3/9 (33.3%) | compared=9
CoT      | pred='ylnelnooy' | pos_acc=4/9 (44.4%) | compared=9
L2M      | pred='ynlennnny' | pos_acc=9/9 (100.0%) | compared=9
L2M-DV   | pred='ynlennnny' | pos_acc=9/9 (100.0%) | compared=9
Baseline | pred='nllnnynnnn' | pos_acc=6/9 (66.7%) | compared=9 | len_mismatch(gold=9, pred=10)
CoT      | pred='mnlnneonn' | pos_acc=5/9 (55.6%) | compared=9
L2M      | pred='mllneyynn' | pos_acc=9/9 (100.0%) | compared=9
L2M-DV   | pred='mllneyynn' | pos_acc=9/9 (100.0%) | compared=9
Baseline | pred='ynelemtly' | pos_acc=5/9 (55.6%) | compared=9
CoT      | pred='yneylntyy' | pos_acc=9/9 (100.0%) | compared=9
L2M      | pred='yneylntty' | pos_acc=8/9 (88.9%) | compared=9
L2M-DV   | pred='yneylntyy' | pos_acc=9/9 (100.0%) | compared=9
Baseline | pred='elnnlyyyn' | pos_acc=4/9 (44.4%) | compared=9
CoT      | pred='elnnlyyyn' | pos_acc=4/9 (44.4%) | compared=9
L2M      | pred='ennynynyy' | pos_acc=8/9 (88.9%) | compared=9
L2M-DV   | pred='ennyyynyy' | pos_acc=9/9 (100.0%) | compared=9
Baseline | pred='nmlnnselae' | pos_acc=4/9 (44.4%) | compared=9 | len_mismatch(gold=9, pred=10)
CoT      | pred='nmlnnslee' | pos_acc=4/9 (44.4%) | compared=9
L2M      | pred='nmylnenle' | pos_acc=9/9 (100.0%) | compared=9
L2M-DV   | pred='nmylnenle' | pos_acc=9/9 (100.0%) | compared=9
Baseline | pred='nnntnnnry' | pos_acc=5/9 (55.6%) | compared=9
CoT      | pred='nnntnnnry' | pos_acc=5/9 (55.6%) | compared=9
L2M      | pred='nynnnlnny' | pos_acc=9/9 (100.0%) | compared=9
L2M-DV   | pred='nynnnlnny' | pos_acc=9/9 (100.0%) | compared=9
Baseline | pred='nonllyyky' | pos_acc=5/9 (55.6%) | compared=9
CoT      | pred='nonlltyly' | pos_acc=5/9 (55.6%) | compared=9
L2M      | pred='nnnnlnyny' | pos_acc=9/9 (100.0%) | compared=9
L2M-DV   | pred='nnnlnnnyy' | pos_acc=5/9 (55.6%) | compared=9
Baseline | pred='yelnooyy' | pos_acc=5/9 (55.6%) | compared=8 | len_mismatch(gold=9, pred=8)
CoT      | pred='yelnoonyn' | pos_acc=4/9 (44.4%) | compared=9
L2M      | pred='yelnnnnny' | pos_acc=8/9 (88.9%) | compared=9
L2M-DV   | pred='yelnnnnny' | pos_acc=8/9 (88.9%) | compared=9
Baseline | pred='yynlntgyn' | pos_acc=7/9 (77.8%) | compared=9
CoT      | pred='yynlalgyg' | pos_acc=5/9 (55.6%) | compared=9
L2M      | pred='ynlnyyynn' | pos_acc=4/9 (44.4%) | compared=9
L2M-DV   | pred='ynlyynynn' | pos_acc=3/9 (33.3%) | compared=9
Baseline | pred='rllnlynalc' | pos_acc=2/9 (22.2%) | compared=9 | len_mismatch(gold=9, pred=10)
CoT      | pred='rllnrynlc' | pos_acc=3/9 (33.3%) | compared=9
L2M      | pred='rlnlynnnc' | pos_acc=7/9 (77.8%) | compared=9
L2M-DV   | pred='rlnyynlnc' | pos_acc=9/9 (100.0%) | compared=9
Baseline | pred='nonnnnntn' | pos_acc=4/9 (44.4%) | compared=9
CoT      | pred='nyrnnssnnm' | pos_acc=4/9 (44.4%) | compared=9 | len_mismatch(gold=9, pred=10)
L2M      | pred='nysnsnynn' | pos_acc=7/9 (77.8%) | compared=9
L2M-DV   | pred='nyxnsnyyn' | pos_acc=9/9 (100.0%) | compared=9
Baseline | pred='neseeyess' | pos_acc=4/9 (44.4%) | compared=9
CoT      | pred='neseeyesss' | pos_acc=4/9 (44.4%) | compared=9 | len_mismatch(gold=9, pred=10)
L2M      | pred='nemmeyyys' | pos_acc=5/9 (55.6%) | compared=9
L2M-DV   | pred='nenmeyeys' | pos_acc=7/9 (77.8%) | compared=9

[Batch Summary for n_words=9]
  Baseline  : 45.56%
  CoT       : 47.78%
  L2M       : 87.78%
  L2M-DV    : 90.56%

======================================================================
num_words = 10 | batch_size = 20
Baseline | pred='yllnnylgcm' | pos_acc=5/10 (50.0%) | compared=10
CoT      | pred='yllnnglcee' | pos_acc=4/10 (40.0%) | compared=10
L2M      | pred='ylnyynnlym' | pos_acc=7/10 (70.0%) | compared=10
L2M-DV   | pred='ylnynnleym' | pos_acc=10/10 (100.0%) | compared=10
Baseline | pred='nrnnlnyytl' | pos_acc=5/10 (50.0%) | compared=10
CoT      | pred='nrlntlyycy' | pos_acc=4/10 (40.0%) | compared=10
L2M      | pred='nxnllryyyy' | pos_acc=7/10 (70.0%) | compared=10
L2M-DV   | pred='nxnnlyryyy' | pos_acc=10/10 (100.0%) | compared=10
Baseline | pred='yynnllnnnn' | pos_acc=9/10 (90.0%) | compared=10
CoT      | pred='yyylnnnnnn' | pos_acc=6/10 (60.0%) | compared=10
L2M      | pred='ynnlsnnnnn' | pos_acc=6/10 (60.0%) | compared=10
L2M-DV   | pred='yynlnsnnnn' | pos_acc=8/10 (80.0%) | compared=10
Baseline | pred='edlyymnngy' | pos_acc=4/10 (40.0%) | compared=10
CoT      | pred='edlyynsmny' | pos_acc=5/10 (50.0%) | compared=10
L2M      | pred='eyyylyymny' | pos_acc=7/10 (70.0%) | compared=10
L2M-DV   | pred='eyylyynmny' | pos_acc=10/10 (100.0%) | compared=10
Baseline | pred='nelnynlnon' | pos_acc=6/10 (60.0%) | compared=10
CoT      | pred='nelnnnlnnm' | pos_acc=6/10 (60.0%) | compared=10
L2M      | pred='nennnynlmn' | pos_acc=8/10 (80.0%) | compared=10
L2M-DV   | pred='nennynlnmn' | pos_acc=8/10 (80.0%) | compared=10
Baseline | pred='ialynlygyy' | pos_acc=4/10 (40.0%) | compared=10
CoT      | pred='yntnlyllyy' | pos_acc=5/10 (50.0%) | compared=10
L2M      | pred='ynynyllyyy' | pos_acc=9/10 (90.0%) | compared=10
L2M-DV   | pred='ynynyllyyy' | pos_acc=9/10 (90.0%) | compared=10
Baseline | pred='elyyolnlyg' | pos_acc=5/10 (50.0%) | compared=10
CoT      | pred='elyylyglnn' | pos_acc=6/10 (60.0%) | compared=10
L2M      | pred='elyyleyynn' | pos_acc=8/10 (80.0%) | compared=10
L2M-DV   | pred='elyylenyyn' | pos_acc=8/10 (80.0%) | compared=10
Baseline | pred='mnntnnoomm' | pos_acc=4/10 (40.0%) | compared=10
CoT      | pred='mnntnnoomm' | pos_acc=4/10 (40.0%) | compared=10
L2M      | pred='myneynmyym' | pos_acc=10/10 (100.0%) | compared=10
L2M-DV   | pred='myneynymym' | pos_acc=8/10 (80.0%) | compared=10
Baseline | pred='yyrneeynyo' | pos_acc=5/10 (50.0%) | compared=10
CoT      | pred='yyyneeynnn' | pos_acc=6/10 (60.0%) | compared=10
L2M      | pred='ynnnenyysn' | pos_acc=8/10 (80.0%) | compared=10
L2M-DV   | pred='ynnneyyysn' | pos_acc=9/10 (90.0%) | compared=10
Baseline | pred='ylnnnlyety' | pos_acc=3/10 (30.0%) | compared=10
CoT      | pred='ylnnnlytty' | pos_acc=3/10 (30.0%) | compared=10
L2M      | pred='ynmnyylney' | pos_acc=10/10 (100.0%) | compared=10
L2M-DV   | pred='ynmnyylney' | pos_acc=10/10 (100.0%) | compared=10
Baseline | pred='yelmmynity' | pos_acc=4/10 (40.0%) | compared=10
CoT      | pred='yelmmynity' | pos_acc=4/10 (40.0%) | compared=10
L2M      | pred='yeymymyyny' | pos_acc=10/10 (100.0%) | compared=10
L2M-DV   | pred='yeymymyyny' | pos_acc=10/10 (100.0%) | compared=10
Baseline | pred='myyylgyce' | pos_acc=4/10 (40.0%) | compared=9 | len_mismatch(gold=10, pred=9)
CoT      | pred='myytgnlnce' | pos_acc=5/10 (50.0%) | compared=10
L2M      | pred='myyyynsyye' | pos_acc=10/10 (100.0%) | compared=10
L2M-DV   | pred='myyyynsyye' | pos_acc=10/10 (100.0%) | compared=10
Baseline | pred='lyylnrlnll' | pos_acc=4/10 (40.0%) | compared=10
CoT      | pred='lyylnrnal' | pos_acc=4/10 (40.0%) | compared=9 | len_mismatch(gold=10, pred=9)
L2M      | pred='nynlyrnlnl' | pos_acc=10/10 (100.0%) | compared=10
L2M-DV   | pred='nynlyrnlnl' | pos_acc=10/10 (100.0%) | compared=10
Baseline | pred='ynlltynnlx' | pos_acc=7/10 (70.0%) | compared=10
CoT      | pred='yntnlynnx' | pos_acc=6/10 (60.0%) | compared=9 | len_mismatch(gold=10, pred=9)
L2M      | pred='ynlnyynnnx' | pos_acc=10/10 (100.0%) | compared=10
L2M-DV   | pred='ynlnyynnnx' | pos_acc=10/10 (100.0%) | compared=10
Baseline | pred='nnceylnylx' | pos_acc=5/10 (50.0%) | compared=10
CoT      | pred='nnceylnlrx' | pos_acc=6/10 (60.0%) | compared=10
L2M      | pred='nnemyynllx' | pos_acc=9/10 (90.0%) | compared=10
L2M-DV   | pred='nnemyynlyx' | pos_acc=10/10 (100.0%) | compared=10
Baseline | pred='yynelgnmly' | pos_acc=5/10 (50.0%) | compared=10
CoT      | pred='yynelgnmly' | pos_acc=5/10 (50.0%) | compared=10
L2M      | pred='yyyelynnyy' | pos_acc=7/10 (70.0%) | compared=10
L2M-DV   | pred='yyyelnynmy' | pos_acc=10/10 (100.0%) | compared=10
Baseline | pred='yyyllttcgy' | pos_acc=7/10 (70.0%) | compared=10
CoT      | pred='yyyllttcgy' | pos_acc=7/10 (70.0%) | compared=10
L2M      | pred='yyylctncyy' | pos_acc=10/10 (100.0%) | compared=10
L2M-DV   | pred='yyylctncyy' | pos_acc=10/10 (100.0%) | compared=10
Baseline | pred='ynoletymss' | pos_acc=4/10 (40.0%) | compared=10
CoT      | pred='ynoletnssr' | pos_acc=3/10 (30.0%) | compared=10
L2M      | pred='ynylyymnys' | pos_acc=10/10 (100.0%) | compared=10
L2M-DV   | pred='ynlyyymnys' | pos_acc=8/10 (80.0%) | compared=10
Baseline | pred='yyyllmnncc' | pos_acc=7/10 (70.0%) | compared=10
CoT      | pred='yyyllmnncc' | pos_acc=7/10 (70.0%) | compared=10
L2M      | pred='yyyllynmyc' | pos_acc=10/10 (100.0%) | compared=10
L2M-DV   | pred='yyyllynmyc' | pos_acc=10/10 (100.0%) | compared=10
Baseline | pred='nnllnnoeee' | pos_acc=5/10 (50.0%) | compared=10
CoT      | pred='nsseneeynn' | pos_acc=5/10 (50.0%) | compared=10
L2M      | pred='nslennyeyn' | pos_acc=10/10 (100.0%) | compared=10
L2M-DV   | pred='nslennyeen' | pos_acc=9/10 (90.0%) | compared=10

[Batch Summary for n_words=10]
  Baseline  : 51.00%
  CoT       : 50.50%
  L2M       : 88.00%
  L2M-DV    : 93.50%

======================================================================
num_words = 11 | batch_size = 20
Baseline | pred='yntnnldcety' | pos_acc=5/11 (45.5%) | compared=11
CoT      | pred='yntnedeetyl' | pos_acc=5/11 (45.5%) | compared=11
L2M      | pred='ynnnelnecly' | pos_acc=11/11 (100.0%) | compared=11
L2M-DV   | pred='ynnnelnecll' | pos_acc=10/11 (90.9%) | compared=11
Baseline | pred='nnrveynynn' | pos_acc=5/11 (45.5%) | compared=10 | len_mismatch(gold=11, pred=10)
CoT      | pred='nlyeeoynnn' | pos_acc=5/11 (45.5%) | compared=10 | len_mismatch(gold=11, pred=10)
L2M      | pred='nyreynyyynn' | pos_acc=10/11 (90.9%) | compared=11
L2M-DV   | pred='nyreynynnnn' | pos_acc=10/11 (90.9%) | compared=11
Baseline | pred='yssnnnooyy' | pos_acc=6/11 (54.5%) | compared=10 | len_mismatch(gold=11, pred=10)
CoT      | pred='yssnnnooyy' | pos_acc=6/11 (54.5%) | compared=10 | len_mismatch(gold=11, pred=10)
L2M      | pred='ysynnxnlyny' | pos_acc=9/11 (81.8%) | compared=11
L2M-DV   | pred='ysynnxnlyny' | pos_acc=9/11 (81.8%) | compared=11
Baseline | pred='nnnsnnnsmnn' | pos_acc=6/11 (54.5%) | compared=11
CoT      | pred='nnnsnnnntnn' | pos_acc=6/11 (54.5%) | compared=11
L2M      | pred='nynnnnynmyn' | pos_acc=11/11 (100.0%) | compared=11
L2M-DV   | pred='nynnnnynmyn' | pos_acc=11/11 (100.0%) | compared=11
Baseline | pred='nnmnnntyyly' | pos_acc=9/11 (81.8%) | compared=11
CoT      | pred='nncmnnynlly' | pos_acc=6/11 (54.5%) | compared=11
L2M      | pred='nnnnnnyyyyy' | pos_acc=10/11 (90.9%) | compared=11
L2M-DV   | pred='nnmnnnyyyyy' | pos_acc=11/11 (100.0%) | compared=11
Baseline | pred='nnntelntnnn' | pos_acc=6/11 (54.5%) | compared=11
CoT      | pred='nnntetnlnn' | pos_acc=5/11 (45.5%) | compared=10 | len_mismatch(gold=11, pred=10)
L2M      | pred='nnneyytnynn' | pos_acc=9/11 (81.8%) | compared=11
L2M-DV   | pred='nnnyeytnynn' | pos_acc=11/11 (100.0%) | compared=11
Baseline | pred='ylyytyeecln' | pos_acc=4/11 (36.4%) | compared=11
CoT      | pred='ylyylneslly' | pos_acc=5/11 (45.5%) | compared=11
L2M      | pred='yyylenysynn' | pos_acc=6/11 (54.5%) | compared=11
L2M-DV   | pred='yyyylesyynn' | pos_acc=8/11 (72.7%) | compared=11
Baseline | pred='yyyynnnnmm' | pos_acc=7/11 (63.6%) | compared=10 | len_mismatch(gold=11, pred=10)
CoT      | pred='yyyynnnnnm' | pos_acc=8/11 (72.7%) | compared=10 | len_mismatch(gold=11, pred=10)
L2M      | pred='yyyynnynnym' | pos_acc=11/11 (100.0%) | compared=11
L2M-DV   | pred='yyyynnnnymm' | pos_acc=8/11 (72.7%) | compared=11
Baseline | pred='syynnnnyrnn' | pos_acc=8/11 (72.7%) | compared=11
CoT      | pred='syynnnnnyin' | pos_acc=8/11 (72.7%) | compared=11
L2M      | pred='synynynyyyn' | pos_acc=9/11 (81.8%) | compared=11
L2M-DV   | pred='syynnyynynyn' | pos_acc=7/11 (63.6%) | compared=11 | len_mismatch(gold=11, pred=12)
Baseline | pred='ynoeyntnonl' | pos_acc=4/11 (36.4%) | compared=11
CoT      | pred='yntyyenntly' | pos_acc=6/11 (54.5%) | compared=11
L2M      | pred='ynnyeynnyny' | pos_acc=10/11 (90.9%) | compared=11
L2M-DV   | pred='ynnyeynnnny' | pos_acc=11/11 (100.0%) | compared=11
Baseline | pred='etynlynlrly' | pos_acc=5/11 (45.5%) | compared=11
CoT      | pred='etyylnnntly' | pos_acc=4/11 (36.4%) | compared=11
L2M      | pred='elynyeensry' | pos_acc=8/11 (72.7%) | compared=11
L2M-DV   | pred='elynyenrsry' | pos_acc=9/11 (81.8%) | compared=11
Baseline | pred='elnltlyyemse' | pos_acc=4/11 (36.4%) | compared=11 | len_mismatch(gold=11, pred=12)
CoT      | pred='elnnlyyymse' | pos_acc=5/11 (45.5%) | compared=11
L2M      | pred='eyntyyymeye' | pos_acc=11/11 (100.0%) | compared=11
L2M-DV   | pred='eyntyyymeye' | pos_acc=11/11 (100.0%) | compared=11
Baseline | pred='nnntyyssnns' | pos_acc=7/11 (63.6%) | compared=11
CoT      | pred='nnntyyssnns' | pos_acc=7/11 (63.6%) | compared=11
L2M      | pred='nlnnyysynnn' | pos_acc=11/11 (100.0%) | compared=11
L2M-DV   | pred='nlnnysyynnn' | pos_acc=9/11 (81.8%) | compared=11
Baseline | pred='elnnnntnnee' | pos_acc=6/11 (54.5%) | compared=11
CoT      | pred='elnnntnnne' | pos_acc=5/11 (45.5%) | compared=10 | len_mismatch(gold=11, pred=10)
L2M      | pred='eenyneynnne' | pos_acc=11/11 (100.0%) | compared=11
L2M-DV   | pred='eenyneynnee' | pos_acc=10/11 (90.9%) | compared=11
Baseline | pred='lnyoyntnlyl' | pos_acc=7/11 (63.6%) | compared=11
CoT      | pred='lnyylnynlcl' | pos_acc=8/11 (72.7%) | compared=11
L2M      | pred='lnyynnynnyl' | pos_acc=11/11 (100.0%) | compared=11
L2M-DV   | pred='lnyynnynnyl' | pos_acc=11/11 (100.0%) | compared=11
Baseline | pred='nnnedyyytse' | pos_acc=7/11 (63.6%) | compared=11
CoT      | pred='nnnedyytyee' | pos_acc=7/11 (63.6%) | compared=11
L2M      | pred='nnsyeeyyyne' | pos_acc=9/11 (81.8%) | compared=11
L2M-DV   | pred='nnseeyyyyne' | pos_acc=11/11 (100.0%) | compared=11
Baseline | pred='nonltylnnnn' | pos_acc=4/11 (36.4%) | compared=11
CoT      | pred='nonnglnnnon' | pos_acc=2/11 (18.2%) | compared=11
L2M      | pred='nlsgynltmnn' | pos_acc=11/11 (100.0%) | compared=11
L2M-DV   | pred='nlsgynltmnn' | pos_acc=11/11 (100.0%) | compared=11
Baseline | pred='nentlnyngn' | pos_acc=5/11 (45.5%) | compared=10 | len_mismatch(gold=11, pred=10)
CoT      | pred='nnlnlnlntnn' | pos_acc=5/11 (45.5%) | compared=11
L2M      | pred='nenlnnlynnn' | pos_acc=11/11 (100.0%) | compared=11
L2M-DV   | pred='nenlnnlynnn' | pos_acc=11/11 (100.0%) | compared=11
Baseline | pred='nnlylnoonnn' | pos_acc=5/11 (45.5%) | compared=11
CoT      | pred='nnlylorntn' | pos_acc=4/11 (36.4%) | compared=10 | len_mismatch(gold=11, pred=10)
L2M      | pred='nnylynnnynn' | pos_acc=11/11 (100.0%) | compared=11
L2M-DV   | pred='nnylynnnynn' | pos_acc=11/11 (100.0%) | compared=11
Baseline | pred='oneyelemnns' | pos_acc=2/11 (18.2%) | compared=11
CoT      | pred='nyseloonyen' | pos_acc=5/11 (45.5%) | compared=11
L2M      | pred='nyyeemnynen' | pos_acc=11/11 (100.0%) | compared=11
L2M-DV   | pred='nyyeemnynen' | pos_acc=11/11 (100.0%) | compared=11

[Batch Summary for n_words=11]
  Baseline  : 50.91%
  CoT       : 50.91%
  L2M       : 91.36%
  L2M-DV    : 91.36%

======================================================================
num_words = 12 | batch_size = 20
Baseline | pred='nnntnnntnnn' | pos_acc=7/12 (58.3%) | compared=11 | len_mismatch(gold=12, pred=11)
CoT      | pred='nnntnnnntnnn' | pos_acc=7/12 (58.3%) | compared=12
L2M      | pred='nlnnnynynnnn' | pos_acc=10/12 (83.3%) | compared=12
L2M-DV   | pred='nlnnnynynnnn' | pos_acc=10/12 (83.3%) | compared=12
Baseline | pred='eclseyylnyy' | pos_acc=4/12 (33.3%) | compared=11 | len_mismatch(gold=12, pred=11)
CoT      | pred='eclssgnenyy' | pos_acc=2/12 (16.7%) | compared=11 | len_mismatch(gold=12, pred=11)
L2M      | pred='elnsenyeelny' | pos_acc=11/12 (91.7%) | compared=12
L2M-DV   | pred='elnsenyyeln' | pos_acc=11/12 (91.7%) | compared=11 | len_mismatch(gold=12, pred=11)
Baseline | pred='ytyylnemndy' | pos_acc=6/12 (50.0%) | compared=11 | len_mismatch(gold=12, pred=11)
CoT      | pred='ytyyynlntyy' | pos_acc=3/12 (25.0%) | compared=11 | len_mismatch(gold=12, pred=11)
L2M      | pred='yyenynemney' | pos_acc=8/12 (66.7%) | compared=11 | len_mismatch(gold=12, pred=11)
L2M-DV   | pred='yyeenymneeyy' | pos_acc=8/12 (66.7%) | compared=12
Baseline | pred='yllnynyyssnn' | pos_acc=5/12 (41.7%) | compared=12
CoT      | pred='yllnynyyssnn' | pos_acc=5/12 (41.7%) | compared=12
L2M      | pred='ylynyycsnmny' | pos_acc=10/12 (83.3%) | compared=12
L2M-DV   | pred='ylynyycsnnyy' | pos_acc=10/12 (83.3%) | compared=12
Baseline | pred='yyylnlnngnnn' | pos_acc=5/12 (41.7%) | compared=12
CoT      | pred='yyylnlnngne' | pos_acc=4/12 (33.3%) | compared=11 | len_mismatch(gold=12, pred=11)
L2M      | pred='yyynyyngyyne' | pos_acc=12/12 (100.0%) | compared=12
L2M-DV   | pred='yyynyyngyyne' | pos_acc=12/12 (100.0%) | compared=12
Baseline | pred='yxnnnnyyyynn' | pos_acc=9/12 (75.0%) | compared=12
CoT      | pred='yxnnynyyynnn' | pos_acc=10/12 (83.3%) | compared=12
L2M      | pred='yxnyynyyynnn' | pos_acc=11/12 (91.7%) | compared=12
L2M-DV   | pred='yxynsyyyynnn' | pos_acc=9/12 (75.0%) | compared=12
Baseline | pred='nlnnynlgnssy' | pos_acc=6/12 (50.0%) | compared=12
CoT      | pred='nlnnynlgnsly' | pos_acc=5/12 (41.7%) | compared=12
L2M      | pred='nnrnyllneysy' | pos_acc=9/12 (75.0%) | compared=12
L2M-DV   | pred='nnrnylnenysy' | pos_acc=12/12 (100.0%) | compared=12
Baseline | pred='yntyynglnnnn' | pos_acc=7/12 (58.3%) | compared=12
CoT      | pred='yntyylnneon' | pos_acc=4/12 (33.3%) | compared=11 | len_mismatch(gold=12, pred=11)
L2M      | pred='yngynnneynsn' | pos_acc=7/12 (58.3%) | compared=12
L2M-DV   | pred='yngynnenysnn' | pos_acc=10/12 (83.3%) | compared=12
Baseline | pred='eenyngylnnn' | pos_acc=4/12 (33.3%) | compared=11 | len_mismatch(gold=12, pred=11)
CoT      | pred='eynylnetlynn' | pos_acc=5/12 (41.7%) | compared=12
L2M      | pred='eymynyteynyn' | pos_acc=10/12 (83.3%) | compared=12
L2M-DV   | pred='eymynyteynenn' | pos_acc=10/12 (83.3%) | compared=12 | len_mismatch(gold=12, pred=13)
Baseline | pred='yntnngyytese' | pos_acc=7/12 (58.3%) | compared=12
CoT      | pred='yntnnmlyssle' | pos_acc=8/12 (66.7%) | compared=12
L2M      | pred='ynennmyysnye' | pos_acc=12/12 (100.0%) | compared=12
L2M-DV   | pred='ynennmyysnye' | pos_acc=12/12 (100.0%) | compared=12
Baseline | pred='nysyllyldity' | pos_acc=6/12 (50.0%) | compared=12
CoT      | pred='ntyyllyltyy' | pos_acc=5/12 (41.7%) | compared=11 | len_mismatch(gold=12, pred=11)
L2M      | pred='nyllyyylxyny' | pos_acc=10/12 (83.3%) | compared=12
L2M-DV   | pred='nylyeeelyxny' | pos_acc=8/12 (66.7%) | compared=12
Baseline | pred='noalnldymsss' | pos_acc=5/12 (41.7%) | compared=12
CoT      | pred='onlnltyllyss' | pos_acc=2/12 (16.7%) | compared=12
L2M      | pred='nenynneymyys' | pos_acc=11/12 (91.7%) | compared=12
L2M-DV   | pred='nenyneymynns' | pos_acc=7/12 (58.3%) | compared=12
Baseline | pred='lyllyyltntn' | pos_acc=5/12 (41.7%) | compared=11 | len_mismatch(gold=12, pred=11)
CoT      | pred='lyllyyltntn' | pos_acc=5/12 (41.7%) | compared=11 | len_mismatch(gold=12, pred=11)
L2M      | pred='nyelyyynnnel' | pos_acc=11/12 (91.7%) | compared=12
L2M-DV   | pred='nyllyyyynnel' | pos_acc=11/12 (91.7%) | compared=12
Baseline | pred='yyrlyelntnn' | pos_acc=6/12 (50.0%) | compared=11 | len_mismatch(gold=12, pred=11)
CoT      | pred='yyrlyelntnnn' | pos_acc=7/12 (58.3%) | compared=12
L2M      | pred='yyeeyennnnnn' | pos_acc=10/12 (83.3%) | compared=12
L2M-DV   | pred='yyeeyynynnnn' | pos_acc=10/12 (83.3%) | compared=12
Baseline | pred='synglnrtyym' | pos_acc=4/12 (33.3%) | compared=11 | len_mismatch(gold=12, pred=11)
CoT      | pred='syntlnrtyyy' | pos_acc=5/12 (41.7%) | compared=11 | len_mismatch(gold=12, pred=11)
L2M      | pred='synnylnrymyy' | pos_acc=12/12 (100.0%) | compared=12
L2M-DV   | pred='synnylnrymyy' | pos_acc=12/12 (100.0%) | compared=12
Baseline | pred='nglyynrnnnns' | pos_acc=7/12 (58.3%) | compared=12
CoT      | pred='ntytnnnyynnn' | pos_acc=8/12 (66.7%) | compared=12
L2M      | pred='nyytnyrnynnn' | pos_acc=10/12 (83.3%) | compared=12
L2M-DV   | pred='nyytynrnynnn' | pos_acc=12/12 (100.0%) | compared=12
Baseline | pred='nnnnnnnnnnne' | pos_acc=5/12 (41.7%) | compared=12
CoT      | pred='nneneeyeeve' | pos_acc=5/12 (41.7%) | compared=11 | len_mismatch(gold=12, pred=11)
L2M      | pred='nnenneyreyee' | pos_acc=9/12 (75.0%) | compared=12
L2M-DV   | pred='nnenneyreyee' | pos_acc=9/12 (75.0%) | compared=12
Baseline | pred='elnmneynyyly' | pos_acc=7/12 (58.3%) | compared=12
CoT      | pred='elmnelyyynyy' | pos_acc=8/12 (66.7%) | compared=12
L2M      | pred='emnnenyyyyyy' | pos_acc=8/12 (66.7%) | compared=12
L2M-DV   | pred='enmnneyyyyyy' | pos_acc=12/12 (100.0%) | compared=12
Baseline | pred='nnntyyllnnsn' | pos_acc=6/12 (50.0%) | compared=12
CoT      | pred='nnntyyllnnsn' | pos_acc=6/12 (50.0%) | compared=12
L2M      | pred='nnnyynlyeynn' | pos_acc=12/12 (100.0%) | compared=12
L2M-DV   | pred='nnnyynlyeyn' | pos_acc=11/12 (91.7%) | compared=11 | len_mismatch(gold=12, pred=11)
Baseline | pred='ednnlylrynnn' | pos_acc=6/12 (50.0%) | compared=12
CoT      | pred='ednnlylgnnnn' | pos_acc=7/12 (58.3%) | compared=12
L2M      | pred='ennylytynnnn' | pos_acc=9/12 (75.0%) | compared=12
L2M-DV   | pred='ennyltynnnnn' | pos_acc=12/12 (100.0%) | compared=12

[Batch Summary for n_words=12]
  Baseline  : 48.75%
  CoT       : 46.25%
  L2M       : 84.17%
  L2M-DV    : 86.67%

======================================================================
num_words = 13 | batch_size = 20
Baseline | pred='ynegllytynnyy' | pos_acc=9/13 (69.2%) | compared=13
CoT      | pred='yneclcltynnyy' | pos_acc=8/13 (61.5%) | compared=13
L2M      | pred='ynmccnlyynnyy' | pos_acc=10/13 (76.9%) | compared=13
L2M-DV   | pred='ynmcnlyyynnyy' | pos_acc=13/13 (100.0%) | compared=13
Baseline | pred='yntnnsltntlyy' | pos_acc=6/13 (46.2%) | compared=13
CoT      | pred='ynoanllgntlyy' | pos_acc=6/13 (46.2%) | compared=13
L2M      | pred='ynennlleyneny' | pos_acc=10/13 (76.9%) | compared=13
L2M-DV   | pred='ynennlyeneyny' | pos_acc=11/13 (84.6%) | compared=13
Baseline | pred='nersslyeealn' | pos_acc=6/13 (46.2%) | compared=12 | len_mismatch(gold=13, pred=12)
CoT      | pred='nerssyeyeeaal' | pos_acc=4/13 (30.8%) | compared=13
L2M      | pred='neysyeyellsnl' | pos_acc=13/13 (100.0%) | compared=13
L2M-DV   | pred='neysyeeyellnl' | pos_acc=9/13 (69.2%) | compared=13
Baseline | pred='eledmslynegnn' | pos_acc=8/13 (61.5%) | compared=13
CoT      | pred='elednlyenntn' | pos_acc=7/13 (53.8%) | compared=12 | len_mismatch(gold=13, pred=12)
L2M      | pred='elemmnyeneynn' | pos_acc=13/13 (100.0%) | compared=13
L2M-DV   | pred='elemmneynennn' | pos_acc=10/13 (76.9%) | compared=13
Baseline | pred='nnntlltyeeynn' | pos_acc=7/13 (53.8%) | compared=13
CoT      | pred='nnntlltyeeynn' | pos_acc=7/13 (53.8%) | compared=13
L2M      | pred='nnnlyeyeenlyn' | pos_acc=6/13 (46.2%) | compared=13
L2M-DV   | pred='nnnnlyeyelnyn' | pos_acc=13/13 (100.0%) | compared=13
Baseline | pred='ylyetllsytntnce' | pos_acc=3/13 (23.1%) | compared=13 | len_mismatch(gold=13, pred=15)
CoT      | pred='ylytyllsytnece' | pos_acc=3/13 (23.1%) | compared=13 | len_mismatch(gold=13, pred=14)
L2M      | pred='yyeylllsyynye' | pos_acc=8/13 (61.5%) | compared=13
L2M-DV   | pred='yyelllsyynyne' | pos_acc=12/13 (92.3%) | compared=13
Baseline | pred='elnnssnnlneey' | pos_acc=6/13 (46.2%) | compared=13
CoT      | pred='eylnssnnnntyy' | pos_acc=3/13 (23.1%) | compared=13
L2M      | pred='yensnnnclnney' | pos_acc=13/13 (100.0%) | compared=13
L2M-DV   | pred='yensnnnclnney' | pos_acc=13/13 (100.0%) | compared=13
Baseline | pred='cndynogeylntj' | pos_acc=5/13 (38.5%) | compared=13
CoT      | pred='cndnnoeyltyl' | pos_acc=4/13 (30.8%) | compared=12 | len_mismatch(gold=13, pred=12)
L2M      | pred='cnyynyyenynnl' | pos_acc=12/13 (92.3%) | compared=13
L2M-DV   | pred='cnynnyyeynynl' | pos_acc=10/13 (76.9%) | compared=13
Baseline | pred='yyyelntnnmnoo' | pos_acc=3/13 (23.1%) | compared=13
CoT      | pred='yveelntnltmnm' | pos_acc=3/13 (23.1%) | compared=13
L2M      | pred='yyeemnnlcysmn' | pos_acc=11/13 (84.6%) | compared=13
L2M-DV   | pred='yyeeemnlcysmn' | pos_acc=13/13 (100.0%) | compared=13
Baseline | pred='nnnereltglny' | pos_acc=4/13 (30.8%) | compared=12 | len_mismatch(gold=13, pred=12)
CoT      | pred='nnnereltntyy' | pos_acc=4/13 (30.8%) | compared=12 | len_mismatch(gold=13, pred=12)
L2M      | pred='nnyeyermcnley' | pos_acc=13/13 (100.0%) | compared=13
L2M-DV   | pred='nnyeyermcnley' | pos_acc=13/13 (100.0%) | compared=13
Baseline | pred='nnlnnnynnnntt' | pos_acc=9/13 (69.2%) | compared=13
CoT      | pred='nnlnnnnnnnnny' | pos_acc=8/13 (61.5%) | compared=13
L2M      | pred='nlnlnynnnnnny' | pos_acc=10/13 (76.9%) | compared=13
L2M-DV   | pred='nlnlnnynnnnty' | pos_acc=13/13 (100.0%) | compared=13
Baseline | pred='yyltynlyllyly' | pos_acc=4/13 (30.8%) | compared=13
CoT      | pred='yyltynlyllyly' | pos_acc=4/13 (30.8%) | compared=13
L2M      | pred='yylynyyeynyly' | pos_acc=10/13 (76.9%) | compared=13
L2M-DV   | pred='yylnyyeyynyy' | pos_acc=6/13 (46.2%) | compared=12 | len_mismatch(gold=13, pred=12)
Baseline | pred='lglntyyeyynl' | pos_acc=3/13 (23.1%) | compared=12 | len_mismatch(gold=13, pred=12)
CoT      | pred='lglntyyynlntn' | pos_acc=3/13 (23.1%) | compared=13
L2M      | pred='nlynyeynnynnl' | pos_acc=12/13 (92.3%) | compared=13
L2M-DV   | pred='nlynynynnyynl' | pos_acc=12/13 (92.3%) | compared=13
Baseline | pred='eenngmllnnyy' | pos_acc=6/13 (46.2%) | compared=12 | len_mismatch(gold=13, pred=12)
CoT      | pred='eenngmllnnyy' | pos_acc=6/13 (46.2%) | compared=12 | len_mismatch(gold=13, pred=12)
L2M      | pred='enlnymlnnyyny' | pos_acc=13/13 (100.0%) | compared=13
L2M-DV   | pred='elnnymlnnyyny' | pos_acc=11/13 (84.6%) | compared=13
Baseline | pred='yelelnyngnmnm' | pos_acc=6/13 (46.2%) | compared=13
CoT      | pred='yelelnyngnno' | pos_acc=5/13 (38.5%) | compared=12 | len_mismatch(gold=13, pred=12)
L2M      | pred='yelyyynynmynn' | pos_acc=7/13 (53.8%) | compared=13
L2M-DV   | pred='yelneyyynnmyn' | pos_acc=13/13 (100.0%) | compared=13
Baseline | pred='yrryggelnyeea' | pos_acc=6/13 (46.2%) | compared=13
CoT      | pred='yrryggelnyee' | pos_acc=6/13 (46.2%) | compared=12 | len_mismatch(gold=13, pred=12)
L2M      | pred='yrnyggeeyyne' | pos_acc=9/13 (69.2%) | compared=12 | len_mismatch(gold=13, pred=12)
L2M-DV   | pred='yrnygyennynne' | pos_acc=10/13 (76.9%) | compared=13
Baseline | pred='cnyytltynnnrrr' | pos_acc=7/13 (53.8%) | compared=13 | len_mismatch(gold=13, pred=14)
CoT      | pred='cnylyyyynnnrrr' | pos_acc=9/13 (69.2%) | compared=13 | len_mismatch(gold=13, pred=14)
L2M      | pred='cnyyyyynnnner' | pos_acc=12/13 (92.3%) | compared=13
L2M-DV   | pred='cnyyyyynnnner' | pos_acc=12/13 (92.3%) | compared=13
Baseline | pred='noynneelrlnl' | pos_acc=6/13 (46.2%) | compared=12 | len_mismatch(gold=13, pred=12)
CoT      | pred='onyylnnnoalll' | pos_acc=5/13 (38.5%) | compared=13
L2M      | pred='nyynennelynll' | pos_acc=11/13 (84.6%) | compared=13
L2M-DV   | pred='nyynennelynll' | pos_acc=11/13 (84.6%) | compared=13
Baseline | pred='ynoznlnymnnoz' | pos_acc=6/13 (46.2%) | compared=13
CoT      | pred='ynozntynymnnn' | pos_acc=6/13 (46.2%) | compared=13
L2M      | pred='ynnsnlnyyyynn' | pos_acc=13/13 (100.0%) | compared=13
L2M-DV   | pred='ynnslnyyyyyyn' | pos_acc=9/13 (69.2%) | compared=13
Baseline | pred='stmnynnnllym' | pos_acc=6/13 (46.2%) | compared=12 | len_mismatch(gold=13, pred=12)
CoT      | pred='stmsyyonnmlyy' | pos_acc=5/13 (38.5%) | compared=13
L2M      | pred='smyynnnsynlmy' | pos_acc=10/13 (76.9%) | compared=13
L2M-DV   | pred='snmyynnsynlmy' | pos_acc=13/13 (100.0%) | compared=13

[Batch Summary for n_words=13]
  Baseline  : 44.62%
  CoT       : 40.77%
  L2M       : 83.08%
  L2M-DV    : 87.31%

======================================================================
num_words = 14 | batch_size = 20
Baseline | pred='nnlnnnnnntyncc' | pos_acc=7/14 (50.0%) | compared=14
CoT      | pred='nyrnyonntnynnc' | pos_acc=6/14 (42.9%) | compared=14
L2M      | pred='nynynnnynyyyec' | pos_acc=12/14 (85.7%) | compared=14
L2M-DV   | pred='nynynnnntnnyec' | pos_acc=11/14 (78.6%) | compared=14
Baseline | pred='ylnylntnsglcl' | pos_acc=3/14 (21.4%) | compared=13 | len_mismatch(gold=14, pred=13)
CoT      | pred='yntylntnssgll' | pos_acc=4/14 (28.6%) | compared=13 | len_mismatch(gold=14, pred=13)
L2M      | pred='ynsyynnsynmngl' | pos_acc=14/14 (100.0%) | compared=14
L2M-DV   | pred='ynsyynnsynngl' | pos_acc=10/14 (71.4%) | compared=13 | len_mismatch(gold=14, pred=13)
Baseline | pred='ealelntyllyey' | pos_acc=5/14 (35.7%) | compared=13 | len_mismatch(gold=14, pred=13)
CoT      | pred='ealelntyllyee' | pos_acc=6/14 (42.9%) | compared=13 | len_mismatch(gold=14, pred=13)
L2M      | pred='elyecnlnylyey' | pos_acc=11/14 (78.6%) | compared=13 | len_mismatch(gold=14, pred=13)
L2M-DV   | pred='elyecnlnylyey' | pos_acc=11/14 (78.6%) | compared=13 | len_mismatch(gold=14, pred=13)
Baseline | pred='nleeeeylnllyyy' | pos_acc=8/14 (57.1%) | compared=14
CoT      | pred='nleeeeylnyynyy' | pos_acc=8/14 (57.1%) | compared=14
L2M      | pred='neeeeynmnnyeyy' | pos_acc=11/14 (78.6%) | compared=14
L2M-DV   | pred='neeeeynnyeyyy' | pos_acc=9/14 (64.3%) | compared=13 | len_mismatch(gold=14, pred=13)
Baseline | pred='ylyyssyggnnyyyn' | pos_acc=6/14 (42.9%) | compared=14 | len_mismatch(gold=14, pred=15)
CoT      | pred='ylyytygyxnnnyn' | pos_acc=9/14 (64.3%) | compared=14
L2M      | pred='yylysyxyxnyynyn' | pos_acc=10/14 (71.4%) | compared=14 | len_mismatch(gold=14, pred=15)
L2M-DV   | pred='yylysyyyxnyynn' | pos_acc=12/14 (85.7%) | compared=14
Baseline | pred='nnnlnetlnyssnn' | pos_acc=9/14 (64.3%) | compared=14
CoT      | pred='nntlnetlnyssnn' | pos_acc=8/14 (57.1%) | compared=14
L2M      | pred='nnnneelynysnnn' | pos_acc=14/14 (100.0%) | compared=14
L2M-DV   | pred='nnnneelynysnnn' | pos_acc=14/14 (100.0%) | compared=14
Baseline | pred='nnlelnyeylntn' | pos_acc=4/14 (28.6%) | compared=13 | len_mismatch(gold=14, pred=13)
CoT      | pred='nnlelnyeylntn' | pos_acc=4/14 (28.6%) | compared=13 | len_mismatch(gold=14, pred=13)
L2M      | pred='nnelynlyyysnn' | pos_acc=7/14 (50.0%) | compared=13 | len_mismatch(gold=14, pred=13)
L2M-DV   | pred='nnelneylyyensn' | pos_acc=14/14 (100.0%) | compared=14
Baseline | pred='nnynlyyngyynn' | pos_acc=6/14 (42.9%) | compared=13 | len_mismatch(gold=14, pred=13)
CoT      | pred='nlnyglynnynnyz' | pos_acc=3/14 (21.4%) | compared=14
L2M      | pred='nnygyynnmmyyyn' | pos_acc=13/14 (92.9%) | compared=14
L2M-DV   | pred='nnygyynnmnyyyn' | pos_acc=14/14 (100.0%) | compared=14
Baseline | pred='nnveynnnlclnmm' | pos_acc=7/14 (50.0%) | compared=14
CoT      | pred='nnveynnnnllnmm' | pos_acc=7/14 (50.0%) | compared=14
L2M      | pred='nnennnnynlllnm' | pos_acc=10/14 (71.4%) | compared=14
L2M-DV   | pred='nnennnnynllnm' | pos_acc=7/14 (50.0%) | compared=13 | len_mismatch(gold=14, pred=13)
Baseline | pred='ylllyyynnnnnn' | pos_acc=7/14 (50.0%) | compared=13 | len_mismatch(gold=14, pred=13)
CoT      | pred='ylllyyymnngnnn' | pos_acc=9/14 (64.3%) | compared=14
L2M      | pred='ylnyyyymyyennn' | pos_acc=14/14 (100.0%) | compared=14
L2M-DV   | pred='ylyyyyymyyennn' | pos_acc=13/14 (92.9%) | compared=14
Baseline | pred='nonlyyynnnnnnn' | pos_acc=10/14 (71.4%) | compared=14
CoT      | pred='nonlyyytntnnnn' | pos_acc=8/14 (57.1%) | compared=14
L2M      | pred='nnyeyyynnnnynn' | pos_acc=14/14 (100.0%) | compared=14
L2M-DV   | pred='nnyeyyynnnnynn' | pos_acc=14/14 (100.0%) | compared=14
Baseline | pred='ylyetnngnlynnn' | pos_acc=6/14 (42.9%) | compared=14
CoT      | pred='ylyeeznssyeynn' | pos_acc=4/14 (28.6%) | compared=14
L2M      | pred='yylesnsyeyynen' | pos_acc=14/14 (100.0%) | compared=14
L2M-DV   | pred='yylesnsyeyyenn' | pos_acc=12/14 (85.7%) | compared=14
Baseline | pred='nyveeennnnyyei' | pos_acc=6/14 (42.9%) | compared=14
CoT      | pred='nyrnlnnmnynety' | pos_acc=7/14 (50.0%) | compared=14
L2M      | pred='nyenltnmnnynye' | pos_acc=14/14 (100.0%) | compared=14
L2M-DV   | pred='nyenltnnnynye' | pos_acc=8/14 (57.1%) | compared=13 | len_mismatch(gold=14, pred=13)
Baseline | pred='nnynnnlnyynyyb' | pos_acc=8/14 (57.1%) | compared=14
CoT      | pred='nnynnnnnnnyyyy' | pos_acc=6/14 (42.9%) | compared=14
L2M      | pred='nnyynemyyyynny' | pos_acc=8/14 (57.1%) | compared=14
L2M-DV   | pred='nnyneymyyynny' | pos_acc=8/14 (57.1%) | compared=13 | len_mismatch(gold=14, pred=13)
Baseline | pred='enynlnelntnonn' | pos_acc=7/14 (50.0%) | compared=14
CoT      | pred='enynlnelntnnoz' | pos_acc=6/14 (42.9%) | compared=14
L2M      | pred='eyynnmennnnynn' | pos_acc=13/14 (92.9%) | compared=14
L2M-DV   | pred='eyynnmennnnynn' | pos_acc=13/14 (92.9%) | compared=14
Baseline | pred='yednynelgtygyy' | pos_acc=6/14 (42.9%) | compared=14
CoT      | pred='yednynesltygy' | pos_acc=6/14 (42.9%) | compared=13 | len_mismatch(gold=14, pred=13)
L2M      | pred='yeyneeenylscyy' | pos_acc=7/14 (50.0%) | compared=14
L2M-DV   | pred='yeynyenylscyyy' | pos_acc=14/14 (100.0%) | compared=14
Baseline | pred='lnnssyylntnlym' | pos_acc=7/14 (50.0%) | compared=14
CoT      | pred='lnnssyynlntnmm' | pos_acc=9/14 (64.3%) | compared=14
L2M      | pred='lnnsyllynlllnm' | pos_acc=8/14 (57.1%) | compared=14
L2M-DV   | pred='lnnsyylnynlnym' | pos_acc=14/14 (100.0%) | compared=14
Baseline | pred='nymtnlmnynnony' | pos_acc=9/14 (64.3%) | compared=14
CoT      | pred='nymntngnynnony' | pos_acc=6/14 (42.9%) | compared=14
L2M      | pred='nyyntxmnylrnny' | pos_acc=12/14 (85.7%) | compared=14
L2M-DV   | pred='nyytnxmnylrnn' | pos_acc=13/14 (92.9%) | compared=13 | len_mismatch(gold=14, pred=13)
Baseline | pred='ylyytleltllyy' | pos_acc=6/14 (42.9%) | compared=13 | len_mismatch(gold=14, pred=13)
CoT      | pred='ylyytleltllyy' | pos_acc=6/14 (42.9%) | compared=13 | len_mismatch(gold=14, pred=13)
L2M      | pred='yyyynellyylley' | pos_acc=9/14 (64.3%) | compared=14
L2M-DV   | pred='yyyynellyyley' | pos_acc=7/14 (50.0%) | compared=13 | len_mismatch(gold=14, pred=13)
Baseline | pred='nlrltylnlntn' | pos_acc=3/14 (21.4%) | compared=12 | len_mismatch(gold=14, pred=12)
CoT      | pred='nnllnlnltynonn' | pos_acc=6/14 (42.9%) | compared=14
L2M      | pred='nllnnylyyyllnn' | pos_acc=11/14 (78.6%) | compared=14
L2M-DV   | pred='nlynnnlyyyllnn' | pos_acc=11/14 (78.6%) | compared=14

[Batch Summary for n_words=14]
  Baseline  : 46.43%
  CoT       : 45.71%
  L2M       : 80.71%
  L2M-DV    : 81.79%

======================================================================
num_words = 15 | batch_size = 20
Baseline | pred='llltyeygynynyey' | pos_acc=6/15 (40.0%) | compared=15
CoT      | pred='llltyeygynynyeym' | pos_acc=6/15 (40.0%) | compared=15 | len_mismatch(gold=15, pred=16)
L2M      | pred='llmtyeenymyynye' | pos_acc=9/15 (60.0%) | compared=15
L2M-DV   | pred='llmtyeynmynyyye' | pos_acc=13/15 (86.7%) | compared=15
Baseline | pred='nllnynllyyynssn' | pos_acc=10/15 (66.7%) | compared=15
CoT      | pred='nnlyynynynynnnn' | pos_acc=10/15 (66.7%) | compared=15
L2M      | pred='nlynynyyyynynssn' | pos_acc=11/15 (73.3%) | compared=15 | len_mismatch(gold=15, pred=16)
L2M-DV   | pred='nlynynyyyynynsn' | pos_acc=12/15 (80.0%) | compared=15
Baseline | pred='nnnlyyltlertlal' | pos_acc=6/15 (40.0%) | compared=15
CoT      | pred='nnnlltylsslellj' | pos_acc=4/15 (26.7%) | compared=15
L2M      | pred='nnycyyyyeletell' | pos_acc=9/15 (60.0%) | compared=15
L2M-DV   | pred='nnycyyyyyeltelyl' | pos_acc=11/15 (73.3%) | compared=15 | len_mismatch(gold=15, pred=16)
Baseline | pred='elnnssytnltylty' | pos_acc=6/15 (40.0%) | compared=15
CoT      | pred='elnnssytnltyyey' | pos_acc=4/15 (26.7%) | compared=15
L2M      | pred='eynssymyeexnlty' | pos_acc=12/15 (80.0%) | compared=15
L2M-DV   | pred='eynsymyelxnlty' | pos_acc=5/15 (33.3%) | compared=14 | len_mismatch(gold=15, pred=14)
Baseline | pred='ynoayntnlyngylg' | pos_acc=5/15 (33.3%) | compared=15
CoT      | pred='yntlynnnlyyynnl' | pos_acc=5/15 (33.3%) | compared=15
L2M      | pred='ynrynymnynnyyyl' | pos_acc=15/15 (100.0%) | compared=15
L2M-DV   | pred='ynrynymnnyyyyl' | pos_acc=10/15 (66.7%) | compared=14 | len_mismatch(gold=15, pred=14)
Baseline | pred='lyyonnnnnnyyytm' | pos_acc=7/15 (46.7%) | compared=15
CoT      | pred='lyyonnnnnssyyt' | pos_acc=6/15 (40.0%) | compared=14 | len_mismatch(gold=15, pred=14)
L2M      | pred='lymnnnnynyyysmey' | pos_acc=11/15 (73.3%) | compared=15 | len_mismatch(gold=15, pred=16)
L2M-DV   | pred='lymnnnnynysmey' | pos_acc=10/15 (66.7%) | compared=14 | len_mismatch(gold=15, pred=14)
Baseline | pred='nnynrgylyyynyny' | pos_acc=7/15 (46.7%) | compared=15
CoT      | pred='nnynynynynynynyn' | pos_acc=9/15 (60.0%) | compared=15 | len_mismatch(gold=15, pred=16)
L2M      | pred='nnyynnynnyyyyny' | pos_acc=12/15 (80.0%) | compared=15
L2M-DV   | pred='nnyynynynnyynny' | pos_acc=13/15 (86.7%) | compared=15
Baseline | pred='nnynsslnnntnlyss' | pos_acc=6/15 (40.0%) | compared=15 | len_mismatch(gold=15, pred=16)
CoT      | pred='nnnyssllnntnss' | pos_acc=7/15 (46.7%) | compared=14 | len_mismatch(gold=15, pred=14)
L2M      | pred='nsnysylyeenyyns' | pos_acc=11/15 (73.3%) | compared=15
L2M-DV   | pred='nsnyyslyennynns' | pos_acc=13/15 (86.7%) | compared=15
Baseline | pred='ngggnmsedntlll' | pos_acc=4/15 (26.7%) | compared=14 | len_mismatch(gold=15, pred=14)
CoT      | pred='nggnsmnleatllal' | pos_acc=5/15 (33.3%) | compared=15
L2M      | pred='ngsmnyeyenlnlyl' | pos_acc=6/15 (40.0%) | compared=15
L2M-DV   | pred='ngsmnyeenynnyll' | pos_acc=6/15 (40.0%) | compared=15
Baseline | pred='edmmynnntnlynnn' | pos_acc=7/15 (46.7%) | compared=15
CoT      | pred='edmmynngnnlyton' | pos_acc=6/15 (40.0%) | compared=15
L2M      | pred='emmnynyyynnynyn' | pos_acc=12/15 (80.0%) | compared=15
L2M-DV   | pred='emmnynyyynnlnyn' | pos_acc=13/15 (86.7%) | compared=15
Baseline | pred='sreeynrntnynmty' | pos_acc=3/15 (20.0%) | compared=15
CoT      | pred='sygyntnrynnynyy' | pos_acc=6/15 (40.0%) | compared=15
L2M      | pred='syyynreemnnyycy' | pos_acc=10/15 (66.7%) | compared=15
L2M-DV   | pred='seyynyreemnyycy' | pos_acc=15/15 (100.0%) | compared=15
Baseline | pred='elnlgylyltygxyx' | pos_acc=4/15 (26.7%) | compared=15
CoT      | pred='elnlntyltygynx' | pos_acc=3/15 (20.0%) | compared=14 | len_mismatch(gold=15, pred=14)
L2M      | pred='eelnlyyyyyenyyx' | pos_acc=13/15 (86.7%) | compared=15
L2M-DV   | pred='eelnylyyyyyenyyx' | pos_acc=11/15 (73.3%) | compared=15 | len_mismatch(gold=15, pred=16)
Baseline | pred='nysytlntnngyion' | pos_acc=7/15 (46.7%) | compared=15
CoT      | pred='nymytlynyngynnn' | pos_acc=8/15 (53.3%) | compared=15
L2M      | pred='nyeyeyyyynnyynn' | pos_acc=13/15 (86.7%) | compared=15
L2M-DV   | pred='nyeyeyyyynyyyyn' | pos_acc=13/15 (86.7%) | compared=15
Baseline | pred='yntlllylnlntnnn' | pos_acc=7/15 (46.7%) | compared=15
CoT      | pred='yntlllylnlntnnn' | pos_acc=7/15 (46.7%) | compared=15
L2M      | pred='ynylnynlllymnnn' | pos_acc=14/15 (93.3%) | compared=15
L2M-DV   | pred='ynylnylllyymnnn' | pos_acc=14/15 (93.3%) | compared=15
Baseline | pred='yynyyndnvegnnry' | pos_acc=7/15 (46.7%) | compared=15
CoT      | pred='yynsyntnnnssyyr' | pos_acc=7/15 (46.7%) | compared=15
L2M      | pred='yytynnnenssnyy' | pos_acc=10/15 (66.7%) | compared=14 | len_mismatch(gold=15, pred=14)
L2M-DV   | pred='yyyynnnnensnym' | pos_acc=11/15 (73.3%) | compared=14 | len_mismatch(gold=15, pred=14)
Baseline | pred='yelelnnlyyltlce' | pos_acc=6/15 (40.0%) | compared=15
CoT      | pred='yelelnnlyyltlce' | pos_acc=6/15 (40.0%) | compared=15
L2M      | pred='yenlleeneyyylee' | pos_acc=11/15 (73.3%) | compared=15
L2M-DV   | pred='yenlnlenyyyylne' | pos_acc=15/15 (100.0%) | compared=15
Baseline | pred='nlnnlnetnmnlntn' | pos_acc=7/15 (46.7%) | compared=15
CoT      | pred='nnsnnltaylnnnon' | pos_acc=7/15 (46.7%) | compared=15
L2M      | pred='nnnnlnelymlllln' | pos_acc=8/15 (53.3%) | compared=15
L2M-DV   | pred='nnlnnelymllnny' | pos_acc=11/15 (73.3%) | compared=14 | len_mismatch(gold=15, pred=14)
Baseline | pred='yntyylynnlnnntn' | pos_acc=9/15 (60.0%) | compared=15
CoT      | pred='yntyyynnnlnnynn' | pos_acc=10/15 (66.7%) | compared=15
L2M      | pred='yneyynnnllllyn' | pos_acc=9/15 (60.0%) | compared=14 | len_mismatch(gold=15, pred=14)
L2M-DV   | pred='yneyyylnlleynyn' | pos_acc=11/15 (73.3%) | compared=15
Baseline | pred='elenlnyeylntnss' | pos_acc=9/15 (60.0%) | compared=15
CoT      | pred='elenntnlnnntnssn' | pos_acc=6/15 (40.0%) | compared=15 | len_mismatch(gold=15, pred=16)
L2M      | pred='elenlyyyelyeesn' | pos_acc=10/15 (66.7%) | compared=15
L2M-DV   | pred='elenlyyellynnsn' | pos_acc=12/15 (80.0%) | compared=15
Baseline | pred='cnenntlynnnnnnn' | pos_acc=10/15 (66.7%) | compared=15
CoT      | pred='cnennglnnlnnnnn' | pos_acc=9/15 (60.0%) | compared=15
L2M      | pred='cnennlyyylnnynn' | pos_acc=14/15 (93.3%) | compared=15
L2M-DV   | pred='cnennlyyymnnynn' | pos_acc=15/15 (100.0%) | compared=15

[Batch Summary for n_words=15]
  Baseline  : 44.33%
  CoT       : 43.67%
  L2M       : 73.33%
  L2M-DV    : 78.00%
----------------------------------------------------------------------
Average position-wise accuracy (Macro / Micro) | Exact Match
Baseline : 56.08% / 50.46% | EM: 10.33%
CoT      : 55.43% / 49.62% | EM: 10.33%
L2M      : 91.02% / 87.17% | EM: 64.00%
L2M-DV   : 92.33% / 89.08% | EM: 66.67%

======================================================================
Position-wise Accuracy by Number of Words (%)
======================================================================
 n_words |   Baseline |        CoT |        L2M |     L2M-DV
----------------------------------------------------------------------
       1 |     100.00 |     100.00 |     100.00 |     100.00
       2 |      67.50 |      67.50 |      97.50 |     100.00
       3 |      55.00 |      58.33 |     100.00 |     100.00
       4 |      63.75 |      57.50 |      96.25 |      96.25
       5 |      57.00 |      59.00 |      98.00 |      96.00
       6 |      59.17 |      54.17 |      95.83 |      96.67
       7 |      57.14 |      55.00 |      94.29 |      95.00
       8 |      50.00 |      54.37 |      95.00 |      91.88
       9 |      45.56 |      47.78 |      87.78 |      90.56
      10 |      51.00 |      50.50 |      88.00 |      93.50
      11 |      50.91 |      50.91 |      91.36 |      91.36
      12 |      48.75 |      46.25 |      84.17 |      86.67
      13 |      44.62 |      40.77 |      83.08 |      87.31
      14 |      46.43 |      45.71 |      80.71 |      81.79
      15 |      44.33 |      43.67 |      73.33 |      78.00
----------------------------------------------------------------------
   Micro |      50.46 |      49.62 |      87.17 |      89.08
   Macro |      56.08 |      55.43 |      91.02 |      92.33
      EM |      10.33 |      10.33 |      64.00 |      66.67
======================================================================

 : experiments/20251215_181213/accuracy_comparison.png
