
======================================================================
num_words = 1 | batch_size = 20
Baseline | pred='s' | pos_acc=1/1 (100.0%) | compared=1
CoT      | pred='s' | pos_acc=1/1 (100.0%) | compared=1
L2M      | pred='s' | pos_acc=1/1 (100.0%) | compared=1
L2M-DV   | pred='s' | pos_acc=1/1 (100.0%) | compared=1
Baseline | pred='y' | pos_acc=1/1 (100.0%) | compared=1
CoT      | pred='y' | pos_acc=1/1 (100.0%) | compared=1
L2M      | pred='y' | pos_acc=1/1 (100.0%) | compared=1
L2M-DV   | pred='y' | pos_acc=1/1 (100.0%) | compared=1
Baseline | pred='l' | pos_acc=1/1 (100.0%) | compared=1
CoT      | pred='l' | pos_acc=1/1 (100.0%) | compared=1
L2M      | pred='l' | pos_acc=1/1 (100.0%) | compared=1
L2M-DV   | pred='l' | pos_acc=1/1 (100.0%) | compared=1
Baseline | pred='l' | pos_acc=1/1 (100.0%) | compared=1
CoT      | pred='l' | pos_acc=1/1 (100.0%) | compared=1
L2M      | pred='l' | pos_acc=1/1 (100.0%) | compared=1
L2M-DV   | pred='l' | pos_acc=1/1 (100.0%) | compared=1
Baseline | pred='y' | pos_acc=1/1 (100.0%) | compared=1
CoT      | pred='y' | pos_acc=1/1 (100.0%) | compared=1
L2M      | pred='y' | pos_acc=1/1 (100.0%) | compared=1
L2M-DV   | pred='y' | pos_acc=1/1 (100.0%) | compared=1
Baseline | pred='y' | pos_acc=1/1 (100.0%) | compared=1
CoT      | pred='y' | pos_acc=1/1 (100.0%) | compared=1
L2M      | pred='y' | pos_acc=1/1 (100.0%) | compared=1
L2M-DV   | pred='y' | pos_acc=1/1 (100.0%) | compared=1
Baseline | pred='t' | pos_acc=1/1 (100.0%) | compared=1
CoT      | pred='t' | pos_acc=1/1 (100.0%) | compared=1
L2M      | pred='t' | pos_acc=1/1 (100.0%) | compared=1
L2M-DV   | pred='t' | pos_acc=1/1 (100.0%) | compared=1
Baseline | pred='n' | pos_acc=1/1 (100.0%) | compared=1
CoT      | pred='n' | pos_acc=1/1 (100.0%) | compared=1
L2M      | pred='n' | pos_acc=1/1 (100.0%) | compared=1
L2M-DV   | pred='n' | pos_acc=1/1 (100.0%) | compared=1
Baseline | pred='n' | pos_acc=1/1 (100.0%) | compared=1
CoT      | pred='n' | pos_acc=1/1 (100.0%) | compared=1
L2M      | pred='n' | pos_acc=1/1 (100.0%) | compared=1
L2M-DV   | pred='n' | pos_acc=1/1 (100.0%) | compared=1
Baseline | pred='m' | pos_acc=1/1 (100.0%) | compared=1
CoT      | pred='m' | pos_acc=1/1 (100.0%) | compared=1
L2M      | pred='m' | pos_acc=1/1 (100.0%) | compared=1
L2M-DV   | pred='m' | pos_acc=1/1 (100.0%) | compared=1
Baseline | pred='y' | pos_acc=1/1 (100.0%) | compared=1
CoT      | pred='y' | pos_acc=1/1 (100.0%) | compared=1
L2M      | pred='y' | pos_acc=1/1 (100.0%) | compared=1
L2M-DV   | pred='y' | pos_acc=1/1 (100.0%) | compared=1
Baseline | pred='m' | pos_acc=1/1 (100.0%) | compared=1
CoT      | pred='m' | pos_acc=1/1 (100.0%) | compared=1
L2M      | pred='m' | pos_acc=1/1 (100.0%) | compared=1
L2M-DV   | pred='m' | pos_acc=1/1 (100.0%) | compared=1
Baseline | pred='y' | pos_acc=1/1 (100.0%) | compared=1
CoT      | pred='y' | pos_acc=1/1 (100.0%) | compared=1
L2M      | pred='y' | pos_acc=1/1 (100.0%) | compared=1
L2M-DV   | pred='y' | pos_acc=1/1 (100.0%) | compared=1
Baseline | pred='y' | pos_acc=1/1 (100.0%) | compared=1
CoT      | pred='y' | pos_acc=1/1 (100.0%) | compared=1
L2M      | pred='y' | pos_acc=1/1 (100.0%) | compared=1
L2M-DV   | pred='y' | pos_acc=1/1 (100.0%) | compared=1
Baseline | pred='n' | pos_acc=1/1 (100.0%) | compared=1
CoT      | pred='n' | pos_acc=1/1 (100.0%) | compared=1
L2M      | pred='n' | pos_acc=1/1 (100.0%) | compared=1
L2M-DV   | pred='n' | pos_acc=1/1 (100.0%) | compared=1
Baseline | pred='s' | pos_acc=1/1 (100.0%) | compared=1
CoT      | pred='s' | pos_acc=1/1 (100.0%) | compared=1
L2M      | pred='s' | pos_acc=1/1 (100.0%) | compared=1
L2M-DV   | pred='s' | pos_acc=1/1 (100.0%) | compared=1
Baseline | pred='n' | pos_acc=1/1 (100.0%) | compared=1
CoT      | pred='n' | pos_acc=1/1 (100.0%) | compared=1
L2M      | pred='n' | pos_acc=1/1 (100.0%) | compared=1
L2M-DV   | pred='n' | pos_acc=1/1 (100.0%) | compared=1
Baseline | pred='n' | pos_acc=1/1 (100.0%) | compared=1
CoT      | pred='n' | pos_acc=1/1 (100.0%) | compared=1
L2M      | pred='n' | pos_acc=1/1 (100.0%) | compared=1
L2M-DV   | pred='n' | pos_acc=1/1 (100.0%) | compared=1
Baseline | pred='y' | pos_acc=1/1 (100.0%) | compared=1
CoT      | pred='y' | pos_acc=1/1 (100.0%) | compared=1
L2M      | pred='y' | pos_acc=1/1 (100.0%) | compared=1
L2M-DV   | pred='y' | pos_acc=1/1 (100.0%) | compared=1
Baseline | pred='n' | pos_acc=1/1 (100.0%) | compared=1
CoT      | pred='n' | pos_acc=1/1 (100.0%) | compared=1
L2M      | pred='n' | pos_acc=1/1 (100.0%) | compared=1
L2M-DV   | pred='n' | pos_acc=1/1 (100.0%) | compared=1

[Batch Summary for n_words=1]
  Baseline  : 100.00%
  CoT       : 100.00%
  L2M       : 100.00%
  L2M-DV    : 100.00%

======================================================================
num_words = 2 | batch_size = 20
Baseline | pred='ln' | pos_acc=1/2 (50.0%) | compared=2
CoT      | pred='nn' | pos_acc=2/2 (100.0%) | compared=2
L2M      | pred='nn' | pos_acc=2/2 (100.0%) | compared=2
L2M-DV   | pred='nn' | pos_acc=2/2 (100.0%) | compared=2
Baseline | pred='ee' | pos_acc=1/2 (50.0%) | compared=2
CoT      | pred='ee' | pos_acc=1/2 (50.0%) | compared=2
L2M      | pred='en' | pos_acc=2/2 (100.0%) | compared=2
L2M-DV   | pred='en' | pos_acc=2/2 (100.0%) | compared=2
Baseline | pred='yt' | pos_acc=1/2 (50.0%) | compared=2
CoT      | pred='yy' | pos_acc=1/2 (50.0%) | compared=2
L2M      | pred='ye' | pos_acc=2/2 (100.0%) | compared=2
L2M-DV   | pred='ye' | pos_acc=2/2 (100.0%) | compared=2
Baseline | pred='nn' | pos_acc=1/2 (50.0%) | compared=2
CoT      | pred='nn' | pos_acc=1/2 (50.0%) | compared=2
L2M      | pred='ny' | pos_acc=2/2 (100.0%) | compared=2
L2M-DV   | pred='ny' | pos_acc=2/2 (100.0%) | compared=2
Baseline | pred='yt' | pos_acc=2/2 (100.0%) | compared=2
CoT      | pred='yt' | pos_acc=2/2 (100.0%) | compared=2
L2M      | pred='yt' | pos_acc=2/2 (100.0%) | compared=2
L2M-DV   | pred='yt' | pos_acc=2/2 (100.0%) | compared=2
Baseline | pred='mc' | pos_acc=1/2 (50.0%) | compared=2
CoT      | pred='mc' | pos_acc=1/2 (50.0%) | compared=2
L2M      | pred='my' | pos_acc=2/2 (100.0%) | compared=2
L2M-DV   | pred='my' | pos_acc=2/2 (100.0%) | compared=2
Baseline | pred='nn' | pos_acc=1/2 (50.0%) | compared=2
CoT      | pred='nn' | pos_acc=1/2 (50.0%) | compared=2
L2M      | pred='ny' | pos_acc=2/2 (100.0%) | compared=2
L2M-DV   | pred='ny' | pos_acc=2/2 (100.0%) | compared=2
Baseline | pred='yt' | pos_acc=1/2 (50.0%) | compared=2
CoT      | pred='yt' | pos_acc=1/2 (50.0%) | compared=2
L2M      | pred='ym' | pos_acc=2/2 (100.0%) | compared=2
L2M-DV   | pred='ym' | pos_acc=2/2 (100.0%) | compared=2
Baseline | pred='rr' | pos_acc=1/2 (50.0%) | compared=2
CoT      | pred='rr' | pos_acc=1/2 (50.0%) | compared=2
L2M      | pred='rn' | pos_acc=2/2 (100.0%) | compared=2
L2M-DV   | pred='rn' | pos_acc=2/2 (100.0%) | compared=2
Baseline | pred='yy' | pos_acc=2/2 (100.0%) | compared=2
CoT      | pred='yy' | pos_acc=2/2 (100.0%) | compared=2
L2M      | pred='yy' | pos_acc=2/2 (100.0%) | compared=2
L2M-DV   | pred='yy' | pos_acc=2/2 (100.0%) | compared=2
Baseline | pred='ye' | pos_acc=2/2 (100.0%) | compared=2
CoT      | pred='yn' | pos_acc=1/2 (50.0%) | compared=2
L2M      | pred='ye' | pos_acc=2/2 (100.0%) | compared=2
L2M-DV   | pred='ye' | pos_acc=2/2 (100.0%) | compared=2
Baseline | pred='ly' | pos_acc=1/2 (50.0%) | compared=2
CoT      | pred='ly' | pos_acc=1/2 (50.0%) | compared=2
L2M      | pred='yy' | pos_acc=2/2 (100.0%) | compared=2
L2M-DV   | pred='yy' | pos_acc=2/2 (100.0%) | compared=2
Baseline | pred='ng' | pos_acc=0/2 (0.0%) | compared=2
CoT      | pred='gn' | pos_acc=2/2 (100.0%) | compared=2
L2M      | pred='gn' | pos_acc=2/2 (100.0%) | compared=2
L2M-DV   | pred='gn' | pos_acc=2/2 (100.0%) | compared=2
Baseline | pred='ry' | pos_acc=2/2 (100.0%) | compared=2
CoT      | pred='ry' | pos_acc=2/2 (100.0%) | compared=2
L2M      | pred='ry' | pos_acc=2/2 (100.0%) | compared=2
L2M-DV   | pred='ry' | pos_acc=2/2 (100.0%) | compared=2
Baseline | pred='et' | pos_acc=1/2 (50.0%) | compared=2
CoT      | pred='et' | pos_acc=1/2 (50.0%) | compared=2
L2M      | pred='ee' | pos_acc=2/2 (100.0%) | compared=2
L2M-DV   | pred='ee' | pos_acc=2/2 (100.0%) | compared=2
Baseline | pred='yg' | pos_acc=1/2 (50.0%) | compared=2
CoT      | pred='yg' | pos_acc=1/2 (50.0%) | compared=2
L2M      | pred='yx' | pos_acc=2/2 (100.0%) | compared=2
L2M-DV   | pred='yx' | pos_acc=2/2 (100.0%) | compared=2
Baseline | pred='yn' | pos_acc=1/2 (50.0%) | compared=2
CoT      | pred='ye' | pos_acc=2/2 (100.0%) | compared=2
L2M      | pred='ye' | pos_acc=2/2 (100.0%) | compared=2
L2M-DV   | pred='ye' | pos_acc=2/2 (100.0%) | compared=2
Baseline | pred='ny' | pos_acc=2/2 (100.0%) | compared=2
CoT      | pred='nn' | pos_acc=1/2 (50.0%) | compared=2
L2M      | pred='ny' | pos_acc=2/2 (100.0%) | compared=2
L2M-DV   | pred='ny' | pos_acc=2/2 (100.0%) | compared=2
Baseline | pred='ng' | pos_acc=1/2 (50.0%) | compared=2
CoT      | pred='ng' | pos_acc=1/2 (50.0%) | compared=2
L2M      | pred='ny' | pos_acc=2/2 (100.0%) | compared=2
L2M-DV   | pred='ny' | pos_acc=2/2 (100.0%) | compared=2
Baseline | pred='nn' | pos_acc=1/2 (50.0%) | compared=2
CoT      | pred='nn' | pos_acc=1/2 (50.0%) | compared=2
L2M      | pred='nc' | pos_acc=2/2 (100.0%) | compared=2
L2M-DV   | pred='nc' | pos_acc=2/2 (100.0%) | compared=2

[Batch Summary for n_words=2]
  Baseline  : 60.00%
  CoT       : 65.00%
  L2M       : 100.00%
  L2M-DV    : 100.00%

======================================================================
num_words = 3 | batch_size = 20
Baseline | pred='sns' | pos_acc=1/3 (33.3%) | compared=3
CoT      | pred='sns' | pos_acc=1/3 (33.3%) | compared=3
L2M      | pred='sln' | pos_acc=3/3 (100.0%) | compared=3
L2M-DV   | pred='sln' | pos_acc=3/3 (100.0%) | compared=3
Baseline | pred='lno' | pos_acc=1/3 (33.3%) | compared=3
CoT      | pred='lnn' | pos_acc=2/3 (66.7%) | compared=3
L2M      | pred='ynn' | pos_acc=3/3 (100.0%) | compared=3
L2M-DV   | pred='ynn' | pos_acc=3/3 (100.0%) | compared=3
Baseline | pred='nyr' | pos_acc=2/3 (66.7%) | compared=3
CoT      | pred='nyr' | pos_acc=2/3 (66.7%) | compared=3
L2M      | pred='nyy' | pos_acc=3/3 (100.0%) | compared=3
L2M-DV   | pred='nyy' | pos_acc=3/3 (100.0%) | compared=3
Baseline | pred='yyy' | pos_acc=3/3 (100.0%) | compared=3
CoT      | pred='yry' | pos_acc=2/3 (66.7%) | compared=3
L2M      | pred='yyy' | pos_acc=3/3 (100.0%) | compared=3
L2M-DV   | pred='yyy' | pos_acc=3/3 (100.0%) | compared=3
Baseline | pred='yms' | pos_acc=2/3 (66.7%) | compared=3
CoT      | pred='yms' | pos_acc=2/3 (66.7%) | compared=3
L2M      | pred='ymy' | pos_acc=3/3 (100.0%) | compared=3
L2M-DV   | pred='ymy' | pos_acc=3/3 (100.0%) | compared=3
Baseline | pred='nen' | pos_acc=1/3 (33.3%) | compared=3
CoT      | pred='non' | pos_acc=1/3 (33.3%) | compared=3
L2M      | pred='nye' | pos_acc=3/3 (100.0%) | compared=3
L2M-DV   | pred='nye' | pos_acc=3/3 (100.0%) | compared=3
Baseline | pred='lyt' | pos_acc=1/3 (33.3%) | compared=3
CoT      | pred='lyt' | pos_acc=1/3 (33.3%) | compared=3
L2M      | pred='yyl' | pos_acc=3/3 (100.0%) | compared=3
L2M-DV   | pred='yyl' | pos_acc=3/3 (100.0%) | compared=3
Baseline | pred='eon' | pos_acc=1/3 (33.3%) | compared=3
CoT      | pred='eon' | pos_acc=1/3 (33.3%) | compared=3
L2M      | pred='eny' | pos_acc=3/3 (100.0%) | compared=3
L2M-DV   | pred='eny' | pos_acc=3/3 (100.0%) | compared=3
Baseline | pred='mty' | pos_acc=1/3 (33.3%) | compared=3
CoT      | pred='mty' | pos_acc=1/3 (33.3%) | compared=3
L2M      | pred='myl' | pos_acc=3/3 (100.0%) | compared=3
L2M-DV   | pred='myl' | pos_acc=3/3 (100.0%) | compared=3
Baseline | pred='yms' | pos_acc=2/3 (66.7%) | compared=3
CoT      | pred='yms' | pos_acc=2/3 (66.7%) | compared=3
L2M      | pred='ymn' | pos_acc=3/3 (100.0%) | compared=3
L2M-DV   | pred='ymn' | pos_acc=3/3 (100.0%) | compared=3
Baseline | pred='nys' | pos_acc=2/3 (66.7%) | compared=3
CoT      | pred='nly' | pos_acc=2/3 (66.7%) | compared=3
L2M      | pred='nyy' | pos_acc=3/3 (100.0%) | compared=3
L2M-DV   | pred='nyy' | pos_acc=3/3 (100.0%) | compared=3
Baseline | pred='yno' | pos_acc=2/3 (66.7%) | compared=3
CoT      | pred='yno' | pos_acc=2/3 (66.7%) | compared=3
L2M      | pred='ynl' | pos_acc=3/3 (100.0%) | compared=3
L2M-DV   | pred='ynl' | pos_acc=3/3 (100.0%) | compared=3
Baseline | pred='myy' | pos_acc=3/3 (100.0%) | compared=3
CoT      | pred='mty' | pos_acc=2/3 (66.7%) | compared=3
L2M      | pred='myy' | pos_acc=3/3 (100.0%) | compared=3
L2M-DV   | pred='myy' | pos_acc=3/3 (100.0%) | compared=3
Baseline | pred='non' | pos_acc=2/3 (66.7%) | compared=3
CoT      | pred='non' | pos_acc=2/3 (66.7%) | compared=3
L2M      | pred='nnn' | pos_acc=3/3 (100.0%) | compared=3
L2M-DV   | pred='nnn' | pos_acc=3/3 (100.0%) | compared=3
Baseline | pred='eyy' | pos_acc=3/3 (100.0%) | compared=3
CoT      | pred='eyy' | pos_acc=3/3 (100.0%) | compared=3
L2M      | pred='eyy' | pos_acc=3/3 (100.0%) | compared=3
L2M-DV   | pred='eyy' | pos_acc=3/3 (100.0%) | compared=3
Baseline | pred='nss' | pos_acc=2/3 (66.7%) | compared=3
CoT      | pred='nss' | pos_acc=2/3 (66.7%) | compared=3
L2M      | pred='nsm' | pos_acc=3/3 (100.0%) | compared=3
L2M-DV   | pred='nsm' | pos_acc=3/3 (100.0%) | compared=3
Baseline | pred='lyy' | pos_acc=2/3 (66.7%) | compared=3
CoT      | pred='lyt' | pos_acc=1/3 (33.3%) | compared=3
L2M      | pred='yyy' | pos_acc=3/3 (100.0%) | compared=3
L2M-DV   | pred='yyy' | pos_acc=3/3 (100.0%) | compared=3
Baseline | pred='yln' | pos_acc=2/3 (66.7%) | compared=3
CoT      | pred='yln' | pos_acc=2/3 (66.7%) | compared=3
L2M      | pred='yly' | pos_acc=3/3 (100.0%) | compared=3
L2M-DV   | pred='yly' | pos_acc=3/3 (100.0%) | compared=3
Baseline | pred='lno' | pos_acc=1/3 (33.3%) | compared=3
CoT      | pred='yno' | pos_acc=2/3 (66.7%) | compared=3
L2M      | pred='ynn' | pos_acc=3/3 (100.0%) | compared=3
L2M-DV   | pred='ynn' | pos_acc=3/3 (100.0%) | compared=3
Baseline | pred='non' | pos_acc=1/3 (33.3%) | compared=3
CoT      | pred='nty' | pos_acc=1/3 (33.3%) | compared=3
L2M      | pred='nym' | pos_acc=3/3 (100.0%) | compared=3
L2M-DV   | pred='nym' | pos_acc=3/3 (100.0%) | compared=3

[Batch Summary for n_words=3]
  Baseline  : 58.33%
  CoT       : 56.67%
  L2M       : 100.00%
  L2M-DV    : 100.00%

======================================================================
num_words = 4 | batch_size = 20
Baseline | pred='nnly' | pos_acc=3/4 (75.0%) | compared=4
CoT      | pred='nnny' | pos_acc=4/4 (100.0%) | compared=4
L2M      | pred='nnny' | pos_acc=4/4 (100.0%) | compared=4
L2M-DV   | pred='nnny' | pos_acc=4/4 (100.0%) | compared=4
Baseline | pred='lnon' | pos_acc=3/4 (75.0%) | compared=4
CoT      | pred='lnon' | pos_acc=3/4 (75.0%) | compared=4
L2M      | pred='lnnn' | pos_acc=4/4 (100.0%) | compared=4
L2M-DV   | pred='lnnn' | pos_acc=4/4 (100.0%) | compared=4
Baseline | pred='yonn' | pos_acc=1/4 (25.0%) | compared=4
CoT      | pred='yonn' | pos_acc=1/4 (25.0%) | compared=4
L2M      | pred='ynys' | pos_acc=4/4 (100.0%) | compared=4
L2M-DV   | pred='ynys' | pos_acc=4/4 (100.0%) | compared=4
Baseline | pred='ylan' | pos_acc=2/4 (50.0%) | compared=4
CoT      | pred='ylan' | pos_acc=2/4 (50.0%) | compared=4
L2M      | pred='ylny' | pos_acc=4/4 (100.0%) | compared=4
L2M-DV   | pred='ylny' | pos_acc=4/4 (100.0%) | compared=4
Baseline | pred='lyny' | pos_acc=3/4 (75.0%) | compared=4
CoT      | pred='ylyn' | pos_acc=1/4 (25.0%) | compared=4
L2M      | pred='ynny' | pos_acc=3/4 (75.0%) | compared=4
L2M-DV   | pred='yyny' | pos_acc=4/4 (100.0%) | compared=4
Baseline | pred='ylyn' | pos_acc=2/4 (50.0%) | compared=4
CoT      | pred='ylyn' | pos_acc=2/4 (50.0%) | compared=4
L2M      | pred='yyen' | pos_acc=4/4 (100.0%) | compared=4
L2M-DV   | pred='yyen' | pos_acc=4/4 (100.0%) | compared=4
Baseline | pred='nnss' | pos_acc=3/4 (75.0%) | compared=4
CoT      | pred='nnss' | pos_acc=3/4 (75.0%) | compared=4
L2M      | pred='nnsc' | pos_acc=4/4 (100.0%) | compared=4
L2M-DV   | pred='nnsc' | pos_acc=4/4 (100.0%) | compared=4
Baseline | pred='cnom' | pos_acc=3/4 (75.0%) | compared=4
CoT      | pred='cnsmm' | pos_acc=3/4 (75.0%) | compared=4 | len_mismatch(gold=4, pred=5)
L2M      | pred='cnnm' | pos_acc=4/4 (100.0%) | compared=4
L2M-DV   | pred='cnnm' | pos_acc=4/4 (100.0%) | compared=4
Baseline | pred='snly' | pos_acc=3/4 (75.0%) | compared=4
CoT      | pred='snly' | pos_acc=3/4 (75.0%) | compared=4
L2M      | pred='snyy' | pos_acc=4/4 (100.0%) | compared=4
L2M-DV   | pred='snyy' | pos_acc=4/4 (100.0%) | compared=4
Baseline | pred='eony' | pos_acc=3/4 (75.0%) | compared=4
CoT      | pred='etnn' | pos_acc=2/4 (50.0%) | compared=4
L2M      | pred='eyny' | pos_acc=4/4 (100.0%) | compared=4
L2M-DV   | pred='eyny' | pos_acc=4/4 (100.0%) | compared=4
Baseline | pred='nvee' | pos_acc=2/4 (50.0%) | compared=4
CoT      | pred='nvee' | pos_acc=2/4 (50.0%) | compared=4
L2M      | pred='nene' | pos_acc=4/4 (100.0%) | compared=4
L2M-DV   | pred='nene' | pos_acc=4/4 (100.0%) | compared=4
Baseline | pred='lyyk' | pos_acc=2/4 (50.0%) | compared=4
CoT      | pred='lyyy' | pos_acc=3/4 (75.0%) | compared=4
L2M      | pred='lley' | pos_acc=3/4 (75.0%) | compared=4
L2M-DV   | pred='lley' | pos_acc=3/4 (75.0%) | compared=4
Baseline | pred='yyon' | pos_acc=3/4 (75.0%) | compared=4
CoT      | pred='ygyg' | pos_acc=2/4 (50.0%) | compared=4
L2M      | pred='yyyn' | pos_acc=4/4 (100.0%) | compared=4
L2M-DV   | pred='yynn' | pos_acc=3/4 (75.0%) | compared=4
Baseline | pred='nnyn' | pos_acc=3/4 (75.0%) | compared=4
CoT      | pred='nnyn' | pos_acc=3/4 (75.0%) | compared=4
L2M      | pred='nyyn' | pos_acc=4/4 (100.0%) | compared=4
L2M-DV   | pred='nyyn' | pos_acc=4/4 (100.0%) | compared=4
Baseline | pred='mnve' | pos_acc=2/4 (50.0%) | compared=4
CoT      | pred='mnne' | pos_acc=3/4 (75.0%) | compared=4
L2M      | pred='myne' | pos_acc=4/4 (100.0%) | compared=4
L2M-DV   | pred='myne' | pos_acc=4/4 (100.0%) | compared=4
Baseline | pred='lnen' | pos_acc=1/4 (25.0%) | compared=4
CoT      | pred='lnen' | pos_acc=1/4 (25.0%) | compared=4
L2M      | pred='leny' | pos_acc=4/4 (100.0%) | compared=4
L2M-DV   | pred='leny' | pos_acc=4/4 (100.0%) | compared=4
Baseline | pred='ytyl' | pos_acc=2/4 (50.0%) | compared=4
CoT      | pred='ytyl' | pos_acc=2/4 (50.0%) | compared=4
L2M      | pred='ynnl' | pos_acc=3/4 (75.0%) | compared=4
L2M-DV   | pred='yynl' | pos_acc=4/4 (100.0%) | compared=4
Baseline | pred='nonn' | pos_acc=3/4 (75.0%) | compared=4
CoT      | pred='nonn' | pos_acc=3/4 (75.0%) | compared=4
L2M      | pred='nnnn' | pos_acc=4/4 (100.0%) | compared=4
L2M-DV   | pred='nnnn' | pos_acc=4/4 (100.0%) | compared=4
Baseline | pred='nnno' | pos_acc=3/4 (75.0%) | compared=4
CoT      | pred='nnno' | pos_acc=3/4 (75.0%) | compared=4
L2M      | pred='nnnn' | pos_acc=4/4 (100.0%) | compared=4
L2M-DV   | pred='nnnn' | pos_acc=4/4 (100.0%) | compared=4
Baseline | pred='nnys' | pos_acc=3/4 (75.0%) | compared=4
CoT      | pred='nnys' | pos_acc=3/4 (75.0%) | compared=4
L2M      | pred='nnyx' | pos_acc=4/4 (100.0%) | compared=4
L2M-DV   | pred='nnyx' | pos_acc=4/4 (100.0%) | compared=4

[Batch Summary for n_words=4]
  Baseline  : 62.50%
  CoT       : 61.25%
  L2M       : 96.25%
  L2M-DV    : 97.50%

======================================================================
num_words = 5 | batch_size = 20
Baseline | pred='yntcl' | pos_acc=3/5 (60.0%) | compared=5
CoT      | pred='yntcl' | pos_acc=3/5 (60.0%) | compared=5
L2M      | pred='ynyyl' | pos_acc=5/5 (100.0%) | compared=5
L2M-DV   | pred='ynyyl' | pos_acc=5/5 (100.0%) | compared=5
Baseline | pred='gnity' | pos_acc=3/5 (60.0%) | compared=5
CoT      | pred='gnnoy' | pos_acc=3/5 (60.0%) | compared=5
L2M      | pred='gnyny' | pos_acc=5/5 (100.0%) | compared=5
L2M-DV   | pred='gnyny' | pos_acc=5/5 (100.0%) | compared=5
Baseline | pred='nnnll' | pos_acc=3/5 (60.0%) | compared=5
CoT      | pred='nnnll' | pos_acc=3/5 (60.0%) | compared=5
L2M      | pred='nnenl' | pos_acc=5/5 (100.0%) | compared=5
L2M-DV   | pred='nnenl' | pos_acc=5/5 (100.0%) | compared=5
Baseline | pred='esyyt' | pos_acc=2/5 (40.0%) | compared=5
CoT      | pred='esyyt' | pos_acc=2/5 (40.0%) | compared=5
L2M      | pred='enxxy' | pos_acc=4/5 (80.0%) | compared=5
L2M-DV   | pred='enxyy' | pos_acc=5/5 (100.0%) | compared=5
Baseline | pred='oylnn' | pos_acc=3/5 (60.0%) | compared=5
CoT      | pred='ymcno' | pos_acc=3/5 (60.0%) | compared=5
L2M      | pred='ymlnn' | pos_acc=5/5 (100.0%) | compared=5
L2M-DV   | pred='ymlnn' | pos_acc=5/5 (100.0%) | compared=5
Baseline | pred='nnlno' | pos_acc=3/5 (60.0%) | compared=5
CoT      | pred='nnlno' | pos_acc=3/5 (60.0%) | compared=5
L2M      | pred='nnyny' | pos_acc=5/5 (100.0%) | compared=5
L2M-DV   | pred='nnyny' | pos_acc=5/5 (100.0%) | compared=5
Baseline | pred='nlynl' | pos_acc=2/5 (40.0%) | compared=5
CoT      | pred='nyrln' | pos_acc=3/5 (60.0%) | compared=5
L2M      | pred='nyylm' | pos_acc=5/5 (100.0%) | compared=5
L2M-DV   | pred='nyylm' | pos_acc=5/5 (100.0%) | compared=5
Baseline | pred='nonnn' | pos_acc=4/5 (80.0%) | compared=5
CoT      | pred='nnnot' | pos_acc=2/5 (40.0%) | compared=5
L2M      | pred='nennn' | pos_acc=5/5 (100.0%) | compared=5
L2M-DV   | pred='nennn' | pos_acc=5/5 (100.0%) | compared=5
Baseline | pred='nlyty' | pos_acc=3/5 (60.0%) | compared=5
CoT      | pred='nysyt' | pos_acc=3/5 (60.0%) | compared=5
L2M      | pred='nyyyy' | pos_acc=5/5 (100.0%) | compared=5
L2M-DV   | pred='nyyyy' | pos_acc=5/5 (100.0%) | compared=5
Baseline | pred='yynnt' | pos_acc=2/5 (40.0%) | compared=5
CoT      | pred='yynnt' | pos_acc=2/5 (40.0%) | compared=5
L2M      | pred='yyyyn' | pos_acc=5/5 (100.0%) | compared=5
L2M-DV   | pred='yyyyn' | pos_acc=5/5 (100.0%) | compared=5
Baseline | pred='nonyn' | pos_acc=4/5 (80.0%) | compared=5
CoT      | pred='nonyn' | pos_acc=4/5 (80.0%) | compared=5
L2M      | pred='nsnyn' | pos_acc=5/5 (100.0%) | compared=5
L2M-DV   | pred='nsnyn' | pos_acc=5/5 (100.0%) | compared=5
Baseline | pred='enlan' | pos_acc=3/5 (60.0%) | compared=5
CoT      | pred='ednaln' | pos_acc=2/5 (40.0%) | compared=5 | len_mismatch(gold=5, pred=6)
L2M      | pred='ennln' | pos_acc=5/5 (100.0%) | compared=5
L2M-DV   | pred='ennln' | pos_acc=5/5 (100.0%) | compared=5
Baseline | pred='esete' | pos_acc=2/5 (40.0%) | compared=5
CoT      | pred='esene' | pos_acc=2/5 (40.0%) | compared=5
L2M      | pred='eleen' | pos_acc=5/5 (100.0%) | compared=5
L2M-DV   | pred='eleen' | pos_acc=5/5 (100.0%) | compared=5
Baseline | pred='eynlt' | pos_acc=2/5 (40.0%) | compared=5
CoT      | pred='etysm' | pos_acc=1/5 (20.0%) | compared=5
L2M      | pred='eymty' | pos_acc=5/5 (100.0%) | compared=5
L2M-DV   | pred='eymty' | pos_acc=5/5 (100.0%) | compared=5
Baseline | pred='mleet' | pos_acc=1/5 (20.0%) | compared=5
CoT      | pred='mlern' | pos_acc=2/5 (40.0%) | compared=5
L2M      | pred='meyln' | pos_acc=5/5 (100.0%) | compared=5
L2M-DV   | pred='meyln' | pos_acc=5/5 (100.0%) | compared=5
Baseline | pred='yntnr' | pos_acc=3/5 (60.0%) | compared=5
CoT      | pred='yntnx' | pos_acc=4/5 (80.0%) | compared=5
L2M      | pred='ynynx' | pos_acc=5/5 (100.0%) | compared=5
L2M-DV   | pred='ynynx' | pos_acc=5/5 (100.0%) | compared=5
Baseline | pred='nysnm' | pos_acc=4/5 (80.0%) | compared=5
CoT      | pred='nysnm' | pos_acc=4/5 (80.0%) | compared=5
L2M      | pred='nynnm' | pos_acc=4/5 (80.0%) | compared=5
L2M-DV   | pred='nyynm' | pos_acc=5/5 (100.0%) | compared=5
Baseline | pred='yynll' | pos_acc=4/5 (80.0%) | compared=5
CoT      | pred='yynll' | pos_acc=4/5 (80.0%) | compared=5
L2M      | pred='ynnly' | pos_acc=4/5 (80.0%) | compared=5
L2M-DV   | pred='ynlyy' | pos_acc=2/5 (40.0%) | compared=5
Baseline | pred='elnon' | pos_acc=2/5 (40.0%) | compared=5
CoT      | pred='elnsy' | pos_acc=2/5 (40.0%) | compared=5
L2M      | pred='ennys' | pos_acc=5/5 (100.0%) | compared=5
L2M-DV   | pred='ennys' | pos_acc=5/5 (100.0%) | compared=5
Baseline | pred='ylnnm' | pos_acc=4/5 (80.0%) | compared=5
CoT      | pred='ylnsm' | pos_acc=3/5 (60.0%) | compared=5
L2M      | pred='yltnm' | pos_acc=5/5 (100.0%) | compared=5
L2M-DV   | pred='yltnm' | pos_acc=5/5 (100.0%) | compared=5

[Batch Summary for n_words=5]
  Baseline  : 57.00%
  CoT       : 55.00%
  L2M       : 97.00%
  L2M-DV    : 97.00%

======================================================================
num_words = 6 | batch_size = 20
Baseline | pred='ytnnom' | pos_acc=4/6 (66.7%) | compared=6
CoT      | pred='ytnnom' | pos_acc=4/6 (66.7%) | compared=6
L2M      | pred='ytmnnm' | pos_acc=6/6 (100.0%) | compared=6
L2M-DV   | pred='ytmnnm' | pos_acc=6/6 (100.0%) | compared=6
Baseline | pred='lyycce' | pos_acc=2/6 (33.3%) | compared=6
CoT      | pred='lyyeyc' | pos_acc=3/6 (50.0%) | compared=6
L2M      | pred='lynyec' | pos_acc=6/6 (100.0%) | compared=6
L2M-DV   | pred='lynyea' | pos_acc=5/6 (83.3%) | compared=6
Baseline | pred='ymglar' | pos_acc=3/6 (50.0%) | compared=6
CoT      | pred='ymglln' | pos_acc=3/6 (50.0%) | compared=6
L2M      | pred='ymnlry' | pos_acc=6/6 (100.0%) | compared=6
L2M-DV   | pred='ymnlry' | pos_acc=6/6 (100.0%) | compared=6
Baseline | pred='yymnnn' | pos_acc=6/6 (100.0%) | compared=6
CoT      | pred='yymnnn' | pos_acc=6/6 (100.0%) | compared=6
L2M      | pred='yymnnn' | pos_acc=6/6 (100.0%) | compared=6
L2M-DV   | pred='yymnnn' | pos_acc=6/6 (100.0%) | compared=6
Baseline | pred='ylynny' | pos_acc=4/6 (66.7%) | compared=6
CoT      | pred='ylynny' | pos_acc=4/6 (66.7%) | compared=6
L2M      | pred='yyenny' | pos_acc=6/6 (100.0%) | compared=6
L2M-DV   | pred='yyenny' | pos_acc=6/6 (100.0%) | compared=6
Baseline | pred='nnctyn' | pos_acc=3/6 (50.0%) | compared=6
CoT      | pred='nnctyn' | pos_acc=3/6 (50.0%) | compared=6
L2M      | pred='nnceny' | pos_acc=6/6 (100.0%) | compared=6
L2M-DV   | pred='nnceny' | pos_acc=6/6 (100.0%) | compared=6
Baseline | pred='etctnn' | pos_acc=3/6 (50.0%) | compared=6
CoT      | pred='erctln' | pos_acc=3/6 (50.0%) | compared=6
L2M      | pred='eycltn' | pos_acc=6/6 (100.0%) | compared=6
L2M-DV   | pred='eycltn' | pos_acc=6/6 (100.0%) | compared=6
Baseline | pred='nonnon' | pos_acc=3/6 (50.0%) | compared=6
CoT      | pred='nonnon' | pos_acc=3/6 (50.0%) | compared=6
L2M      | pred='nnnnnn' | pos_acc=5/6 (83.3%) | compared=6
L2M-DV   | pred='nnlnnn' | pos_acc=6/6 (100.0%) | compared=6
Baseline | pred='snynly' | pos_acc=6/6 (100.0%) | compared=6
CoT      | pred='snynly' | pos_acc=6/6 (100.0%) | compared=6
L2M      | pred='snynly' | pos_acc=6/6 (100.0%) | compared=6
L2M-DV   | pred='snynly' | pos_acc=6/6 (100.0%) | compared=6
Baseline | pred='nlynon' | pos_acc=3/6 (50.0%) | compared=6
CoT      | pred='nlyngy' | pos_acc=4/6 (66.7%) | compared=6
L2M      | pred='nynnny' | pos_acc=5/6 (83.3%) | compared=6
L2M-DV   | pred='nyynny' | pos_acc=6/6 (100.0%) | compared=6
Baseline | pred='eennly' | pos_acc=3/6 (50.0%) | compared=6
CoT      | pred='eennly' | pos_acc=3/6 (50.0%) | compared=6
L2M      | pred='enynyy' | pos_acc=6/6 (100.0%) | compared=6
L2M-DV   | pred='enynyy' | pos_acc=6/6 (100.0%) | compared=6
Baseline | pred='sgnyen' | pos_acc=6/6 (100.0%) | compared=6
CoT      | pred='sgnyne' | pos_acc=4/6 (66.7%) | compared=6
L2M      | pred='sgnyen' | pos_acc=6/6 (100.0%) | compared=6
L2M-DV   | pred='sgnyen' | pos_acc=6/6 (100.0%) | compared=6
Baseline | pred='eyyonn' | pos_acc=2/6 (33.3%) | compared=6
CoT      | pred='eyyonn' | pos_acc=2/6 (33.3%) | compared=6
L2M      | pred='eynnyy' | pos_acc=6/6 (100.0%) | compared=6
L2M-DV   | pred='eynnyy' | pos_acc=6/6 (100.0%) | compared=6
Baseline | pred='ylnnon' | pos_acc=4/6 (66.7%) | compared=6
CoT      | pred='ylnnno' | pos_acc=3/6 (50.0%) | compared=6
L2M      | pred='ylmmnn' | pos_acc=4/6 (66.7%) | compared=6
L2M-DV   | pred='ylmmnn' | pos_acc=4/6 (66.7%) | compared=6
Baseline | pred='yntnll' | pos_acc=3/6 (50.0%) | compared=6
CoT      | pred='yntnln' | pos_acc=2/6 (33.3%) | compared=6
L2M      | pred='ynynnl' | pos_acc=5/6 (83.3%) | compared=6
L2M-DV   | pred='ynyynl' | pos_acc=6/6 (100.0%) | compared=6
Baseline | pred='ylnrry' | pos_acc=3/6 (50.0%) | compared=6
CoT      | pred='ylnrry' | pos_acc=3/6 (50.0%) | compared=6
L2M      | pred='ynmrny' | pos_acc=6/6 (100.0%) | compared=6
L2M-DV   | pred='ynmrny' | pos_acc=6/6 (100.0%) | compared=6
Baseline | pred='eennno' | pos_acc=3/6 (50.0%) | compared=6
CoT      | pred='eennno' | pos_acc=3/6 (50.0%) | compared=6
L2M      | pred='eynynn' | pos_acc=6/6 (100.0%) | compared=6
L2M-DV   | pred='eynynn' | pos_acc=6/6 (100.0%) | compared=6
Baseline | pred='yylnal' | pos_acc=2/6 (33.3%) | compared=6
CoT      | pred='yynlln' | pos_acc=3/6 (50.0%) | compared=6
L2M      | pred='yyylny' | pos_acc=6/6 (100.0%) | compared=6
L2M-DV   | pred='yyylny' | pos_acc=6/6 (100.0%) | compared=6
Baseline | pred='ngnlyg' | pos_acc=3/6 (50.0%) | compared=6
CoT      | pred='nglygg' | pos_acc=3/6 (50.0%) | compared=6
L2M      | pred='nynycg' | pos_acc=6/6 (100.0%) | compared=6
L2M-DV   | pred='nynycg' | pos_acc=6/6 (100.0%) | compared=6
Baseline | pred='nyrtyy' | pos_acc=3/6 (50.0%) | compared=6
CoT      | pred='nlyyty' | pos_acc=3/6 (50.0%) | compared=6
L2M      | pred='nynyny' | pos_acc=6/6 (100.0%) | compared=6
L2M-DV   | pred='nynyny' | pos_acc=6/6 (100.0%) | compared=6

[Batch Summary for n_words=6]
  Baseline  : 57.50%
  CoT       : 56.67%
  L2M       : 95.83%
  L2M-DV    : 97.50%

======================================================================
num_words = 7 | batch_size = 20
Baseline | pred='nonnnle' | pos_acc=5/7 (71.4%) | compared=7
CoT      | pred='nnntnon' | pos_acc=3/7 (42.9%) | compared=7
L2M      | pred='nynnnne' | pos_acc=7/7 (100.0%) | compared=7
L2M-DV   | pred='nynnnen' | pos_acc=5/7 (71.4%) | compared=7
Baseline | pred='yelnoon' | pos_acc=4/7 (57.1%) | compared=7
CoT      | pred='yelnaon' | pos_acc=4/7 (57.1%) | compared=7
L2M      | pred='yecnlnn' | pos_acc=7/7 (100.0%) | compared=7
L2M-DV   | pred='yecnlnn' | pos_acc=7/7 (100.0%) | compared=7
Baseline | pred='eytlynn' | pos_acc=5/7 (71.4%) | compared=7
CoT      | pred='eenlynn' | pos_acc=4/7 (57.1%) | compared=7
L2M      | pred='eymlyyn' | pos_acc=7/7 (100.0%) | compared=7
L2M-DV   | pred='eylyyn' | pos_acc=3/7 (42.9%) | compared=6 | len_mismatch(gold=7, pred=6)
Baseline | pred='nnrlnnn' | pos_acc=6/7 (85.7%) | compared=7
CoT      | pred='nnrllnn' | pos_acc=5/7 (71.4%) | compared=7
L2M      | pred='nsrlnnn' | pos_acc=7/7 (100.0%) | compared=7
L2M-DV   | pred='nsrlnnn' | pos_acc=7/7 (100.0%) | compared=7
Baseline | pred='nglynnn' | pos_acc=4/7 (57.1%) | compared=7
CoT      | pred='nglynnn' | pos_acc=4/7 (57.1%) | compared=7
L2M      | pred='ngylnln' | pos_acc=7/7 (100.0%) | compared=7
L2M-DV   | pred='ngylnln' | pos_acc=7/7 (100.0%) | compared=7
Baseline | pred='nnlynen' | pos_acc=5/7 (71.4%) | compared=7
CoT      | pred='nnntnnoz' | pos_acc=3/7 (42.9%) | compared=7 | len_mismatch(gold=7, pred=8)
L2M      | pred='nynynen' | pos_acc=7/7 (100.0%) | compared=7
L2M-DV   | pred='nynynen' | pos_acc=7/7 (100.0%) | compared=7
Baseline | pred='yllnnss' | pos_acc=5/7 (71.4%) | compared=7
CoT      | pred='yllnnss' | pos_acc=5/7 (71.4%) | compared=7
L2M      | pred='ylynnns' | pos_acc=7/7 (100.0%) | compared=7
L2M-DV   | pred='ylynnns' | pos_acc=7/7 (100.0%) | compared=7
Baseline | pred='ialnnnn' | pos_acc=4/7 (57.1%) | compared=7
CoT      | pred='lnnnnnn' | pos_acc=7/7 (100.0%) | compared=7
L2M      | pred='lnnnnnn' | pos_acc=7/7 (100.0%) | compared=7
L2M-DV   | pred='lnnnnnn' | pos_acc=7/7 (100.0%) | compared=7
Baseline | pred='nnllveyy' | pos_acc=4/7 (57.1%) | compared=7 | len_mismatch(gold=7, pred=8)
CoT      | pred='lmlrvey' | pos_acc=3/7 (42.9%) | compared=7
L2M      | pred='nmlleny' | pos_acc=7/7 (100.0%) | compared=7
L2M-DV   | pred='nmlleny' | pos_acc=7/7 (100.0%) | compared=7
Baseline | pred='lnnllyy' | pos_acc=5/7 (71.4%) | compared=7
CoT      | pred='lnnllyy' | pos_acc=5/7 (71.4%) | compared=7
L2M      | pred='lneelyy' | pos_acc=7/7 (100.0%) | compared=7
L2M-DV   | pred='lneelly' | pos_acc=6/7 (85.7%) | compared=7
Baseline | pred='lytngyr' | pos_acc=3/7 (42.9%) | compared=7
CoT      | pred='lyyngyr' | pos_acc=3/7 (42.9%) | compared=7
L2M      | pred='lyenyyy' | pos_acc=5/7 (71.4%) | compared=7
L2M-DV   | pred='lyeynyy' | pos_acc=7/7 (100.0%) | compared=7
Baseline | pred='nneneey' | pos_acc=4/7 (57.1%) | compared=7
CoT      | pred='nneneey' | pos_acc=4/7 (57.1%) | compared=7
L2M      | pred='nyennyy' | pos_acc=7/7 (100.0%) | compared=7
L2M-DV   | pred='nyennyy' | pos_acc=7/7 (100.0%) | compared=7
Baseline | pred='nnynlny' | pos_acc=4/7 (57.1%) | compared=7
CoT      | pred='nnynlcl' | pos_acc=3/7 (42.9%) | compared=7
L2M      | pred='nnytnly' | pos_acc=7/7 (100.0%) | compared=7
L2M-DV   | pred='nnytnly' | pos_acc=7/7 (100.0%) | compared=7
Baseline | pred='lnnlnnl' | pos_acc=2/7 (28.6%) | compared=7
CoT      | pred='lnnlnnl' | pos_acc=2/7 (28.6%) | compared=7
L2M      | pred='ynnllln' | pos_acc=6/7 (85.7%) | compared=7
L2M-DV   | pred='ynnnlln' | pos_acc=7/7 (100.0%) | compared=7
Baseline | pred='ylyynll' | pos_acc=4/7 (57.1%) | compared=7
CoT      | pred='ylyynll' | pos_acc=4/7 (57.1%) | compared=7
L2M      | pred='ynynyl' | pos_acc=1/7 (14.3%) | compared=6 | len_mismatch(gold=7, pred=6)
L2M-DV   | pred='yynnyyl' | pos_acc=5/7 (71.4%) | compared=7
Baseline | pred='yntlnss' | pos_acc=4/7 (57.1%) | compared=7
CoT      | pred='yntlnss' | pos_acc=4/7 (57.1%) | compared=7
L2M      | pred='ynnncss' | pos_acc=7/7 (100.0%) | compared=7
L2M-DV   | pred='ynncnss' | pos_acc=5/7 (71.4%) | compared=7
Baseline | pred='lssnnnn' | pos_acc=6/7 (85.7%) | compared=7
CoT      | pred='lssnnnn' | pos_acc=6/7 (85.7%) | compared=7
L2M      | pred='lsnnnnn' | pos_acc=7/7 (100.0%) | compared=7
L2M-DV   | pred='lsnnnnn' | pos_acc=7/7 (100.0%) | compared=7
Baseline | pred='ymsyyny' | pos_acc=6/7 (85.7%) | compared=7
CoT      | pred='ymsyngy' | pos_acc=4/7 (57.1%) | compared=7
L2M      | pred='ymyyyny' | pos_acc=7/7 (100.0%) | compared=7
L2M-DV   | pred='ymynyny' | pos_acc=6/7 (85.7%) | compared=7
Baseline | pred='yecnmry' | pos_acc=3/7 (42.9%) | compared=7
CoT      | pred='yecnmty' | pos_acc=3/7 (42.9%) | compared=7
L2M      | pred='yenmeny' | pos_acc=7/7 (100.0%) | compared=7
L2M-DV   | pred='yenmeny' | pos_acc=7/7 (100.0%) | compared=7
Baseline | pred='yyylyly' | pos_acc=4/7 (57.1%) | compared=7
CoT      | pred='yyylyly' | pos_acc=4/7 (57.1%) | compared=7
L2M      | pred='yyyyney' | pos_acc=7/7 (100.0%) | compared=7
L2M-DV   | pred='yyyneyy' | pos_acc=4/7 (57.1%) | compared=7

[Batch Summary for n_words=7]
  Baseline  : 62.14%
  CoT       : 57.14%
  L2M       : 93.57%
  L2M-DV    : 89.29%

======================================================================
num_words = 8 | batch_size = 20
Baseline | pred='lnmtylny' | pos_acc=5/8 (62.5%) | compared=8
CoT      | pred='lnmtylny' | pos_acc=5/8 (62.5%) | compared=8
L2M      | pred='ynmynlny' | pos_acc=8/8 (100.0%) | compared=8
L2M-DV   | pred='ynmynlny' | pos_acc=8/8 (100.0%) | compared=8
Baseline | pred='elynlcal' | pos_acc=4/8 (50.0%) | compared=8
CoT      | pred='lereynnl' | pos_acc=5/8 (62.5%) | compared=8
L2M      | pred='leynyycl' | pos_acc=6/8 (75.0%) | compared=8
L2M-DV   | pred='leyncynl' | pos_acc=6/8 (75.0%) | compared=8
Baseline | pred='lsslynel' | pos_acc=4/8 (50.0%) | compared=8
CoT      | pred='ysslynel' | pos_acc=5/8 (62.5%) | compared=8
L2M      | pred='ysyyenel' | pos_acc=8/8 (100.0%) | compared=8
L2M-DV   | pred='ysyyenel' | pos_acc=8/8 (100.0%) | compared=8
Baseline | pred='tytetnny' | pos_acc=5/8 (62.5%) | compared=8
CoT      | pred='tytetnns' | pos_acc=4/8 (50.0%) | compared=8
L2M      | pred='tyeeysny' | pos_acc=8/8 (100.0%) | compared=8
L2M-DV   | pred='tyeeysny' | pos_acc=8/8 (100.0%) | compared=8
Baseline | pred='nnnynnnn' | pos_acc=6/8 (75.0%) | compared=8
CoT      | pred='ngynnnnn' | pos_acc=5/8 (62.5%) | compared=8
L2M      | pred='nnyynnyn' | pos_acc=8/8 (100.0%) | compared=8
L2M-DV   | pred='nnyynynn' | pos_acc=6/8 (75.0%) | compared=8
Baseline | pred='ynoanvee' | pos_acc=3/8 (37.5%) | compared=8
CoT      | pred='ynoeneyy' | pos_acc=6/8 (75.0%) | compared=8
L2M      | pred='ynnnneyy' | pos_acc=8/8 (100.0%) | compared=8
L2M-DV   | pred='ynnnnyyy' | pos_acc=7/8 (87.5%) | compared=8
Baseline | pred='nnlaylne' | pos_acc=5/8 (62.5%) | compared=8
CoT      | pred='nnntllne' | pos_acc=7/8 (87.5%) | compared=8
L2M      | pred='nnnyllne' | pos_acc=8/8 (100.0%) | compared=8
L2M-DV   | pred='nnnyllne' | pos_acc=8/8 (100.0%) | compared=8
Baseline | pred='lgllylry' | pos_acc=2/8 (25.0%) | compared=8
CoT      | pred='llllylry' | pos_acc=3/8 (37.5%) | compared=8
L2M      | pred='nlnyyyly' | pos_acc=8/8 (100.0%) | compared=8
L2M-DV   | pred='nlnyyyly' | pos_acc=8/8 (100.0%) | compared=8
Baseline | pred='nnlymsel' | pos_acc=5/8 (62.5%) | compared=8
CoT      | pred='nnlymsle' | pos_acc=3/8 (37.5%) | compared=8
L2M      | pred='nnynmye' | pos_acc=7/8 (87.5%) | compared=7 | len_mismatch(gold=8, pred=7)
L2M-DV   | pred='nnynymel' | pos_acc=6/8 (75.0%) | compared=8
Baseline | pred='yevnnnnn' | pos_acc=6/8 (75.0%) | compared=8
CoT      | pred='yevnnnnn' | pos_acc=6/8 (75.0%) | compared=8
L2M      | pred='yennynnn' | pos_acc=8/8 (100.0%) | compared=8
L2M-DV   | pred='yennynnn' | pos_acc=8/8 (100.0%) | compared=8
Baseline | pred='nngmlncl' | pos_acc=4/8 (50.0%) | compared=8
CoT      | pred='nngmlncl' | pos_acc=4/8 (50.0%) | compared=8
L2M      | pred='nnymyynl' | pos_acc=8/8 (100.0%) | compared=8
L2M-DV   | pred='nnyymynl' | pos_acc=6/8 (75.0%) | compared=8
Baseline | pred='nynsynyn' | pos_acc=8/8 (100.0%) | compared=8
CoT      | pred='nnntyyyn' | pos_acc=5/8 (62.5%) | compared=8
L2M      | pred='nynsynyn' | pos_acc=8/8 (100.0%) | compared=8
L2M-DV   | pred='nynsynyn' | pos_acc=8/8 (100.0%) | compared=8
Baseline | pred='ngnnysyy' | pos_acc=4/8 (50.0%) | compared=8
CoT      | pred='ngnnysyy' | pos_acc=4/8 (50.0%) | compared=8
L2M      | pred='nynmeygy' | pos_acc=6/8 (75.0%) | compared=8
L2M-DV   | pred='nymyeggy' | pos_acc=4/8 (50.0%) | compared=8
Baseline | pred='esnglysl' | pos_acc=3/8 (37.5%) | compared=8
CoT      | pred='esnglysl' | pos_acc=3/8 (37.5%) | compared=8
L2M      | pred='eyngynls' | pos_acc=8/8 (100.0%) | compared=8
L2M-DV   | pred='eyngynyls' | pos_acc=6/8 (75.0%) | compared=8 | len_mismatch(gold=8, pred=9)
Baseline | pred='elgyyyny' | pos_acc=7/8 (87.5%) | compared=8
CoT      | pred='elgyyyny' | pos_acc=7/8 (87.5%) | compared=8
L2M      | pred='exgyyyny' | pos_acc=8/8 (100.0%) | compared=8
L2M-DV   | pred='exgyyyny' | pos_acc=8/8 (100.0%) | compared=8
Baseline | pred='yssllgno' | pos_acc=3/8 (37.5%) | compared=8
CoT      | pred='ysslrnle' | pos_acc=4/8 (50.0%) | compared=8
L2M      | pred='ysclryen' | pos_acc=8/8 (100.0%) | compared=8
L2M-DV   | pred='ysclryen' | pos_acc=8/8 (100.0%) | compared=8
Baseline | pred='ntelnoon' | pos_acc=3/8 (37.5%) | compared=8
CoT      | pred='tynlnnno' | pos_acc=4/8 (50.0%) | compared=8
L2M      | pred='tyennnyn' | pos_acc=8/8 (100.0%) | compared=8
L2M-DV   | pred='tyennnyn' | pos_acc=8/8 (100.0%) | compared=8
Baseline | pred='yntlnene' | pos_acc=3/8 (37.5%) | compared=8
CoT      | pred='yntlnnns' | pos_acc=4/8 (50.0%) | compared=8
L2M      | pred='ymnlennn' | pos_acc=8/8 (100.0%) | compared=8
L2M-DV   | pred='ymnlennn' | pos_acc=8/8 (100.0%) | compared=8
Baseline | pred='yntnllly' | pos_acc=5/8 (62.5%) | compared=8
CoT      | pred='yntnllly' | pos_acc=5/8 (62.5%) | compared=8
L2M      | pred='ynynleny' | pos_acc=8/8 (100.0%) | compared=8
L2M-DV   | pred='ynynleny' | pos_acc=8/8 (100.0%) | compared=8
Baseline | pred='eennnnny' | pos_acc=6/8 (75.0%) | compared=8
CoT      | pred='eynnnnry' | pos_acc=6/8 (75.0%) | compared=8
L2M      | pred='eynnlnny' | pos_acc=8/8 (100.0%) | compared=8
L2M-DV   | pred='eynnlnny' | pos_acc=8/8 (100.0%) | compared=8

[Batch Summary for n_words=8]
  Baseline  : 56.88%
  CoT       : 59.38%
  L2M       : 96.88%
  L2M-DV    : 90.62%

======================================================================
num_words = 9 | batch_size = 20
Baseline | pred='nyrnnleeei' | pos_acc=5/9 (55.6%) | compared=9 | len_mismatch(gold=9, pred=10)
CoT      | pred='ntynnleeei' | pos_acc=4/9 (44.4%) | compared=9 | len_mismatch(gold=9, pred=10)
L2M      | pred='nynnnepye' | pos_acc=8/9 (88.9%) | compared=9
L2M-DV   | pred='nynnnemye' | pos_acc=9/9 (100.0%) | compared=9
Baseline | pred='lccmnngte' | pos_acc=4/9 (44.4%) | compared=9
CoT      | pred='lccmsnlye' | pos_acc=4/9 (44.4%) | compared=9
L2M      | pred='rcymenyne' | pos_acc=8/9 (88.9%) | compared=9
L2M-DV   | pred='xcymenynne' | pos_acc=8/9 (88.9%) | compared=9 | len_mismatch(gold=9, pred=10)
Baseline | pred='elnysnnly' | pos_acc=7/9 (77.8%) | compared=9
CoT      | pred='elnnsmnly' | pos_acc=5/9 (55.6%) | compared=9
L2M      | pred='ennymnnly' | pos_acc=9/9 (100.0%) | compared=9
L2M-DV   | pred='ennymnnly' | pos_acc=9/9 (100.0%) | compared=9
Baseline | pred='nlynnynne' | pos_acc=4/9 (44.4%) | compared=9
CoT      | pred='nlynnynne' | pos_acc=4/9 (44.4%) | compared=9
L2M      | pred='nyynnneen' | pos_acc=7/9 (77.8%) | compared=9
L2M-DV   | pred='nyynynnen' | pos_acc=9/9 (100.0%) | compared=9
Baseline | pred='ylnynltnn' | pos_acc=2/9 (22.2%) | compared=9
CoT      | pred='ylnynltnn' | pos_acc=2/9 (22.2%) | compared=9
L2M      | pred='ynynynynl' | pos_acc=7/9 (77.8%) | compared=9
L2M-DV   | pred='ynynynlyn' | pos_acc=7/9 (77.8%) | compared=9
Baseline | pred='ednnmsymg' | pos_acc=4/9 (44.4%) | compared=9
CoT      | pred='ednnmsyytc' | pos_acc=5/9 (55.6%) | compared=9 | len_mismatch(gold=9, pred=10)
L2M      | pred='eenlmscyy' | pos_acc=8/9 (88.9%) | compared=9
L2M-DV   | pred='eenlsmmyy' | pos_acc=7/9 (77.8%) | compared=9
Baseline | pred='yeeeetnen' | pos_acc=4/9 (44.4%) | compared=9
CoT      | pred='yneleeeeen' | pos_acc=3/9 (33.3%) | compared=9 | len_mismatch(gold=9, pred=10)
L2M      | pred='yennenenn' | pos_acc=9/9 (100.0%) | compared=9
L2M-DV   | pred='yennenennn' | pos_acc=9/9 (100.0%) | compared=9 | len_mismatch(gold=9, pred=10)
Baseline | pred='nonyynltn' | pos_acc=6/9 (66.7%) | compared=9
CoT      | pred='nnntnntn' | pos_acc=3/9 (33.3%) | compared=8 | len_mismatch(gold=9, pred=8)
L2M      | pred='nmnynyltn' | pos_acc=9/9 (100.0%) | compared=9
L2M-DV   | pred='nmnyynltn' | pos_acc=7/9 (77.8%) | compared=9
Baseline | pred='ylnetnony' | pos_acc=5/9 (55.6%) | compared=9
CoT      | pred='ylnetnnyn' | pos_acc=4/9 (44.4%) | compared=9
L2M      | pred='ynlennnny' | pos_acc=9/9 (100.0%) | compared=9
L2M-DV   | pred='ynlennnny' | pos_acc=9/9 (100.0%) | compared=9
Baseline | pred='mnlnneonn' | pos_acc=5/9 (55.6%) | compared=9
CoT      | pred='nllnnynnnn' | pos_acc=6/9 (66.7%) | compared=9 | len_mismatch(gold=9, pred=10)
L2M      | pred='mllneyynn' | pos_acc=9/9 (100.0%) | compared=9
L2M-DV   | pred='mllneyynn' | pos_acc=9/9 (100.0%) | compared=9
Baseline | pred='ynelelnyy' | pos_acc=5/9 (55.6%) | compared=9
CoT      | pred='yneylntyy' | pos_acc=9/9 (100.0%) | compared=9
L2M      | pred='ynelyntty' | pos_acc=6/9 (66.7%) | compared=9
L2M-DV   | pred='yneylntyy' | pos_acc=9/9 (100.0%) | compared=9
Baseline | pred='elnnlyyyn' | pos_acc=4/9 (44.4%) | compared=9
CoT      | pred='elnnlyyyn' | pos_acc=4/9 (44.4%) | compared=9
L2M      | pred='ennyyynyy' | pos_acc=9/9 (100.0%) | compared=9
L2M-DV   | pred='ennyyynyy' | pos_acc=9/9 (100.0%) | compared=9
Baseline | pred='nmlnntsee' | pos_acc=4/9 (44.4%) | compared=9
CoT      | pred='nmlnnslee' | pos_acc=4/9 (44.4%) | compared=9
L2M      | pred='nmylnenle' | pos_acc=9/9 (100.0%) | compared=9
L2M-DV   | pred='nmylnenle' | pos_acc=9/9 (100.0%) | compared=9
Baseline | pred='nnntnnnry' | pos_acc=5/9 (55.6%) | compared=9
CoT      | pred='nnntnnnry' | pos_acc=5/9 (55.6%) | compared=9
L2M      | pred='nynnnlnny' | pos_acc=9/9 (100.0%) | compared=9
L2M-DV   | pred='nynnnlnny' | pos_acc=9/9 (100.0%) | compared=9
Baseline | pred='nonllnysy' | pos_acc=6/9 (66.7%) | compared=9
CoT      | pred='nnlnlltyy' | pos_acc=5/9 (55.6%) | compared=9
L2M      | pred='nnnnlnyny' | pos_acc=9/9 (100.0%) | compared=9
L2M-DV   | pred='nnnnlnnyy' | pos_acc=7/9 (77.8%) | compared=9
Baseline | pred='yelntnnny' | pos_acc=7/9 (77.8%) | compared=9
CoT      | pred='yelnoonyy' | pos_acc=5/9 (55.6%) | compared=9
L2M      | pred='yelnnnyny' | pos_acc=9/9 (100.0%) | compared=9
L2M-DV   | pred='yelnnnyny' | pos_acc=9/9 (100.0%) | compared=9
Baseline | pred='yynlntgyn' | pos_acc=7/9 (77.8%) | compared=9
CoT      | pred='yynllaynyz' | pos_acc=5/9 (55.6%) | compared=9 | len_mismatch(gold=9, pred=10)
L2M      | pred='ynlnyyynn' | pos_acc=4/9 (44.4%) | compared=9
L2M-DV   | pred='ynlynynyn' | pos_acc=5/9 (55.6%) | compared=9
Baseline | pred='neuraliza' | pos_acc=0/9 (0.0%) | compared=9
CoT      | pred='rllnlynalc' | pos_acc=2/9 (22.2%) | compared=9 | len_mismatch(gold=9, pred=10)
L2M      | pred='rlnlynnnc' | pos_acc=7/9 (77.8%) | compared=9
L2M-DV   | pred='rlnyynlnc' | pos_acc=9/9 (100.0%) | compared=9
Baseline | pred='nnxnnnntn' | pos_acc=5/9 (55.6%) | compared=9
CoT      | pred='nyrnnnntn' | pos_acc=5/9 (55.6%) | compared=9
L2M      | pred='nysnsnynn' | pos_acc=7/9 (77.8%) | compared=9
L2M-DV   | pred='nyxnsnyyn' | pos_acc=9/9 (100.0%) | compared=9
Baseline | pred='neseeyess' | pos_acc=4/9 (44.4%) | compared=9
CoT      | pred='neseeyesss' | pos_acc=4/9 (44.4%) | compared=9 | len_mismatch(gold=9, pred=10)
L2M      | pred='nemyeeys' | pos_acc=3/9 (33.3%) | compared=8 | len_mismatch(gold=9, pred=8)
L2M-DV   | pred='nenmeyeys' | pos_acc=7/9 (77.8%) | compared=9

[Batch Summary for n_words=9]
  Baseline  : 51.67%
  CoT       : 48.89%
  L2M       : 86.11%
  L2M-DV    : 91.67%

======================================================================
num_words = 10 | batch_size = 20
Baseline | pred='yllnnylgle' | pos_acc=4/10 (40.0%) | compared=10
CoT      | pred='yllnnylgle' | pos_acc=4/10 (40.0%) | compared=10
L2M      | pred='ylnyynnlym' | pos_acc=7/10 (70.0%) | compared=10
L2M-DV   | pred='ylnynnleym' | pos_acc=10/10 (100.0%) | compared=10
Baseline | pred='nlnnlnyyny' | pos_acc=6/10 (60.0%) | compared=10
CoT      | pred='nrnnllygcy' | pos_acc=5/10 (50.0%) | compared=10
L2M      | pred='nxnllryyyy' | pos_acc=7/10 (70.0%) | compared=10
L2M-DV   | pred='nxnnlyryyy' | pos_acc=10/10 (100.0%) | compared=10
Baseline | pred='yynnllnnnn' | pos_acc=9/10 (90.0%) | compared=10
CoT      | pred='yynnllnnnn' | pos_acc=9/10 (90.0%) | compared=10
L2M      | pred='ynnlsnnnnn' | pos_acc=6/10 (60.0%) | compared=10
L2M-DV   | pred='yynlsnnnnn' | pos_acc=7/10 (70.0%) | compared=10
Baseline | pred='edlyymnngy' | pos_acc=4/10 (40.0%) | compared=10
CoT      | pred='edlyynsgyy' | pos_acc=3/10 (30.0%) | compared=10
L2M      | pred='eyyylyynny' | pos_acc=6/10 (60.0%) | compared=10
L2M-DV   | pred='eyylyynmny' | pos_acc=10/10 (100.0%) | compared=10
Baseline | pred='nelnynlnnn' | pos_acc=6/10 (60.0%) | compared=10
CoT      | pred='nelnnnlnnm' | pos_acc=6/10 (60.0%) | compared=10
L2M      | pred='nennnynlmn' | pos_acc=8/10 (80.0%) | compared=10
L2M-DV   | pred='nennnynlmn' | pos_acc=8/10 (80.0%) | compared=10
Baseline | pred='ialnylygyy' | pos_acc=6/10 (60.0%) | compared=10
CoT      | pred='yntlnllygy' | pos_acc=5/10 (50.0%) | compared=10
L2M      | pred='ynynyllyyy' | pos_acc=9/10 (90.0%) | compared=10
L2M-DV   | pred='ynynlyyyyy' | pos_acc=8/10 (80.0%) | compared=10
Baseline | pred='elyyolnnyz' | pos_acc=6/10 (60.0%) | compared=10
CoT      | pred='elyylnnlym' | pos_acc=6/10 (60.0%) | compared=10
L2M      | pred='elylyelynyn' | pos_acc=4/10 (40.0%) | compared=10 | len_mismatch(gold=10, pred=11)
L2M-DV   | pred='elylyleynn' | pos_acc=4/10 (40.0%) | compared=10
Baseline | pred='mnntnnoomy' | pos_acc=3/10 (30.0%) | compared=10
CoT      | pred='mnntnnoomm' | pos_acc=4/10 (40.0%) | compared=10
L2M      | pred='myneynmyym' | pos_acc=10/10 (100.0%) | compared=10
L2M-DV   | pred='myneynymym' | pos_acc=8/10 (80.0%) | compared=10
Baseline | pred='yyrneeynyo' | pos_acc=5/10 (50.0%) | compared=10
CoT      | pred='yyyneeynnn' | pos_acc=6/10 (60.0%) | compared=10
L2M      | pred='ynnneyyysn' | pos_acc=9/10 (90.0%) | compared=10
L2M-DV   | pred='yynneyyysn' | pos_acc=10/10 (100.0%) | compared=10
Baseline | pred='ylnnnlyety' | pos_acc=3/10 (30.0%) | compared=10
CoT      | pred='ylnnnlyney' | pos_acc=5/10 (50.0%) | compared=10
L2M      | pred='ynmnyylney' | pos_acc=10/10 (100.0%) | compared=10
L2M-DV   | pred='ynmnyylney' | pos_acc=10/10 (100.0%) | compared=10
Baseline | pred='yelmmynity' | pos_acc=4/10 (40.0%) | compared=10
CoT      | pred='yelmmynity' | pos_acc=4/10 (40.0%) | compared=10
L2M      | pred='yeymymyyny' | pos_acc=10/10 (100.0%) | compared=10
L2M-DV   | pred='yeymymyyny' | pos_acc=10/10 (100.0%) | compared=10
Baseline | pred='myyynsyyye' | pos_acc=7/10 (70.0%) | compared=10
CoT      | pred='myytgnlnce' | pos_acc=5/10 (50.0%) | compared=10
L2M      | pred='myyyynsyye' | pos_acc=10/10 (100.0%) | compared=10
L2M-DV   | pred='myyyynsyye' | pos_acc=10/10 (100.0%) | compared=10
Baseline | pred='lyylnrlnll' | pos_acc=4/10 (40.0%) | compared=10
CoT      | pred='lyylnrlnsl' | pos_acc=4/10 (40.0%) | compared=10
L2M      | pred='nynlyrnlnl' | pos_acc=10/10 (100.0%) | compared=10
L2M-DV   | pred='nynlyrnlnl' | pos_acc=10/10 (100.0%) | compared=10
Baseline | pred='ynlltynnlx' | pos_acc=7/10 (70.0%) | compared=10
CoT      | pred='ylnnynynnx' | pos_acc=6/10 (60.0%) | compared=10
L2M      | pred='ynlnynnnnx' | pos_acc=9/10 (90.0%) | compared=10
L2M-DV   | pred='ynlnyyyxnx' | pos_acc=8/10 (80.0%) | compared=10
Baseline | pred='nnceylnylx' | pos_acc=5/10 (50.0%) | compared=10
CoT      | pred='nnceylnlrx' | pos_acc=6/10 (60.0%) | compared=10
L2M      | pred='nnemyynllx' | pos_acc=9/10 (90.0%) | compared=10
L2M-DV   | pred='nnemyynlyx' | pos_acc=10/10 (100.0%) | compared=10
Baseline | pred='yynelgnmly' | pos_acc=5/10 (50.0%) | compared=10
CoT      | pred='yyyelnygly' | pos_acc=8/10 (80.0%) | compared=10
L2M      | pred='yyyelnynmy' | pos_acc=10/10 (100.0%) | compared=10
L2M-DV   | pred='yyyelnynmy' | pos_acc=10/10 (100.0%) | compared=10
Baseline | pred='yyyllttcgy' | pos_acc=7/10 (70.0%) | compared=10
CoT      | pred='yyyllttcgy' | pos_acc=7/10 (70.0%) | compared=10
L2M      | pred='yyylctncyy' | pos_acc=10/10 (100.0%) | compared=10
L2M-DV   | pred='yyylctncyy' | pos_acc=10/10 (100.0%) | compared=10
Baseline | pred='ynoletynss' | pos_acc=5/10 (50.0%) | compared=10
CoT      | pred='ynoletnson' | pos_acc=3/10 (30.0%) | compared=10
L2M      | pred='ynylyymnys' | pos_acc=10/10 (100.0%) | compared=10
L2M-DV   | pred='ynlyymnys' | pos_acc=3/10 (30.0%) | compared=9 | len_mismatch(gold=10, pred=9)
Baseline | pred='yyyllmnncc' | pos_acc=7/10 (70.0%) | compared=10
CoT      | pred='yyyllmnncc' | pos_acc=7/10 (70.0%) | compared=10
L2M      | pred='yyyllynmyc' | pos_acc=10/10 (100.0%) | compared=10
L2M-DV   | pred='yyylllynmc' | pos_acc=6/10 (60.0%) | compared=10
Baseline | pred='nnllnnyvee' | pos_acc=5/10 (50.0%) | compared=10
CoT      | pred='nsseneeynn' | pos_acc=5/10 (50.0%) | compared=10
L2M      | pred='nslennyeyn' | pos_acc=10/10 (100.0%) | compared=10
L2M-DV   | pred='nslennyeen' | pos_acc=9/10 (90.0%) | compared=10

[Batch Summary for n_words=10]
  Baseline  : 54.00%
  CoT       : 54.00%
  L2M       : 87.00%
  L2M-DV    : 85.50%

======================================================================
num_words = 11 | batch_size = 20
Baseline | pred='lnnnnldcylr' | pos_acc=5/11 (45.5%) | compared=11
CoT      | pred='yntnnleecty' | pos_acc=7/11 (63.6%) | compared=11
L2M      | pred='ynnelneclly' | pos_acc=5/11 (45.5%) | compared=11
L2M-DV   | pred='ynnnelnecly' | pos_acc=11/11 (100.0%) | compared=11
Baseline | pred='nlyeeoynnn' | pos_acc=5/11 (45.5%) | compared=10 | len_mismatch(gold=11, pred=10)
CoT      | pred='nlyeeiyntn' | pos_acc=4/11 (36.4%) | compared=10 | len_mismatch(gold=11, pred=10)
L2M      | pred='nyreynyyynn' | pos_acc=10/11 (90.9%) | compared=11
L2M-DV   | pred='nyreynynnnn' | pos_acc=10/11 (90.9%) | compared=11
Baseline | pred='yssnnnooyy' | pos_acc=6/11 (54.5%) | compared=10 | len_mismatch(gold=11, pred=10)
CoT      | pred='yssnnnooyy' | pos_acc=6/11 (54.5%) | compared=10 | len_mismatch(gold=11, pred=10)
L2M      | pred='ysynnxlynyy' | pos_acc=6/11 (54.5%) | compared=11
L2M-DV   | pred='ysynnnylyny' | pos_acc=10/11 (90.9%) | compared=11
Baseline | pred='nnnsnnnsmnn' | pos_acc=6/11 (54.5%) | compared=11
CoT      | pred='nnntnnnnnns' | pos_acc=5/11 (45.5%) | compared=11
L2M      | pred='nynnnnynmyn' | pos_acc=11/11 (100.0%) | compared=11
L2M-DV   | pred='nynnnnynmyn' | pos_acc=11/11 (100.0%) | compared=11
Baseline | pred='nnmnnnynyyy' | pos_acc=10/11 (90.9%) | compared=11
CoT      | pred='nnmnnntyyly' | pos_acc=9/11 (81.8%) | compared=11
L2M      | pred='nnnnnnyyyyy' | pos_acc=10/11 (90.9%) | compared=11
L2M-DV   | pred='nnmnnnyyyyy' | pos_acc=11/11 (100.0%) | compared=11
Baseline | pred='nnntelnotn' | pos_acc=5/11 (45.5%) | compared=10 | len_mismatch(gold=11, pred=10)
CoT      | pred='nnntelntnn' | pos_acc=5/11 (45.5%) | compared=10 | len_mismatch(gold=11, pred=10)
L2M      | pred='nnneyytnnnn' | pos_acc=8/11 (72.7%) | compared=11
L2M-DV   | pred='nnnyeytnynn' | pos_acc=11/11 (100.0%) | compared=11
Baseline | pred='ylyytyeecln' | pos_acc=4/11 (36.4%) | compared=11
CoT      | pred='ylyylnnecss' | pos_acc=5/11 (45.5%) | compared=11
L2M      | pred='yyylenysynn' | pos_acc=6/11 (54.5%) | compared=11
L2M-DV   | pred='yyyylesyynn' | pos_acc=8/11 (72.7%) | compared=11
Baseline | pred='yyyynnnnmm' | pos_acc=7/11 (63.6%) | compared=10 | len_mismatch(gold=11, pred=10)
CoT      | pred='yyyynnnnmm' | pos_acc=7/11 (63.6%) | compared=10 | len_mismatch(gold=11, pred=10)
L2M      | pred='yyyynnynnym' | pos_acc=11/11 (100.0%) | compared=11
L2M-DV   | pred='yyyynnnnym' | pos_acc=7/11 (63.6%) | compared=10 | len_mismatch(gold=11, pred=10)
Baseline | pred='syynnnnnyin' | pos_acc=8/11 (72.7%) | compared=11
CoT      | pred='syynnnnnyin' | pos_acc=8/11 (72.7%) | compared=11
L2M      | pred='syynynyyyyn' | pos_acc=8/11 (72.7%) | compared=11
L2M-DV   | pred='synnnyyynyn' | pos_acc=8/11 (72.7%) | compared=11
Baseline | pred='yntyyednnon' | pos_acc=5/11 (45.5%) | compared=11
CoT      | pred='yntyyneonyl' | pos_acc=4/11 (36.4%) | compared=11
L2M      | pred='ynnyeynnyny' | pos_acc=10/11 (90.9%) | compared=11
L2M-DV   | pred='ynyneynnyny' | pos_acc=8/11 (72.7%) | compared=11
Baseline | pred='eennlylnly' | pos_acc=2/11 (18.2%) | compared=10 | len_mismatch(gold=11, pred=10)
CoT      | pred='etynlynlrly' | pos_acc=5/11 (45.5%) | compared=11
L2M      | pred='elynyyensry' | pos_acc=7/11 (63.6%) | compared=11
L2M-DV   | pred='elynyenrsry' | pos_acc=9/11 (81.8%) | compared=11
Baseline | pred='elnnlyyymey' | pos_acc=4/11 (36.4%) | compared=11
CoT      | pred='elnnlyyytse' | pos_acc=5/11 (45.5%) | compared=11
L2M      | pred='eyntyyymeye' | pos_acc=11/11 (100.0%) | compared=11
L2M-DV   | pred='eyntyyymeye' | pos_acc=11/11 (100.0%) | compared=11
Baseline | pred='nnntyyssnns' | pos_acc=7/11 (63.6%) | compared=11
CoT      | pred='nnntyyssnno' | pos_acc=7/11 (63.6%) | compared=11
L2M      | pred='nlnnyysynnn' | pos_acc=11/11 (100.0%) | compared=11
L2M-DV   | pred='nlnnyysynnn' | pos_acc=11/11 (100.0%) | compared=11
Baseline | pred='eereesnntle' | pos_acc=4/11 (36.4%) | compared=11
CoT      | pred='elnnntnnonl' | pos_acc=5/11 (45.5%) | compared=11
L2M      | pred='eenyneynnne' | pos_acc=11/11 (100.0%) | compared=11
L2M-DV   | pred='eenynenynne' | pos_acc=9/11 (81.8%) | compared=11
Baseline | pred='lnnynntnlyl' | pos_acc=8/11 (72.7%) | compared=11
CoT      | pred='lnyylnytnl' | pos_acc=7/11 (63.6%) | compared=10 | len_mismatch(gold=11, pred=10)
L2M      | pred='lnyynnynnyl' | pos_acc=11/11 (100.0%) | compared=11
L2M-DV   | pred='lnyynnynnyl' | pos_acc=11/11 (100.0%) | compared=11
Baseline | pred='nnssletynse' | pos_acc=5/11 (45.5%) | compared=11
CoT      | pred='nnnedyytyee' | pos_acc=7/11 (63.6%) | compared=11
L2M      | pred='nnsyeeyyyne' | pos_acc=9/11 (81.8%) | compared=11
L2M-DV   | pred='nnseeyyyyne' | pos_acc=11/11 (100.0%) | compared=11
Baseline | pred='nonnglnnnon' | pos_acc=2/11 (18.2%) | compared=11
CoT      | pred='nonnglnnnon' | pos_acc=2/11 (18.2%) | compared=11
L2M      | pred='nlsgynltmnn' | pos_acc=11/11 (100.0%) | compared=11
L2M-DV   | pred='nlsgynltmnn' | pos_acc=11/11 (100.0%) | compared=11
Baseline | pred='nnlnlnltynn' | pos_acc=5/11 (45.5%) | compared=11
CoT      | pred='nnlnlnlntn' | pos_acc=4/11 (36.4%) | compared=10 | len_mismatch(gold=11, pred=10)
L2M      | pred='nenlnnlynnn' | pos_acc=11/11 (100.0%) | compared=11
L2M-DV   | pred='nenlnnlnynn' | pos_acc=9/11 (81.8%) | compared=11
Baseline | pred='nnlylnoonnn' | pos_acc=5/11 (45.5%) | compared=11
CoT      | pred='nnlylnoontn' | pos_acc=4/11 (36.4%) | compared=11
L2M      | pred='nnylynnnynn' | pos_acc=11/11 (100.0%) | compared=11
L2M-DV   | pred='nnylynnnynn' | pos_acc=11/11 (100.0%) | compared=11
Baseline | pred='noeyemnyon' | pos_acc=5/11 (45.5%) | compared=10 | len_mismatch(gold=11, pred=10)
CoT      | pred='nyseloonrne' | pos_acc=3/11 (27.3%) | compared=11
L2M      | pred='nyyeemnynen' | pos_acc=11/11 (100.0%) | compared=11
L2M-DV   | pred='nyyeemnynen' | pos_acc=11/11 (100.0%) | compared=11

[Batch Summary for n_words=11]
  Baseline  : 49.09%
  CoT       : 49.55%
  L2M       : 85.91%
  L2M-DV    : 90.45%

======================================================================
num_words = 12 | batch_size = 20
Baseline | pred='etnnveyylny' | pos_acc=4/12 (33.3%) | compared=11 | len_mismatch(gold=12, pred=11)
CoT      | pred='ealnessyyny' | pos_acc=3/12 (25.0%) | compared=11 | len_mismatch(gold=12, pred=11)
L2M      | pred='elnseeyyelyn' | pos_acc=9/12 (75.0%) | compared=12
L2M-DV   | pred='elnsenyyelny' | pos_acc=12/12 (100.0%) | compared=12
Baseline | pred='nonnlnntnnn' | pos_acc=7/12 (58.3%) | compared=11 | len_mismatch(gold=12, pred=11)
CoT      | pred='nnntnnntnnn' | pos_acc=7/12 (58.3%) | compared=11 | len_mismatch(gold=12, pred=11)
L2M      | pred='nlnnynntynnn' | pos_acc=10/12 (83.3%) | compared=12
L2M-DV   | pred='nlnnnynynnnn' | pos_acc=10/12 (83.3%) | compared=12
Baseline | pred='ytyyynlntyy' | pos_acc=3/12 (25.0%) | compared=11 | len_mismatch(gold=12, pred=11)
CoT      | pred='yyyynnnnnnny' | pos_acc=6/12 (50.0%) | compared=12
L2M      | pred='yyenynemney' | pos_acc=8/12 (66.7%) | compared=11 | len_mismatch(gold=12, pred=11)
L2M-DV   | pred='yyeenymneyy' | pos_acc=6/12 (50.0%) | compared=11 | len_mismatch(gold=12, pred=11)
Baseline | pred='yllnlyyynnnn' | pos_acc=6/12 (50.0%) | compared=12
CoT      | pred='yllnynyyssnn' | pos_acc=5/12 (41.7%) | compared=12
L2M      | pred='ylynyscymsny' | pos_acc=9/12 (75.0%) | compared=12
L2M-DV   | pred='ylynyycsnnyy' | pos_acc=10/12 (83.3%) | compared=12
Baseline | pred='yyylnlnngne' | pos_acc=4/12 (33.3%) | compared=11 | len_mismatch(gold=12, pred=11)
CoT      | pred='yyyynllngne' | pos_acc=3/12 (25.0%) | compared=11 | len_mismatch(gold=12, pred=11)
L2M      | pred='yyynyyngyyne' | pos_acc=12/12 (100.0%) | compared=12
L2M-DV   | pred='yyynyyngyyne' | pos_acc=12/12 (100.0%) | compared=12
Baseline | pred='yxnnynyyynnn' | pos_acc=10/12 (83.3%) | compared=12
CoT      | pred='yxrtyyssnnnn' | pos_acc=5/12 (41.7%) | compared=12
L2M      | pred='yxnyynyyynnn' | pos_acc=11/12 (91.7%) | compared=12
L2M-DV   | pred='yxynsynyyyn' | pos_acc=6/12 (50.0%) | compared=11 | len_mismatch(gold=12, pred=11)
Baseline | pred='nlnltylgnysl' | pos_acc=4/12 (33.3%) | compared=12
CoT      | pred='nlnnynllnsss' | pos_acc=5/12 (41.7%) | compared=12
L2M      | pred='nnrnylnneeyy' | pos_acc=8/12 (66.7%) | compared=12
L2M-DV   | pred='nnrnylnenysy' | pos_acc=12/12 (100.0%) | compared=12
Baseline | pred='yntyynglnnnn' | pos_acc=7/12 (58.3%) | compared=12
CoT      | pred='yntyylnneon' | pos_acc=4/12 (33.3%) | compared=11 | len_mismatch(gold=12, pred=11)
L2M      | pred='yngynnneynsn' | pos_acc=7/12 (58.3%) | compared=12
L2M-DV   | pred='yngynneynsnn' | pos_acc=12/12 (100.0%) | compared=12
Baseline | pred='ennmnyetnnoa' | pos_acc=3/12 (25.0%) | compared=12
CoT      | pred='emnmnnynnnnn' | pos_acc=4/12 (33.3%) | compared=12
L2M      | pred='eymynytneynn' | pos_acc=9/12 (75.0%) | compared=12
L2M-DV   | pred='eymynyteynyn' | pos_acc=10/12 (83.3%) | compared=12
Baseline | pred='yntnngyytgyg' | pos_acc=7/12 (58.3%) | compared=12
CoT      | pred='yntnngyytgye' | pos_acc=8/12 (66.7%) | compared=12
L2M      | pred='ynennmyysnye' | pos_acc=12/12 (100.0%) | compared=12
L2M-DV   | pred='ynennmyysnye' | pos_acc=12/12 (100.0%) | compared=12
Baseline | pred='nysyllyltyy' | pos_acc=6/12 (50.0%) | compared=11 | len_mismatch(gold=12, pred=11)
CoT      | pred='nysylgldxytx' | pos_acc=5/12 (41.7%) | compared=12
L2M      | pred='nyllyyylxyny' | pos_acc=10/12 (83.3%) | compared=12
L2M-DV   | pred='nylyeeelyxny' | pos_acc=8/12 (66.7%) | compared=12
Baseline | pred='onlnlnymss' | pos_acc=1/12 (8.3%) | compared=10 | len_mismatch(gold=12, pred=10)
CoT      | pred='onlnltdylss' | pos_acc=1/12 (8.3%) | compared=11 | len_mismatch(gold=12, pred=11)
L2M      | pred='nenynneymyys' | pos_acc=11/12 (91.7%) | compared=12
L2M-DV   | pred='nenynnenyyns' | pos_acc=10/12 (83.3%) | compared=12
Baseline | pred='lyllyyltntn' | pos_acc=5/12 (41.7%) | compared=11 | len_mismatch(gold=12, pred=11)
CoT      | pred='lyllyyltntn' | pos_acc=5/12 (41.7%) | compared=11 | len_mismatch(gold=12, pred=11)
L2M      | pred='nyelyyynnnel' | pos_acc=11/12 (91.7%) | compared=12
L2M-DV   | pred='nyllyyyynnel' | pos_acc=11/12 (91.7%) | compared=12
Baseline | pred='yyylyelnenn' | pos_acc=6/12 (50.0%) | compared=11 | len_mismatch(gold=12, pred=11)
CoT      | pred='yyylyelntnn' | pos_acc=6/12 (50.0%) | compared=11 | len_mismatch(gold=12, pred=11)
L2M      | pred='yyeeyennnnnn' | pos_acc=10/12 (83.3%) | compared=12
L2M-DV   | pred='yyeeynynnnnn' | pos_acc=8/12 (66.7%) | compared=12
Baseline | pred='synglnltyym' | pos_acc=4/12 (33.3%) | compared=11 | len_mismatch(gold=12, pred=11)
CoT      | pred='sytnoalymyy' | pos_acc=4/12 (33.3%) | compared=11 | len_mismatch(gold=12, pred=11)
L2M      | pred='synnylnrymyy' | pos_acc=12/12 (100.0%) | compared=12
L2M-DV   | pred='synnylnrymyy' | pos_acc=12/12 (100.0%) | compared=12
Baseline | pred='ntyntnnnynnn' | pos_acc=8/12 (66.7%) | compared=12
CoT      | pred='ntytnnnyoynn' | pos_acc=6/12 (50.0%) | compared=12
L2M      | pred='nyytynrnynnn' | pos_acc=12/12 (100.0%) | compared=12
L2M-DV   | pred='nyytyyrnynnn' | pos_acc=11/12 (91.7%) | compared=12
Baseline | pred='nneneeyeeve' | pos_acc=5/12 (41.7%) | compared=11 | len_mismatch(gold=12, pred=11)
CoT      | pred='nneneeyeeve' | pos_acc=5/12 (41.7%) | compared=11 | len_mismatch(gold=12, pred=11)
L2M      | pred='nnennyereyye' | pos_acc=12/12 (100.0%) | compared=12
L2M-DV   | pred='nnenneyreyee' | pos_acc=9/12 (75.0%) | compared=12
Baseline | pred='elnmneeyytly' | pos_acc=6/12 (50.0%) | compared=12
CoT      | pred='elmnleeyylyt' | pos_acc=7/12 (58.3%) | compared=12
L2M      | pred='enmnneyyyyyy' | pos_acc=12/12 (100.0%) | compared=12
L2M-DV   | pred='enmnneyyyyyy' | pos_acc=12/12 (100.0%) | compared=12
Baseline | pred='nonylnlnein' | pos_acc=7/12 (58.3%) | compared=11 | len_mismatch(gold=12, pred=11)
CoT      | pred='nnntyyllnnsn' | pos_acc=6/12 (50.0%) | compared=12
L2M      | pred='nnnyynlyeynn' | pos_acc=12/12 (100.0%) | compared=12
L2M-DV   | pred='nnnyynlyeyn' | pos_acc=11/12 (91.7%) | compared=11 | len_mismatch(gold=12, pred=11)
Baseline | pred='ednnlylntnnn' | pos_acc=7/12 (58.3%) | compared=12
CoT      | pred='ednnlylrynnn' | pos_acc=6/12 (50.0%) | compared=12
L2M      | pred='ennyllytnnnn' | pos_acc=10/12 (83.3%) | compared=12
L2M-DV   | pred='ennyltynnnnn' | pos_acc=12/12 (100.0%) | compared=12

[Batch Summary for n_words=12]
  Baseline  : 45.83%
  CoT       : 42.08%
  L2M       : 86.25%
  L2M-DV    : 85.83%

======================================================================
num_words = 13 | batch_size = 20
Baseline | pred='ynegllytynnyy' | pos_acc=9/13 (69.2%) | compared=13
CoT      | pred='ynecllgnnlyy' | pos_acc=5/13 (38.5%) | compared=12 | len_mismatch(gold=13, pred=12)
L2M      | pred='ynmccnlyynnyy' | pos_acc=10/13 (76.9%) | compared=13
L2M-DV   | pred='ynmcnlyyynnyy' | pos_acc=13/13 (100.0%) | compared=13
Baseline | pred='ynoanllgntlyy' | pos_acc=6/13 (46.2%) | compared=13
CoT      | pred='ynoonllgntlyy' | pos_acc=6/13 (46.2%) | compared=13
L2M      | pred='ynennlleyneny' | pos_acc=10/13 (76.9%) | compared=13
L2M-DV   | pred='ynennlyeneyny' | pos_acc=11/13 (84.6%) | compared=13
Baseline | pred='neterleelal' | pos_acc=4/13 (30.8%) | compared=11 | len_mismatch(gold=13, pred=11)
CoT      | pred='neseeylctnll' | pos_acc=2/13 (15.4%) | compared=12 | len_mismatch(gold=13, pred=12)
L2M      | pred='neysyellsnl' | pos_acc=6/13 (46.2%) | compared=11 | len_mismatch(gold=13, pred=11)
L2M-DV   | pred='neysyeeyellnl' | pos_acc=9/13 (69.2%) | compared=13
Baseline | pred='ealmsnoenlton' | pos_acc=6/13 (46.2%) | compared=13
CoT      | pred='eledmsnlelynn' | pos_acc=7/13 (53.8%) | compared=13
L2M      | pred='elemmnyeneynn' | pos_acc=13/13 (100.0%) | compared=13
L2M-DV   | pred='elemmneynennn' | pos_acc=10/13 (76.9%) | compared=13
Baseline | pred='nnnnltyeeetnn' | pos_acc=7/13 (53.8%) | compared=13
CoT      | pred='nnntlltyneone' | pos_acc=5/13 (38.5%) | compared=13
L2M      | pred='nnnnlyeyelynyn' | pos_acc=10/13 (76.9%) | compared=13 | len_mismatch(gold=13, pred=14)
L2M-DV   | pred='nnnnlyeyelnyn' | pos_acc=13/13 (100.0%) | compared=13
Baseline | pred='ylyetllsytntnce' | pos_acc=3/13 (23.1%) | compared=13 | len_mismatch(gold=13, pred=15)
CoT      | pred='ylytylnssnce' | pos_acc=3/13 (23.1%) | compared=12 | len_mismatch(gold=13, pred=12)
L2M      | pred='yyeylllsyynye' | pos_acc=8/13 (61.5%) | compared=13
L2M-DV   | pred='yyelllsyynne' | pos_acc=9/13 (69.2%) | compared=12 | len_mismatch(gold=13, pred=12)
Baseline | pred='elnnssnlnvtyy' | pos_acc=3/13 (23.1%) | compared=13
CoT      | pred='yelssnnntnnyy' | pos_acc=8/13 (61.5%) | compared=13
L2M      | pred='yensnnnclnney' | pos_acc=13/13 (100.0%) | compared=13
L2M-DV   | pred='yensnnnclnney' | pos_acc=13/13 (100.0%) | compared=13
Baseline | pred='cndynogeylntj' | pos_acc=5/13 (38.5%) | compared=13
CoT      | pred='cndynoglltyl' | pos_acc=3/13 (23.1%) | compared=12 | len_mismatch(gold=13, pred=12)
L2M      | pred='cnynnyyeynynl' | pos_acc=10/13 (76.9%) | compared=13
L2M-DV   | pred='cnynnyyeynynl' | pos_acc=10/13 (76.9%) | compared=13
Baseline | pred='yveelntnltmnm' | pos_acc=3/13 (23.1%) | compared=13
CoT      | pred='yveelntnltmnm' | pos_acc=3/13 (23.1%) | compared=13
L2M      | pred='yyeemnnlcysmn' | pos_acc=11/13 (84.6%) | compared=13
L2M-DV   | pred='yyeeemnlcysmn' | pos_acc=13/13 (100.0%) | compared=13
Baseline | pred='nnnereltlnyiy' | pos_acc=6/13 (46.2%) | compared=13
CoT      | pred='nnnereltlnyy' | pos_acc=5/13 (38.5%) | compared=12 | len_mismatch(gold=13, pred=12)
L2M      | pred='nnyeyermcnley' | pos_acc=13/13 (100.0%) | compared=13
L2M-DV   | pred='nnyeyermcnley' | pos_acc=13/13 (100.0%) | compared=13
Baseline | pred='nnlnnnynnnntt' | pos_acc=9/13 (69.2%) | compared=13
CoT      | pred='nnlnnnnnnnnny' | pos_acc=8/13 (61.5%) | compared=13
L2M      | pred='nlnlnynnnnnty' | pos_acc=11/13 (84.6%) | compared=13
L2M-DV   | pred='nlnlnnynnnnty' | pos_acc=13/13 (100.0%) | compared=13
Baseline | pred='yyltynlyllyly' | pos_acc=4/13 (30.8%) | compared=13
CoT      | pred='yyltynynllyly' | pos_acc=5/13 (38.5%) | compared=13
L2M      | pred='yylynyyeynyly' | pos_acc=10/13 (76.9%) | compared=13
L2M-DV   | pred='yylnyyeyynyy' | pos_acc=6/13 (46.2%) | compared=12 | len_mismatch(gold=13, pred=12)
Baseline | pred='lglntyyrylnnl' | pos_acc=4/13 (30.8%) | compared=13
CoT      | pred='nllntyyynlnaa' | pos_acc=5/13 (38.5%) | compared=13
L2M      | pred='nlynyeynnynnl' | pos_acc=12/13 (92.3%) | compared=13
L2M-DV   | pred='nlynynynnyynl' | pos_acc=12/13 (92.3%) | compared=13
Baseline | pred='elnngmldnlyy' | pos_acc=6/13 (46.2%) | compared=12 | len_mismatch(gold=13, pred=12)
CoT      | pred='elnngmldnlyy' | pos_acc=6/13 (46.2%) | compared=12 | len_mismatch(gold=13, pred=12)
L2M      | pred='elnnymlnnyyny' | pos_acc=11/13 (84.6%) | compared=13
L2M-DV   | pred='elnnymlnnyyny' | pos_acc=11/13 (84.6%) | compared=13
Baseline | pred='yelelnyngn' | pos_acc=5/13 (38.5%) | compared=10 | len_mismatch(gold=13, pred=10)
CoT      | pred='yelntynoymnm' | pos_acc=5/13 (38.5%) | compared=12 | len_mismatch(gold=13, pred=12)
L2M      | pred='yelyeynynnymn' | pos_acc=9/13 (69.2%) | compared=13
L2M-DV   | pred='yelneyyynnmyn' | pos_acc=13/13 (100.0%) | compared=13
Baseline | pred='yrrygynelneese' | pos_acc=7/13 (53.8%) | compared=13 | len_mismatch(gold=13, pred=14)
CoT      | pred='yrryggelnyee' | pos_acc=6/13 (46.2%) | compared=12 | len_mismatch(gold=13, pred=12)
L2M      | pred='yrnyggeeyyneee' | pos_acc=10/13 (76.9%) | compared=13 | len_mismatch(gold=13, pred=14)
L2M-DV   | pred='yrnygyennnnee' | pos_acc=12/13 (92.3%) | compared=13
Baseline | pred='cnyytltynnnrrr' | pos_acc=7/13 (53.8%) | compared=13 | len_mismatch(gold=13, pred=14)
CoT      | pred='cnylyyynnnnrrr' | pos_acc=10/13 (76.9%) | compared=13 | len_mismatch(gold=13, pred=14)
L2M      | pred='cnyyyyynnnner' | pos_acc=12/13 (92.3%) | compared=13
L2M-DV   | pred='cnyyyyynnnner' | pos_acc=12/13 (92.3%) | compared=13
Baseline | pred='noynelzeyltn' | pos_acc=7/13 (53.8%) | compared=12 | len_mismatch(gold=13, pred=12)
CoT      | pred='onyylnnnoalll' | pos_acc=5/13 (38.5%) | compared=13
L2M      | pred='nyynennelynll' | pos_acc=11/13 (84.6%) | compared=13
L2M-DV   | pred='nyynneneylnll' | pos_acc=11/13 (84.6%) | compared=13
Baseline | pred='ynozntynlntn' | pos_acc=4/13 (30.8%) | compared=12 | len_mismatch(gold=13, pred=12)
CoT      | pred='ynozntnynlno' | pos_acc=5/13 (38.5%) | compared=12 | len_mismatch(gold=13, pred=12)
L2M      | pred='ynnsnlnyyyynn' | pos_acc=13/13 (100.0%) | compared=13
L2M-DV   | pred='ynnslnyyyyynn' | pos_acc=10/13 (76.9%) | compared=13
Baseline | pred='stnmynnnllyy' | pos_acc=4/13 (30.8%) | compared=12 | len_mismatch(gold=13, pred=12)
CoT      | pred='stmsyonnnntly' | pos_acc=6/13 (46.2%) | compared=13
L2M      | pred='smyynnssnnnmy' | pos_acc=7/13 (53.8%) | compared=13
L2M-DV   | pred='snmyynnsynlmy' | pos_acc=13/13 (100.0%) | compared=13

[Batch Summary for n_words=13]
  Baseline  : 41.92%
  CoT       : 41.54%
  L2M       : 80.77%
  L2M-DV    : 87.31%

======================================================================
num_words = 14 | batch_size = 20
Baseline | pred='yntylnoesglnl' | pos_acc=5/14 (35.7%) | compared=13 | len_mismatch(gold=14, pred=13)
CoT      | pred='yntylnoesglcal' | pos_acc=5/14 (35.7%) | compared=14
L2M      | pred='ynsyynnsynmngl' | pos_acc=14/14 (100.0%) | compared=14
L2M-DV   | pred='ynsyynnsyngnl' | pos_acc=11/14 (78.6%) | compared=13 | len_mismatch(gold=14, pred=13)
Baseline | pred='nnlnnnnnnnnnnn' | pos_acc=6/14 (42.9%) | compared=14
CoT      | pred='nyrtynnnntyycc' | pos_acc=8/14 (57.1%) | compared=14
L2M      | pred='nynynnnynyyeyc' | pos_acc=10/14 (71.4%) | compared=14
L2M-DV   | pred='nynynnnntnnyec' | pos_acc=11/14 (78.6%) | compared=14
Baseline | pred='ealelntyllyyy' | pos_acc=6/14 (42.9%) | compared=13 | len_mismatch(gold=14, pred=13)
CoT      | pred='ealelntyllyey' | pos_acc=5/14 (35.7%) | compared=13 | len_mismatch(gold=14, pred=13)
L2M      | pred='elyecnlnylyey' | pos_acc=11/14 (78.6%) | compared=13 | len_mismatch(gold=14, pred=13)
L2M-DV   | pred='elyecnlnylyey' | pos_acc=11/14 (78.6%) | compared=13 | len_mismatch(gold=14, pred=13)
Baseline | pred='nleeeeylnyeyyey' | pos_acc=9/14 (64.3%) | compared=14 | len_mismatch(gold=14, pred=15)
CoT      | pred='nleeeeylnyynyy' | pos_acc=8/14 (57.1%) | compared=14
L2M      | pred='neeeeynmnnyyyy' | pos_acc=12/14 (85.7%) | compared=14
L2M-DV   | pred='neeeeynmnyeeyy' | pos_acc=13/14 (92.9%) | compared=14
Baseline | pred='ylyyssyynnnnnn' | pos_acc=8/14 (57.1%) | compared=14
CoT      | pred='ylyytygyxnnnyn' | pos_acc=9/14 (64.3%) | compared=14
L2M      | pred='yylysyxyxnynyn' | pos_acc=13/14 (92.9%) | compared=14
L2M-DV   | pred='yyllsyyyxnyynn' | pos_acc=11/14 (78.6%) | compared=14
Baseline | pred='nnlnelalnntnon' | pos_acc=7/14 (50.0%) | compared=14
CoT      | pred='nnntneleynssnn' | pos_acc=8/14 (57.1%) | compared=14
L2M      | pred='nnnneeyynyyssn' | pos_acc=10/14 (71.4%) | compared=14
L2M-DV   | pred='nnnneelynysnnn' | pos_acc=14/14 (100.0%) | compared=14
Baseline | pred='nnlelneltylnsn' | pos_acc=7/14 (50.0%) | compared=14
CoT      | pred='nnlelnyeylntn' | pos_acc=4/14 (28.6%) | compared=13 | len_mismatch(gold=14, pred=13)
L2M      | pred='nnelneyllyesn' | pos_acc=10/14 (71.4%) | compared=13 | len_mismatch(gold=14, pred=13)
L2M-DV   | pred='nnelnelyyensn' | pos_acc=7/14 (50.0%) | compared=13 | len_mismatch(gold=14, pred=13)
Baseline | pred='nnynlyyngyynn' | pos_acc=6/14 (42.9%) | compared=13 | len_mismatch(gold=14, pred=13)
CoT      | pred='nlnyglynnymyyg' | pos_acc=4/14 (28.6%) | compared=14
L2M      | pred='nnygyynnnymynn' | pos_acc=10/14 (71.4%) | compared=14
L2M-DV   | pred='nnygyynnmnyyyn' | pos_acc=14/14 (100.0%) | compared=14
Baseline | pred='nnveonntnlnsm' | pos_acc=4/14 (28.6%) | compared=13 | len_mismatch(gold=14, pred=13)
CoT      | pred='nnveynnnnllnmm' | pos_acc=7/14 (50.0%) | compared=14
L2M      | pred='nnennnnynlllnm' | pos_acc=10/14 (71.4%) | compared=14
L2M-DV   | pred='nnyynnnyynllnm' | pos_acc=12/14 (85.7%) | compared=14
Baseline | pred='ylllyyynnnnnn' | pos_acc=7/14 (50.0%) | compared=13 | len_mismatch(gold=14, pred=13)
CoT      | pred='ylllyyynnnnnn' | pos_acc=7/14 (50.0%) | compared=13 | len_mismatch(gold=14, pred=13)
L2M      | pred='ylnyyyymyyennn' | pos_acc=14/14 (100.0%) | compared=14
L2M-DV   | pred='ylnyyyymyyennn' | pos_acc=14/14 (100.0%) | compared=14
Baseline | pred='nonlyyynnnnnnn' | pos_acc=10/14 (71.4%) | compared=14
CoT      | pred='nonlyyytntnnnn' | pos_acc=8/14 (57.1%) | compared=14
L2M      | pred='nnyeyyynnnnynn' | pos_acc=14/14 (100.0%) | compared=14
L2M-DV   | pred='nnyeyyyynnnynn' | pos_acc=13/14 (92.9%) | compared=14
Baseline | pred='ylyetnnssnneeo' | pos_acc=4/14 (28.6%) | compared=14
CoT      | pred='ylyetndnnyyonnn' | pos_acc=6/14 (42.9%) | compared=14 | len_mismatch(gold=14, pred=15)
L2M      | pred='yylesnsyeyynen' | pos_acc=14/14 (100.0%) | compared=14
L2M-DV   | pred='yylesnsyeyyen' | pos_acc=11/14 (78.6%) | compared=13 | len_mismatch(gold=14, pred=13)
Baseline | pred='nyveeennnnyeei' | pos_acc=6/14 (42.9%) | compared=14
CoT      | pred='nyrnlnnmmnnyee' | pos_acc=8/14 (57.1%) | compared=14
L2M      | pred='nyenltnmnnynye' | pos_acc=14/14 (100.0%) | compared=14
L2M-DV   | pred='nyenltnnnynye' | pos_acc=8/14 (57.1%) | compared=13 | len_mismatch(gold=14, pred=13)
Baseline | pred='nnynnnnnnnyyyy' | pos_acc=6/14 (42.9%) | compared=14
CoT      | pred='nnynnnnnnnnnnn' | pos_acc=7/14 (50.0%) | compared=14
L2M      | pred='nnyynemyyyynny' | pos_acc=8/14 (57.1%) | compared=14
L2M-DV   | pred='nnyynemyynrnyy' | pos_acc=6/14 (42.9%) | compared=14
Baseline | pred='enynlnelntnonn' | pos_acc=7/14 (50.0%) | compared=14
CoT      | pred='enynlnelntnnoz' | pos_acc=6/14 (42.9%) | compared=14
L2M      | pred='eyynnmennnnynn' | pos_acc=13/14 (92.9%) | compared=14
L2M-DV   | pred='eyynnmennnnynn' | pos_acc=13/14 (92.9%) | compared=14
Baseline | pred='yednynelgllcyy' | pos_acc=6/14 (42.9%) | compared=14
CoT      | pred='yednynesltygyy' | pos_acc=7/14 (50.0%) | compared=14
L2M      | pred='yeyneeenylscyy' | pos_acc=7/14 (50.0%) | compared=14
L2M-DV   | pred='yeynyenylscyyy' | pos_acc=14/14 (100.0%) | compared=14
Baseline | pred='lnnssyylntnlym' | pos_acc=7/14 (50.0%) | compared=14
CoT      | pred='lnnssylgntnysm' | pos_acc=7/14 (50.0%) | compared=14
L2M      | pred='lnnsyllynlllnm' | pos_acc=8/14 (57.1%) | compared=14
L2M-DV   | pred='lnnsyylnynlnym' | pos_acc=14/14 (100.0%) | compared=14
Baseline | pred='nymtnlxmnneny' | pos_acc=5/14 (35.7%) | compared=13 | len_mismatch(gold=14, pred=13)
CoT      | pred='nymtnlgnnnooy' | pos_acc=5/14 (35.7%) | compared=13 | len_mismatch(gold=14, pred=13)
L2M      | pred='nyyntnxmnylrnny' | pos_acc=4/14 (28.6%) | compared=14 | len_mismatch(gold=14, pred=15)
L2M-DV   | pred='nyytnxmnylrnny' | pos_acc=14/14 (100.0%) | compared=14
Baseline | pred='ylyytleltlvey' | pos_acc=5/14 (35.7%) | compared=13 | len_mismatch(gold=14, pred=13)
CoT      | pred='ylyytleltllyy' | pos_acc=6/14 (42.9%) | compared=13 | len_mismatch(gold=14, pred=13)
L2M      | pred='yyyynellyllyey' | pos_acc=11/14 (78.6%) | compared=14
L2M-DV   | pred='yyyynellyyyey' | pos_acc=8/14 (57.1%) | compared=13 | len_mismatch(gold=14, pred=13)
Baseline | pred='nlltynnlntnnn' | pos_acc=5/14 (35.7%) | compared=13 | len_mismatch(gold=14, pred=13)
CoT      | pred='nnllnlnnnyynnn' | pos_acc=6/14 (42.9%) | compared=14
L2M      | pred='nllnnylyyyllnn' | pos_acc=11/14 (78.6%) | compared=14
L2M-DV   | pred='nllnnyyyyslnnn' | pos_acc=8/14 (57.1%) | compared=14

[Batch Summary for n_words=14]
  Baseline  : 45.00%
  CoT       : 46.79%
  L2M       : 77.86%
  L2M-DV    : 81.07%

======================================================================
num_words = 15 | batch_size = 20
Baseline | pred='llltyeygynsycye' | pos_acc=8/15 (53.3%) | compared=15
CoT      | pred='llltyeygynynyey' | pos_acc=6/15 (40.0%) | compared=15
L2M      | pred='llmtyeenyymyyye' | pos_acc=11/15 (73.3%) | compared=15
L2M-DV   | pred='llmtyenymnlyyye' | pos_acc=13/15 (86.7%) | compared=15
Baseline | pred='nllnynynynynsns' | pos_acc=10/15 (66.7%) | compared=15
CoT      | pred='nnynyyynnnnssn' | pos_acc=6/15 (40.0%) | compared=14 | len_mismatch(gold=15, pred=14)
L2M      | pred='nlynynyyyynynssn' | pos_acc=11/15 (73.3%) | compared=15 | len_mismatch(gold=15, pred=16)
L2M-DV   | pred='nlynynyyyynynsn' | pos_acc=12/15 (80.0%) | compared=15
Baseline | pred='nlnyltylglelble' | pos_acc=2/15 (13.3%) | compared=15
CoT      | pred='nnlyctyeylblel' | pos_acc=6/15 (40.0%) | compared=14 | len_mismatch(gold=15, pred=14)
L2M      | pred='nnycyyyyeletell' | pos_acc=9/15 (60.0%) | compared=15
L2M-DV   | pred='nnycyyyyeleteyl' | pos_acc=10/15 (66.7%) | compared=15
Baseline | pred='elnnssytnltyyey' | pos_acc=4/15 (26.7%) | compared=15
CoT      | pred='elnnssytnltyyey' | pos_acc=4/15 (26.7%) | compared=15
L2M      | pred='eynssynyeexnlty' | pos_acc=11/15 (73.3%) | compared=15
L2M-DV   | pred='eynsynmyelexnlty' | pos_acc=10/15 (66.7%) | compared=15 | len_mismatch(gold=15, pred=16)
Baseline | pred='ynoaymnnlyntgcl' | pos_acc=5/15 (33.3%) | compared=15
CoT      | pred='yntlynnltynlycl' | pos_acc=5/15 (33.3%) | compared=15
L2M      | pred='ynrynynmnnnyyyl' | pos_acc=12/15 (80.0%) | compared=15
L2M-DV   | pred='ynrynmyynnnyyyl' | pos_acc=11/15 (73.3%) | compared=15
Baseline | pred='lyyonnnnnssyyt' | pos_acc=6/15 (40.0%) | compared=14 | len_mismatch(gold=15, pred=14)
CoT      | pred='lyyonnnnnnyyytm' | pos_acc=7/15 (46.7%) | compared=15
L2M      | pred='lymnnnnynyyymey' | pos_acc=14/15 (93.3%) | compared=15
L2M-DV   | pred='lymnnnnynysmeyy' | pos_acc=11/15 (73.3%) | compared=15
Baseline | pred='nnynrgylyyynynm' | pos_acc=6/15 (40.0%) | compared=15
CoT      | pred='nnynynynynynynyn' | pos_acc=9/15 (60.0%) | compared=15 | len_mismatch(gold=15, pred=16)
L2M      | pred='nnyynnynnyyyyny' | pos_acc=12/15 (80.0%) | compared=15
L2M-DV   | pred='nnyynynynnyynny' | pos_acc=13/15 (86.7%) | compared=15
Baseline | pred='nssyyllnntnssst' | pos_acc=6/15 (40.0%) | compared=15
CoT      | pred='nssyyllnntnlyss' | pos_acc=8/15 (53.3%) | compared=15
L2M      | pred='nsnysylyennyyns' | pos_acc=12/15 (80.0%) | compared=15
L2M-DV   | pred='nsnyyslyennynns' | pos_acc=13/15 (86.7%) | compared=15
Baseline | pred='nggnnntnntnlnnl' | pos_acc=5/15 (33.3%) | compared=15
CoT      | pred='nggnnmlnldnlllt' | pos_acc=4/15 (26.7%) | compared=15
L2M      | pred='ngsmnyeeennlyl' | pos_acc=4/15 (26.7%) | compared=14 | len_mismatch(gold=15, pred=14)
L2M-DV   | pred='ngsmnyeeynnyyll' | pos_acc=4/15 (26.7%) | compared=15
Baseline | pred='edmmynnntnlynnn' | pos_acc=7/15 (46.7%) | compared=15
CoT      | pred='edmmynngnnttyn' | pos_acc=5/15 (33.3%) | compared=14 | len_mismatch(gold=15, pred=14)
L2M      | pred='emmnynynynnnnyn' | pos_acc=11/15 (73.3%) | compared=15
L2M-DV   | pred='emmnynyyynnlnyn' | pos_acc=13/15 (86.7%) | compared=15
Baseline | pred='sygyntynemynity' | pos_acc=6/15 (40.0%) | compared=15
CoT      | pred='sygylyeymnncsty' | pos_acc=5/15 (33.3%) | compared=15
L2M      | pred='seyynyreemnyycy' | pos_acc=15/15 (100.0%) | compared=15
L2M-DV   | pred='syyynyreemnyycy' | pos_acc=14/15 (93.3%) | compared=15
Baseline | pred='elnllyltyyeygxy' | pos_acc=4/15 (26.7%) | compared=15
CoT      | pred='elnlnglyltygyrx' | pos_acc=4/15 (26.7%) | compared=15
L2M      | pred='eelnlyyyyyenyyx' | pos_acc=13/15 (86.7%) | compared=15
L2M-DV   | pred='elnlylyyyyenyx' | pos_acc=10/15 (66.7%) | compared=14 | len_mismatch(gold=15, pred=14)
Baseline | pred='nysyyelnygnyony' | pos_acc=5/15 (33.3%) | compared=15
CoT      | pred='nymytlntnynynnn' | pos_acc=7/15 (46.7%) | compared=15
L2M      | pred='nyeyeyyyynnyynn' | pos_acc=13/15 (86.7%) | compared=15
L2M-DV   | pred='nyeyeyyynnyyynn' | pos_acc=15/15 (100.0%) | compared=15
Baseline | pred='nylldlntlymnnn' | pos_acc=6/15 (40.0%) | compared=14 | len_mismatch(gold=15, pred=14)
CoT      | pred='lnnlllylnnntnnn' | pos_acc=6/15 (40.0%) | compared=15
L2M      | pred='ynylnynllyyymnn' | pos_acc=13/15 (86.7%) | compared=15
L2M-DV   | pred='ynylnylllyymnnn' | pos_acc=14/15 (93.3%) | compared=15
Baseline | pred='yynyyntnnnssyyr' | pos_acc=8/15 (53.3%) | compared=15
CoT      | pred='yynysnnnnnssnry' | pos_acc=9/15 (60.0%) | compared=15
L2M      | pred='yytynnnennsmnyy' | pos_acc=11/15 (73.3%) | compared=15
L2M-DV   | pred='yyyynnnnensnymy' | pos_acc=12/15 (80.0%) | compared=15
Baseline | pred='yelalnlnyyltye' | pos_acc=5/15 (33.3%) | compared=14 | len_mismatch(gold=15, pred=14)
CoT      | pred='yelelnnlyltyene' | pos_acc=6/15 (40.0%) | compared=15
L2M      | pred='yenllnenyyyylee' | pos_acc=12/15 (80.0%) | compared=15
L2M-DV   | pred='yenlnlenyyyyln' | pos_acc=14/15 (93.3%) | compared=14 | len_mismatch(gold=15, pred=14)
Baseline | pred='nlnnlntnlnnntnn' | pos_acc=6/15 (40.0%) | compared=15
CoT      | pred='nnnnnlnnlnnnnnn' | pos_acc=6/15 (40.0%) | compared=15
L2M      | pred='nnnnlnelymlllln' | pos_acc=8/15 (53.3%) | compared=15
L2M-DV   | pred='nnlnnelymllnyn' | pos_acc=9/15 (60.0%) | compared=14 | len_mismatch(gold=15, pred=14)
Baseline | pred='yntyylynnlnnonn' | pos_acc=8/15 (53.3%) | compared=15
CoT      | pred='yntyyynnnlnnynn' | pos_acc=10/15 (66.7%) | compared=15
L2M      | pred='yneyynnnlllnyn' | pos_acc=9/15 (60.0%) | compared=14 | len_mismatch(gold=15, pred=14)
L2M-DV   | pred='yneyyyynnnlleyn' | pos_acc=11/15 (73.3%) | compared=15
Baseline | pred='elenlnyeylntnssn' | pos_acc=9/15 (60.0%) | compared=15 | len_mismatch(gold=15, pred=16)
CoT      | pred='elenntnntnntnss' | pos_acc=6/15 (40.0%) | compared=15
L2M      | pred='elenlyyeelyeesn' | pos_acc=11/15 (73.3%) | compared=15
L2M-DV   | pred='elenlyyelylesn' | pos_acc=12/15 (80.0%) | compared=14 | len_mismatch(gold=15, pred=14)
Baseline | pred='cnenntlynnnnnnn' | pos_acc=10/15 (66.7%) | compared=15
CoT      | pred='cnenntlnnmnonnn' | pos_acc=9/15 (60.0%) | compared=15
L2M      | pred='cnennlyyyymnnyn' | pos_acc=11/15 (73.3%) | compared=15
L2M-DV   | pred='cnennlyyymnnynn' | pos_acc=15/15 (100.0%) | compared=15

[Batch Summary for n_words=15]
  Baseline  : 42.00%
  CoT       : 42.67%
  L2M       : 74.33%
  L2M-DV    : 78.67%
----------------------------------------------------------------------
Average position-wise accuracy (Macro / Micro) | Exact Match
Baseline : 56.26% / 50.54% | EM: 10.67%
CoT      : 55.77% / 50.00% | EM: 10.67%
L2M      : 90.52% / 86.29% | EM: 63.67%
L2M-DV   : 91.49% / 88.04% | EM: 66.33%
----------------------------------------------------------------------
Token Usage (Total) | Average Time (sec)
Baseline  : 110,001 tokens | 1.092s
CoT       : 117,394 tokens | 1.057s
L2M       : 200,358 tokens | 2.706s
L2M-DV    : 232,601 tokens | 3.341s

======================================================================
Position-wise Accuracy by Number of Words (%)
======================================================================
 n_words |   Baseline |        CoT |        L2M |     L2M-DV
----------------------------------------------------------------------
       1 |     100.00 |     100.00 |     100.00 |     100.00
       2 |      60.00 |      65.00 |     100.00 |     100.00
       3 |      58.33 |      56.67 |     100.00 |     100.00
       4 |      62.50 |      61.25 |      96.25 |      97.50
       5 |      57.00 |      55.00 |      97.00 |      97.00
       6 |      57.50 |      56.67 |      95.83 |      97.50
       7 |      62.14 |      57.14 |      93.57 |      89.29
       8 |      56.88 |      59.38 |      96.88 |      90.62
       9 |      51.67 |      48.89 |      86.11 |      91.67
      10 |      54.00 |      54.00 |      87.00 |      85.50
      11 |      49.09 |      49.55 |      85.91 |      90.45
      12 |      45.83 |      42.08 |      86.25 |      85.83
      13 |      41.92 |      41.54 |      80.77 |      87.31
      14 |      45.00 |      46.79 |      77.86 |      81.07
      15 |      42.00 |      42.67 |      74.33 |      78.67
----------------------------------------------------------------------
   Micro |      50.54 |      50.00 |      86.29 |      88.04
   Macro |      56.26 |      55.77 |      90.52 |      91.49
      EM |      10.67 |      10.67 |      63.67 |      66.33
----------------------------------------------------------------------
Tokens   |    110,001 |    117,394 |    200,358 |    232,601
Time(s)  |      1.092 |      1.057 |      2.706 |      3.341
======================================================================

 : experiments/20251216_145318/accuracy_comparison.png
