num_words = 1 | batch_size = 5

Baseline | pred='s' | pos_acc=1/1 (100.0%) | compared=1
CoT      | pred='s' | pos_acc=1/1 (100.0%) | compared=1
L2M      | pred='s' | pos_acc=1/1 (100.0%) | compared=1
L2M-DV   | pred='s' | pos_acc=1/1 (100.0%) | compared=1
Baseline | pred='y' | pos_acc=1/1 (100.0%) | compared=1
CoT      | pred='y' | pos_acc=1/1 (100.0%) | compared=1
L2M      | pred='y' | pos_acc=1/1 (100.0%) | compared=1
L2M-DV   | pred='y' | pos_acc=1/1 (100.0%) | compared=1
Baseline | pred='l' | pos_acc=1/1 (100.0%) | compared=1
CoT      | pred='l' | pos_acc=1/1 (100.0%) | compared=1
L2M      | pred='l' | pos_acc=1/1 (100.0%) | compared=1
L2M-DV   | pred='l' | pos_acc=1/1 (100.0%) | compared=1
Baseline | pred='l' | pos_acc=1/1 (100.0%) | compared=1
CoT      | pred='l' | pos_acc=1/1 (100.0%) | compared=1
L2M      | pred='l' | pos_acc=1/1 (100.0%) | compared=1
L2M-DV   | pred='t' | pos_acc=0/1 (0.0%) | compared=1
Baseline | pred='y' | pos_acc=1/1 (100.0%) | compared=1
CoT      | pred='y' | pos_acc=1/1 (100.0%) | compared=1
L2M      | pred='y' | pos_acc=1/1 (100.0%) | compared=1
L2M-DV   | pred='y' | pos_acc=1/1 (100.0%) | compared=1

[Batch Summary for n_words=1]
  Baseline  : 100.00%
  CoT       : 100.00%
  L2M       : 100.00%
  L2M-DV    : 80.00%
Processing by n_words:   7%|██▏                             | 1/15 [00:06<01:34,  6.75s/it]
======================================================================
num_words = 2 | batch_size = 5
Baseline | pred='nn' | pos_acc=2/2 (100.0%) | compared=2
CoT      | pred='nn' | pos_acc=2/2 (100.0%) | compared=2
L2M      | pred='nn' | pos_acc=2/2 (100.0%) | compared=2
L2M-DV   | pred='on' | pos_acc=1/2 (50.0%) | compared=2
Baseline | pred='yt' | pos_acc=2/2 (100.0%) | compared=2
CoT      | pred='yt' | pos_acc=2/2 (100.0%) | compared=2
L2M      | pred='yt' | pos_acc=2/2 (100.0%) | compared=2
L2M-DV   | pred='yt' | pos_acc=2/2 (100.0%) | compared=2
Baseline | pred='my' | pos_acc=2/2 (100.0%) | compared=2
CoT      | pred='my' | pos_acc=2/2 (100.0%) | compared=2
L2M      | pred='my' | pos_acc=2/2 (100.0%) | compared=2
L2M-DV   | pred='cy' | pos_acc=1/2 (50.0%) | compared=2
Baseline | pred='my' | pos_acc=2/2 (100.0%) | compared=2
CoT      | pred='my' | pos_acc=2/2 (100.0%) | compared=2
L2M      | pred='my' | pos_acc=2/2 (100.0%) | compared=2
L2M-DV   | pred='sm' | pos_acc=0/2 (0.0%) | compared=2
Baseline | pred='yn' | pos_acc=2/2 (100.0%) | compared=2
CoT      | pred='yn' | pos_acc=2/2 (100.0%) | compared=2
L2M      | pred='yn' | pos_acc=2/2 (100.0%) | compared=2
L2M-DV   | pred='gy' | pos_acc=0/2 (0.0%) | compared=2

[Batch Summary for n_words=2]
  Baseline  : 100.00%
  CoT       : 100.00%
  L2M       : 100.00%
  L2M-DV    : 40.00%
Processing by n_words:  13%|████▎                           | 2/15 [00:15<01:39,  7.66s/it]
======================================================================
num_words = 3 | batch_size = 5
Baseline | pred='yne' | pos_acc=3/3 (100.0%) | compared=3
CoT      | pred='yne' | pos_acc=3/3 (100.0%) | compared=3
L2M      | pred='yne' | pos_acc=3/3 (100.0%) | compared=3
L2M-DV   | pred='cne' | pos_acc=2/3 (66.7%) | compared=3
Baseline | pred='snn' | pos_acc=3/3 (100.0%) | compared=3
CoT      | pred='snn' | pos_acc=3/3 (100.0%) | compared=3
L2M      | pred='snn' | pos_acc=3/3 (100.0%) | compared=3
L2M-DV   | pred='edn' | pos_acc=1/3 (33.3%) | compared=3
Baseline | pred='nnn' | pos_acc=3/3 (100.0%) | compared=3
CoT      | pred='nnn' | pos_acc=3/3 (100.0%) | compared=3
L2M      | pred='nnn' | pos_acc=3/3 (100.0%) | compared=3
L2M-DV   | pred='nnn' | pos_acc=3/3 (100.0%) | compared=3
Baseline | pred='yen' | pos_acc=3/3 (100.0%) | compared=3
CoT      | pred='yen' | pos_acc=3/3 (100.0%) | compared=3
L2M      | pred='yen' | pos_acc=3/3 (100.0%) | compared=3
L2M-DV   | pred='yen' | pos_acc=3/3 (100.0%) | compared=3
Baseline | pred='yyt' | pos_acc=3/3 (100.0%) | compared=3
CoT      | pred='yyt' | pos_acc=3/3 (100.0%) | compared=3
L2M      | pred='yyt' | pos_acc=3/3 (100.0%) | compared=3
L2M-DV   | pred='eyt' | pos_acc=2/3 (66.7%) | compared=3

[Batch Summary for n_words=3]
  Baseline  : 100.00%
  CoT       : 100.00%
  L2M       : 100.00%
  L2M-DV    : 73.33%
Processing by n_words:  20%|██████▍                         | 3/15 [00:24<01:41,  8.47s/it]
======================================================================
num_words = 4 | batch_size = 5
Baseline | pred='ymrn' | pos_acc=4/4 (100.0%) | compared=4
CoT      | pred='ymrn' | pos_acc=4/4 (100.0%) | compared=4
L2M      | pred='ymrn' | pos_acc=4/4 (100.0%) | compared=4
L2M-DV   | pred='yyy' | pos_acc=1/4 (25.0%) | compared=3 | len_mismatch(gold=4, pred=3)
Baseline | pred='myny' | pos_acc=4/4 (100.0%) | compared=4
CoT      | pred='myny' | pos_acc=4/4 (100.0%) | compared=4
L2M      | pred='myny' | pos_acc=4/4 (100.0%) | compared=4
L2M-DV   | pred='ryyn' | pos_acc=1/4 (25.0%) | compared=4
Baseline | pred='yyye' | pos_acc=4/4 (100.0%) | compared=4
CoT      | pred='yyye' | pos_acc=4/4 (100.0%) | compared=4
L2M      | pred='ybye' | pos_acc=3/4 (75.0%) | compared=4
L2M-DV   | pred='nlye' | pos_acc=2/4 (50.0%) | compared=4
Baseline | pred='yygn' | pos_acc=4/4 (100.0%) | compared=4
CoT      | pred='yygn' | pos_acc=4/4 (100.0%) | compared=4
L2M      | pred='yygn' | pos_acc=4/4 (100.0%) | compared=4
L2M-DV   | pred='ntgn' | pos_acc=2/4 (50.0%) | compared=4
Baseline | pred='ryee' | pos_acc=4/4 (100.0%) | compared=4
CoT      | pred='ryee' | pos_acc=4/4 (100.0%) | compared=4
L2M      | pred='ryee' | pos_acc=4/4 (100.0%) | compared=4
L2M-DV   | pred='tyee' | pos_acc=3/4 (75.0%) | compared=4

[Batch Summary for n_words=4]
  Baseline  : 100.00%
  CoT       : 100.00%
  L2M       : 95.00%
  L2M-DV    : 45.00%
Processing by n_words:  27%|████████▌                       | 4/15 [00:37<01:51, 10.09s/it]
======================================================================
num_words = 5 | batch_size = 5
Baseline | pred='yxyen' | pos_acc=5/5 (100.0%) | compared=5
CoT      | pred='yxyen' | pos_acc=5/5 (100.0%) | compared=5
L2M      | pred='yxeyn' | pos_acc=3/5 (60.0%) | compared=5
L2M-DV   | pred='gxyen' | pos_acc=4/5 (80.0%) | compared=5
Baseline | pred='ynync' | pos_acc=5/5 (100.0%) | compared=5
CoT      | pred='ynync' | pos_acc=5/5 (100.0%) | compared=5
L2M      | pred='ynync' | pos_acc=5/5 (100.0%) | compared=5
L2M-DV   | pred='enync' | pos_acc=4/5 (80.0%) | compared=5
Baseline | pred='ynnsl' | pos_acc=5/5 (100.0%) | compared=5
CoT      | pred='cnnsn' | pos_acc=3/5 (60.0%) | compared=5
L2M      | pred='cnnsn' | pos_acc=3/5 (60.0%) | compared=5
L2M-DV   | pred='nnssl' | pos_acc=3/5 (60.0%) | compared=5
Baseline | pred='nnyyy' | pos_acc=5/5 (100.0%) | compared=5
CoT      | pred='nnyyy' | pos_acc=5/5 (100.0%) | compared=5
L2M      | pred='nnyyy' | pos_acc=5/5 (100.0%) | compared=5
L2M-DV   | pred='znyyy' | pos_acc=4/5 (80.0%) | compared=5
Baseline | pred='yyyyy' | pos_acc=4/5 (80.0%) | compared=5
CoT      | pred='yyymy' | pos_acc=5/5 (100.0%) | compared=5
L2M      | pred='yyyyy' | pos_acc=4/5 (80.0%) | compared=5
L2M-DV   | pred='ryy' | pos_acc=2/5 (40.0%) | compared=3 | len_mismatch(gold=5, pred=3)

[Batch Summary for n_words=5]
  Baseline  : 96.00%
  CoT       : 92.00%
  L2M       : 80.00%
  L2M-DV    : 68.00%
Processing by n_words:  33%|██████████▋                     | 5/15 [00:50<01:52, 11.21s/it]
======================================================================
num_words = 6 | batch_size = 5
Baseline | pred='enymyl' | pos_acc=6/6 (100.0%) | compared=6
CoT      | pred='enymyl' | pos_acc=6/6 (100.0%) | compared=6
L2M      | pred='enyryl' | pos_acc=5/6 (83.3%) | compared=6
L2M-DV   | pred='rnymyl' | pos_acc=5/6 (83.3%) | compared=6
Baseline | pred='nyeeyl' | pos_acc=5/6 (83.3%) | compared=6
CoT      | pred='nyeeyl' | pos_acc=5/6 (83.3%) | compared=6
L2M      | pred='nyeeyl' | pos_acc=5/6 (83.3%) | compared=6
L2M-DV   | pred='tyeyyl' | pos_acc=5/6 (83.3%) | compared=6
Baseline | pred='ymnnyy' | pos_acc=6/6 (100.0%) | compared=6
CoT      | pred='ymnnyy' | pos_acc=6/6 (100.0%) | compared=6
L2M      | pred='ymnnyy' | pos_acc=6/6 (100.0%) | compared=6
L2M-DV   | pred='yynnyy' | pos_acc=5/6 (83.3%) | compared=6
Baseline | pred='ynlmyy' | pos_acc=6/6 (100.0%) | compared=6
CoT      | pred='ynlmyy' | pos_acc=6/6 (100.0%) | compared=6
L2M      | pred='ynlmy' | pos_acc=5/6 (83.3%) | compared=5 | len_mismatch(gold=6, pred=5)
L2M-DV   | pred='yn' | pos_acc=2/6 (33.3%) | compared=2 | len_mismatch(gold=6, pred=2)
Baseline | pred='nnneyy' | pos_acc=6/6 (100.0%) | compared=6
CoT      | pred='nnneyy' | pos_acc=6/6 (100.0%) | compared=6
L2M      | pred='rnneryy' | pos_acc=4/6 (66.7%) | compared=6 | len_mismatch(gold=6, pred=7)
L2M-DV   | pred='eeeeee' | pos_acc=1/6 (16.7%) | compared=6

[Batch Summary for n_words=6]
  Baseline  : 96.67%
  CoT       : 96.67%
  L2M       : 83.33%
  L2M-DV    : 60.00%
Processing by n_words:  40%|████████████▊                   | 6/15 [01:04<01:50, 12.33s/it]
======================================================================
num_words = 7 | batch_size = 5
Baseline | pred='nsmynyy' | pos_acc=6/7 (85.7%) | compared=7
CoT      | pred='nemynyy' | pos_acc=5/7 (71.4%) | compared=7
L2M      | pred='nsmynyy' | pos_acc=6/7 (85.7%) | compared=7
L2M-DV   | pred='nsmnnyy' | pos_acc=5/7 (71.4%) | compared=7
Baseline | pred='yyyynny' | pos_acc=6/7 (85.7%) | compared=7
CoT      | pred='yyyynny' | pos_acc=6/7 (85.7%) | compared=7
L2M      | pred='yyynnny' | pos_acc=7/7 (100.0%) | compared=7
L2M-DV   | pred='iyyyyyn' | pos_acc=2/7 (28.6%) | compared=7
Baseline | pred='mnnnyln' | pos_acc=7/7 (100.0%) | compared=7
CoT      | pred='mnnnyln' | pos_acc=7/7 (100.0%) | compared=7
L2M      | pred='mnnnyln' | pos_acc=7/7 (100.0%) | compared=7
L2M-DV   | pred='ssnonyn' | pos_acc=2/7 (28.6%) | compared=7
Baseline | pred='nynysyl' | pos_acc=7/7 (100.0%) | compared=7
CoT      | pred='nynysyl' | pos_acc=7/7 (100.0%) | compared=7
L2M      | pred='nynysyl' | pos_acc=7/7 (100.0%) | compared=7
L2M-DV   | pred='eynysyl' | pos_acc=6/7 (85.7%) | compared=7
Baseline | pred='nyyynyy' | pos_acc=7/7 (100.0%) | compared=7
CoT      | pred='nyyyyny' | pos_acc=5/7 (71.4%) | compared=7
L2M      | pred='nyynyyy' | pos_acc=5/7 (71.4%) | compared=7
L2M-DV   | pred='ztyynyy' | pos_acc=5/7 (71.4%) | compared=7

[Batch Summary for n_words=7]
  Baseline  : 94.29%
  CoT       : 85.71%
  L2M       : 91.43%
  L2M-DV    : 57.14%
Processing by n_words:  47%|██████████████▉                 | 7/15 [01:19<01:45, 13.13s/it]
======================================================================
num_words = 8 | batch_size = 5
Baseline | pred='yennnscn' | pos_acc=8/8 (100.0%) | compared=8
CoT      | pred='yennnscn' | pos_acc=8/8 (100.0%) | compared=8
L2M      | pred='yennsccn' | pos_acc=6/8 (75.0%) | compared=8
L2M-DV   | pred='yennnscn' | pos_acc=8/8 (100.0%) | compared=8
Baseline | pred='nmsnyyey' | pos_acc=8/8 (100.0%) | compared=8
CoT      | pred='nmsnyyey' | pos_acc=8/8 (100.0%) | compared=8
L2M      | pred='nmsnyey' | pos_acc=5/8 (62.5%) | compared=7 | len_mismatch(gold=8, pred=7)
L2M-DV   | pred='emsnyeyy' | pos_acc=5/8 (62.5%) | compared=8
Baseline | pred='nynenely' | pos_acc=8/8 (100.0%) | compared=8
CoT      | pred='nynenely' | pos_acc=8/8 (100.0%) | compared=8
L2M      | pred='nynneely' | pos_acc=6/8 (75.0%) | compared=8
L2M-DV   | pred='nynenely' | pos_acc=8/8 (100.0%) | compared=8
Baseline | pred='eyyyyyyn' | pos_acc=5/8 (62.5%) | compared=8
CoT      | pred='eyyyynny' | pos_acc=8/8 (100.0%) | compared=8
L2M      | pred='eyynnnny' | pos_acc=6/8 (75.0%) | compared=8
L2M-DV   | pred='eyyyyynn' | pos_acc=6/8 (75.0%) | compared=8
Baseline | pred='ynmynele' | pos_acc=8/8 (100.0%) | compared=8
CoT      | pred='ynmynle' | pos_acc=5/8 (62.5%) | compared=7 | len_mismatch(gold=8, pred=7)
L2M      | pred='ynmynele' | pos_acc=8/8 (100.0%) | compared=8
L2M-DV   | pred='ynmynle' | pos_acc=5/8 (62.5%) | compared=7 | len_mismatch(gold=8, pred=7)

[Batch Summary for n_words=8]
  Baseline  : 92.50%
  CoT       : 92.50%
  L2M       : 77.50%
  L2M-DV    : 80.00%
Processing by n_words:  53%|█████████████████               | 8/15 [02:29<03:39, 31.30s/it]
======================================================================
num_words = 9 | batch_size = 5
Baseline | pred='nyynlnnn' | pos_acc=5/9 (55.6%) | compared=8 | len_mismatch(gold=9, pred=8)
CoT      | pred='nyyylnnnn' | pos_acc=7/9 (77.8%) | compared=9
L2M      | pred='nyynlnnn' | pos_acc=5/9 (55.6%) | compared=8 | len_mismatch(gold=9, pred=8)
L2M-DV   | pred='nnnnnnnnn' | pos_acc=5/9 (55.6%) | compared=9
Baseline | pred='nnnnnxy' | pos_acc=6/9 (66.7%) | compared=7 | len_mismatch(gold=9, pred=7)
CoT      | pred='nnnnnxy' | pos_acc=6/9 (66.7%) | compared=7 | len_mismatch(gold=9, pred=7)
L2M      | pred='nnnnnnxy' | pos_acc=6/9 (66.7%) | compared=8 | len_mismatch(gold=9, pred=8)
L2M-DV   | pred='nnnnyxyy' | pos_acc=5/9 (55.6%) | compared=8 | len_mismatch(gold=9, pred=8)
Baseline | pred='nyylgnyny' | pos_acc=9/9 (100.0%) | compared=9
CoT      | pred='nyylgnyny' | pos_acc=9/9 (100.0%) | compared=9
L2M      | pred='nyylgnyny' | pos_acc=9/9 (100.0%) | compared=9
L2M-DV   | pred='nyyglgnyy' | pos_acc=4/9 (44.4%) | compared=9
Baseline | pred='nnelnexy' | pos_acc=4/9 (44.4%) | compared=8 | len_mismatch(gold=9, pred=8)
CoT      | pred='nnenlenxy' | pos_acc=9/9 (100.0%) | compared=9
L2M      | pred='nnelnexy' | pos_acc=4/9 (44.4%) | compared=8 | len_mismatch(gold=9, pred=8)
L2M-DV   | pred='nnelnxy' | pos_acc=3/9 (33.3%) | compared=7 | len_mismatch(gold=9, pred=7)
Baseline | pred='yymlnnnny' | pos_acc=9/9 (100.0%) | compared=9
CoT      | pred='yymlnnnny' | pos_acc=9/9 (100.0%) | compared=9
L2M      | pred='yymlnnnny' | pos_acc=9/9 (100.0%) | compared=9
L2M-DV   | pred='yomlnnny' | pos_acc=6/9 (66.7%) | compared=8 | len_mismatch(gold=9, pred=8)

[Batch Summary for n_words=9]
  Baseline  : 73.33%
  CoT       : 88.89%
  L2M       : 73.33%
  L2M-DV    : 51.11%
Processing by n_words:  60%|███████████████████▏            | 9/15 [02:50<02:47, 27.90s/it]
======================================================================
num_words = 10 | batch_size = 5
Baseline | pred='nynyylmnen' | pos_acc=10/10 (100.0%) | compared=10
CoT      | pred='nynylmlnen' | pos_acc=7/10 (70.0%) | compared=10
L2M      | pred='nynnlymnen' | pos_acc=7/10 (70.0%) | compared=10
L2M-DV   | pred='nynylnmen' | pos_acc=5/10 (50.0%) | compared=9 | len_mismatch(gold=10, pred=9)
Baseline | pred='nnnyyyyyyyy' | pos_acc=10/10 (100.0%) | compared=10 | len_mismatch(gold=10, pred=11)
CoT      | pred='nnnnnnnnnn' | pos_acc=3/10 (30.0%) | compared=10
L2M      | pred='nnnyyyyyyy' | pos_acc=10/10 (100.0%) | compared=10
L2M-DV   | pred='nnnnnyyyyy' | pos_acc=8/10 (80.0%) | compared=10
Baseline | pred='nnsynenln' | pos_acc=4/10 (40.0%) | compared=9 | len_mismatch(gold=10, pred=9)
CoT      | pred='nnsynennnl' | pos_acc=6/10 (60.0%) | compared=10
L2M      | pred='nnsnynennl' | pos_acc=10/10 (100.0%) | compared=10
L2M-DV   | pred='nnsyennnl' | pos_acc=5/10 (50.0%) | compared=9 | len_mismatch(gold=10, pred=9)
Baseline | pred='neleenenymt' | pos_acc=7/10 (70.0%) | compared=10 | len_mismatch(gold=10, pred=11)
CoT      | pred='neleenymt' | pos_acc=6/10 (60.0%) | compared=9 | len_mismatch(gold=10, pred=9)
L2M      | pred='nelleeneymt' | pos_acc=4/10 (40.0%) | compared=10 | len_mismatch(gold=10, pred=11)
L2M-DV   | pred='nelenteymt' | pos_acc=8/10 (80.0%) | compared=10
Baseline | pred='yymelynnxy' | pos_acc=6/10 (60.0%) | compared=10
CoT      | pred='yymeylnnyx' | pos_acc=10/10 (100.0%) | compared=10
L2M      | pred='yymeyynnyy' | pos_acc=8/10 (80.0%) | compared=10
L2M-DV   | pred='yymelynnxy' | pos_acc=6/10 (60.0%) | compared=10

[Batch Summary for n_words=10]
  Baseline  : 74.00%
  CoT       : 64.00%
  L2M       : 78.00%
  L2M-DV    : 64.00%
Processing by n_words:  67%|████████████████████▋          | 10/15 [03:20<02:22, 28.58s/it]
======================================================================
num_words = 11 | batch_size = 5
Baseline | pred='nyynmyynlye' | pos_acc=11/11 (100.0%) | compared=11
CoT      | pred='nyynmyynlye' | pos_acc=11/11 (100.0%) | compared=11
L2M      | pred='nylnmyynlye' | pos_acc=10/11 (90.9%) | compared=11
L2M-DV   | pred='nymnyynyle' | pos_acc=5/11 (45.5%) | compared=10 | len_mismatch(gold=11, pred=10)
Baseline | pred='nnyslyltnmy' | pos_acc=5/11 (45.5%) | compared=11
CoT      | pred='nnysyltnmny' | pos_acc=10/11 (90.9%) | compared=11
L2M      | pred='nnyslytnmly' | pos_acc=9/11 (81.8%) | compared=11
L2M-DV   | pred='nnyssyltnmy' | pos_acc=5/11 (45.5%) | compared=11
Baseline | pred='nyecytmnnmy' | pos_acc=11/11 (100.0%) | compared=11
CoT      | pred='nyecytmnnmy' | pos_acc=11/11 (100.0%) | compared=11
L2M      | pred='nyecytmnnmy' | pos_acc=11/11 (100.0%) | compared=11
L2M-DV   | pred='nyecytmnny' | pos_acc=9/11 (81.8%) | compared=10 | len_mismatch(gold=11, pred=10)
Baseline | pred='mnlryyymnn' | pos_acc=10/11 (90.9%) | compared=10 | len_mismatch(gold=11, pred=10)
CoT      | pred='mnlyyyymnnn' | pos_acc=10/11 (90.9%) | compared=11
L2M      | pred='mnllyymnnn' | pos_acc=7/11 (63.6%) | compared=10 | len_mismatch(gold=11, pred=10)
L2M-DV   | pred='mnlryynnnn' | pos_acc=8/11 (72.7%) | compared=10 | len_mismatch(gold=11, pred=10)
Baseline | pred='yyenynncen' | pos_acc=5/11 (45.5%) | compared=10 | len_mismatch(gold=11, pred=10)
CoT      | pred='yyennynncen' | pos_acc=11/11 (100.0%) | compared=11
L2M      | pred='ylennycncen' | pos_acc=9/11 (81.8%) | compared=11
L2M-DV   | pred='yyenyncnne' | pos_acc=6/11 (54.5%) | compared=10 | len_mismatch(gold=11, pred=10)

[Batch Summary for n_words=11]
  Baseline  : 76.36%
  CoT       : 96.36%
  L2M       : 83.64%
  L2M-DV    : 60.00%
Processing by n_words:  73%|██████████████████████▋        | 11/15 [03:43<01:47, 26.86s/it]
======================================================================
num_words = 12 | batch_size = 5
Baseline | pred='eycltnnnln' | pos_acc=2/12 (16.7%) | compared=10 | len_mismatch(gold=12, pred=10)
CoT      | pred='yeycltnnnlnn' | pos_acc=12/12 (100.0%) | compared=12
L2M      | pred='yeycltnnlnn' | pos_acc=9/12 (75.0%) | compared=11 | len_mismatch(gold=12, pred=11)
L2M-DV   | pred='yeycltnnnln' | pos_acc=11/12 (91.7%) | compared=11 | len_mismatch(gold=12, pred=11)
Baseline | pred='nsnylynyynny' | pos_acc=12/12 (100.0%) | compared=12
CoT      | pred='nsnylynyynny' | pos_acc=12/12 (100.0%) | compared=12
L2M      | pred='nsnylynyyn' | pos_acc=10/12 (83.3%) | compared=10 | len_mismatch(gold=12, pred=10)
L2M-DV   | pred='nsnlynyynny' | pos_acc=5/12 (41.7%) | compared=11 | len_mismatch(gold=12, pred=11)
Baseline | pred='enynnygynen' | pos_acc=6/12 (50.0%) | compared=11 | len_mismatch(gold=12, pred=11)
CoT      | pred='enynyygsnyn' | pos_acc=8/12 (66.7%) | compared=11 | len_mismatch(gold=12, pred=11)
L2M      | pred='enyynysgynen' | pos_acc=8/12 (66.7%) | compared=12
L2M-DV   | pred='enynyygsnyn' | pos_acc=8/12 (66.7%) | compared=11 | len_mismatch(gold=12, pred=11)
Baseline | pred='eyynyyyyynmn' | pos_acc=9/12 (75.0%) | compared=12
CoT      | pred='eyynnnyyynmmn' | pos_acc=6/12 (50.0%) | compared=12 | len_mismatch(gold=12, pred=13)
L2M      | pred='eynnyylmnmn' | pos_acc=6/12 (50.0%) | compared=11 | len_mismatch(gold=12, pred=11)
L2M-DV   | pred='eyynyymlmn' | pos_acc=8/12 (66.7%) | compared=10 | len_mismatch(gold=12, pred=10)
Baseline | pred='ynyyynnmyre' | pos_acc=5/12 (41.7%) | compared=11 | len_mismatch(gold=12, pred=11)
CoT      | pred='ynyynnynmrye' | pos_acc=11/12 (91.7%) | compared=12
L2M      | pred='ynynnnnyyyy' | pos_acc=5/12 (41.7%) | compared=11 | len_mismatch(gold=12, pred=11)
L2M-DV   | pred='ynynlnmryn' | pos_acc=3/12 (25.0%) | compared=10 | len_mismatch(gold=12, pred=10)

[Batch Summary for n_words=12]
  Baseline  : 56.67%
  CoT       : 81.67%
  L2M       : 63.33%
  L2M-DV    : 58.33%
Processing by n_words:  80%|████████████████████████▊      | 12/15 [04:06<01:17, 25.81s/it]
======================================================================
num_words = 13 | batch_size = 5
Baseline | pred='ynyyyyylnn' | pos_acc=6/13 (46.2%) | compared=10 | len_mismatch(gold=13, pred=10)
CoT      | pred='ynynyylyn' | pos_acc=6/13 (46.2%) | compared=9 | len_mismatch(gold=13, pred=9)
L2M      | pred='ynynnyylnny' | pos_acc=9/13 (69.2%) | compared=11 | len_mismatch(gold=13, pred=11)
L2M-DV   | pred='nnyynyylnnyy' | pos_acc=7/13 (53.8%) | compared=12 | len_mismatch(gold=13, pred=12)
Baseline | pred='nycgnynyyecnl' | pos_acc=13/13 (100.0%) | compared=13
CoT      | pred='nycgnynyyecnl' | pos_acc=13/13 (100.0%) | compared=13
L2M      | pred='tlygngncty' | pos_acc=3/13 (23.1%) | compared=10 | len_mismatch(gold=13, pred=10)
L2M-DV   | pred='nycgnynyecln' | pos_acc=9/13 (69.2%) | compared=12 | len_mismatch(gold=13, pred=12)
Baseline | pred='nnynnnneyml' | pos_acc=8/13 (61.5%) | compared=11 | len_mismatch(gold=13, pred=11)
CoT      | pred='nnynnnnnnnml' | pos_acc=9/13 (69.2%) | compared=12 | len_mismatch(gold=13, pred=12)
L2M      | pred='nnnnnnnnnnnn' | pos_acc=6/13 (46.2%) | compared=12 | len_mismatch(gold=13, pred=12)
L2M-DV   | pred='nnyynnnneemly' | pos_acc=10/13 (76.9%) | compared=13
Baseline | pred='ynnsrlnnngyl' | pos_acc=9/13 (69.2%) | compared=12 | len_mismatch(gold=13, pred=12)
CoT      | pred='ynnsrlnnnngyl' | pos_acc=13/13 (100.0%) | compared=13
L2M      | pred='onotetdtdntr' | pos_acc=2/13 (15.4%) | compared=12 | len_mismatch(gold=13, pred=12)
L2M-DV   | pred='ynnsrlnnngyl' | pos_acc=9/13 (69.2%) | compared=12 | len_mismatch(gold=13, pred=12)
Baseline | pred='nlnnynely' | pos_acc=6/13 (46.2%) | compared=9 | len_mismatch(gold=13, pred=9)
CoT      | pred='nlnnynynenyl' | pos_acc=12/13 (92.3%) | compared=12 | len_mismatch(gold=13, pred=12)
L2M      | pred='tneeeiiaaaii' | pos_acc=0/13 (0.0%) | compared=12 | len_mismatch(gold=13, pred=12)
L2M-DV   | pred='nlnynynely' | pos_acc=3/13 (23.1%) | compared=10 | len_mismatch(gold=13, pred=10)

[Batch Summary for n_words=13]
  Baseline  : 64.62%
  CoT       : 81.54%
  L2M       : 30.77%
  L2M-DV    : 58.46%
Processing by n_words:  87%|██████████████████████████▊    | 13/15 [04:28<00:49, 24.73s/it]
======================================================================
num_words = 14 | batch_size = 5
Baseline | pred='lennyneelylyey' | pos_acc=9/14 (64.3%) | compared=14
CoT      | pred='lenyneelyylyey' | pos_acc=14/14 (100.0%) | compared=14
L2M      | pred='lenynltnyynnly' | pos_acc=8/14 (57.1%) | compared=14
L2M-DV   | pred='lenynelylyey' | pos_acc=8/14 (57.1%) | compared=12 | len_mismatch(gold=14, pred=12)
Baseline | pred='nnslnnnnnnml' | pos_acc=7/14 (50.0%) | compared=12 | len_mismatch(gold=14, pred=12)
CoT      | pred='nnnslnnnnnnnml' | pos_acc=14/14 (100.0%) | compared=14
L2M      | pred='nnnslnnnnnml' | pos_acc=10/14 (71.4%) | compared=12 | len_mismatch(gold=14, pred=12)
L2M-DV   | pred='nnslnnnnnnml' | pos_acc=7/14 (50.0%) | compared=12 | len_mismatch(gold=14, pred=12)
Baseline | pred='nynynennyynyt' | pos_acc=10/14 (71.4%) | compared=13 | len_mismatch(gold=14, pred=13)
CoT      | pred='nyynyeennnytn' | pos_acc=7/14 (50.0%) | compared=13 | len_mismatch(gold=14, pred=13)
L2M      | pred='nyyynnnnnnnnnnn' | pos_acc=7/14 (50.0%) | compared=14 | len_mismatch(gold=14, pred=15)
L2M-DV   | pred='nyyneeynnnytn' | pos_acc=6/14 (42.9%) | compared=13 | len_mismatch(gold=14, pred=13)
Baseline | pred='lynnlynnyny' | pos_acc=5/14 (35.7%) | compared=11 | len_mismatch(gold=14, pred=11)
CoT      | pred='lyynnnlnynyl' | pos_acc=9/14 (64.3%) | compared=12 | len_mismatch(gold=14, pred=12)
L2M      | pred='lyynnnlnyyyny' | pos_acc=10/14 (71.4%) | compared=13 | len_mismatch(gold=14, pred=13)
L2M-DV   | pred='nnnnnnnnyyyyyn' | pos_acc=7/14 (50.0%) | compared=14
Baseline | pred='lynncnsslnnnnn' | pos_acc=12/14 (85.7%) | compared=14
CoT      | pred='lynncnsslnnnnn' | pos_acc=12/14 (85.7%) | compared=14
L2M      | pred='lynnnnaaaannnn' | pos_acc=9/14 (64.3%) | compared=14
L2M-DV   | pred='nynncnsslnnnnn' | pos_acc=11/14 (78.6%) | compared=14

[Batch Summary for n_words=14]
  Baseline  : 61.43%
  CoT       : 80.00%
  L2M       : 62.86%
  L2M-DV    : 55.71%
Processing by n_words:  93%|████████████████████████████▉  | 14/15 [04:54<00:24, 24.86s/it]
======================================================================
num_words = 15 | batch_size = 5
Baseline | pred='ymyyyyyenmenyyyy' | pos_acc=14/15 (93.3%) | compared=15 | len_mismatch(gold=15, pred=16)
CoT      | pred='ymyyyyyneemnnyyy' | pos_acc=9/15 (60.0%) | compared=15 | len_mismatch(gold=15, pred=16)
L2M      | pred='ymymynyemn' | pos_acc=7/15 (46.7%) | compared=10 | len_mismatch(gold=15, pred=10)
L2M-DV   | pred='ymynynemneeyy' | pos_acc=8/15 (53.3%) | compared=13 | len_mismatch(gold=15, pred=13)
Baseline | pred='yynelyenycnnyn' | pos_acc=6/15 (40.0%) | compared=14 | len_mismatch(gold=15, pred=14)
CoT      | pred='yyneyleycnyyn' | pos_acc=8/15 (53.3%) | compared=13 | len_mismatch(gold=15, pred=13)
L2M      | pred='yynelynncyennl' | pos_acc=6/15 (40.0%) | compared=14 | len_mismatch(gold=15, pred=14)
L2M-DV   | pred='yynelylenncyynnn' | pos_acc=7/15 (46.7%) | compared=15 | len_mismatch(gold=15, pred=16)
Baseline | pred='mynnyyseyenelty' | pos_acc=11/15 (73.3%) | compared=15
CoT      | pred='mynnyysyenelty' | pos_acc=4/15 (26.7%) | compared=14 | len_mismatch(gold=15, pred=14)
L2M      | pred='smnllslyeisgty' | pos_acc=2/15 (13.3%) | compared=14 | len_mismatch(gold=15, pred=14)
L2M-DV   | pred='mynnnyysyenlty' | pos_acc=10/15 (66.7%) | compared=14 | len_mismatch(gold=15, pred=14)
Baseline | pred='eeyssnynnyynny' | pos_acc=7/15 (46.7%) | compared=14 | len_mismatch(gold=15, pred=14)
CoT      | pred='eeysnynynynyn' | pos_acc=9/15 (60.0%) | compared=13 | len_mismatch(gold=15, pred=13)
L2M      | pred='eeeityyiyyiyg' | pos_acc=5/15 (33.3%) | compared=13 | len_mismatch(gold=15, pred=13)
L2M-DV   | pred='eeysnynnyynnyy' | pos_acc=13/15 (86.7%) | compared=14 | len_mismatch(gold=15, pred=14)
Baseline | pred='nnnneyynnnlyen' | pos_acc=10/15 (66.7%) | compared=14 | len_mismatch(gold=15, pred=14)
CoT      | pred='nnnneyynnlenn' | pos_acc=10/15 (66.7%) | compared=13 | len_mismatch(gold=15, pred=13)
L2M      | pred='ononononononon' | pos_acc=3/15 (20.0%) | compared=14 | len_mismatch(gold=15, pred=14)
L2M-DV   | pred='nnyneeynnlylen' | pos_acc=8/15 (53.3%) | compared=14 | len_mismatch(gold=15, pred=14)

[Batch Summary for n_words=15]
  Baseline  : 64.00%
  CoT       : 53.33%
  L2M       : 30.67%
  L2M-DV    : 61.33%
Processing by n_words: 100%|███████████████████████████████| 15/15 [05:23<00:00, 21.57s/it]
----------------------------------------------------------------------
Average position-wise accuracy (Macro / Micro) | Exact Match
Baseline : 83.32% / 75.33% | EM: 56.00%
CoT      : 87.51% / 82.00% | EM: 62.67%
L2M      : 76.66% / 66.67% | EM: 41.33%
L2M-DV   : 60.83% / 60.17% | EM: 12.00%

======================================================================
Position-wise Accuracy by Number of Words (%)
======================================================================
 n_words |   Baseline |        CoT |        L2M |     L2M-DV
----------------------------------------------------------------------
       1 |     100.00 |     100.00 |     100.00 |      80.00
       2 |     100.00 |     100.00 |     100.00 |      40.00
       3 |     100.00 |     100.00 |     100.00 |      73.33
       4 |     100.00 |     100.00 |      95.00 |      45.00
       5 |      96.00 |      92.00 |      80.00 |      68.00
       6 |      96.67 |      96.67 |      83.33 |      60.00
       7 |      94.29 |      85.71 |      91.43 |      57.14
       8 |      92.50 |      92.50 |      77.50 |      80.00
       9 |      73.33 |      88.89 |      73.33 |      51.11
      10 |      74.00 |      64.00 |      78.00 |      64.00
      11 |      76.36 |      96.36 |      83.64 |      60.00
      12 |      56.67 |      81.67 |      63.33 |      58.33
      13 |      64.62 |      81.54 |      30.77 |      58.46
      14 |      61.43 |      80.00 |      62.86 |      55.71
      15 |      64.00 |      53.33 |      30.67 |      61.33
----------------------------------------------------------------------
   Micro |      75.33 |      82.00 |      66.67 |      60.17
   Macro |      83.32 |      87.51 |      76.66 |      60.83
      EM |      56.00 |      62.67 |      41.33 |      12.00
======================================================================