
======================================================================
num_words = 1 | batch_size = 20
Baseline | pred='s' | pos_acc=1/1 (100.0%) | compared=1
CoT      | pred='s' | pos_acc=1/1 (100.0%) | compared=1
L2M      | pred='s' | pos_acc=1/1 (100.0%) | compared=1
L2M-DV   | pred='s' | pos_acc=1/1 (100.0%) | compared=1
Baseline | pred='y' | pos_acc=1/1 (100.0%) | compared=1
CoT      | pred='y' | pos_acc=1/1 (100.0%) | compared=1
L2M      | pred='y' | pos_acc=1/1 (100.0%) | compared=1
L2M-DV   | pred='y' | pos_acc=1/1 (100.0%) | compared=1
Baseline | pred='l' | pos_acc=1/1 (100.0%) | compared=1
CoT      | pred='l' | pos_acc=1/1 (100.0%) | compared=1
L2M      | pred='l' | pos_acc=1/1 (100.0%) | compared=1
L2M-DV   | pred='l' | pos_acc=1/1 (100.0%) | compared=1
Baseline | pred='l' | pos_acc=1/1 (100.0%) | compared=1
CoT      | pred='l' | pos_acc=1/1 (100.0%) | compared=1
L2M      | pred='l' | pos_acc=1/1 (100.0%) | compared=1
L2M-DV   | pred='l' | pos_acc=1/1 (100.0%) | compared=1
Baseline | pred='y' | pos_acc=1/1 (100.0%) | compared=1
CoT      | pred='y' | pos_acc=1/1 (100.0%) | compared=1
L2M      | pred='y' | pos_acc=1/1 (100.0%) | compared=1
L2M-DV   | pred='y' | pos_acc=1/1 (100.0%) | compared=1
Baseline | pred='y' | pos_acc=1/1 (100.0%) | compared=1
CoT      | pred='y' | pos_acc=1/1 (100.0%) | compared=1
L2M      | pred='y' | pos_acc=1/1 (100.0%) | compared=1
L2M-DV   | pred='y' | pos_acc=1/1 (100.0%) | compared=1
Baseline | pred='t' | pos_acc=1/1 (100.0%) | compared=1
CoT      | pred='t' | pos_acc=1/1 (100.0%) | compared=1
L2M      | pred='t' | pos_acc=1/1 (100.0%) | compared=1
L2M-DV   | pred='t' | pos_acc=1/1 (100.0%) | compared=1
Baseline | pred='n' | pos_acc=1/1 (100.0%) | compared=1
CoT      | pred='n' | pos_acc=1/1 (100.0%) | compared=1
L2M      | pred='n' | pos_acc=1/1 (100.0%) | compared=1
L2M-DV   | pred='n' | pos_acc=1/1 (100.0%) | compared=1
Baseline | pred='n' | pos_acc=1/1 (100.0%) | compared=1
CoT      | pred='n' | pos_acc=1/1 (100.0%) | compared=1
L2M      | pred='n' | pos_acc=1/1 (100.0%) | compared=1
L2M-DV   | pred='n' | pos_acc=1/1 (100.0%) | compared=1
Baseline | pred='m' | pos_acc=1/1 (100.0%) | compared=1
CoT      | pred='m' | pos_acc=1/1 (100.0%) | compared=1
L2M      | pred='m' | pos_acc=1/1 (100.0%) | compared=1
L2M-DV   | pred='m' | pos_acc=1/1 (100.0%) | compared=1
Baseline | pred='y' | pos_acc=1/1 (100.0%) | compared=1
CoT      | pred='y' | pos_acc=1/1 (100.0%) | compared=1
L2M      | pred='y' | pos_acc=1/1 (100.0%) | compared=1
L2M-DV   | pred='y' | pos_acc=1/1 (100.0%) | compared=1
Baseline | pred='m' | pos_acc=1/1 (100.0%) | compared=1
CoT      | pred='m' | pos_acc=1/1 (100.0%) | compared=1
L2M      | pred='m' | pos_acc=1/1 (100.0%) | compared=1
L2M-DV   | pred='m' | pos_acc=1/1 (100.0%) | compared=1
Baseline | pred='y' | pos_acc=1/1 (100.0%) | compared=1
CoT      | pred='y' | pos_acc=1/1 (100.0%) | compared=1
L2M      | pred='y' | pos_acc=1/1 (100.0%) | compared=1
L2M-DV   | pred='y' | pos_acc=1/1 (100.0%) | compared=1
Baseline | pred='y' | pos_acc=1/1 (100.0%) | compared=1
CoT      | pred='y' | pos_acc=1/1 (100.0%) | compared=1
L2M      | pred='y' | pos_acc=1/1 (100.0%) | compared=1
L2M-DV   | pred='y' | pos_acc=1/1 (100.0%) | compared=1
Baseline | pred='n' | pos_acc=1/1 (100.0%) | compared=1
CoT      | pred='n' | pos_acc=1/1 (100.0%) | compared=1
L2M      | pred='n' | pos_acc=1/1 (100.0%) | compared=1
L2M-DV   | pred='n' | pos_acc=1/1 (100.0%) | compared=1
Baseline | pred='s' | pos_acc=1/1 (100.0%) | compared=1
CoT      | pred='s' | pos_acc=1/1 (100.0%) | compared=1
L2M      | pred='s' | pos_acc=1/1 (100.0%) | compared=1
L2M-DV   | pred='s' | pos_acc=1/1 (100.0%) | compared=1
Baseline | pred='n' | pos_acc=1/1 (100.0%) | compared=1
CoT      | pred='n' | pos_acc=1/1 (100.0%) | compared=1
L2M      | pred='n' | pos_acc=1/1 (100.0%) | compared=1
L2M-DV   | pred='n' | pos_acc=1/1 (100.0%) | compared=1
Baseline | pred='n' | pos_acc=1/1 (100.0%) | compared=1
CoT      | pred='n' | pos_acc=1/1 (100.0%) | compared=1
L2M      | pred='n' | pos_acc=1/1 (100.0%) | compared=1
L2M-DV   | pred='n' | pos_acc=1/1 (100.0%) | compared=1
Baseline | pred='y' | pos_acc=1/1 (100.0%) | compared=1
CoT      | pred='y' | pos_acc=1/1 (100.0%) | compared=1
L2M      | pred='y' | pos_acc=1/1 (100.0%) | compared=1
L2M-DV   | pred='y' | pos_acc=1/1 (100.0%) | compared=1
Baseline | pred='n' | pos_acc=1/1 (100.0%) | compared=1
CoT      | pred='n' | pos_acc=1/1 (100.0%) | compared=1
L2M      | pred='n' | pos_acc=1/1 (100.0%) | compared=1
L2M-DV   | pred='n' | pos_acc=1/1 (100.0%) | compared=1

[Batch Summary for n_words=1]
  Baseline  : 100.00%
  CoT       : 100.00%
  L2M       : 100.00%
  L2M-DV    : 100.00%

======================================================================
num_words = 2 | batch_size = 20
Baseline | pred='ee' | pos_acc=1/2 (50.0%) | compared=2
CoT      | pred='ee' | pos_acc=1/2 (50.0%) | compared=2
L2M      | pred='en' | pos_acc=2/2 (100.0%) | compared=2
L2M-DV   | pred='en' | pos_acc=2/2 (100.0%) | compared=2
Baseline | pred='nn' | pos_acc=2/2 (100.0%) | compared=2
CoT      | pred='nn' | pos_acc=2/2 (100.0%) | compared=2
L2M      | pred='nn' | pos_acc=2/2 (100.0%) | compared=2
L2M-DV   | pred='nn' | pos_acc=2/2 (100.0%) | compared=2
Baseline | pred='ye' | pos_acc=2/2 (100.0%) | compared=2
CoT      | pred='yy' | pos_acc=1/2 (50.0%) | compared=2
L2M      | pred='ye' | pos_acc=2/2 (100.0%) | compared=2
L2M-DV   | pred='ye' | pos_acc=2/2 (100.0%) | compared=2
Baseline | pred='nn' | pos_acc=1/2 (50.0%) | compared=2
CoT      | pred='nn' | pos_acc=1/2 (50.0%) | compared=2
L2M      | pred='ny' | pos_acc=2/2 (100.0%) | compared=2
L2M-DV   | pred='ny' | pos_acc=2/2 (100.0%) | compared=2
Baseline | pred='yt' | pos_acc=2/2 (100.0%) | compared=2
CoT      | pred='yt' | pos_acc=2/2 (100.0%) | compared=2
L2M      | pred='yt' | pos_acc=2/2 (100.0%) | compared=2
L2M-DV   | pred='yt' | pos_acc=2/2 (100.0%) | compared=2
Baseline | pred='mc' | pos_acc=1/2 (50.0%) | compared=2
CoT      | pred='mc' | pos_acc=1/2 (50.0%) | compared=2
L2M      | pred='my' | pos_acc=2/2 (100.0%) | compared=2
L2M-DV   | pred='my' | pos_acc=2/2 (100.0%) | compared=2
Baseline | pred='nn' | pos_acc=1/2 (50.0%) | compared=2
CoT      | pred='nn' | pos_acc=1/2 (50.0%) | compared=2
L2M      | pred='ny' | pos_acc=2/2 (100.0%) | compared=2
L2M-DV   | pred='ny' | pos_acc=2/2 (100.0%) | compared=2
Baseline | pred='yt' | pos_acc=1/2 (50.0%) | compared=2
CoT      | pred='yt' | pos_acc=1/2 (50.0%) | compared=2
L2M      | pred='ym' | pos_acc=2/2 (100.0%) | compared=2
L2M-DV   | pred='ym' | pos_acc=2/2 (100.0%) | compared=2
Baseline | pred='rr' | pos_acc=1/2 (50.0%) | compared=2
CoT      | pred='rr' | pos_acc=1/2 (50.0%) | compared=2
L2M      | pred='rn' | pos_acc=2/2 (100.0%) | compared=2
L2M-DV   | pred='rn' | pos_acc=2/2 (100.0%) | compared=2
Baseline | pred='yy' | pos_acc=2/2 (100.0%) | compared=2
CoT      | pred='yy' | pos_acc=2/2 (100.0%) | compared=2
L2M      | pred='yy' | pos_acc=2/2 (100.0%) | compared=2
L2M-DV   | pred='yy' | pos_acc=2/2 (100.0%) | compared=2
Baseline | pred='ye' | pos_acc=2/2 (100.0%) | compared=2
CoT      | pred='yn' | pos_acc=1/2 (50.0%) | compared=2
L2M      | pred='ye' | pos_acc=2/2 (100.0%) | compared=2
L2M-DV   | pred='ye' | pos_acc=2/2 (100.0%) | compared=2
Baseline | pred='ly' | pos_acc=1/2 (50.0%) | compared=2
CoT      | pred='ly' | pos_acc=1/2 (50.0%) | compared=2
L2M      | pred='yy' | pos_acc=2/2 (100.0%) | compared=2
L2M-DV   | pred='yy' | pos_acc=2/2 (100.0%) | compared=2
Baseline | pred='gn' | pos_acc=2/2 (100.0%) | compared=2
CoT      | pred='gn' | pos_acc=2/2 (100.0%) | compared=2
L2M      | pred='gn' | pos_acc=2/2 (100.0%) | compared=2
L2M-DV   | pred='gn' | pos_acc=2/2 (100.0%) | compared=2
Baseline | pred='ry' | pos_acc=2/2 (100.0%) | compared=2
CoT      | pred='ry' | pos_acc=2/2 (100.0%) | compared=2
L2M      | pred='ry' | pos_acc=2/2 (100.0%) | compared=2
L2M-DV   | pred='ry' | pos_acc=2/2 (100.0%) | compared=2
Baseline | pred='et' | pos_acc=1/2 (50.0%) | compared=2
CoT      | pred='et' | pos_acc=1/2 (50.0%) | compared=2
L2M      | pred='ee' | pos_acc=2/2 (100.0%) | compared=2
L2M-DV   | pred='ee' | pos_acc=2/2 (100.0%) | compared=2
Baseline | pred='yg' | pos_acc=1/2 (50.0%) | compared=2
CoT      | pred='yg' | pos_acc=1/2 (50.0%) | compared=2
L2M      | pred='yx' | pos_acc=2/2 (100.0%) | compared=2
L2M-DV   | pred='yx' | pos_acc=2/2 (100.0%) | compared=2
Baseline | pred='yn' | pos_acc=1/2 (50.0%) | compared=2
CoT      | pred='ye' | pos_acc=2/2 (100.0%) | compared=2
L2M      | pred='ye' | pos_acc=2/2 (100.0%) | compared=2
L2M-DV   | pred='ye' | pos_acc=2/2 (100.0%) | compared=2
Baseline | pred='ng' | pos_acc=1/2 (50.0%) | compared=2
CoT      | pred='nn' | pos_acc=1/2 (50.0%) | compared=2
L2M      | pred='ny' | pos_acc=2/2 (100.0%) | compared=2
L2M-DV   | pred='ny' | pos_acc=2/2 (100.0%) | compared=2
Baseline | pred='ng' | pos_acc=1/2 (50.0%) | compared=2
CoT      | pred='ng' | pos_acc=1/2 (50.0%) | compared=2
L2M      | pred='ny' | pos_acc=2/2 (100.0%) | compared=2
L2M-DV   | pred='ny' | pos_acc=2/2 (100.0%) | compared=2
Baseline | pred='nn' | pos_acc=1/2 (50.0%) | compared=2
CoT      | pred='nn' | pos_acc=1/2 (50.0%) | compared=2
L2M      | pred='nc' | pos_acc=2/2 (100.0%) | compared=2
L2M-DV   | pred='nc' | pos_acc=2/2 (100.0%) | compared=2

[Batch Summary for n_words=2]
  Baseline  : 67.50%
  CoT       : 65.00%
  L2M       : 100.00%
  L2M-DV    : 100.00%

======================================================================
num_words = 3 | batch_size = 20
Baseline | pred='sns' | pos_acc=1/3 (33.3%) | compared=3
CoT      | pred='sns' | pos_acc=1/3 (33.3%) | compared=3
L2M      | pred='sln' | pos_acc=3/3 (100.0%) | compared=3
L2M-DV   | pred='sln' | pos_acc=3/3 (100.0%) | compared=3
Baseline | pred='lnn' | pos_acc=2/3 (66.7%) | compared=3
CoT      | pred='lnn' | pos_acc=2/3 (66.7%) | compared=3
L2M      | pred='ynn' | pos_acc=3/3 (100.0%) | compared=3
L2M-DV   | pred='ynn' | pos_acc=3/3 (100.0%) | compared=3
Baseline | pred='nyr' | pos_acc=2/3 (66.7%) | compared=3
CoT      | pred='nyr' | pos_acc=2/3 (66.7%) | compared=3
L2M      | pred='nyy' | pos_acc=3/3 (100.0%) | compared=3
L2M-DV   | pred='nyy' | pos_acc=3/3 (100.0%) | compared=3
Baseline | pred='yry' | pos_acc=2/3 (66.7%) | compared=3
CoT      | pred='yry' | pos_acc=2/3 (66.7%) | compared=3
L2M      | pred='yyy' | pos_acc=3/3 (100.0%) | compared=3
L2M-DV   | pred='yyy' | pos_acc=3/3 (100.0%) | compared=3
Baseline | pred='yms' | pos_acc=2/3 (66.7%) | compared=3
CoT      | pred='yms' | pos_acc=2/3 (66.7%) | compared=3
L2M      | pred='ymy' | pos_acc=3/3 (100.0%) | compared=3
L2M-DV   | pred='ymy' | pos_acc=3/3 (100.0%) | compared=3
Baseline | pred='nen' | pos_acc=1/3 (33.3%) | compared=3
CoT      | pred='nen' | pos_acc=1/3 (33.3%) | compared=3
L2M      | pred='nye' | pos_acc=3/3 (100.0%) | compared=3
L2M-DV   | pred='nye' | pos_acc=3/3 (100.0%) | compared=3
Baseline | pred='lyy' | pos_acc=1/3 (33.3%) | compared=3
CoT      | pred='lyt' | pos_acc=1/3 (33.3%) | compared=3
L2M      | pred='yyl' | pos_acc=3/3 (100.0%) | compared=3
L2M-DV   | pred='yyl' | pos_acc=3/3 (100.0%) | compared=3
Baseline | pred='eon' | pos_acc=1/3 (33.3%) | compared=3
CoT      | pred='eon' | pos_acc=1/3 (33.3%) | compared=3
L2M      | pred='eny' | pos_acc=3/3 (100.0%) | compared=3
L2M-DV   | pred='eny' | pos_acc=3/3 (100.0%) | compared=3
Baseline | pred='msm' | pos_acc=1/3 (33.3%) | compared=3
CoT      | pred='lyt' | pos_acc=1/3 (33.3%) | compared=3
L2M      | pred='myl' | pos_acc=3/3 (100.0%) | compared=3
L2M-DV   | pred='myl' | pos_acc=3/3 (100.0%) | compared=3
Baseline | pred='ynn' | pos_acc=2/3 (66.7%) | compared=3
CoT      | pred='yms' | pos_acc=2/3 (66.7%) | compared=3
L2M      | pred='ymn' | pos_acc=3/3 (100.0%) | compared=3
L2M-DV   | pred='ymn' | pos_acc=3/3 (100.0%) | compared=3
Baseline | pred='nly' | pos_acc=2/3 (66.7%) | compared=3
CoT      | pred='nly' | pos_acc=2/3 (66.7%) | compared=3
L2M      | pred='nyy' | pos_acc=3/3 (100.0%) | compared=3
L2M-DV   | pred='nyy' | pos_acc=3/3 (100.0%) | compared=3
Baseline | pred='yno' | pos_acc=2/3 (66.7%) | compared=3
CoT      | pred='yno' | pos_acc=2/3 (66.7%) | compared=3
L2M      | pred='ynl' | pos_acc=3/3 (100.0%) | compared=3
L2M-DV   | pred='ynl' | pos_acc=3/3 (100.0%) | compared=3
Baseline | pred='myy' | pos_acc=3/3 (100.0%) | compared=3
CoT      | pred='mty' | pos_acc=2/3 (66.7%) | compared=3
L2M      | pred='myy' | pos_acc=3/3 (100.0%) | compared=3
L2M-DV   | pred='myy' | pos_acc=3/3 (100.0%) | compared=3
Baseline | pred='non' | pos_acc=2/3 (66.7%) | compared=3
CoT      | pred='non' | pos_acc=2/3 (66.7%) | compared=3
L2M      | pred='nnn' | pos_acc=3/3 (100.0%) | compared=3
L2M-DV   | pred='nnn' | pos_acc=3/3 (100.0%) | compared=3
Baseline | pred='eyr' | pos_acc=2/3 (66.7%) | compared=3
CoT      | pred='eyr' | pos_acc=2/3 (66.7%) | compared=3
L2M      | pred='eyy' | pos_acc=3/3 (100.0%) | compared=3
L2M-DV   | pred='eyy' | pos_acc=3/3 (100.0%) | compared=3
Baseline | pred='nss' | pos_acc=2/3 (66.7%) | compared=3
CoT      | pred='nss' | pos_acc=2/3 (66.7%) | compared=3
L2M      | pred='nsm' | pos_acc=3/3 (100.0%) | compared=3
L2M-DV   | pred='nsm' | pos_acc=3/3 (100.0%) | compared=3
Baseline | pred='yln' | pos_acc=2/3 (66.7%) | compared=3
CoT      | pred='yln' | pos_acc=2/3 (66.7%) | compared=3
L2M      | pred='yly' | pos_acc=3/3 (100.0%) | compared=3
L2M-DV   | pred='yly' | pos_acc=3/3 (100.0%) | compared=3
Baseline | pred='lyy' | pos_acc=2/3 (66.7%) | compared=3
CoT      | pred='lyy' | pos_acc=2/3 (66.7%) | compared=3
L2M      | pred='yyy' | pos_acc=3/3 (100.0%) | compared=3
L2M-DV   | pred='yyy' | pos_acc=3/3 (100.0%) | compared=3
Baseline | pred='lnn' | pos_acc=2/3 (66.7%) | compared=3
CoT      | pred='lnn' | pos_acc=2/3 (66.7%) | compared=3
L2M      | pred='ynn' | pos_acc=3/3 (100.0%) | compared=3
L2M-DV   | pred='ynn' | pos_acc=3/3 (100.0%) | compared=3
Baseline | pred='non' | pos_acc=1/3 (33.3%) | compared=3
CoT      | pred='nty' | pos_acc=1/3 (33.3%) | compared=3
L2M      | pred='nym' | pos_acc=3/3 (100.0%) | compared=3
L2M-DV   | pred='nym' | pos_acc=3/3 (100.0%) | compared=3

[Batch Summary for n_words=3]
  Baseline  : 58.33%
  CoT       : 56.67%
  L2M       : 100.00%
  L2M-DV    : 100.00%

======================================================================
num_words = 4 | batch_size = 20
Baseline | pred='lnon' | pos_acc=3/4 (75.0%) | compared=4
CoT      | pred='lnnn' | pos_acc=4/4 (100.0%) | compared=4
L2M      | pred='lnnn' | pos_acc=4/4 (100.0%) | compared=4
L2M-DV   | pred='lnnn' | pos_acc=4/4 (100.0%) | compared=4
Baseline | pred='nony' | pos_acc=3/4 (75.0%) | compared=4
CoT      | pred='nnny' | pos_acc=4/4 (100.0%) | compared=4
L2M      | pred='nnny' | pos_acc=4/4 (100.0%) | compared=4
L2M-DV   | pred='nnny' | pos_acc=4/4 (100.0%) | compared=4
Baseline | pred='yonn' | pos_acc=1/4 (25.0%) | compared=4
CoT      | pred='yonn' | pos_acc=1/4 (25.0%) | compared=4
L2M      | pred='ynys' | pos_acc=4/4 (100.0%) | compared=4
L2M-DV   | pred='ynys' | pos_acc=4/4 (100.0%) | compared=4
Baseline | pred='ylan' | pos_acc=2/4 (50.0%) | compared=4
CoT      | pred='ylan' | pos_acc=2/4 (50.0%) | compared=4
L2M      | pred='ylny' | pos_acc=4/4 (100.0%) | compared=4
L2M-DV   | pred='ylny' | pos_acc=4/4 (100.0%) | compared=4
Baseline | pred='lyny' | pos_acc=3/4 (75.0%) | compared=4
CoT      | pred='ylyn' | pos_acc=1/4 (25.0%) | compared=4
L2M      | pred='ynny' | pos_acc=3/4 (75.0%) | compared=4
L2M-DV   | pred='yynn' | pos_acc=3/4 (75.0%) | compared=4
Baseline | pred='ylyn' | pos_acc=2/4 (50.0%) | compared=4
CoT      | pred='ylyn' | pos_acc=2/4 (50.0%) | compared=4
L2M      | pred='yyen' | pos_acc=4/4 (100.0%) | compared=4
L2M-DV   | pred='yyen' | pos_acc=4/4 (100.0%) | compared=4
Baseline | pred='nnss' | pos_acc=3/4 (75.0%) | compared=4
CoT      | pred='nnss' | pos_acc=3/4 (75.0%) | compared=4
L2M      | pred='nnsc' | pos_acc=4/4 (100.0%) | compared=4
L2M-DV   | pred='nnsc' | pos_acc=4/4 (100.0%) | compared=4
Baseline | pred='cnsmm' | pos_acc=3/4 (75.0%) | compared=4 | len_mismatch(gold=4, pred=5)
CoT      | pred='cnsmm' | pos_acc=3/4 (75.0%) | compared=4 | len_mismatch(gold=4, pred=5)
L2M      | pred='cnnm' | pos_acc=4/4 (100.0%) | compared=4
L2M-DV   | pred='cnnm' | pos_acc=4/4 (100.0%) | compared=4
Baseline | pred='snly' | pos_acc=3/4 (75.0%) | compared=4
CoT      | pred='snly' | pos_acc=3/4 (75.0%) | compared=4
L2M      | pred='snyy' | pos_acc=4/4 (100.0%) | compared=4
L2M-DV   | pred='snyy' | pos_acc=4/4 (100.0%) | compared=4
Baseline | pred='eony' | pos_acc=3/4 (75.0%) | compared=4
CoT      | pred='eony' | pos_acc=3/4 (75.0%) | compared=4
L2M      | pred='eyny' | pos_acc=4/4 (100.0%) | compared=4
L2M-DV   | pred='eyny' | pos_acc=4/4 (100.0%) | compared=4
Baseline | pred='nvee' | pos_acc=2/4 (50.0%) | compared=4
CoT      | pred='noae' | pos_acc=2/4 (50.0%) | compared=4
L2M      | pred='nene' | pos_acc=4/4 (100.0%) | compared=4
L2M-DV   | pred='nene' | pos_acc=4/4 (100.0%) | compared=4
Baseline | pred='lyyy' | pos_acc=3/4 (75.0%) | compared=4
CoT      | pred='llyg' | pos_acc=1/4 (25.0%) | compared=4
L2M      | pred='lley' | pos_acc=3/4 (75.0%) | compared=4
L2M-DV   | pred='lley' | pos_acc=3/4 (75.0%) | compared=4
Baseline | pred='yyon' | pos_acc=3/4 (75.0%) | compared=4
CoT      | pred='ygyg' | pos_acc=2/4 (50.0%) | compared=4
L2M      | pred='yyyn' | pos_acc=4/4 (100.0%) | compared=4
L2M-DV   | pred='yynn' | pos_acc=3/4 (75.0%) | compared=4
Baseline | pred='nnyn' | pos_acc=3/4 (75.0%) | compared=4
CoT      | pred='nnyn' | pos_acc=3/4 (75.0%) | compared=4
L2M      | pred='nyyn' | pos_acc=4/4 (100.0%) | compared=4
L2M-DV   | pred='nyyn' | pos_acc=4/4 (100.0%) | compared=4
Baseline | pred='mnve' | pos_acc=2/4 (50.0%) | compared=4
CoT      | pred='mnne' | pos_acc=3/4 (75.0%) | compared=4
L2M      | pred='myne' | pos_acc=4/4 (100.0%) | compared=4
L2M-DV   | pred='myne' | pos_acc=4/4 (100.0%) | compared=4
Baseline | pred='lneny' | pos_acc=1/4 (25.0%) | compared=4 | len_mismatch(gold=4, pred=5)
CoT      | pred='lneny' | pos_acc=1/4 (25.0%) | compared=4 | len_mismatch(gold=4, pred=5)
L2M      | pred='leny' | pos_acc=4/4 (100.0%) | compared=4
L2M-DV   | pred='leny' | pos_acc=4/4 (100.0%) | compared=4
Baseline | pred='ylyn' | pos_acc=1/4 (25.0%) | compared=4
CoT      | pred='ytyl' | pos_acc=2/4 (50.0%) | compared=4
L2M      | pred='ynnl' | pos_acc=3/4 (75.0%) | compared=4
L2M-DV   | pred='yynl' | pos_acc=4/4 (100.0%) | compared=4
Baseline | pred='nonn' | pos_acc=3/4 (75.0%) | compared=4
CoT      | pred='nonn' | pos_acc=3/4 (75.0%) | compared=4
L2M      | pred='nnnn' | pos_acc=4/4 (100.0%) | compared=4
L2M-DV   | pred='nnnn' | pos_acc=4/4 (100.0%) | compared=4
Baseline | pred='nnno' | pos_acc=3/4 (75.0%) | compared=4
CoT      | pred='nnno' | pos_acc=3/4 (75.0%) | compared=4
L2M      | pred='nnnn' | pos_acc=4/4 (100.0%) | compared=4
L2M-DV   | pred='nnnn' | pos_acc=4/4 (100.0%) | compared=4
Baseline | pred='nnys' | pos_acc=3/4 (75.0%) | compared=4
CoT      | pred='nnye' | pos_acc=3/4 (75.0%) | compared=4
L2M      | pred='nnyx' | pos_acc=4/4 (100.0%) | compared=4
L2M-DV   | pred='nnyx' | pos_acc=4/4 (100.0%) | compared=4

[Batch Summary for n_words=4]
  Baseline  : 62.50%
  CoT       : 61.25%
  L2M       : 96.25%
  L2M-DV    : 96.25%

======================================================================
num_words = 5 | batch_size = 20
Baseline | pred='yntcl' | pos_acc=3/5 (60.0%) | compared=5
CoT      | pred='yntcl' | pos_acc=3/5 (60.0%) | compared=5
L2M      | pred='ynyyl' | pos_acc=5/5 (100.0%) | compared=5
L2M-DV   | pred='ynyyl' | pos_acc=5/5 (100.0%) | compared=5
Baseline | pred='gnnoy' | pos_acc=3/5 (60.0%) | compared=5
CoT      | pred='gnity' | pos_acc=3/5 (60.0%) | compared=5
L2M      | pred='gnyny' | pos_acc=5/5 (100.0%) | compared=5
L2M-DV   | pred='gnyny' | pos_acc=5/5 (100.0%) | compared=5
Baseline | pred='nnnll' | pos_acc=3/5 (60.0%) | compared=5
CoT      | pred='nnnll' | pos_acc=3/5 (60.0%) | compared=5
L2M      | pred='nnenl' | pos_acc=5/5 (100.0%) | compared=5
L2M-DV   | pred='nnenl' | pos_acc=5/5 (100.0%) | compared=5
Baseline | pred='enxyy' | pos_acc=5/5 (100.0%) | compared=5
CoT      | pred='esyyt' | pos_acc=2/5 (40.0%) | compared=5
L2M      | pred='enxyy' | pos_acc=5/5 (100.0%) | compared=5
L2M-DV   | pred='enxyy' | pos_acc=5/5 (100.0%) | compared=5
Baseline | pred='oylnn' | pos_acc=3/5 (60.0%) | compared=5
CoT      | pred='oylnn' | pos_acc=3/5 (60.0%) | compared=5
L2M      | pred='ymlnn' | pos_acc=5/5 (100.0%) | compared=5
L2M-DV   | pred='ymlnn' | pos_acc=5/5 (100.0%) | compared=5
Baseline | pred='nnlno' | pos_acc=3/5 (60.0%) | compared=5
CoT      | pred='nnlno' | pos_acc=3/5 (60.0%) | compared=5
L2M      | pred='nnyny' | pos_acc=5/5 (100.0%) | compared=5
L2M-DV   | pred='nnyny' | pos_acc=5/5 (100.0%) | compared=5
Baseline | pred='nyrln' | pos_acc=3/5 (60.0%) | compared=5
CoT      | pred='nyrln' | pos_acc=3/5 (60.0%) | compared=5
L2M      | pred='nyylm' | pos_acc=5/5 (100.0%) | compared=5
L2M-DV   | pred='nyylm' | pos_acc=5/5 (100.0%) | compared=5
Baseline | pred='nonnn' | pos_acc=4/5 (80.0%) | compared=5
CoT      | pred='nnnot' | pos_acc=2/5 (40.0%) | compared=5
L2M      | pred='nennn' | pos_acc=5/5 (100.0%) | compared=5
L2M-DV   | pred='nennn' | pos_acc=5/5 (100.0%) | compared=5
Baseline | pred='nlyty' | pos_acc=3/5 (60.0%) | compared=5
CoT      | pred='nlyty' | pos_acc=3/5 (60.0%) | compared=5
L2M      | pred='nyyyy' | pos_acc=5/5 (100.0%) | compared=5
L2M-DV   | pred='nyyyy' | pos_acc=5/5 (100.0%) | compared=5
Baseline | pred='ytyon' | pos_acc=3/5 (60.0%) | compared=5
CoT      | pred='yynnt' | pos_acc=2/5 (40.0%) | compared=5
L2M      | pred='yyyyn' | pos_acc=5/5 (100.0%) | compared=5
L2M-DV   | pred='yyyyn' | pos_acc=5/5 (100.0%) | compared=5
Baseline | pred='nonen' | pos_acc=3/5 (60.0%) | compared=5
CoT      | pred='nonyn' | pos_acc=4/5 (80.0%) | compared=5
L2M      | pred='nsnyn' | pos_acc=5/5 (100.0%) | compared=5
L2M-DV   | pred='nsnyn' | pos_acc=5/5 (100.0%) | compared=5
Baseline | pred='ednal' | pos_acc=2/5 (40.0%) | compared=5
CoT      | pred='ennaln' | pos_acc=3/5 (60.0%) | compared=5 | len_mismatch(gold=5, pred=6)
L2M      | pred='ennln' | pos_acc=5/5 (100.0%) | compared=5
L2M-DV   | pred='ennln' | pos_acc=5/5 (100.0%) | compared=5
Baseline | pred='esete' | pos_acc=2/5 (40.0%) | compared=5
CoT      | pred='esene' | pos_acc=2/5 (40.0%) | compared=5
L2M      | pred='eleen' | pos_acc=5/5 (100.0%) | compared=5
L2M-DV   | pred='eleen' | pos_acc=5/5 (100.0%) | compared=5
Baseline | pred='eenly' | pos_acc=2/5 (40.0%) | compared=5
CoT      | pred='eynlt' | pos_acc=2/5 (40.0%) | compared=5
L2M      | pred='eymty' | pos_acc=5/5 (100.0%) | compared=5
L2M-DV   | pred='eymty' | pos_acc=5/5 (100.0%) | compared=5
Baseline | pred='mlern' | pos_acc=2/5 (40.0%) | compared=5
CoT      | pred='mlern' | pos_acc=2/5 (40.0%) | compared=5
L2M      | pred='meyln' | pos_acc=5/5 (100.0%) | compared=5
L2M-DV   | pred='melyn' | pos_acc=3/5 (60.0%) | compared=5
Baseline | pred='yntnx' | pos_acc=4/5 (80.0%) | compared=5
CoT      | pred='yntnx' | pos_acc=4/5 (80.0%) | compared=5
L2M      | pred='ynynx' | pos_acc=5/5 (100.0%) | compared=5
L2M-DV   | pred='ynynx' | pos_acc=5/5 (100.0%) | compared=5
Baseline | pred='nysnm' | pos_acc=4/5 (80.0%) | compared=5
CoT      | pred='nysnm' | pos_acc=4/5 (80.0%) | compared=5
L2M      | pred='nyynm' | pos_acc=5/5 (100.0%) | compared=5
L2M-DV   | pred='nyynm' | pos_acc=5/5 (100.0%) | compared=5
Baseline | pred='yynll' | pos_acc=4/5 (80.0%) | compared=5
CoT      | pred='yynll' | pos_acc=4/5 (80.0%) | compared=5
L2M      | pred='ynlyy' | pos_acc=2/5 (40.0%) | compared=5
L2M-DV   | pred='ynnly' | pos_acc=4/5 (80.0%) | compared=5
Baseline | pred='elnon' | pos_acc=2/5 (40.0%) | compared=5
CoT      | pred='elnly' | pos_acc=2/5 (40.0%) | compared=5
L2M      | pred='ennys' | pos_acc=5/5 (100.0%) | compared=5
L2M-DV   | pred='ennys' | pos_acc=5/5 (100.0%) | compared=5
Baseline | pred='ylnsm' | pos_acc=3/5 (60.0%) | compared=5
CoT      | pred='ylnsm' | pos_acc=3/5 (60.0%) | compared=5
L2M      | pred='yltnm' | pos_acc=5/5 (100.0%) | compared=5
L2M-DV   | pred='yltmn' | pos_acc=3/5 (60.0%) | compared=5

[Batch Summary for n_words=5]
  Baseline  : 61.00%
  CoT       : 57.00%
  L2M       : 97.00%
  L2M-DV    : 95.00%

======================================================================
num_words = 6 | batch_size = 20
Baseline | pred='lyycce' | pos_acc=2/6 (33.3%) | compared=6
CoT      | pred='lyycce' | pos_acc=2/6 (33.3%) | compared=6
L2M      | pred='lynyec' | pos_acc=6/6 (100.0%) | compared=6
L2M-DV   | pred='lynye' | pos_acc=5/6 (83.3%) | compared=5 | len_mismatch(gold=6, pred=5)
Baseline | pred='ytnnonm' | pos_acc=3/6 (50.0%) | compared=6 | len_mismatch(gold=6, pred=7)
CoT      | pred='ytnnom' | pos_acc=4/6 (66.7%) | compared=6
L2M      | pred='ytmnnm' | pos_acc=6/6 (100.0%) | compared=6
L2M-DV   | pred='ytmnnm' | pos_acc=6/6 (100.0%) | compared=6
Baseline | pred='ymglln' | pos_acc=3/6 (50.0%) | compared=6
CoT      | pred='ymglln' | pos_acc=3/6 (50.0%) | compared=6
L2M      | pred='ymnlry' | pos_acc=6/6 (100.0%) | compared=6
L2M-DV   | pred='ymnlry' | pos_acc=6/6 (100.0%) | compared=6
Baseline | pred='yymnon' | pos_acc=5/6 (83.3%) | compared=6
CoT      | pred='yymnon' | pos_acc=5/6 (83.3%) | compared=6
L2M      | pred='yymnnn' | pos_acc=6/6 (100.0%) | compared=6
L2M-DV   | pred='yymnnn' | pos_acc=6/6 (100.0%) | compared=6
Baseline | pred='ylynny' | pos_acc=4/6 (66.7%) | compared=6
CoT      | pred='ylynny' | pos_acc=4/6 (66.7%) | compared=6
L2M      | pred='yyenny' | pos_acc=6/6 (100.0%) | compared=6
L2M-DV   | pred='yyenny' | pos_acc=6/6 (100.0%) | compared=6
Baseline | pred='nnccyn' | pos_acc=3/6 (50.0%) | compared=6
CoT      | pred='nnnnny' | pos_acc=4/6 (66.7%) | compared=6
L2M      | pred='nnceny' | pos_acc=6/6 (100.0%) | compared=6
L2M-DV   | pred='nnceny' | pos_acc=6/6 (100.0%) | compared=6
Baseline | pred='etctnn' | pos_acc=3/6 (50.0%) | compared=6
CoT      | pred='erctnn' | pos_acc=3/6 (50.0%) | compared=6
L2M      | pred='eycltn' | pos_acc=6/6 (100.0%) | compared=6
L2M-DV   | pred='eycltn' | pos_acc=6/6 (100.0%) | compared=6
Baseline | pred='nnllnn' | pos_acc=5/6 (83.3%) | compared=6
CoT      | pred='nnllnn' | pos_acc=5/6 (83.3%) | compared=6
L2M      | pred='nnnnnn' | pos_acc=5/6 (83.3%) | compared=6
L2M-DV   | pred='nnlnnn' | pos_acc=6/6 (100.0%) | compared=6
Baseline | pred='snynly' | pos_acc=6/6 (100.0%) | compared=6
CoT      | pred='slnyly' | pos_acc=3/6 (50.0%) | compared=6
L2M      | pred='snynly' | pos_acc=6/6 (100.0%) | compared=6
L2M-DV   | pred='snynly' | pos_acc=6/6 (100.0%) | compared=6
Baseline | pred='nlynnl' | pos_acc=4/6 (66.7%) | compared=6
CoT      | pred='nlylly' | pos_acc=3/6 (50.0%) | compared=6
L2M      | pred='nyynny' | pos_acc=6/6 (100.0%) | compared=6
L2M-DV   | pred='nynnyy' | pos_acc=4/6 (66.7%) | compared=6
Baseline | pred='eennly' | pos_acc=3/6 (50.0%) | compared=6
CoT      | pred='etynyy' | pos_acc=5/6 (83.3%) | compared=6
L2M      | pred='enynyy' | pos_acc=6/6 (100.0%) | compared=6
L2M-DV   | pred='enynyy' | pos_acc=6/6 (100.0%) | compared=6
Baseline | pred='sgnyen' | pos_acc=6/6 (100.0%) | compared=6
CoT      | pred='sgnyen' | pos_acc=6/6 (100.0%) | compared=6
L2M      | pred='sgnyen' | pos_acc=6/6 (100.0%) | compared=6
L2M-DV   | pred='sgnyen' | pos_acc=6/6 (100.0%) | compared=6
Baseline | pred='eennly' | pos_acc=4/6 (66.7%) | compared=6
CoT      | pred='eyyonn' | pos_acc=2/6 (33.3%) | compared=6
L2M      | pred='eynnyy' | pos_acc=6/6 (100.0%) | compared=6
L2M-DV   | pred='eynnyy' | pos_acc=6/6 (100.0%) | compared=6
Baseline | pred='ylnnon' | pos_acc=4/6 (66.7%) | compared=6
CoT      | pred='ylnnno' | pos_acc=3/6 (50.0%) | compared=6
L2M      | pred='ylmmnn' | pos_acc=4/6 (66.7%) | compared=6
L2M-DV   | pred='ylmnmn' | pos_acc=6/6 (100.0%) | compared=6
Baseline | pred='yntnln' | pos_acc=2/6 (33.3%) | compared=6
CoT      | pred='yntnln' | pos_acc=2/6 (33.3%) | compared=6
L2M      | pred='ynynnl' | pos_acc=5/6 (83.3%) | compared=6
L2M-DV   | pred='ynynnl' | pos_acc=5/6 (83.3%) | compared=6
Baseline | pred='ylnrry' | pos_acc=3/6 (50.0%) | compared=6
CoT      | pred='ylnrry' | pos_acc=3/6 (50.0%) | compared=6
L2M      | pred='ynmrny' | pos_acc=6/6 (100.0%) | compared=6
L2M-DV   | pred='ynmrny' | pos_acc=6/6 (100.0%) | compared=6
Baseline | pred='eennno' | pos_acc=3/6 (50.0%) | compared=6
CoT      | pred='eennnsn' | pos_acc=3/6 (50.0%) | compared=6 | len_mismatch(gold=6, pred=7)
L2M      | pred='eynynn' | pos_acc=6/6 (100.0%) | compared=6
L2M-DV   | pred='eynynn' | pos_acc=6/6 (100.0%) | compared=6
Baseline | pred='yynlal' | pos_acc=3/6 (50.0%) | compared=6
CoT      | pred='yynlal' | pos_acc=3/6 (50.0%) | compared=6
L2M      | pred='yyylny' | pos_acc=6/6 (100.0%) | compared=6
L2M-DV   | pred='yyylny' | pos_acc=6/6 (100.0%) | compared=6
Baseline | pred='nglygg' | pos_acc=3/6 (50.0%) | compared=6
CoT      | pred='ngnlyg' | pos_acc=3/6 (50.0%) | compared=6
L2M      | pred='nynycg' | pos_acc=6/6 (100.0%) | compared=6
L2M-DV   | pred='nynycg' | pos_acc=6/6 (100.0%) | compared=6
Baseline | pred='nyrtyy' | pos_acc=3/6 (50.0%) | compared=6
CoT      | pred='nyrtyy' | pos_acc=3/6 (50.0%) | compared=6
L2M      | pred='nynyny' | pos_acc=6/6 (100.0%) | compared=6
L2M-DV   | pred='nynyny' | pos_acc=6/6 (100.0%) | compared=6

[Batch Summary for n_words=6]
  Baseline  : 60.00%
  CoT       : 57.50%
  L2M       : 96.67%
  L2M-DV    : 96.67%

======================================================================
num_words = 7 | batch_size = 20
Baseline | pred='ialnlnn' | pos_acc=4/7 (57.1%) | compared=7
CoT      | pred='yelelnn' | pos_acc=5/7 (71.4%) | compared=7
L2M      | pred='yecnlnn' | pos_acc=7/7 (100.0%) | compared=7
L2M-DV   | pred='yecnlnn' | pos_acc=7/7 (100.0%) | compared=7
Baseline | pred='nonnlen' | pos_acc=3/7 (42.9%) | compared=7
CoT      | pred='nnntnon' | pos_acc=3/7 (42.9%) | compared=7
L2M      | pred='nynnnne' | pos_acc=7/7 (100.0%) | compared=7
L2M-DV   | pred='nynnnen' | pos_acc=5/7 (71.4%) | compared=7
Baseline | pred='eyylynn' | pos_acc=5/7 (71.4%) | compared=7
CoT      | pred='eyyllon' | pos_acc=4/7 (57.1%) | compared=7
L2M      | pred='eymlyyn' | pos_acc=7/7 (100.0%) | compared=7
L2M-DV   | pred='eyllyyn' | pos_acc=6/7 (85.7%) | compared=7
Baseline | pred='nnrllnn' | pos_acc=5/7 (71.4%) | compared=7
CoT      | pred='nnrllnn' | pos_acc=5/7 (71.4%) | compared=7
L2M      | pred='nsrlnnn' | pos_acc=7/7 (100.0%) | compared=7
L2M-DV   | pred='nsrlnnn' | pos_acc=7/7 (100.0%) | compared=7
Baseline | pred='nglynnn' | pos_acc=4/7 (57.1%) | compared=7
CoT      | pred='nglynnn' | pos_acc=4/7 (57.1%) | compared=7
L2M      | pred='ngylnln' | pos_acc=7/7 (100.0%) | compared=7
L2M-DV   | pred='ngylnln' | pos_acc=7/7 (100.0%) | compared=7
Baseline | pred='nnnyene' | pos_acc=3/7 (42.9%) | compared=7
CoT      | pred='nnngnnoz' | pos_acc=3/7 (42.9%) | compared=7 | len_mismatch(gold=7, pred=8)
L2M      | pred='nynynen' | pos_acc=7/7 (100.0%) | compared=7
L2M-DV   | pred='nynynen' | pos_acc=7/7 (100.0%) | compared=7
Baseline | pred='yllnnsss' | pos_acc=5/7 (71.4%) | compared=7 | len_mismatch(gold=7, pred=8)
CoT      | pred='yllnnss' | pos_acc=5/7 (71.4%) | compared=7
L2M      | pred='ylynnns' | pos_acc=7/7 (100.0%) | compared=7
L2M-DV   | pred='ylynnns' | pos_acc=7/7 (100.0%) | compared=7
Baseline | pred='lnnnntn' | pos_acc=6/7 (85.7%) | compared=7
CoT      | pred='lnnnntn' | pos_acc=6/7 (85.7%) | compared=7
L2M      | pred='lnnnnnn' | pos_acc=7/7 (100.0%) | compared=7
L2M-DV   | pred='lnnnnnn' | pos_acc=7/7 (100.0%) | compared=7
Baseline | pred='lmlrvey' | pos_acc=3/7 (42.9%) | compared=7
CoT      | pred='lmlrvey' | pos_acc=3/7 (42.9%) | compared=7
L2M      | pred='nmlleny' | pos_acc=7/7 (100.0%) | compared=7
L2M-DV   | pred='nmlleny' | pos_acc=7/7 (100.0%) | compared=7
Baseline | pred='ialyyny' | pos_acc=1/7 (14.3%) | compared=7
CoT      | pred='lnnllty' | pos_acc=4/7 (57.1%) | compared=7
L2M      | pred='lneelyy' | pos_acc=7/7 (100.0%) | compared=7
L2M-DV   | pred='lneelly' | pos_acc=6/7 (85.7%) | compared=7
Baseline | pred='lytngyr' | pos_acc=3/7 (42.9%) | compared=7
CoT      | pred='lyyngyr' | pos_acc=3/7 (42.9%) | compared=7
L2M      | pred='lyenyyy' | pos_acc=5/7 (71.4%) | compared=7
L2M-DV   | pred='lyeynny' | pos_acc=6/7 (85.7%) | compared=7
Baseline | pred='nneneey' | pos_acc=4/7 (57.1%) | compared=7
CoT      | pred='nneneey' | pos_acc=4/7 (57.1%) | compared=7
L2M      | pred='nyennyy' | pos_acc=7/7 (100.0%) | compared=7
L2M-DV   | pred='nyennyy' | pos_acc=7/7 (100.0%) | compared=7
Baseline | pred='nnynlny' | pos_acc=4/7 (57.1%) | compared=7
CoT      | pred='nnnntnl' | pos_acc=2/7 (28.6%) | compared=7
L2M      | pred='nnytnly' | pos_acc=7/7 (100.0%) | compared=7
L2M-DV   | pred='nnytnly' | pos_acc=7/7 (100.0%) | compared=7
Baseline | pred='lnnlnnl' | pos_acc=2/7 (28.6%) | compared=7
CoT      | pred='lnnlnnl' | pos_acc=2/7 (28.6%) | compared=7
L2M      | pred='ynnnlln' | pos_acc=7/7 (100.0%) | compared=7
L2M-DV   | pred='ynnnlln' | pos_acc=7/7 (100.0%) | compared=7
Baseline | pred='ylyynll' | pos_acc=4/7 (57.1%) | compared=7
CoT      | pred='ylyynll' | pos_acc=4/7 (57.1%) | compared=7
L2M      | pred='ynynyl' | pos_acc=1/7 (14.3%) | compared=6 | len_mismatch(gold=7, pred=6)
L2M-DV   | pred='ynynynl' | pos_acc=2/7 (28.6%) | compared=7
Baseline | pred='yntlnss' | pos_acc=4/7 (57.1%) | compared=7
CoT      | pred='yntlnss' | pos_acc=4/7 (57.1%) | compared=7
L2M      | pred='ynnncss' | pos_acc=7/7 (100.0%) | compared=7
L2M-DV   | pred='ynncnss' | pos_acc=5/7 (71.4%) | compared=7
Baseline | pred='lssnnnnn' | pos_acc=6/7 (85.7%) | compared=7 | len_mismatch(gold=7, pred=8)
CoT      | pred='lssnnnn' | pos_acc=6/7 (85.7%) | compared=7
L2M      | pred='lsnnnnn' | pos_acc=7/7 (100.0%) | compared=7
L2M-DV   | pred='lsnnnnn' | pos_acc=7/7 (100.0%) | compared=7
Baseline | pred='ymsyngy' | pos_acc=4/7 (57.1%) | compared=7
CoT      | pred='ymsyngy' | pos_acc=4/7 (57.1%) | compared=7
L2M      | pred='ymyyyny' | pos_acc=7/7 (100.0%) | compared=7
L2M-DV   | pred='ymynyny' | pos_acc=6/7 (85.7%) | compared=7
Baseline | pred='yecnmry' | pos_acc=3/7 (42.9%) | compared=7
CoT      | pred='yecnmty' | pos_acc=3/7 (42.9%) | compared=7
L2M      | pred='yenmeny' | pos_acc=7/7 (100.0%) | compared=7
L2M-DV   | pred='yenmeny' | pos_acc=7/7 (100.0%) | compared=7
Baseline | pred='yyylyly' | pos_acc=4/7 (57.1%) | compared=7
CoT      | pred='yyylyly' | pos_acc=4/7 (57.1%) | compared=7
L2M      | pred='yyyyney' | pos_acc=7/7 (100.0%) | compared=7
L2M-DV   | pred='yyyneey' | pos_acc=5/7 (71.4%) | compared=7

[Batch Summary for n_words=7]
  Baseline  : 55.00%
  CoT       : 55.71%
  L2M       : 94.29%
  L2M-DV    : 89.29%

======================================================================
num_words = 8 | batch_size = 20
Baseline | pred='lereynnl' | pos_acc=5/8 (62.5%) | compared=8
CoT      | pred='elylnlna' | pos_acc=2/8 (25.0%) | compared=8
L2M      | pred='leynyynl' | pos_acc=7/8 (87.5%) | compared=8
L2M-DV   | pred='leyncynl' | pos_acc=6/8 (75.0%) | compared=8
Baseline | pred='lnmtylny' | pos_acc=5/8 (62.5%) | compared=8
CoT      | pred='lnmtylny' | pos_acc=5/8 (62.5%) | compared=8
L2M      | pred='ynmynlny' | pos_acc=8/8 (100.0%) | compared=8
L2M-DV   | pred='ynmynlny' | pos_acc=8/8 (100.0%) | compared=8
Baseline | pred='lsslynel' | pos_acc=4/8 (50.0%) | compared=8
CoT      | pred='yssynnen' | pos_acc=5/8 (62.5%) | compared=8
L2M      | pred='ysyyenel' | pos_acc=8/8 (100.0%) | compared=8
L2M-DV   | pred='ysyyenel' | pos_acc=8/8 (100.0%) | compared=8
Baseline | pred='tytessny' | pos_acc=6/8 (75.0%) | compared=8
CoT      | pred='tyteseen' | pos_acc=3/8 (37.5%) | compared=8
L2M      | pred='tyeeysny' | pos_acc=8/8 (100.0%) | compared=8
L2M-DV   | pred='tyeeysny' | pos_acc=8/8 (100.0%) | compared=8
Baseline | pred='nnnynonn' | pos_acc=5/8 (62.5%) | compared=8
CoT      | pred='nnnynnon' | pos_acc=6/8 (75.0%) | compared=8
L2M      | pred='nnyynnyn' | pos_acc=8/8 (100.0%) | compared=8
L2M-DV   | pred='nnyynynn' | pos_acc=6/8 (75.0%) | compared=8
Baseline | pred='ynoanvyy' | pos_acc=5/8 (62.5%) | compared=8
CoT      | pred='ynoeneyy' | pos_acc=6/8 (75.0%) | compared=8
L2M      | pred='ynnnneyy' | pos_acc=8/8 (100.0%) | compared=8
L2M-DV   | pred='ynnnnyyy' | pos_acc=7/8 (87.5%) | compared=8
Baseline | pred='nnneleee' | pos_acc=5/8 (62.5%) | compared=8
CoT      | pred='nnlaylne' | pos_acc=5/8 (62.5%) | compared=8
L2M      | pred='nnnyllne' | pos_acc=8/8 (100.0%) | compared=8
L2M-DV   | pred='nnnyllne' | pos_acc=8/8 (100.0%) | compared=8
Baseline | pred='llllylry' | pos_acc=3/8 (37.5%) | compared=8
CoT      | pred='llllylry' | pos_acc=3/8 (37.5%) | compared=8
L2M      | pred='nlnyyyly' | pos_acc=8/8 (100.0%) | compared=8
L2M-DV   | pred='nlnyyyly' | pos_acc=8/8 (100.0%) | compared=8
Baseline | pred='nnlymsle' | pos_acc=3/8 (37.5%) | compared=8
CoT      | pred='nnlynnle' | pos_acc=2/8 (25.0%) | compared=8
L2M      | pred='nnynmye' | pos_acc=7/8 (87.5%) | compared=7 | len_mismatch(gold=8, pred=7)
L2M-DV   | pred='nnynymel' | pos_acc=6/8 (75.0%) | compared=8
Baseline | pred='yevnnnnn' | pos_acc=6/8 (75.0%) | compared=8
CoT      | pred='yevnnnnn' | pos_acc=6/8 (75.0%) | compared=8
L2M      | pred='yennynnn' | pos_acc=8/8 (100.0%) | compared=8
L2M-DV   | pred='yennynnn' | pos_acc=8/8 (100.0%) | compared=8
Baseline | pred='nngmlncl' | pos_acc=4/8 (50.0%) | compared=8
CoT      | pred='nnymlycl' | pos_acc=6/8 (75.0%) | compared=8
L2M      | pred='nnymyynl' | pos_acc=8/8 (100.0%) | compared=8
L2M-DV   | pred='nnyyynnl' | pos_acc=6/8 (75.0%) | compared=8
Baseline | pred='nonynynn' | pos_acc=3/8 (37.5%) | compared=8
CoT      | pred='nnntynyn' | pos_acc=6/8 (75.0%) | compared=8
L2M      | pred='nynsynyn' | pos_acc=8/8 (100.0%) | compared=8
L2M-DV   | pred='nynsynyn' | pos_acc=8/8 (100.0%) | compared=8
Baseline | pred='ngnnysyg' | pos_acc=3/8 (37.5%) | compared=8
CoT      | pred='ngnnysyy' | pos_acc=4/8 (50.0%) | compared=8
L2M      | pred='nynmeygy' | pos_acc=6/8 (75.0%) | compared=8
L2M-DV   | pred='nynymegy' | pos_acc=6/8 (75.0%) | compared=8
Baseline | pred='esnglysl' | pos_acc=3/8 (37.5%) | compared=8
CoT      | pred='esnglysl' | pos_acc=3/8 (37.5%) | compared=8
L2M      | pred='eyngynls' | pos_acc=8/8 (100.0%) | compared=8
L2M-DV   | pred='eyngynyls' | pos_acc=6/8 (75.0%) | compared=8 | len_mismatch(gold=8, pred=9)
Baseline | pred='elgyyyny' | pos_acc=7/8 (87.5%) | compared=8
CoT      | pred='elgyyyny' | pos_acc=7/8 (87.5%) | compared=8
L2M      | pred='exgyyyny' | pos_acc=8/8 (100.0%) | compared=8
L2M-DV   | pred='exgyyyny' | pos_acc=8/8 (100.0%) | compared=8
Baseline | pred='yssllnno' | pos_acc=3/8 (37.5%) | compared=8
CoT      | pred='yssllnno' | pos_acc=3/8 (37.5%) | compared=8
L2M      | pred='ysclryen' | pos_acc=8/8 (100.0%) | compared=8
L2M-DV   | pred='ysclryen' | pos_acc=8/8 (100.0%) | compared=8
Baseline | pred='nysnnnyn' | pos_acc=6/8 (75.0%) | compared=8
CoT      | pred='tynlnnno' | pos_acc=4/8 (50.0%) | compared=8
L2M      | pred='tyennnyn' | pos_acc=8/8 (100.0%) | compared=8
L2M-DV   | pred='tyennnyn' | pos_acc=8/8 (100.0%) | compared=8
Baseline | pred='yntlnnns' | pos_acc=4/8 (50.0%) | compared=8
CoT      | pred='yntlnnns' | pos_acc=4/8 (50.0%) | compared=8
L2M      | pred='ymnlennn' | pos_acc=8/8 (100.0%) | compared=8
L2M-DV   | pred='ymnlennn' | pos_acc=8/8 (100.0%) | compared=8
Baseline | pred='yntnllly' | pos_acc=5/8 (62.5%) | compared=8
CoT      | pred='yntnlsee' | pos_acc=4/8 (50.0%) | compared=8
L2M      | pred='ynynleny' | pos_acc=8/8 (100.0%) | compared=8
L2M-DV   | pred='ynynleny' | pos_acc=8/8 (100.0%) | compared=8
Baseline | pred='eenlnnry' | pos_acc=4/8 (50.0%) | compared=8
CoT      | pred='eennnnny' | pos_acc=6/8 (75.0%) | compared=8
L2M      | pred='eynnlnny' | pos_acc=8/8 (100.0%) | compared=8
L2M-DV   | pred='eynnlnny' | pos_acc=8/8 (100.0%) | compared=8

[Batch Summary for n_words=8]
  Baseline  : 55.62%
  CoT       : 56.25%
  L2M       : 97.50%
  L2M-DV    : 91.88%

======================================================================
num_words = 9 | batch_size = 20
Baseline | pred='lccmsnlye' | pos_acc=4/9 (44.4%) | compared=9
CoT      | pred='lccmsnlye' | pos_acc=4/9 (44.4%) | compared=9
L2M      | pred='xcymenyne' | pos_acc=9/9 (100.0%) | compared=9
L2M-DV   | pred='xcymenynne' | pos_acc=8/9 (88.9%) | compared=9 | len_mismatch(gold=9, pred=10)
Baseline | pred='nyrnnleeei' | pos_acc=5/9 (55.6%) | compared=9 | len_mismatch(gold=9, pred=10)
CoT      | pred='nyrnnleeei' | pos_acc=5/9 (55.6%) | compared=9 | len_mismatch(gold=9, pred=10)
L2M      | pred='nynnnepye' | pos_acc=8/9 (88.9%) | compared=9
L2M-DV   | pred='nynnnemye' | pos_acc=9/9 (100.0%) | compared=9
Baseline | pred='ennynglyy' | pos_acc=5/9 (55.6%) | compared=9
CoT      | pred='elnyngnly' | pos_acc=6/9 (66.7%) | compared=9
L2M      | pred='ennymnnly' | pos_acc=9/9 (100.0%) | compared=9
L2M-DV   | pred='ennymnnly' | pos_acc=9/9 (100.0%) | compared=9
Baseline | pred='nlynnynne' | pos_acc=4/9 (44.4%) | compared=9
CoT      | pred='nnynyyene' | pos_acc=4/9 (44.4%) | compared=9
L2M      | pred='nyynnneen' | pos_acc=7/9 (77.8%) | compared=9
L2M-DV   | pred='nyynynnen' | pos_acc=9/9 (100.0%) | compared=9
Baseline | pred='ylnnynlno' | pos_acc=4/9 (44.4%) | compared=9
CoT      | pred='ylnynylnn' | pos_acc=2/9 (22.2%) | compared=9
L2M      | pred='ynynynynl' | pos_acc=7/9 (77.8%) | compared=9
L2M-DV   | pred='ynynynlyn' | pos_acc=7/9 (77.8%) | compared=9
Baseline | pred='ednnmsyey' | pos_acc=5/9 (55.6%) | compared=9
CoT      | pred='ednnmsygy' | pos_acc=5/9 (55.6%) | compared=9
L2M      | pred='eenlmscyy' | pos_acc=8/9 (88.9%) | compared=9
L2M-DV   | pred='eenlsmmyy' | pos_acc=7/9 (77.8%) | compared=9
Baseline | pred='yenerenon' | pos_acc=4/9 (44.4%) | compared=9
CoT      | pred='yenerenr' | pos_acc=3/9 (33.3%) | compared=8 | len_mismatch(gold=9, pred=8)
L2M      | pred='yennenenn' | pos_acc=9/9 (100.0%) | compared=9
L2M-DV   | pred='yennennnnn' | pos_acc=8/9 (88.9%) | compared=9 | len_mismatch(gold=9, pred=10)
Baseline | pred='nonynlrlr' | pos_acc=4/9 (44.4%) | compared=9
CoT      | pred='nnntynlnt' | pos_acc=3/9 (33.3%) | compared=9
L2M      | pred='nmnynyltn' | pos_acc=9/9 (100.0%) | compared=9
L2M-DV   | pred='nmnynyltn' | pos_acc=9/9 (100.0%) | compared=9
Baseline | pred='ylnelntyn' | pos_acc=3/9 (33.3%) | compared=9
CoT      | pred='ylnelnoon' | pos_acc=3/9 (33.3%) | compared=9
L2M      | pred='ynlennnny' | pos_acc=9/9 (100.0%) | compared=9
L2M-DV   | pred='ynlennnny' | pos_acc=9/9 (100.0%) | compared=9
Baseline | pred='mnlnneonn' | pos_acc=5/9 (55.6%) | compared=9
CoT      | pred='mnlnneonn' | pos_acc=5/9 (55.6%) | compared=9
L2M      | pred='mllneyynn' | pos_acc=9/9 (100.0%) | compared=9
L2M-DV   | pred='mllneyynn' | pos_acc=9/9 (100.0%) | compared=9
Baseline | pred='ynelelnyy' | pos_acc=5/9 (55.6%) | compared=9
CoT      | pred='yneylntyy' | pos_acc=9/9 (100.0%) | compared=9
L2M      | pred='ynelyntty' | pos_acc=6/9 (66.7%) | compared=9
L2M-DV   | pred='yneylntyy' | pos_acc=9/9 (100.0%) | compared=9
Baseline | pred='elnnlyyyn' | pos_acc=4/9 (44.4%) | compared=9
CoT      | pred='elnnlyyyn' | pos_acc=4/9 (44.4%) | compared=9
L2M      | pred='ennynynyy' | pos_acc=8/9 (88.9%) | compared=9
L2M-DV   | pred='ennyyynyy' | pos_acc=9/9 (100.0%) | compared=9
Baseline | pred='nmmllseel' | pos_acc=3/9 (33.3%) | compared=9
CoT      | pred='nmlnnsese' | pos_acc=4/9 (44.4%) | compared=9
L2M      | pred='nmylnenle' | pos_acc=9/9 (100.0%) | compared=9
L2M-DV   | pred='nmylnenle' | pos_acc=9/9 (100.0%) | compared=9
Baseline | pred='nonnnnnry' | pos_acc=6/9 (66.7%) | compared=9
CoT      | pred='nnntnnnry' | pos_acc=5/9 (55.6%) | compared=9
L2M      | pred='nynnnlnny' | pos_acc=9/9 (100.0%) | compared=9
L2M-DV   | pred='nynnnlnny' | pos_acc=9/9 (100.0%) | compared=9
Baseline | pred='nonllnysy' | pos_acc=6/9 (66.7%) | compared=9
CoT      | pred='nonlltyly' | pos_acc=5/9 (55.6%) | compared=9
L2M      | pred='nnnnlnyny' | pos_acc=9/9 (100.0%) | compared=9
L2M-DV   | pred='nnnnlnnyy' | pos_acc=7/9 (77.8%) | compared=9
Baseline | pred='yelntnyny' | pos_acc=8/9 (88.9%) | compared=9
CoT      | pred='yelnoonyy' | pos_acc=5/9 (55.6%) | compared=9
L2M      | pred='yelnnnyny' | pos_acc=9/9 (100.0%) | compared=9
L2M-DV   | pred='yelnnnyny' | pos_acc=9/9 (100.0%) | compared=9
Baseline | pred='yynlntyyz' | pos_acc=7/9 (77.8%) | compared=9
CoT      | pred='yynlalnryg' | pos_acc=4/9 (44.4%) | compared=9 | len_mismatch(gold=9, pred=10)
L2M      | pred='ynlnyyyyy' | pos_acc=4/9 (44.4%) | compared=9
L2M-DV   | pred='ynnlynynn' | pos_acc=5/9 (55.6%) | compared=9
Baseline | pred='rllnrylnc' | pos_acc=5/9 (55.6%) | compared=9
CoT      | pred='rllnrylnc' | pos_acc=5/9 (55.6%) | compared=9
L2M      | pred='rlnlynnnc' | pos_acc=7/9 (77.8%) | compared=9
L2M-DV   | pred='rlnyynlnc' | pos_acc=9/9 (100.0%) | compared=9
Baseline | pred='nonnnnnnnn' | pos_acc=4/9 (44.4%) | compared=9 | len_mismatch(gold=9, pred=10)
CoT      | pred='nyrnnssnnm' | pos_acc=4/9 (44.4%) | compared=9 | len_mismatch(gold=9, pred=10)
L2M      | pred='nysnsnynn' | pos_acc=7/9 (77.8%) | compared=9
L2M-DV   | pred='nyxnsnyyn' | pos_acc=9/9 (100.0%) | compared=9
Baseline | pred='neseeyess' | pos_acc=4/9 (44.4%) | compared=9
CoT      | pred='neseityss' | pos_acc=3/9 (33.3%) | compared=9
L2M      | pred='nemmyeeys' | pos_acc=8/9 (88.9%) | compared=9
L2M-DV   | pred='nenmyeeys' | pos_acc=9/9 (100.0%) | compared=9

[Batch Summary for n_words=9]
  Baseline  : 52.78%
  CoT       : 48.89%
  L2M       : 88.89%
  L2M-DV    : 93.33%

======================================================================
num_words = 10 | batch_size = 20
Baseline | pred='nrnnlnyytl' | pos_acc=5/10 (50.0%) | compared=10
CoT      | pred='nrnnlyryly' | pos_acc=8/10 (80.0%) | compared=10
L2M      | pred='nxnllryyyy' | pos_acc=7/10 (70.0%) | compared=10
L2M-DV   | pred='nxnnlyryyy' | pos_acc=10/10 (100.0%) | compared=10
Baseline | pred='lnlntnonem' | pos_acc=2/10 (20.0%) | compared=10
CoT      | pred='yllnnglcmc' | pos_acc=4/10 (40.0%) | compared=10
L2M      | pred='ylnyynnlym' | pos_acc=7/10 (70.0%) | compared=10
L2M-DV   | pred='ylynnlleym' | pos_acc=7/10 (70.0%) | compared=10
Baseline | pred='yyynglnnnn' | pos_acc=7/10 (70.0%) | compared=10
CoT      | pred='yyyynlnnnn' | pos_acc=6/10 (60.0%) | compared=10
L2M      | pred='ynnlsnnnnn' | pos_acc=6/10 (60.0%) | compared=10
L2M-DV   | pred='yynlsnnnnn' | pos_acc=7/10 (70.0%) | compared=10
Baseline | pred='edlyymnngy' | pos_acc=4/10 (40.0%) | compared=10
CoT      | pred='edlyymnngy' | pos_acc=4/10 (40.0%) | compared=10
L2M      | pred='eyylyyyymn' | pos_acc=6/10 (60.0%) | compared=10
L2M-DV   | pred='eyylyynmny' | pos_acc=10/10 (100.0%) | compared=10
Baseline | pred='nnngnnnnnn' | pos_acc=5/10 (50.0%) | compared=10
CoT      | pred='nleonlnnmn' | pos_acc=5/10 (50.0%) | compared=10
L2M      | pred='nennnynlmn' | pos_acc=8/10 (80.0%) | compared=10
L2M-DV   | pred='nennynlnmn' | pos_acc=8/10 (80.0%) | compared=10
Baseline | pred='ialnylyyey' | pos_acc=6/10 (60.0%) | compared=10
CoT      | pred='ynoalcltyy' | pos_acc=4/10 (40.0%) | compared=10
L2M      | pred='ynynyllyyy' | pos_acc=9/10 (90.0%) | compared=10
L2M-DV   | pred='ynynlyyyyy' | pos_acc=8/10 (80.0%) | compared=10
Baseline | pred='elyyolnnyz' | pos_acc=6/10 (60.0%) | compared=10
CoT      | pred='elyylnyion' | pos_acc=7/10 (70.0%) | compared=10
L2M      | pred='elyyleyynn' | pos_acc=8/10 (80.0%) | compared=10
L2M-DV   | pred='elyylenyyn' | pos_acc=8/10 (80.0%) | compared=10
Baseline | pred='mnntnnoium' | pos_acc=4/10 (40.0%) | compared=10
CoT      | pred='mnntnnoomm' | pos_acc=4/10 (40.0%) | compared=10
L2M      | pred='myneynmyym' | pos_acc=10/10 (100.0%) | compared=10
L2M-DV   | pred='myneynymym' | pos_acc=8/10 (80.0%) | compared=10
Baseline | pred='yyyneeynon' | pos_acc=6/10 (60.0%) | compared=10
CoT      | pred='yyyneeynnn' | pos_acc=6/10 (60.0%) | compared=10
L2M      | pred='ynnnenyysn' | pos_acc=8/10 (80.0%) | compared=10
L2M-DV   | pred='yynneyyysn' | pos_acc=10/10 (100.0%) | compared=10
Baseline | pred='ylnnnynney' | pos_acc=6/10 (60.0%) | compared=10
CoT      | pred='ylnnnlyney' | pos_acc=5/10 (50.0%) | compared=10
L2M      | pred='ynmnyylney' | pos_acc=10/10 (100.0%) | compared=10
L2M-DV   | pred='ynmnyylney' | pos_acc=10/10 (100.0%) | compared=10
Baseline | pred='yelmmynity' | pos_acc=4/10 (40.0%) | compared=10
CoT      | pred='yelmmynity' | pos_acc=4/10 (40.0%) | compared=10
L2M      | pred='yeymmyyyny' | pos_acc=8/10 (80.0%) | compared=10
L2M-DV   | pred='yeymymyyny' | pos_acc=10/10 (100.0%) | compared=10
Baseline | pred='myyylgyce' | pos_acc=4/10 (40.0%) | compared=9 | len_mismatch(gold=10, pred=9)
CoT      | pred='myytnglyce' | pos_acc=5/10 (50.0%) | compared=10
L2M      | pred='myyyynsyye' | pos_acc=10/10 (100.0%) | compared=10
L2M-DV   | pred='myyyynsyye' | pos_acc=10/10 (100.0%) | compared=10
Baseline | pred='lyylnrlncl' | pos_acc=4/10 (40.0%) | compared=10
CoT      | pred='lytlnrnal' | pos_acc=4/10 (40.0%) | compared=9 | len_mismatch(gold=10, pred=9)
L2M      | pred='nynlyrnlnl' | pos_acc=10/10 (100.0%) | compared=10
L2M-DV   | pred='nynlyrnlnl' | pos_acc=10/10 (100.0%) | compared=10
Baseline | pred='ylnnynyyxn' | pos_acc=3/10 (30.0%) | compared=10
CoT      | pred='ylnnysnnon' | pos_acc=5/10 (50.0%) | compared=10
L2M      | pred='ynlnynnnnx' | pos_acc=9/10 (90.0%) | compared=10
L2M-DV   | pred='ynlnynnnnx' | pos_acc=9/10 (90.0%) | compared=10
Baseline | pred='noeyllyxk' | pos_acc=2/10 (20.0%) | compared=9 | len_mismatch(gold=10, pred=9)
CoT      | pred='nnceylnlrx' | pos_acc=6/10 (60.0%) | compared=10
L2M      | pred='nnemyynllx' | pos_acc=9/10 (90.0%) | compared=10
L2M-DV   | pred='nnemyynlxy' | pos_acc=8/10 (80.0%) | compared=10
Baseline | pred='yynelgnlyy' | pos_acc=5/10 (50.0%) | compared=10
CoT      | pred='yyleregnly' | pos_acc=5/10 (50.0%) | compared=10
L2M      | pred='yyyelnynmy' | pos_acc=10/10 (100.0%) | compared=10
L2M-DV   | pred='yyyelnynmy' | pos_acc=10/10 (100.0%) | compared=10
Baseline | pred='yyyllttcgy' | pos_acc=7/10 (70.0%) | compared=10
CoT      | pred='yyyllttcgy' | pos_acc=7/10 (70.0%) | compared=10
L2M      | pred='yyylctncyy' | pos_acc=10/10 (100.0%) | compared=10
L2M-DV   | pred='yyylctncyy' | pos_acc=10/10 (100.0%) | compared=10
Baseline | pred='ynoletynss' | pos_acc=5/10 (50.0%) | compared=10
CoT      | pred='yntlyymsis' | pos_acc=7/10 (70.0%) | compared=10
L2M      | pred='ynylyymnys' | pos_acc=10/10 (100.0%) | compared=10
L2M-DV   | pred='ynylyymnys' | pos_acc=10/10 (100.0%) | compared=10
Baseline | pred='yyyllmnncc' | pos_acc=7/10 (70.0%) | compared=10
CoT      | pred='yyyllmnncc' | pos_acc=7/10 (70.0%) | compared=10
L2M      | pred='yyyllynmyc' | pos_acc=10/10 (100.0%) | compared=10
L2M-DV   | pred='yyyllynmyc' | pos_acc=10/10 (100.0%) | compared=10
Baseline | pred='nnllnnoeee' | pos_acc=5/10 (50.0%) | compared=10
CoT      | pred='nnllnntvee' | pos_acc=4/10 (40.0%) | compared=10
L2M      | pred='nslennyeyn' | pos_acc=10/10 (100.0%) | compared=10
L2M-DV   | pred='nslennyeen' | pos_acc=9/10 (90.0%) | compared=10

[Batch Summary for n_words=10]
  Baseline  : 48.50%
  CoT       : 53.50%
  L2M       : 87.50%
  L2M-DV    : 91.00%

======================================================================
num_words = 11 | batch_size = 20
Baseline | pred='nlyeeiyntn' | pos_acc=4/11 (36.4%) | compared=10 | len_mismatch(gold=11, pred=10)
CoT      | pred='nlyeeoynonn' | pos_acc=5/11 (45.5%) | compared=11
L2M      | pred='nyreynyyynn' | pos_acc=10/11 (90.9%) | compared=11
L2M-DV   | pred='nyreynynnnn' | pos_acc=10/11 (90.9%) | compared=11
Baseline | pred='lnnnnllcylr' | pos_acc=5/11 (45.5%) | compared=11
CoT      | pred='yntnedeetyl' | pos_acc=5/11 (45.5%) | compared=11
L2M      | pred='ynnelnelcly' | pos_acc=6/11 (54.5%) | compared=11
L2M-DV   | pred='ynnnelnecly' | pos_acc=11/11 (100.0%) | compared=11
Baseline | pred='yssnnnnooyy' | pos_acc=6/11 (54.5%) | compared=11
CoT      | pred='yssnnnooyy' | pos_acc=6/11 (54.5%) | compared=10 | len_mismatch(gold=11, pred=10)
L2M      | pred='ysynnxnlnny' | pos_acc=8/11 (72.7%) | compared=11
L2M-DV   | pred='ysynnxnlyny' | pos_acc=9/11 (81.8%) | compared=11
Baseline | pred='nnnsnnnsmnn' | pos_acc=6/11 (54.5%) | compared=11
CoT      | pred='nnntnnnnnnn' | pos_acc=6/11 (54.5%) | compared=11
L2M      | pred='nynnnnynmyn' | pos_acc=11/11 (100.0%) | compared=11
L2M-DV   | pred='nynnnnynmyn' | pos_acc=11/11 (100.0%) | compared=11
Baseline | pred='nnnnntynyyly' | pos_acc=7/11 (63.6%) | compared=11 | len_mismatch(gold=11, pred=12)
CoT      | pred='nnmnnntyyly' | pos_acc=9/11 (81.8%) | compared=11
L2M      | pred='nnnnnnyyyyy' | pos_acc=10/11 (90.9%) | compared=11
L2M-DV   | pred='nnmnnnyyyyy' | pos_acc=11/11 (100.0%) | compared=11
Baseline | pred='nnntelnotn' | pos_acc=5/11 (45.5%) | compared=10 | len_mismatch(gold=11, pred=10)
CoT      | pred='nnntetnlnn' | pos_acc=5/11 (45.5%) | compared=10 | len_mismatch(gold=11, pred=10)
L2M      | pred='nnnyeytnnnn' | pos_acc=10/11 (90.9%) | compared=11
L2M-DV   | pred='nnnyeytnynn' | pos_acc=11/11 (100.0%) | compared=11
Baseline | pred='ylyytyeecln' | pos_acc=4/11 (36.4%) | compared=11
CoT      | pred='ylyytyneissn' | pos_acc=4/11 (36.4%) | compared=11 | len_mismatch(gold=11, pred=12)
L2M      | pred='yyylenysynn' | pos_acc=6/11 (54.5%) | compared=11
L2M-DV   | pred='yyyylesyynn' | pos_acc=8/11 (72.7%) | compared=11
Baseline | pred='yyyynnnnmm' | pos_acc=7/11 (63.6%) | compared=10 | len_mismatch(gold=11, pred=10)
CoT      | pred='yyyynnnnmm' | pos_acc=7/11 (63.6%) | compared=10 | len_mismatch(gold=11, pred=10)
L2M      | pred='yyyynnynnyy' | pos_acc=10/11 (90.9%) | compared=11
L2M-DV   | pred='yyyynnnynym' | pos_acc=9/11 (81.8%) | compared=11
Baseline | pred='syynnyyynnn' | pos_acc=8/11 (72.7%) | compared=11
CoT      | pred='syynnyyynnn' | pos_acc=8/11 (72.7%) | compared=11
L2M      | pred='synynynyyyn' | pos_acc=9/11 (81.8%) | compared=11
L2M-DV   | pred='syynnyynyn' | pos_acc=7/11 (63.6%) | compared=10 | len_mismatch(gold=11, pred=10)
Baseline | pred='yntyyneonyl' | pos_acc=4/11 (36.4%) | compared=11
CoT      | pred='yntyyneonnl' | pos_acc=5/11 (45.5%) | compared=11
L2M      | pred='ynnyeynnyny' | pos_acc=10/11 (90.9%) | compared=11
L2M-DV   | pred='ynynenynnny' | pos_acc=7/11 (63.6%) | compared=11
Baseline | pred='eennlylnly' | pos_acc=2/11 (18.2%) | compared=10 | len_mismatch(gold=11, pred=10)
CoT      | pred='eenllynnlyy' | pos_acc=3/11 (27.3%) | compared=11
L2M      | pred='elynyyensry' | pos_acc=7/11 (63.6%) | compared=11
L2M-DV   | pred='elynyenrsry' | pos_acc=9/11 (81.8%) | compared=11
Baseline | pred='elnnlyyymey' | pos_acc=4/11 (36.4%) | compared=11
CoT      | pred='elnnlyyymse' | pos_acc=5/11 (45.5%) | compared=11
L2M      | pred='eyntyyymeye' | pos_acc=11/11 (100.0%) | compared=11
L2M-DV   | pred='eyntyyymeye' | pos_acc=11/11 (100.0%) | compared=11
Baseline | pred='nnntyyssnns' | pos_acc=7/11 (63.6%) | compared=11
CoT      | pred='nnntyyssnns' | pos_acc=7/11 (63.6%) | compared=11
L2M      | pred='nlnnyysynnn' | pos_acc=11/11 (100.0%) | compared=11
L2M-DV   | pred='nlnnyysynnn' | pos_acc=11/11 (100.0%) | compared=11
Baseline | pred='elnnnntnnee' | pos_acc=6/11 (54.5%) | compared=11
CoT      | pred='elnnntnnnne' | pos_acc=7/11 (63.6%) | compared=11
L2M      | pred='eenyneynnne' | pos_acc=11/11 (100.0%) | compared=11
L2M-DV   | pred='eenynennnne' | pos_acc=10/11 (90.9%) | compared=11
Baseline | pred='lnyyynynlcl' | pos_acc=8/11 (72.7%) | compared=11
CoT      | pred='lnyylnytnl' | pos_acc=7/11 (63.6%) | compared=10 | len_mismatch(gold=11, pred=10)
L2M      | pred='lnyynnynnyl' | pos_acc=11/11 (100.0%) | compared=11
L2M-DV   | pred='lnyynnynnyl' | pos_acc=11/11 (100.0%) | compared=11
Baseline | pred='nnnedytlyee' | pos_acc=6/11 (54.5%) | compared=11
CoT      | pred='nnnedyytyee' | pos_acc=7/11 (63.6%) | compared=11
L2M      | pred='nnsyeeyyyne' | pos_acc=9/11 (81.8%) | compared=11
L2M-DV   | pred='nnseeyyyyne' | pos_acc=11/11 (100.0%) | compared=11
Baseline | pred='nonnglnnnon' | pos_acc=2/11 (18.2%) | compared=11
CoT      | pred='nonnglnnnon' | pos_acc=2/11 (18.2%) | compared=11
L2M      | pred='nlsgynltmnn' | pos_acc=11/11 (100.0%) | compared=11
L2M-DV   | pred='nlsgynltmnn' | pos_acc=11/11 (100.0%) | compared=11
Baseline | pred='nentlnlntn' | pos_acc=6/11 (54.5%) | compared=10 | len_mismatch(gold=11, pred=10)
CoT      | pred='nnlnlnlntn' | pos_acc=4/11 (36.4%) | compared=10 | len_mismatch(gold=11, pred=10)
L2M      | pred='nenlnnlynnn' | pos_acc=11/11 (100.0%) | compared=11
L2M-DV   | pred='nenlnnlynnn' | pos_acc=11/11 (100.0%) | compared=11
Baseline | pred='nnlylnoonnn' | pos_acc=5/11 (45.5%) | compared=11
CoT      | pred='nnlylnoontn' | pos_acc=4/11 (36.4%) | compared=11
L2M      | pred='nnylynnnynn' | pos_acc=11/11 (100.0%) | compared=11
L2M-DV   | pred='nnylnynnnnn' | pos_acc=8/11 (72.7%) | compared=11
Baseline | pred='oneyeleonmn' | pos_acc=3/11 (27.3%) | compared=11
CoT      | pred='oneyeleonrn' | pos_acc=3/11 (27.3%) | compared=11
L2M      | pred='nyyeemnynen' | pos_acc=11/11 (100.0%) | compared=11
L2M-DV   | pred='nyyeemnynen' | pos_acc=11/11 (100.0%) | compared=11

[Batch Summary for n_words=11]
  Baseline  : 47.73%
  CoT       : 49.55%
  L2M       : 88.18%
  L2M-DV    : 90.00%

======================================================================
num_words = 12 | batch_size = 20
Baseline | pred='nnntnnntnnn' | pos_acc=7/12 (58.3%) | compared=11 | len_mismatch(gold=12, pred=11)
CoT      | pred='nnntnnntnnn' | pos_acc=7/12 (58.3%) | compared=11 | len_mismatch(gold=12, pred=11)
L2M      | pred='nlnnynntynnn' | pos_acc=10/12 (83.3%) | compared=12
L2M-DV   | pred='nlnnnynynnnn' | pos_acc=10/12 (83.3%) | compared=12
Baseline | pred='etnnveyylny' | pos_acc=4/12 (33.3%) | compared=11 | len_mismatch(gold=12, pred=11)
CoT      | pred='ealnsenynyy' | pos_acc=2/12 (16.7%) | compared=11 | len_mismatch(gold=12, pred=11)
L2M      | pred='elnsenyeelny' | pos_acc=11/12 (91.7%) | compared=12
L2M-DV   | pred='elnsenyyelny' | pos_acc=12/12 (100.0%) | compared=12
Baseline | pred='ytyyynnnnnyy' | pos_acc=5/12 (41.7%) | compared=12
CoT      | pred='yyyynnnnnnyy' | pos_acc=7/12 (58.3%) | compared=12
L2M      | pred='yyeenynemney' | pos_acc=6/12 (50.0%) | compared=12
L2M-DV   | pred='yyeenymneyy' | pos_acc=6/12 (50.0%) | compared=11 | len_mismatch(gold=12, pred=11)
Baseline | pred='yllnlygssnnn' | pos_acc=7/12 (58.3%) | compared=12
CoT      | pred='yllnynyyynnn' | pos_acc=6/12 (50.0%) | compared=12
L2M      | pred='ylynyycsnmny' | pos_acc=10/12 (83.3%) | compared=12
L2M-DV   | pred='ylynyscymsny' | pos_acc=9/12 (75.0%) | compared=12
Baseline | pred='yyylnlnngne' | pos_acc=4/12 (33.3%) | compared=11 | len_mismatch(gold=12, pred=11)
CoT      | pred='yyylnngngse' | pos_acc=3/12 (25.0%) | compared=11 | len_mismatch(gold=12, pred=11)
L2M      | pred='yyynyyngyyne' | pos_acc=12/12 (100.0%) | compared=12
L2M-DV   | pred='yyynyyngyyne' | pos_acc=12/12 (100.0%) | compared=12
Baseline | pred='yxnnnnyyyynn' | pos_acc=9/12 (75.0%) | compared=12
CoT      | pred='yxnnynyyynnn' | pos_acc=10/12 (83.3%) | compared=12
L2M      | pred='yxnyynyyynnn' | pos_acc=11/12 (91.7%) | compared=12
L2M-DV   | pred='yxynsyyyynnn' | pos_acc=9/12 (75.0%) | compared=12
Baseline | pred='nlnltylntysl' | pos_acc=3/12 (25.0%) | compared=12
CoT      | pred='nlnltylnlsss' | pos_acc=2/12 (16.7%) | compared=12
L2M      | pred='nnrnylnneysy' | pos_acc=10/12 (83.3%) | compared=12
L2M-DV   | pred='nnrnylnenysy' | pos_acc=12/12 (100.0%) | compared=12
Baseline | pred='yntyynglenn' | pos_acc=5/12 (41.7%) | compared=11 | len_mismatch(gold=12, pred=11)
CoT      | pred='yntyylnneon' | pos_acc=4/12 (33.3%) | compared=11 | len_mismatch(gold=12, pred=11)
L2M      | pred='yngynnneynnn' | pos_acc=8/12 (66.7%) | compared=12
L2M-DV   | pred='yngynnenysnn' | pos_acc=10/12 (83.3%) | compared=12
Baseline | pred='eenyynetnno' | pos_acc=2/12 (16.7%) | compared=11 | len_mismatch(gold=12, pred=11)
CoT      | pred='eynylnetlynn' | pos_acc=5/12 (41.7%) | compared=12
L2M      | pred='eymynyteynyn' | pos_acc=10/12 (83.3%) | compared=12
L2M-DV   | pred='eymynyteynne' | pos_acc=10/12 (83.3%) | compared=12
Baseline | pred='yntnngcaygye' | pos_acc=6/12 (50.0%) | compared=12
CoT      | pred='yntnngyytge' | pos_acc=6/12 (50.0%) | compared=11 | len_mismatch(gold=12, pred=11)
L2M      | pred='ynennmyysnye' | pos_acc=12/12 (100.0%) | compared=12
L2M-DV   | pred='ynennmyysnye' | pos_acc=12/12 (100.0%) | compared=12
Baseline | pred='nysyllyltyy' | pos_acc=6/12 (50.0%) | compared=11 | len_mismatch(gold=12, pred=11)
CoT      | pred='nysylgldxytx' | pos_acc=5/12 (41.7%) | compared=12
L2M      | pred='nylleyylxyny' | pos_acc=11/12 (91.7%) | compared=12
L2M-DV   | pred='nylyeeelyxny' | pos_acc=8/12 (66.7%) | compared=12
Baseline | pred='onlnltdymsss' | pos_acc=3/12 (25.0%) | compared=12
CoT      | pred='onlnltdymsss' | pos_acc=3/12 (25.0%) | compared=12
L2M      | pred='nenynneymyys' | pos_acc=11/12 (91.7%) | compared=12
L2M-DV   | pred='nenyneymynns' | pos_acc=7/12 (58.3%) | compared=12
Baseline | pred='lyllyyltntn' | pos_acc=5/12 (41.7%) | compared=11 | len_mismatch(gold=12, pred=11)
CoT      | pred='nlyltylntnl' | pos_acc=4/12 (33.3%) | compared=11 | len_mismatch(gold=12, pred=11)
L2M      | pred='nyelyyynnnel' | pos_acc=11/12 (91.7%) | compared=12
L2M-DV   | pred='nyelyyyynnell' | pos_acc=12/12 (100.0%) | compared=12 | len_mismatch(gold=12, pred=13)
Baseline | pred='yyylyelntnnn' | pos_acc=7/12 (58.3%) | compared=12
CoT      | pred='yyrlyelntnnn' | pos_acc=7/12 (58.3%) | compared=12
L2M      | pred='yyeeyennnnnn' | pos_acc=10/12 (83.3%) | compared=12
L2M-DV   | pred='yyeeynynnnnn' | pos_acc=8/12 (66.7%) | compared=12
Baseline | pred='synglnltyym' | pos_acc=4/12 (33.3%) | compared=11 | len_mismatch(gold=12, pred=11)
CoT      | pred='syntnlnrtyym' | pos_acc=7/12 (58.3%) | compared=12
L2M      | pred='synnylnrymyy' | pos_acc=12/12 (100.0%) | compared=12
L2M-DV   | pred='synnylnrymyy' | pos_acc=12/12 (100.0%) | compared=12
Baseline | pred='nysntnoonssn' | pos_acc=4/12 (33.3%) | compared=12
CoT      | pred='ntyntnnnnnnn' | pos_acc=7/12 (58.3%) | compared=12
L2M      | pred='nyytynrnynnn' | pos_acc=12/12 (100.0%) | compared=12
L2M-DV   | pred='nytynrynynnn' | pos_acc=7/12 (58.3%) | compared=12
Baseline | pred='nnnnnnnnnnne' | pos_acc=5/12 (41.7%) | compared=12
CoT      | pred='nnnnnnnnnnne' | pos_acc=5/12 (41.7%) | compared=12
L2M      | pred='nnennyereyye' | pos_acc=12/12 (100.0%) | compared=12
L2M-DV   | pred='nnenneyreyee' | pos_acc=9/12 (75.0%) | compared=12
Baseline | pred='elnmneeyylyt' | pos_acc=6/12 (50.0%) | compared=12
CoT      | pred='elmnleeyylyt' | pos_acc=7/12 (58.3%) | compared=12
L2M      | pred='enmnenyyyyyy' | pos_acc=10/12 (83.3%) | compared=12
L2M-DV   | pred='emnnenyyyyyy' | pos_acc=8/12 (66.7%) | compared=12
Baseline | pred='nnntyyllnnsn' | pos_acc=6/12 (50.0%) | compared=12
CoT      | pred='nnntyyllnnsn' | pos_acc=6/12 (50.0%) | compared=12
L2M      | pred='nnnyynlyeynn' | pos_acc=12/12 (100.0%) | compared=12
L2M-DV   | pred='nnnyynlyeyn' | pos_acc=11/12 (91.7%) | compared=11 | len_mismatch(gold=12, pred=11)
Baseline | pred='ednnlylrynnn' | pos_acc=6/12 (50.0%) | compared=12
CoT      | pred='ednnlylgnnnn' | pos_acc=7/12 (58.3%) | compared=12
L2M      | pred='ennyllytnnnn' | pos_acc=10/12 (83.3%) | compared=12
L2M-DV   | pred='ennyltynnnnn' | pos_acc=12/12 (100.0%) | compared=12

[Batch Summary for n_words=12]
  Baseline  : 43.33%
  CoT       : 45.83%
  L2M       : 87.92%
  L2M-DV    : 81.67%

======================================================================
num_words = 13 | batch_size = 20
Baseline | pred='ynoanllgntlyy' | pos_acc=6/13 (46.2%) | compared=13
CoT      | pred='ynoanllgntlyy' | pos_acc=6/13 (46.2%) | compared=13
L2M      | pred='ynennlleyneny' | pos_acc=10/13 (76.9%) | compared=13
L2M-DV   | pred='ynennlyeneyny' | pos_acc=11/13 (84.6%) | compared=13
Baseline | pred='ynecllglyytty' | pos_acc=6/13 (46.2%) | compared=13
CoT      | pred='ynecllgltyyyy' | pos_acc=6/13 (46.2%) | compared=13
L2M      | pred='ynmccnlyynnyy' | pos_acc=10/13 (76.9%) | compared=13
L2M-DV   | pred='ynmcnlyyynnyy' | pos_acc=13/13 (100.0%) | compared=13
Baseline | pred='neterleelal' | pos_acc=4/13 (30.8%) | compared=11 | len_mismatch(gold=13, pred=11)
CoT      | pred='nerssyeylgnl' | pos_acc=4/13 (30.8%) | compared=12 | len_mismatch(gold=13, pred=12)
L2M      | pred='neysyellsnl' | pos_acc=6/13 (46.2%) | compared=11 | len_mismatch(gold=13, pred=11)
L2M-DV   | pred='neysyeeyllsnl' | pos_acc=11/13 (84.6%) | compared=13
Baseline | pred='ealmsnnleynn' | pos_acc=4/13 (30.8%) | compared=12 | len_mismatch(gold=13, pred=12)
CoT      | pred='eenesmlnntnns' | pos_acc=3/13 (23.1%) | compared=13
L2M      | pred='elemmnyeneynn' | pos_acc=13/13 (100.0%) | compared=13
L2M-DV   | pred='elmemmneyennn' | pos_acc=7/13 (53.8%) | compared=13
Baseline | pred='ngnnltetnlynn' | pos_acc=7/13 (53.8%) | compared=13
CoT      | pred='nnnnltyetnnyr' | pos_acc=7/13 (53.8%) | compared=13
L2M      | pred='nnnlyeyelynyn' | pos_acc=6/13 (46.2%) | compared=13
L2M-DV   | pred='nnnnlyeyelnyn' | pos_acc=13/13 (100.0%) | compared=13
Baseline | pred='ylyetllsytnee' | pos_acc=4/13 (30.8%) | compared=13
CoT      | pred='ylyytlssyynce' | pos_acc=6/13 (46.2%) | compared=13
L2M      | pred='yyeylllsyynne' | pos_acc=9/13 (69.2%) | compared=13
L2M-DV   | pred='yyelllsyynne' | pos_acc=9/13 (69.2%) | compared=12 | len_mismatch(gold=13, pred=12)
Baseline | pred='eylnssnnlneey' | pos_acc=5/13 (38.5%) | compared=13
CoT      | pred='elnnssnnlnyei' | pos_acc=5/13 (38.5%) | compared=13
L2M      | pred='yensnnnclnney' | pos_acc=13/13 (100.0%) | compared=13
L2M-DV   | pred='yensnnnclnney' | pos_acc=13/13 (100.0%) | compared=13
Baseline | pred='cndynonvlylnl' | pos_acc=6/13 (46.2%) | compared=13
CoT      | pred='cndynonlntnl' | pos_acc=5/13 (38.5%) | compared=12 | len_mismatch(gold=13, pred=12)
L2M      | pred='cnynnyyenynnl' | pos_acc=13/13 (100.0%) | compared=13
L2M-DV   | pred='cnynnyyeynynl' | pos_acc=10/13 (76.9%) | compared=13
Baseline | pred='yveelntnltmnm' | pos_acc=3/13 (23.1%) | compared=13
CoT      | pred='yveelntnltmnm' | pos_acc=3/13 (23.1%) | compared=13
L2M      | pred='yyeennlcysmn' | pos_acc=4/13 (30.8%) | compared=12 | len_mismatch(gold=13, pred=12)
L2M-DV   | pred='yyeeemnlcysmn' | pos_acc=13/13 (100.0%) | compared=13
Baseline | pred='bnyereetnlny' | pos_acc=4/13 (30.8%) | compared=12 | len_mismatch(gold=13, pred=12)
CoT      | pred='nnnereltntyy' | pos_acc=4/13 (30.8%) | compared=12 | len_mismatch(gold=13, pred=12)
L2M      | pred='nnyeyermcnley' | pos_acc=13/13 (100.0%) | compared=13
L2M-DV   | pred='nnyeyermcnley' | pos_acc=13/13 (100.0%) | compared=13
Baseline | pred='nnlnnynnnntyy' | pos_acc=6/13 (46.2%) | compared=13
CoT      | pred='nnlnnnynnnntt' | pos_acc=9/13 (69.2%) | compared=13
L2M      | pred='nlnlnynnnnnty' | pos_acc=11/13 (84.6%) | compared=13
L2M-DV   | pred='nlnlnnynnnnty' | pos_acc=13/13 (100.0%) | compared=13
Baseline | pred='yyltynlyllyly' | pos_acc=4/13 (30.8%) | compared=13
CoT      | pred='yyltynlyllyyly' | pos_acc=4/13 (30.8%) | compared=13 | len_mismatch(gold=13, pred=14)
L2M      | pred='yylynyyeynyly' | pos_acc=10/13 (76.9%) | compared=13
L2M-DV   | pred='yylynyyyny' | pos_acc=8/13 (61.5%) | compared=10 | len_mismatch(gold=13, pred=10)
Baseline | pred='lclntyyeylonnl' | pos_acc=3/13 (23.1%) | compared=13 | len_mismatch(gold=13, pred=14)
CoT      | pred='nllntyyynlonnl' | pos_acc=6/13 (46.2%) | compared=13 | len_mismatch(gold=13, pred=14)
L2M      | pred='nlynyeynnynnl' | pos_acc=12/13 (92.3%) | compared=13
L2M-DV   | pred='nlynynynnyynl' | pos_acc=12/13 (92.3%) | compared=13
Baseline | pred='eenngmllnnyy' | pos_acc=6/13 (46.2%) | compared=12 | len_mismatch(gold=13, pred=12)
CoT      | pred='eenngmllnnyy' | pos_acc=6/13 (46.2%) | compared=12 | len_mismatch(gold=13, pred=12)
L2M      | pred='elnnymlnnyyny' | pos_acc=11/13 (84.6%) | compared=13
L2M-DV   | pred='elnnymlnnyyny' | pos_acc=11/13 (84.6%) | compared=13
Baseline | pred='yelelnyngn' | pos_acc=5/13 (38.5%) | compared=10 | len_mismatch(gold=13, pred=10)
CoT      | pred='yelelnyngnnoa' | pos_acc=5/13 (38.5%) | compared=13
L2M      | pred='yelyeyyyynnyn' | pos_acc=10/13 (76.9%) | compared=13
L2M-DV   | pred='yelneyyynnmyn' | pos_acc=13/13 (100.0%) | compared=13
Baseline | pred='yrryggelnyeea' | pos_acc=6/13 (46.2%) | compared=13
CoT      | pred='yrryggelnyeea' | pos_acc=6/13 (46.2%) | compared=13
L2M      | pred='yrnyggeeyyne' | pos_acc=9/13 (69.2%) | compared=12 | len_mismatch(gold=13, pred=12)
L2M-DV   | pred='yrnygyenynnee' | pos_acc=13/13 (100.0%) | compared=13
Baseline | pred='cnyyytnoonrre' | pos_acc=5/13 (38.5%) | compared=13
CoT      | pred='cnylyyynnnnrrr' | pos_acc=10/13 (76.9%) | compared=13 | len_mismatch(gold=13, pred=14)
L2M      | pred='cnyyyyynnnner' | pos_acc=12/13 (92.3%) | compared=13
L2M-DV   | pred='cnyyyyynnnner' | pos_acc=12/13 (92.3%) | compared=13
Baseline | pred='noynneerlnll' | pos_acc=4/13 (30.8%) | compared=12 | len_mismatch(gold=13, pred=12)
CoT      | pred='onyyneeealnl' | pos_acc=5/13 (38.5%) | compared=12 | len_mismatch(gold=13, pred=12)
L2M      | pred='nyynennelynll' | pos_acc=11/13 (84.6%) | compared=13
L2M-DV   | pred='nyynennelynll' | pos_acc=11/13 (84.6%) | compared=13
Baseline | pred='ynoznlnymnnoz' | pos_acc=6/13 (46.2%) | compared=13
CoT      | pred='ynozzlnymnnoz' | pos_acc=5/13 (38.5%) | compared=13
L2M      | pred='ynnsnlnyyyynn' | pos_acc=13/13 (100.0%) | compared=13
L2M-DV   | pred='ynnslnyyyynnn' | pos_acc=9/13 (69.2%) | compared=13
Baseline | pred='stnmynnnlgny' | pos_acc=4/13 (30.8%) | compared=12 | len_mismatch(gold=13, pred=12)
CoT      | pred='stnmynnnllyy' | pos_acc=4/13 (30.8%) | compared=12 | len_mismatch(gold=13, pred=12)
L2M      | pred='smyynnssnnnmy' | pos_acc=7/13 (53.8%) | compared=13
L2M-DV   | pred='snmyynnsynlmy' | pos_acc=13/13 (100.0%) | compared=13

[Batch Summary for n_words=13]
  Baseline  : 37.69%
  CoT       : 41.92%
  L2M       : 78.08%
  L2M-DV    : 87.69%

======================================================================
num_words = 14 | batch_size = 20
Baseline | pred='nnynnnnnnnnnnn' | pos_acc=6/14 (42.9%) | compared=14
CoT      | pred='nyrtynnnntyycc' | pos_acc=8/14 (57.1%) | compared=14
L2M      | pred='nynynnnnnyyec' | pos_acc=9/14 (64.3%) | compared=13 | len_mismatch(gold=14, pred=13)
L2M-DV   | pred='nynynnnnnyyenc' | pos_acc=10/14 (71.4%) | compared=14
Baseline | pred='yntylngnssgll' | pos_acc=4/14 (28.6%) | compared=13 | len_mismatch(gold=14, pred=13)
CoT      | pred='yntylntnssgll' | pos_acc=4/14 (28.6%) | compared=13 | len_mismatch(gold=14, pred=13)
L2M      | pred='ynsyynnsyynmngl' | pos_acc=9/14 (64.3%) | compared=14 | len_mismatch(gold=14, pred=15)
L2M-DV   | pred='ynsynnsyngnngl' | pos_acc=8/14 (57.1%) | compared=14
Baseline | pred='ealelntyllyty' | pos_acc=5/14 (35.7%) | compared=13 | len_mismatch(gold=14, pred=13)
CoT      | pred='ealelntyllyey' | pos_acc=5/14 (35.7%) | compared=13 | len_mismatch(gold=14, pred=13)
L2M      | pred='elyecnlnylyey' | pos_acc=11/14 (78.6%) | compared=13 | len_mismatch(gold=14, pred=13)
L2M-DV   | pred='elyecnlnylyey' | pos_acc=11/14 (78.6%) | compared=13 | len_mismatch(gold=14, pred=13)
Baseline | pred='nleeeetnlyeyy' | pos_acc=8/14 (57.1%) | compared=13 | len_mismatch(gold=14, pred=13)
CoT      | pred='nleeeeylnyynyy' | pos_acc=8/14 (57.1%) | compared=14
L2M      | pred='neeeeynmnnyyyy' | pos_acc=12/14 (85.7%) | compared=14
L2M-DV   | pred='neeeeynmnyeeyy' | pos_acc=13/14 (92.9%) | compared=14
Baseline | pred='ylyyssyggnnyy' | pos_acc=6/14 (42.9%) | compared=13 | len_mismatch(gold=14, pred=13)
CoT      | pred='ylyytyyggnxnny' | pos_acc=6/14 (42.9%) | compared=14
L2M      | pred='yylysyxyxnynyn' | pos_acc=13/14 (92.9%) | compared=14
L2M-DV   | pred='yylysyxyxnyynn' | pos_acc=11/14 (78.6%) | compared=14
Baseline | pred='nnlnelalnntnon' | pos_acc=7/14 (50.0%) | compared=14
CoT      | pred='nnntelalnssnnn' | pos_acc=9/14 (64.3%) | compared=14
L2M      | pred='nnnneeyynyyssn' | pos_acc=10/14 (71.4%) | compared=14
L2M-DV   | pred='nnnneelynysnnn' | pos_acc=14/14 (100.0%) | compared=14
Baseline | pred='nnlelneltynson' | pos_acc=5/14 (35.7%) | compared=14
CoT      | pred='nnlelnyeylntn' | pos_acc=4/14 (28.6%) | compared=13 | len_mismatch(gold=14, pred=13)
L2M      | pred='nnelynlyyyesnn' | pos_acc=8/14 (57.1%) | compared=14
L2M-DV   | pred='nnelnelyyensn' | pos_acc=7/14 (50.0%) | compared=13 | len_mismatch(gold=14, pred=13)
Baseline | pred='nlnyglynnymtyn' | pos_acc=4/14 (28.6%) | compared=14
CoT      | pred='nlnyglynnynnyg' | pos_acc=3/14 (21.4%) | compared=14
L2M      | pred='nnygyynnnyyyn' | pos_acc=10/14 (71.4%) | compared=13 | len_mismatch(gold=14, pred=13)
L2M-DV   | pred='nnygyynnmnyyyn' | pos_acc=14/14 (100.0%) | compared=14
Baseline | pred='nnveynnnlclmms' | pos_acc=6/14 (42.9%) | compared=14
CoT      | pred='nnveynnnnllnmm' | pos_acc=7/14 (50.0%) | compared=14
L2M      | pred='nnennnnynlllnm' | pos_acc=10/14 (71.4%) | compared=14
L2M-DV   | pred='nnennnnynlllnm' | pos_acc=10/14 (71.4%) | compared=14
Baseline | pred='ylllyyynsmnnn' | pos_acc=7/14 (50.0%) | compared=13 | len_mismatch(gold=14, pred=13)
CoT      | pred='ylllyyynyyynn' | pos_acc=9/14 (64.3%) | compared=13 | len_mismatch(gold=14, pred=13)
L2M      | pred='ylnyyyymyyennn' | pos_acc=14/14 (100.0%) | compared=14
L2M-DV   | pred='ylyyyyymyyennn' | pos_acc=13/14 (92.9%) | compared=14
Baseline | pred='nonlyyynnnnnnn' | pos_acc=10/14 (71.4%) | compared=14
CoT      | pred='nonlyyytnoonnn' | pos_acc=7/14 (50.0%) | compared=14
L2M      | pred='nnyeyyynnnnynn' | pos_acc=14/14 (100.0%) | compared=14
L2M-DV   | pred='nnyeyyynnnnynn' | pos_acc=14/14 (100.0%) | compared=14
Baseline | pred='ylyeeznnlyynee' | pos_acc=6/14 (42.9%) | compared=14
CoT      | pred='ylyetnsnlyyonn' | pos_acc=7/14 (50.0%) | compared=14
L2M      | pred='yylesnsyeyynen' | pos_acc=14/14 (100.0%) | compared=14
L2M-DV   | pred='yylesnsyeyyenn' | pos_acc=12/14 (85.7%) | compared=14
Baseline | pred='nyrnnntnndyeyee' | pos_acc=7/14 (50.0%) | compared=14 | len_mismatch(gold=14, pred=15)
CoT      | pred='nyrnlnnmmnnyee' | pos_acc=8/14 (57.1%) | compared=14
L2M      | pred='nyenltnmnnyne' | pos_acc=12/14 (85.7%) | compared=13 | len_mismatch(gold=14, pred=13)
L2M-DV   | pred='nyenltnmnnynye' | pos_acc=14/14 (100.0%) | compared=14
Baseline | pred='nnynnnnnnnyyyy' | pos_acc=6/14 (42.9%) | compared=14
CoT      | pred='nnynnnnnnnnnnn' | pos_acc=7/14 (50.0%) | compared=14
L2M      | pred='nnyynemyyyynny' | pos_acc=8/14 (57.1%) | compared=14
L2M-DV   | pred='nnyynemyyynny' | pos_acc=7/14 (50.0%) | compared=13 | len_mismatch(gold=14, pred=13)
Baseline | pred='enynlnelntnonn' | pos_acc=7/14 (50.0%) | compared=14
CoT      | pred='enynlnemnnnonn' | pos_acc=8/14 (57.1%) | compared=14
L2M      | pred='eyynnmeennnynn' | pos_acc=12/14 (85.7%) | compared=14
L2M-DV   | pred='eyynnmennnnynn' | pos_acc=13/14 (92.9%) | compared=14
Baseline | pred='yeteeylnnlyty' | pos_acc=3/14 (21.4%) | compared=13 | len_mismatch(gold=14, pred=13)
CoT      | pred='yednanltyycyy' | pos_acc=6/14 (42.9%) | compared=13 | len_mismatch(gold=14, pred=13)
L2M      | pred='yeyneeenylscyy' | pos_acc=7/14 (50.0%) | compared=14
L2M-DV   | pred='yeynyenlyscyyy' | pos_acc=12/14 (85.7%) | compared=14
Baseline | pred='lnnssyylntnlym' | pos_acc=7/14 (50.0%) | compared=14
CoT      | pred='lnnssyylntnsm' | pos_acc=5/14 (35.7%) | compared=13 | len_mismatch(gold=14, pred=13)
L2M      | pred='lnnsyllylnllnm' | pos_acc=9/14 (64.3%) | compared=14
L2M-DV   | pred='lnnsyylnynlnym' | pos_acc=14/14 (100.0%) | compared=14
Baseline | pred='nymtnlxnmnnnyn' | pos_acc=6/14 (42.9%) | compared=14
CoT      | pred='nymtnnmsnnooy' | pos_acc=5/14 (35.7%) | compared=13 | len_mismatch(gold=14, pred=13)
L2M      | pred='nyytnxmnylrnny' | pos_acc=14/14 (100.0%) | compared=14
L2M-DV   | pred='nyytnxmnylrnny' | pos_acc=14/14 (100.0%) | compared=14
Baseline | pred='ylyytleltlvey' | pos_acc=5/14 (35.7%) | compared=13 | len_mismatch(gold=14, pred=13)
CoT      | pred='ylyyngylrllvly' | pos_acc=8/14 (57.1%) | compared=14
L2M      | pred='yyyynellyllyey' | pos_acc=11/14 (78.6%) | compared=14
L2M-DV   | pred='yyyynellyyley' | pos_acc=7/14 (50.0%) | compared=13 | len_mismatch(gold=14, pred=13)
Baseline | pred='nnllnlnltynonn' | pos_acc=6/14 (42.9%) | compared=14
CoT      | pred='nnllnlnnynnnnn' | pos_acc=6/14 (42.9%) | compared=14
L2M      | pred='nllnnylyyyslnn' | pos_acc=12/14 (85.7%) | compared=14
L2M-DV   | pred='nllnnyyyyslnnn' | pos_acc=8/14 (57.1%) | compared=14

[Batch Summary for n_words=14]
  Baseline  : 43.21%
  CoT       : 46.43%
  L2M       : 78.21%
  L2M-DV    : 80.71%

======================================================================
num_words = 15 | batch_size = 20
Baseline | pred='nllnynllyyynssn' | pos_acc=10/15 (66.7%) | compared=15
CoT      | pred='nnynyyynynynynyn' | pos_acc=9/15 (60.0%) | compared=15 | len_mismatch(gold=15, pred=16)
L2M      | pred='nlynynyyyynynssn' | pos_acc=11/15 (73.3%) | compared=15 | len_mismatch(gold=15, pred=16)
L2M-DV   | pred='nlynynyyyynynsn' | pos_acc=12/15 (80.0%) | compared=15
Baseline | pred='llltyylnyynyyey' | pos_acc=8/15 (53.3%) | compared=15
CoT      | pred='llltynlnygnynre' | pos_acc=7/15 (46.7%) | compared=15
L2M      | pred='llmtyennymyyyyye' | pos_acc=10/15 (66.7%) | compared=15 | len_mismatch(gold=15, pred=16)
L2M-DV   | pred='llmtyeynmyyyyye' | pos_acc=12/15 (80.0%) | compared=15
Baseline | pred='nnnltylsgltlble' | pos_acc=3/15 (20.0%) | compared=15
CoT      | pred='nnnlltylsslelee' | pos_acc=4/15 (26.7%) | compared=15
L2M      | pred='nnycyyyeletell' | pos_acc=6/15 (40.0%) | compared=14 | len_mismatch(gold=15, pred=14)
L2M-DV   | pred='nnycyyyyeltelyl' | pos_acc=8/15 (53.3%) | compared=15
Baseline | pred='elnnssnntnllty' | pos_acc=2/15 (13.3%) | compared=14 | len_mismatch(gold=15, pred=14)
CoT      | pred='elnnssytnltyyey' | pos_acc=4/15 (26.7%) | compared=15
L2M      | pred='eynssynyyelxnly' | pos_acc=6/15 (40.0%) | compared=15
L2M-DV   | pred='eynsynmyelexnlty' | pos_acc=10/15 (66.7%) | compared=15 | len_mismatch(gold=15, pred=16)
Baseline | pred='yntlynnymnnyyyl' | pos_acc=8/15 (53.3%) | compared=15
CoT      | pred='yntlynnnlynyyyl' | pos_acc=8/15 (53.3%) | compared=15
L2M      | pred='ynrynynmnnnyyyl' | pos_acc=12/15 (80.0%) | compared=15
L2M-DV   | pred='ynrynymnnyyyyl' | pos_acc=10/15 (66.7%) | compared=14 | len_mismatch(gold=15, pred=14)
Baseline | pred='lyyonnnnnssyyt' | pos_acc=6/15 (40.0%) | compared=14 | len_mismatch(gold=15, pred=14)
CoT      | pred='lyyonnnnnssyyt' | pos_acc=6/15 (40.0%) | compared=14 | len_mismatch(gold=15, pred=14)
L2M      | pred='lymnnnnynyyysmey' | pos_acc=11/15 (73.3%) | compared=15 | len_mismatch(gold=15, pred=16)
L2M-DV   | pred='lymnnnnynynsmey' | pos_acc=14/15 (93.3%) | compared=15
Baseline | pred='nnynrgylyyynynm' | pos_acc=6/15 (40.0%) | compared=15
CoT      | pred='nnynynynynynynyn' | pos_acc=9/15 (60.0%) | compared=15 | len_mismatch(gold=15, pred=16)
L2M      | pred='nnyynnynynyyyny' | pos_acc=12/15 (80.0%) | compared=15
L2M-DV   | pred='nnyynynynynnnny' | pos_acc=10/15 (66.7%) | compared=15
Baseline | pred='nssyyssnnoaytss' | pos_acc=6/15 (40.0%) | compared=15
CoT      | pred='nnnyssllnntnsss' | pos_acc=8/15 (53.3%) | compared=15
L2M      | pred='nsnysylyennynns' | pos_acc=11/15 (73.3%) | compared=15
L2M-DV   | pred='nsnyyslyennynns' | pos_acc=13/15 (86.7%) | compared=15
Baseline | pred='nggnsmnleonllyl' | pos_acc=7/15 (46.7%) | compared=15
CoT      | pred='nggnnmlnlelnlly' | pos_acc=4/15 (26.7%) | compared=15
L2M      | pred='ngsmnyeyeynnyll' | pos_acc=6/15 (40.0%) | compared=15
L2M-DV   | pred='ngsmnyeenynnlly' | pos_acc=6/15 (40.0%) | compared=15
Baseline | pred='edmmynngnnttyn' | pos_acc=5/15 (33.3%) | compared=14 | len_mismatch(gold=15, pred=14)
CoT      | pred='edmmynngnlnytyn' | pos_acc=7/15 (46.7%) | compared=15
L2M      | pred='emmnynyyynnlyyn' | pos_acc=12/15 (80.0%) | compared=15
L2M-DV   | pred='emmnyynynnnlnyn' | pos_acc=14/15 (93.3%) | compared=15
Baseline | pred='sygyntnremsytty' | pos_acc=7/15 (46.7%) | compared=15
CoT      | pred='sygyntnctymtyy' | pos_acc=4/15 (26.7%) | compared=14 | len_mismatch(gold=15, pred=14)
L2M      | pred='seyyynreemnyycy' | pos_acc=13/15 (86.7%) | compared=15
L2M-DV   | pred='seyynyreemnyycy' | pos_acc=15/15 (100.0%) | compared=15
Baseline | pred='elnlntyltyyeyyx' | pos_acc=6/15 (40.0%) | compared=15
CoT      | pred='elnlntyltygyxkx' | pos_acc=4/15 (26.7%) | compared=15
L2M      | pred='eelylyyyyyenyyx' | pos_acc=12/15 (80.0%) | compared=15
L2M-DV   | pred='eelnlyyyyyenyyx' | pos_acc=13/15 (86.7%) | compared=15
Baseline | pred='nysytltynntnynn' | pos_acc=9/15 (60.0%) | compared=15
CoT      | pred='nymytorynnygyn' | pos_acc=9/15 (60.0%) | compared=14 | len_mismatch(gold=15, pred=14)
L2M      | pred='nyeyeyyynnyyynn' | pos_acc=15/15 (100.0%) | compared=15
L2M-DV   | pred='nyeyeyyyynyyyyn' | pos_acc=13/15 (86.7%) | compared=15
Baseline | pred='nylglnlntnntnnn' | pos_acc=3/15 (20.0%) | compared=15
CoT      | pred='lnnlllylnnnyonn' | pos_acc=5/15 (33.3%) | compared=15
L2M      | pred='ynynlnynllyymnnn' | pos_acc=7/15 (46.7%) | compared=15 | len_mismatch(gold=15, pred=16)
L2M-DV   | pred='ynylnylllyymnnn' | pos_acc=14/15 (93.3%) | compared=15
Baseline | pred='yynyyntnnnssyyr' | pos_acc=8/15 (53.3%) | compared=15
CoT      | pred='yynsyntnnnssyyr' | pos_acc=7/15 (46.7%) | compared=15
L2M      | pred='yytynnnennsmnyy' | pos_acc=11/15 (73.3%) | compared=15
L2M-DV   | pred='yyyynnnnensnymy' | pos_acc=12/15 (80.0%) | compared=15
Baseline | pred='mylntlnnlyeyee' | pos_acc=4/15 (26.7%) | compared=14 | len_mismatch(gold=15, pred=14)
CoT      | pred='yelalnnltylneee' | pos_acc=4/15 (26.7%) | compared=15
L2M      | pred='yenllneeyyyylee' | pos_acc=11/15 (73.3%) | compared=15
L2M-DV   | pred='yenlnlenyyyylne' | pos_acc=15/15 (100.0%) | compared=15
Baseline | pred='nlnnlnetnlnnntn' | pos_acc=9/15 (60.0%) | compared=15
CoT      | pred='nnsnoeltylnnnoe' | pos_acc=6/15 (40.0%) | compared=15
L2M      | pred='nnlnlnelymlllln' | pos_acc=9/15 (60.0%) | compared=15
L2M-DV   | pred='nnlnlneymlllny' | pos_acc=13/15 (86.7%) | compared=14 | len_mismatch(gold=15, pred=14)
Baseline | pred='ynoeyynnnlnnntn' | pos_acc=10/15 (66.7%) | compared=15
CoT      | pred='yntyyynnnlnnntn' | pos_acc=11/15 (73.3%) | compared=15
L2M      | pred='yneyynnnnlleyn' | pos_acc=11/15 (73.3%) | compared=14 | len_mismatch(gold=15, pred=14)
L2M-DV   | pred='yneyyylnlleynyn' | pos_acc=11/15 (73.3%) | compared=15
Baseline | pred='elenlnyeylntnss' | pos_acc=9/15 (60.0%) | compared=15
CoT      | pred='elenntnntnntnss' | pos_acc=6/15 (40.0%) | compared=15
L2M      | pred='elenlyyeelyeesn' | pos_acc=11/15 (73.3%) | compared=15
L2M-DV   | pred='elenlyyellyensn' | pos_acc=13/15 (86.7%) | compared=15
Baseline | pred='cnonntlynnnnnnn' | pos_acc=9/15 (60.0%) | compared=15
CoT      | pred='cnenngnnlntnnn' | pos_acc=7/15 (46.7%) | compared=14 | len_mismatch(gold=15, pred=14)
L2M      | pred='cnennlyyymlnnyn' | pos_acc=12/15 (80.0%) | compared=15
L2M-DV   | pred='cnennlyyymnnynn' | pos_acc=15/15 (100.0%) | compared=15

[Batch Summary for n_words=15]
  Baseline  : 45.00%
  CoT       : 43.00%
  L2M       : 69.67%
  L2M-DV    : 81.00%
----------------------------------------------------------------------
Average position-wise accuracy (Macro / Micro) | Exact Match
Baseline : 55.88% / 49.42% | EM: 10.33%
CoT      : 55.90% / 50.21% | EM: 10.00%
L2M      : 90.68% / 86.21% | EM: 64.00%
L2M-DV   : 91.63% / 88.38% | EM: 65.33%

======================================================================
Position-wise Accuracy by Number of Words (%)
======================================================================
 n_words |   Baseline |        CoT |        L2M |     L2M-DV
----------------------------------------------------------------------
       1 |     100.00 |     100.00 |     100.00 |     100.00
       2 |      67.50 |      65.00 |     100.00 |     100.00
       3 |      58.33 |      56.67 |     100.00 |     100.00
       4 |      62.50 |      61.25 |      96.25 |      96.25
       5 |      61.00 |      57.00 |      97.00 |      95.00
       6 |      60.00 |      57.50 |      96.67 |      96.67
       7 |      55.00 |      55.71 |      94.29 |      89.29
       8 |      55.62 |      56.25 |      97.50 |      91.88
       9 |      52.78 |      48.89 |      88.89 |      93.33
      10 |      48.50 |      53.50 |      87.50 |      91.00
      11 |      47.73 |      49.55 |      88.18 |      90.00
      12 |      43.33 |      45.83 |      87.92 |      81.67
      13 |      37.69 |      41.92 |      78.08 |      87.69
      14 |      43.21 |      46.43 |      78.21 |      80.71
      15 |      45.00 |      43.00 |      69.67 |      81.00
----------------------------------------------------------------------
   Micro |      49.42 |      50.21 |      86.21 |      88.38
   Macro |      55.88 |      55.90 |      90.68 |      91.63
      EM |      10.33 |      10.00 |      64.00 |      65.33
======================================================================

 : experiments/20251215_173956/accuracy_comparison.png
