
======================================================================
num_words = 1 | batch_size = 20
Baseline | pred='y' | pos_acc=1/1 (100.0%) | 343tok | 1.23s
CoT      | pred='y' | pos_acc=1/1 (100.0%) | 368tok | 2.00s
L2M      | pred='y' | pos_acc=1/1 (100.0%) | 512tok | 2.81s
L2M-DV   | pred='y' | pos_acc=1/1 (100.0%) | 584tok | 1.67s
Baseline | pred='s' | pos_acc=1/1 (100.0%) | 344tok | 1.38s
CoT      | pred='s' | pos_acc=1/1 (100.0%) | 369tok | 1.57s
L2M      | pred='s' | pos_acc=1/1 (100.0%) | 513tok | 2.31s
L2M-DV   | pred='s' | pos_acc=1/1 (100.0%) | 586tok | 1.66s
Baseline | pred='l' | pos_acc=1/1 (100.0%) | 344tok | 0.83s
CoT      | pred='l' | pos_acc=1/1 (100.0%) | 369tok | 1.22s
L2M      | pred='l' | pos_acc=1/1 (100.0%) | 513tok | 1.01s
L2M-DV   | pred='l' | pos_acc=1/1 (100.0%) | 585tok | 1.38s
Baseline | pred='l' | pos_acc=1/1 (100.0%) | 343tok | 0.86s
CoT      | pred='l' | pos_acc=1/1 (100.0%) | 368tok | 0.61s
L2M      | pred='l' | pos_acc=1/1 (100.0%) | 512tok | 1.00s
L2M-DV   | pred='l' | pos_acc=1/1 (100.0%) | 583tok | 1.31s
Baseline | pred='y' | pos_acc=1/1 (100.0%) | 343tok | 0.89s
CoT      | pred='y' | pos_acc=1/1 (100.0%) | 368tok | 0.81s
L2M      | pred='y' | pos_acc=1/1 (100.0%) | 512tok | 2.02s
L2M-DV   | pred='y' | pos_acc=1/1 (100.0%) | 583tok | 1.79s
Baseline | pred='y' | pos_acc=1/1 (100.0%) | 345tok | 0.83s
CoT      | pred='y' | pos_acc=1/1 (100.0%) | 370tok | 0.59s
L2M      | pred='y' | pos_acc=1/1 (100.0%) | 514tok | 1.42s
L2M-DV   | pred='y' | pos_acc=1/1 (100.0%) | 587tok | 1.26s
Baseline | pred='t' | pos_acc=1/1 (100.0%) | 343tok | 0.77s
CoT      | pred='t' | pos_acc=1/1 (100.0%) | 368tok | 1.37s
L2M      | pred='t' | pos_acc=1/1 (100.0%) | 512tok | 1.22s
L2M-DV   | pred='t' | pos_acc=1/1 (100.0%) | 583tok | 1.75s
Baseline | pred='n' | pos_acc=1/1 (100.0%) | 344tok | 0.95s
CoT      | pred='n' | pos_acc=1/1 (100.0%) | 369tok | 0.83s
L2M      | pred='n' | pos_acc=1/1 (100.0%) | 513tok | 1.04s
L2M-DV   | pred='n' | pos_acc=1/1 (100.0%) | 586tok | 1.58s
Baseline | pred='n' | pos_acc=1/1 (100.0%) | 343tok | 0.79s
CoT      | pred='n' | pos_acc=1/1 (100.0%) | 368tok | 0.82s
L2M      | pred='n' | pos_acc=1/1 (100.0%) | 512tok | 1.20s
L2M-DV   | pred='n' | pos_acc=1/1 (100.0%) | 583tok | 12.46s
Baseline | pred='m' | pos_acc=1/1 (100.0%) | 344tok | 1.15s
CoT      | pred='m' | pos_acc=1/1 (100.0%) | 369tok | 0.66s
L2M      | pred='m' | pos_acc=1/1 (100.0%) | 513tok | 1.38s
L2M-DV   | pred='m' | pos_acc=1/1 (100.0%) | 586tok | 1.98s
Baseline | pred='y' | pos_acc=1/1 (100.0%) | 345tok | 1.27s
CoT      | pred='y' | pos_acc=1/1 (100.0%) | 370tok | 1.26s
L2M      | pred='y' | pos_acc=1/1 (100.0%) | 514tok | 1.57s
L2M-DV   | pred='y' | pos_acc=1/1 (100.0%) | 587tok | 1.60s
Baseline | pred='m' | pos_acc=1/1 (100.0%) | 346tok | 0.67s
CoT      | pred='m' | pos_acc=1/1 (100.0%) | 371tok | 0.96s
L2M      | pred='m' | pos_acc=1/1 (100.0%) | 515tok | 1.08s
L2M-DV   | pred='m' | pos_acc=1/1 (100.0%) | 588tok | 1.43s
Baseline | pred='y' | pos_acc=1/1 (100.0%) | 343tok | 1.54s
CoT      | pred='y' | pos_acc=1/1 (100.0%) | 368tok | 0.79s
L2M      | pred='y' | pos_acc=1/1 (100.0%) | 512tok | 2.43s
L2M-DV   | pred='y' | pos_acc=1/1 (100.0%) | 583tok | 1.57s
Baseline | pred='y' | pos_acc=1/1 (100.0%) | 343tok | 0.81s
CoT      | pred='y' | pos_acc=1/1 (100.0%) | 368tok | 1.34s
L2M      | pred='y' | pos_acc=1/1 (100.0%) | 512tok | 1.66s
L2M-DV   | pred='y' | pos_acc=1/1 (100.0%) | 584tok | 1.64s
Baseline | pred='n' | pos_acc=1/1 (100.0%) | 343tok | 0.92s
CoT      | pred='n' | pos_acc=1/1 (100.0%) | 368tok | 1.22s
L2M      | pred='n' | pos_acc=1/1 (100.0%) | 512tok | 1.25s
L2M-DV   | pred='n' | pos_acc=1/1 (100.0%) | 584tok | 1.40s
Baseline | pred='s' | pos_acc=1/1 (100.0%) | 344tok | 0.91s
CoT      | pred='s' | pos_acc=1/1 (100.0%) | 369tok | 1.05s
L2M      | pred='s' | pos_acc=1/1 (100.0%) | 513tok | 1.00s
L2M-DV   | pred='s' | pos_acc=1/1 (100.0%) | 586tok | 1.88s
Baseline | pred='n' | pos_acc=1/1 (100.0%) | 344tok | 1.07s
CoT      | pred='n' | pos_acc=1/1 (100.0%) | 369tok | 0.84s
L2M      | pred='n' | pos_acc=1/1 (100.0%) | 513tok | 1.41s
L2M-DV   | pred='n' | pos_acc=1/1 (100.0%) | 585tok | 1.23s
Baseline | pred='n' | pos_acc=1/1 (100.0%) | 344tok | 1.54s
CoT      | pred='n' | pos_acc=1/1 (100.0%) | 369tok | 1.24s
L2M      | pred='n' | pos_acc=1/1 (100.0%) | 513tok | 1.21s
L2M-DV   | pred='n' | pos_acc=1/1 (100.0%) | 585tok | 1.11s
Baseline | pred='y' | pos_acc=1/1 (100.0%) | 343tok | 1.30s
CoT      | pred='y' | pos_acc=1/1 (100.0%) | 368tok | 0.91s
L2M      | pred='y' | pos_acc=1/1 (100.0%) | 512tok | 1.05s
L2M-DV   | pred='y' | pos_acc=1/1 (100.0%) | 584tok | 1.61s
Baseline | pred='n' | pos_acc=1/1 (100.0%) | 345tok | 1.45s
CoT      | pred='n' | pos_acc=1/1 (100.0%) | 370tok | 0.68s
L2M      | pred='n' | pos_acc=1/1 (100.0%) | 514tok | 1.30s
L2M-DV   | pred='n' | pos_acc=1/1 (100.0%) | 587tok | 1.44s

### Batch Summary (n_words=1)
| Strategy | Accuracy | Tokens | Avg Time |
|----------|----------|--------|----------|
| Baseline | 100.00% | 6,876 | 1.059s |
| CoT      | 100.00% | 7,376 | 1.038s |
| L2M      | 100.00% | 10,256 | 1.468s |
| L2M-DV   | 100.00% | 11,699 | 2.087s |

======================================================================
num_words = 2 | batch_size = 20
Baseline | pred='nn' | pos_acc=2/2 (100.0%) | 344tok | 1.05s
CoT      | pred='nn' | pos_acc=2/2 (100.0%) | 369tok | 0.79s
L2M      | pred='nn' | pos_acc=2/2 (100.0%) | 532tok | 1.49s
L2M-DV   | pred='nn' | pos_acc=2/2 (100.0%) | 592tok | 1.57s
Baseline | pred='ee' | pos_acc=1/2 (50.0%) | 346tok | 0.95s
CoT      | pred='ee' | pos_acc=1/2 (50.0%) | 371tok | 1.21s
L2M      | pred='en' | pos_acc=2/2 (100.0%) | 534tok | 1.18s
L2M-DV   | pred='en' | pos_acc=2/2 (100.0%) | 595tok | 1.48s
Baseline | pred='yt' | pos_acc=1/2 (50.0%) | 347tok | 0.84s
CoT      | pred='yt' | pos_acc=1/2 (50.0%) | 372tok | 0.77s
L2M      | pred='ye' | pos_acc=2/2 (100.0%) | 535tok | 1.31s
L2M-DV   | pred='ye' | pos_acc=2/2 (100.0%) | 596tok | 2.65s
Baseline | pred='nn' | pos_acc=1/2 (50.0%) | 345tok | 0.82s
CoT      | pred='nn' | pos_acc=1/2 (50.0%) | 370tok | 1.50s
L2M      | pred='ny' | pos_acc=2/2 (100.0%) | 533tok | 1.05s
L2M-DV   | pred='ny' | pos_acc=2/2 (100.0%) | 593tok | 1.22s
Baseline | pred='yt' | pos_acc=2/2 (100.0%) | 346tok | 0.85s
CoT      | pred='yt' | pos_acc=2/2 (100.0%) | 371tok | 1.24s
L2M      | pred='yt' | pos_acc=2/2 (100.0%) | 534tok | 2.10s
L2M-DV   | pred='yt' | pos_acc=2/2 (100.0%) | 596tok | 1.05s
Baseline | pred='mc' | pos_acc=1/2 (50.0%) | 347tok | 0.69s
CoT      | pred='mc' | pos_acc=1/2 (50.0%) | 372tok | 0.75s
L2M      | pred='my' | pos_acc=2/2 (100.0%) | 535tok | 1.89s
L2M-DV   | pred='my' | pos_acc=2/2 (100.0%) | 598tok | 1.92s
Baseline | pred='nn' | pos_acc=1/2 (50.0%) | 346tok | 0.87s
CoT      | pred='nn' | pos_acc=1/2 (50.0%) | 371tok | 0.79s
L2M      | pred='ny' | pos_acc=2/2 (100.0%) | 534tok | 1.56s
L2M-DV   | pred='ny' | pos_acc=2/2 (100.0%) | 596tok | 1.70s
Baseline | pred='yt' | pos_acc=1/2 (50.0%) | 348tok | 1.20s
CoT      | pred='yt' | pos_acc=1/2 (50.0%) | 373tok | 1.01s
L2M      | pred='ym' | pos_acc=2/2 (100.0%) | 536tok | 1.92s
L2M-DV   | pred='ym' | pos_acc=2/2 (100.0%) | 599tok | 1.93s
Baseline | pred='rr' | pos_acc=1/2 (50.0%) | 346tok | 0.75s
CoT      | pred='rr' | pos_acc=1/2 (50.0%) | 371tok | 1.50s
L2M      | pred='rn' | pos_acc=2/2 (100.0%) | 534tok | 1.56s
L2M-DV   | pred='rn' | pos_acc=2/2 (100.0%) | 597tok | 1.32s
Baseline | pred='yy' | pos_acc=2/2 (100.0%) | 346tok | 1.05s
CoT      | pred='yy' | pos_acc=2/2 (100.0%) | 371tok | 0.81s
L2M      | pred='yy' | pos_acc=2/2 (100.0%) | 534tok | 1.43s
L2M-DV   | pred='yy' | pos_acc=2/2 (100.0%) | 595tok | 2.30s
Baseline | pred='ye' | pos_acc=2/2 (100.0%) | 347tok | 1.01s
CoT      | pred='yn' | pos_acc=1/2 (50.0%) | 372tok | 0.96s
L2M      | pred='ye' | pos_acc=2/2 (100.0%) | 535tok | 2.39s
L2M-DV   | pred='ye' | pos_acc=2/2 (100.0%) | 599tok | 1.48s
Baseline | pred='ly' | pos_acc=1/2 (50.0%) | 346tok | 0.96s
CoT      | pred='ly' | pos_acc=1/2 (50.0%) | 371tok | 0.84s
L2M      | pred='yy' | pos_acc=2/2 (100.0%) | 534tok | 34.14s
L2M-DV   | pred='yy' | pos_acc=2/2 (100.0%) | 595tok | 1.91s
Baseline | pred='gn' | pos_acc=2/2 (100.0%) | 343tok | 0.77s
CoT      | pred='gn' | pos_acc=2/2 (100.0%) | 368tok | 0.73s
L2M      | pred='gn' | pos_acc=2/2 (100.0%) | 531tok | 1.50s
L2M-DV   | pred='gn' | pos_acc=2/2 (100.0%) | 592tok | 1.75s
Baseline | pred='ry' | pos_acc=2/2 (100.0%) | 345tok | 1.03s
CoT      | pred='ry' | pos_acc=2/2 (100.0%) | 370tok | 1.44s
L2M      | pred='ry' | pos_acc=2/2 (100.0%) | 533tok | 1.54s
L2M-DV   | pred='ry' | pos_acc=2/2 (100.0%) | 596tok | 1.33s
Baseline | pred='et' | pos_acc=1/2 (50.0%) | 349tok | 0.93s
CoT      | pred='et' | pos_acc=1/2 (50.0%) | 374tok | 0.62s
L2M      | pred='ee' | pos_acc=2/2 (100.0%) | 537tok | 2.14s
L2M-DV   | pred='ee' | pos_acc=2/2 (100.0%) | 602tok | 1.34s
Baseline | pred='yg' | pos_acc=1/2 (50.0%) | 345tok | 1.52s
CoT      | pred='yg' | pos_acc=1/2 (50.0%) | 370tok | 0.81s
L2M      | pred='yx' | pos_acc=2/2 (100.0%) | 534tok | 1.95s
L2M-DV   | pred='yx' | pos_acc=2/2 (100.0%) | 597tok | 1.43s
Baseline | pred='ye' | pos_acc=2/2 (100.0%) | 345tok | 0.77s
CoT      | pred='ye' | pos_acc=2/2 (100.0%) | 370tok | 0.85s
L2M      | pred='ye' | pos_acc=2/2 (100.0%) | 533tok | 1.47s
L2M-DV   | pred='ye' | pos_acc=2/2 (100.0%) | 595tok | 1.27s
Baseline | pred='ng' | pos_acc=1/2 (50.0%) | 344tok | 0.88s
CoT      | pred='nn' | pos_acc=1/2 (50.0%) | 369tok | 0.68s
L2M      | pred='ny' | pos_acc=2/2 (100.0%) | 532tok | 1.35s
L2M-DV   | pred='ny' | pos_acc=2/2 (100.0%) | 592tok | 2.11s
Baseline | pred='ng' | pos_acc=1/2 (50.0%) | 347tok | 0.71s
CoT      | pred='ng' | pos_acc=1/2 (50.0%) | 372tok | 0.77s
L2M      | pred='ny' | pos_acc=2/2 (100.0%) | 535tok | 2.41s
L2M-DV   | pred='ny' | pos_acc=2/2 (100.0%) | 596tok | 1.89s
Baseline | pred='nn' | pos_acc=1/2 (50.0%) | 347tok | 0.96s
CoT      | pred='nn' | pos_acc=1/2 (50.0%) | 372tok | 0.77s
L2M      | pred='nc' | pos_acc=2/2 (100.0%) | 535tok | 1.71s
L2M-DV   | pred='nc' | pos_acc=2/2 (100.0%) | 598tok | 1.71s

### Batch Summary (n_words=2)
| Strategy | Accuracy | Tokens | Avg Time |
|----------|----------|--------|----------|
| Baseline |  67.50% | 6,919 | 0.931s |
| CoT      |  65.00% | 7,419 | 0.942s |
| L2M      | 100.00% | 10,680 | 3.305s |
| L2M-DV   | 100.00% | 11,919 | 1.668s |

======================================================================
num_words = 3 | batch_size = 20
Baseline | pred='sns' | pos_acc=1/3 (33.3%) | 349tok | 0.84s
CoT      | pred='sns' | pos_acc=1/3 (33.3%) | 374tok | 0.93s
L2M      | pred='sln' | pos_acc=3/3 (100.0%) | 557tok | 2.26s
L2M-DV   | pred='sln' | pos_acc=3/3 (100.0%) | 659tok | 2.16s
Baseline | pred='lnn' | pos_acc=2/3 (66.7%) | 352tok | 1.27s
CoT      | pred='lnn' | pos_acc=2/3 (66.7%) | 377tok | 1.27s
L2M      | pred='ynn' | pos_acc=3/3 (100.0%) | 559tok | 1.64s
L2M-DV   | pred='ynn' | pos_acc=3/3 (100.0%) | 625tok | 2.04s
Baseline | pred='nyr' | pos_acc=2/3 (66.7%) | 348tok | 0.83s
CoT      | pred='nyr' | pos_acc=2/3 (66.7%) | 373tok | 0.79s
L2M      | pred='nyy' | pos_acc=3/3 (100.0%) | 555tok | 1.71s
L2M-DV   | pred='nyy' | pos_acc=3/3 (100.0%) | 620tok | 1.64s
Baseline | pred='yyy' | pos_acc=3/3 (100.0%) | 350tok | 0.79s
CoT      | pred='yyy' | pos_acc=3/3 (100.0%) | 375tok | 0.86s
L2M      | pred='yyy' | pos_acc=3/3 (100.0%) | 557tok | 1.33s
L2M-DV   | pred='yyy' | pos_acc=3/3 (100.0%) | 666tok | 1.53s
Baseline | pred='yms' | pos_acc=2/3 (66.7%) | 350tok | 0.87s
CoT      | pred='yms' | pos_acc=2/3 (66.7%) | 375tok | 0.98s
L2M      | pred='ymy' | pos_acc=3/3 (100.0%) | 557tok | 1.28s
L2M-DV   | pred='ymy' | pos_acc=3/3 (100.0%) | 662tok | 2.06s
Baseline | pred='nen' | pos_acc=1/3 (33.3%) | 351tok | 0.77s
CoT      | pred='non' | pos_acc=1/3 (33.3%) | 376tok | 0.72s
L2M      | pred='nye' | pos_acc=3/3 (100.0%) | 558tok | 2.01s
L2M-DV   | pred='nye' | pos_acc=3/3 (100.0%) | 665tok | 2.01s
Baseline | pred='lyt' | pos_acc=1/3 (33.3%) | 351tok | 0.72s
CoT      | pred='lyt' | pos_acc=1/3 (33.3%) | 376tok | 0.86s
L2M      | pred='yyl' | pos_acc=3/3 (100.0%) | 558tok | 1.46s
L2M-DV   | pred='yyl' | pos_acc=3/3 (100.0%) | 622tok | 1.58s
Baseline | pred='eon' | pos_acc=1/3 (33.3%) | 350tok | 0.72s
CoT      | pred='eon' | pos_acc=1/3 (33.3%) | 375tok | 1.12s
L2M      | pred='eny' | pos_acc=3/3 (100.0%) | 556tok | 1.73s
L2M-DV   | pred='eny' | pos_acc=3/3 (100.0%) | 663tok | 1.74s
Baseline | pred='mty' | pos_acc=1/3 (33.3%) | 352tok | 0.68s
CoT      | pred='mty' | pos_acc=1/3 (33.3%) | 377tok | 0.92s
L2M      | pred='myl' | pos_acc=3/3 (100.0%) | 559tok | 1.72s
L2M-DV   | pred='myl' | pos_acc=3/3 (100.0%) | 664tok | 1.71s
Baseline | pred='yms' | pos_acc=2/3 (66.7%) | 349tok | 0.87s
CoT      | pred='yms' | pos_acc=2/3 (66.7%) | 374tok | 0.80s
L2M      | pred='ymn' | pos_acc=3/3 (100.0%) | 556tok | 2.34s
L2M-DV   | pred='ymn' | pos_acc=3/3 (100.0%) | 660tok | 2.28s
Baseline | pred='nly' | pos_acc=2/3 (66.7%) | 349tok | 0.86s
CoT      | pred='nys' | pos_acc=2/3 (66.7%) | 374tok | 0.84s
L2M      | pred='nyy' | pos_acc=3/3 (100.0%) | 556tok | 1.45s
L2M-DV   | pred='nyy' | pos_acc=3/3 (100.0%) | 662tok | 1.77s
Baseline | pred='yno' | pos_acc=2/3 (66.7%) | 350tok | 1.06s
CoT      | pred='yno' | pos_acc=2/3 (66.7%) | 375tok | 1.08s
L2M      | pred='ynl' | pos_acc=3/3 (100.0%) | 557tok | 2.79s
L2M-DV   | pred='ynl' | pos_acc=3/3 (100.0%) | 661tok | 2.04s
Baseline | pred='myy' | pos_acc=3/3 (100.0%) | 352tok | 0.81s
CoT      | pred='myy' | pos_acc=3/3 (100.0%) | 377tok | 0.88s
L2M      | pred='myy' | pos_acc=3/3 (100.0%) | 559tok | 1.22s
L2M-DV   | pred='myy' | pos_acc=3/3 (100.0%) | 665tok | 2.52s
Baseline | pred='non' | pos_acc=2/3 (66.7%) | 346tok | 1.27s
CoT      | pred='non' | pos_acc=2/3 (66.7%) | 371tok | 1.45s
L2M      | pred='nnn' | pos_acc=3/3 (100.0%) | 554tok | 1.24s
L2M-DV   | pred='nnn' | pos_acc=3/3 (100.0%) | 655tok | 2.08s
Baseline | pred='eyr' | pos_acc=2/3 (66.7%) | 351tok | 0.87s
CoT      | pred='eyy' | pos_acc=3/3 (100.0%) | 376tok | 1.28s
L2M      | pred='eyy' | pos_acc=3/3 (100.0%) | 558tok | 1.85s
L2M-DV   | pred='eyy' | pos_acc=3/3 (100.0%) | 668tok | 2.25s
Baseline | pred='nss' | pos_acc=2/3 (66.7%) | 350tok | 1.31s
CoT      | pred='nss' | pos_acc=2/3 (66.7%) | 375tok | 0.71s
L2M      | pred='nsm' | pos_acc=3/3 (100.0%) | 557tok | 2.50s
L2M-DV   | pred='nsm' | pos_acc=3/3 (100.0%) | 661tok | 2.46s
Baseline | pred='yln' | pos_acc=2/3 (66.7%) | 352tok | 1.02s
CoT      | pred='yln' | pos_acc=2/3 (66.7%) | 377tok | 1.02s
L2M      | pred='yly' | pos_acc=3/3 (100.0%) | 559tok | 1.33s
L2M-DV   | pred='yly' | pos_acc=3/3 (100.0%) | 626tok | 2.06s
Baseline | pred='lyy' | pos_acc=2/3 (66.7%) | 349tok | 0.84s
CoT      | pred='lyy' | pos_acc=2/3 (66.7%) | 374tok | 0.70s
L2M      | pred='yyy' | pos_acc=3/3 (100.0%) | 556tok | 1.78s
L2M-DV   | pred='yyy' | pos_acc=3/3 (100.0%) | 662tok | 1.54s
Baseline | pred='yno' | pos_acc=2/3 (66.7%) | 348tok | 0.81s
CoT      | pred='lnn' | pos_acc=2/3 (66.7%) | 373tok | 0.81s
L2M      | pred='ynn' | pos_acc=3/3 (100.0%) | 555tok | 2.32s
L2M-DV   | pred='ynn' | pos_acc=3/3 (100.0%) | 617tok | 2.44s
Baseline | pred='non' | pos_acc=1/3 (33.3%) | 346tok | 0.72s
CoT      | pred='nty' | pos_acc=1/3 (33.3%) | 372tok | 0.85s
L2M      | pred='nym' | pos_acc=3/3 (100.0%) | 554tok | 1.81s
L2M-DV   | pred='nym' | pos_acc=3/3 (100.0%) | 660tok | 2.05s

### Batch Summary (n_words=3)
| Strategy | Accuracy | Tokens | Avg Time |
|----------|----------|--------|----------|
| Baseline |  60.00% | 6,995 | 0.897s |
| CoT      |  61.67% | 7,496 | 0.944s |
| L2M      | 100.00% | 11,137 | 1.788s |
| L2M-DV   | 100.00% | 13,043 | 1.998s |

======================================================================
num_words = 4 | batch_size = 20
Baseline | pred='lnnn' | pos_acc=4/4 (100.0%) | 352tok | 0.75s
CoT      | pred='lnon' | pos_acc=3/4 (75.0%) | 376tok | 0.82s
L2M      | pred='lnnn' | pos_acc=4/4 (100.0%) | 578tok | 1.31s
L2M-DV   | pred='lnnn' | pos_acc=4/4 (100.0%) | 700tok | 2.44s
Baseline | pred='nnny' | pos_acc=4/4 (100.0%) | 352tok | 0.83s
CoT      | pred='nnly' | pos_acc=3/4 (75.0%) | 377tok | 1.05s
L2M      | pred='nnny' | pos_acc=4/4 (100.0%) | 578tok | 2.67s
L2M-DV   | pred='nnny' | pos_acc=4/4 (100.0%) | 702tok | 2.44s
Baseline | pred='yonn' | pos_acc=1/4 (25.0%) | 353tok | 0.80s
CoT      | pred='yonn' | pos_acc=1/4 (25.0%) | 378tok | 0.80s
L2M      | pred='ynys' | pos_acc=4/4 (100.0%) | 579tok | 2.05s
L2M-DV   | pred='ynys' | pos_acc=4/4 (100.0%) | 701tok | 2.27s
Baseline | pred='ylan' | pos_acc=2/4 (50.0%) | 354tok | 1.28s
CoT      | pred='ylan' | pos_acc=2/4 (50.0%) | 379tok | 1.34s
L2M      | pred='ylny' | pos_acc=4/4 (100.0%) | 581tok | 1.27s
L2M-DV   | pred='ylny' | pos_acc=4/4 (100.0%) | 703tok | 1.81s
Baseline | pred='ylyn' | pos_acc=1/4 (25.0%) | 351tok | 0.96s
CoT      | pred='ylyn' | pos_acc=1/4 (25.0%) | 376tok | 0.83s
L2M      | pred='ynny' | pos_acc=3/4 (75.0%) | 577tok | 1.33s
L2M-DV   | pred='yynn' | pos_acc=3/4 (75.0%) | 699tok | 2.35s
Baseline | pred='ylyn' | pos_acc=2/4 (50.0%) | 357tok | 0.76s
CoT      | pred='ylyn' | pos_acc=2/4 (50.0%) | 383tok | 0.63s
L2M      | pred='yyen' | pos_acc=4/4 (100.0%) | 583tok | 1.74s
L2M-DV   | pred='yyen' | pos_acc=4/4 (100.0%) | 698tok | 2.00s
Baseline | pred='nnss' | pos_acc=3/4 (75.0%) | 351tok | 0.82s
CoT      | pred='nnss' | pos_acc=3/4 (75.0%) | 376tok | 1.37s
L2M      | pred='nnsc' | pos_acc=4/4 (100.0%) | 577tok | 1.58s
L2M-DV   | pred='nnsc' | pos_acc=4/4 (100.0%) | 701tok | 2.09s
Baseline | pred='cnsn' | pos_acc=2/4 (50.0%) | 354tok | 0.74s
CoT      | pred='cnsmm' | pos_acc=3/4 (75.0%) | 379tok | 0.78s | len_mismatch(gold=4, pred=5)
L2M      | pred='cnnm' | pos_acc=4/4 (100.0%) | 579tok | 1.61s
L2M-DV   | pred='cnnm' | pos_acc=4/4 (100.0%) | 648tok | 1.82s
Baseline | pred='snly' | pos_acc=3/4 (75.0%) | 352tok | 0.74s
CoT      | pred='snly' | pos_acc=3/4 (75.0%) | 377tok | 0.77s
L2M      | pred='snyy' | pos_acc=4/4 (100.0%) | 578tok | 1.85s
L2M-DV   | pred='snyy' | pos_acc=4/4 (100.0%) | 644tok | 2.40s
Baseline | pred='eony' | pos_acc=3/4 (75.0%) | 351tok | 0.61s
CoT      | pred='etnn' | pos_acc=2/4 (50.0%) | 376tok | 1.21s
L2M      | pred='eyny' | pos_acc=4/4 (100.0%) | 577tok | 1.82s
L2M-DV   | pred='eyny' | pos_acc=4/4 (100.0%) | 697tok | 3.16s
Baseline | pred='nvee' | pos_acc=2/4 (50.0%) | 351tok | 0.90s
CoT      | pred='nvee' | pos_acc=2/4 (50.0%) | 376tok | 1.01s
L2M      | pred='nene' | pos_acc=4/4 (100.0%) | 577tok | 1.93s
L2M-DV   | pred='nene' | pos_acc=4/4 (100.0%) | 700tok | 2.62s
Baseline | pred='llyg' | pos_acc=1/4 (25.0%) | 355tok | 0.92s
CoT      | pred='lyyy' | pos_acc=3/4 (75.0%) | 380tok | 1.18s
L2M      | pred='lley' | pos_acc=3/4 (75.0%) | 581tok | 1.37s
L2M-DV   | pred='lley' | pos_acc=3/4 (75.0%) | 653tok | 1.87s
Baseline | pred='ygly' | pos_acc=1/4 (25.0%) | 349tok | 0.91s
CoT      | pred='ygyg' | pos_acc=2/4 (50.0%) | 375tok | 1.22s
L2M      | pred='yyyn' | pos_acc=4/4 (100.0%) | 575tok | 3.18s
L2M-DV   | pred='yynn' | pos_acc=3/4 (75.0%) | 643tok | 1.90s
Baseline | pred='nnyn' | pos_acc=3/4 (75.0%) | 354tok | 0.76s
CoT      | pred='nnyn' | pos_acc=3/4 (75.0%) | 379tok | 0.88s
L2M      | pred='nyyn' | pos_acc=4/4 (100.0%) | 580tok | 1.57s
L2M-DV   | pred='nyyn' | pos_acc=4/4 (100.0%) | 706tok | 2.69s
Baseline | pred='msne' | pos_acc=3/4 (75.0%) | 357tok | 0.88s
CoT      | pred='mnve' | pos_acc=2/4 (50.0%) | 382tok | 0.80s
L2M      | pred='myne' | pos_acc=4/4 (100.0%) | 583tok | 1.55s
L2M-DV   | pred='myne' | pos_acc=4/4 (100.0%) | 699tok | 3.15s
Baseline | pred='lnen' | pos_acc=1/4 (25.0%) | 352tok | 1.12s
CoT      | pred='lneny' | pos_acc=1/4 (25.0%) | 378tok | 0.79s | len_mismatch(gold=4, pred=5)
L2M      | pred='leny' | pos_acc=4/4 (100.0%) | 578tok | 3.69s
L2M-DV   | pred='leny' | pos_acc=4/4 (100.0%) | 641tok | 2.08s
Baseline | pred='ytyl' | pos_acc=2/4 (50.0%) | 355tok | 0.76s
CoT      | pred='ytyl' | pos_acc=2/4 (50.0%) | 380tok | 1.04s
L2M      | pred='ynnl' | pos_acc=3/4 (75.0%) | 580tok | 2.39s
L2M-DV   | pred='yynl' | pos_acc=4/4 (100.0%) | 702tok | 2.53s
Baseline | pred='nnno' | pos_acc=3/4 (75.0%) | 353tok | 0.92s
CoT      | pred='nonn' | pos_acc=3/4 (75.0%) | 378tok | 1.01s
L2M      | pred='nnnn' | pos_acc=4/4 (100.0%) | 580tok | 1.66s
L2M-DV   | pred='nnnn' | pos_acc=4/4 (100.0%) | 700tok | 3.37s
Baseline | pred='nnno' | pos_acc=3/4 (75.0%) | 351tok | 0.75s
CoT      | pred='nnno' | pos_acc=3/4 (75.0%) | 376tok | 1.91s
L2M      | pred='nnnn' | pos_acc=4/4 (100.0%) | 578tok | 1.70s
L2M-DV   | pred='nnnn' | pos_acc=4/4 (100.0%) | 697tok | 2.12s
Baseline | pred='nnys' | pos_acc=3/4 (75.0%) | 353tok | 1.02s
CoT      | pred='nnnx' | pos_acc=3/4 (75.0%) | 379tok | 0.97s
L2M      | pred='nnyx' | pos_acc=4/4 (100.0%) | 579tok | 1.50s
L2M-DV   | pred='nnyx' | pos_acc=4/4 (100.0%) | 701tok | 2.52s

### Batch Summary (n_words=4)
| Strategy | Accuracy | Tokens | Avg Time |
|----------|----------|--------|----------|
| Baseline |  58.75% | 7,057 | 0.860s |
| CoT      |  58.75% | 7,560 | 1.021s |
| L2M      |  96.25% | 11,578 | 1.889s |
| L2M-DV   |  96.25% | 13,735 | 2.381s |

======================================================================
num_words = 5 | batch_size = 20
Baseline | pred='yntcl' | pos_acc=3/5 (60.0%) | 359tok | 0.84s
CoT      | pred='yntcl' | pos_acc=3/5 (60.0%) | 384tok | 0.96s
L2M      | pred='ynyyl' | pos_acc=5/5 (100.0%) | 604tok | 1.80s
L2M-DV   | pred='ynyyl' | pos_acc=5/5 (100.0%) | 673tok | 2.71s
Baseline | pred='gnnye' | pos_acc=2/5 (40.0%) | 357tok | 0.93s
CoT      | pred='gnnoy' | pos_acc=3/5 (60.0%) | 382tok | 1.23s
L2M      | pred='gnyny' | pos_acc=5/5 (100.0%) | 601tok | 1.86s
L2M-DV   | pred='gnyny' | pos_acc=5/5 (100.0%) | 671tok | 1.70s
Baseline | pred='nnnnl' | pos_acc=4/5 (80.0%) | 355tok | 0.87s
CoT      | pred='nnnll' | pos_acc=3/5 (60.0%) | 380tok | 0.94s
L2M      | pred='nnenl' | pos_acc=5/5 (100.0%) | 600tok | 1.84s
L2M-DV   | pred='nnenl' | pos_acc=5/5 (100.0%) | 664tok | 2.45s
Baseline | pred='enxyy' | pos_acc=5/5 (100.0%) | 429tok | 2.27s
CoT      | pred='esyyt' | pos_acc=2/5 (40.0%) | 384tok | 1.06s
L2M      | pred='enxxy' | pos_acc=4/5 (80.0%) | 603tok | 2.38s
L2M-DV   | pred='enxyy' | pos_acc=5/5 (100.0%) | 677tok | 3.29s
Baseline | pred='oylnn' | pos_acc=3/5 (60.0%) | 359tok | 1.19s
CoT      | pred='ymcno' | pos_acc=3/5 (60.0%) | 384tok | 1.02s
L2M      | pred='ymlnn' | pos_acc=5/5 (100.0%) | 604tok | 2.14s
L2M-DV   | pred='ymlnn' | pos_acc=5/5 (100.0%) | 677tok | 1.86s
Baseline | pred='nnlya' | pos_acc=2/5 (40.0%) | 356tok | 0.90s
CoT      | pred='nnlno' | pos_acc=3/5 (60.0%) | 382tok | 1.08s
L2M      | pred='nnyny' | pos_acc=5/5 (100.0%) | 601tok | 2.11s
L2M-DV   | pred='nnyny' | pos_acc=5/5 (100.0%) | 728tok | 3.03s
Baseline | pred='nyrln' | pos_acc=3/5 (60.0%) | 353tok | 1.10s
CoT      | pred='nyrln' | pos_acc=3/5 (60.0%) | 378tok | 0.84s
L2M      | pred='nyylm' | pos_acc=5/5 (100.0%) | 598tok | 2.18s
L2M-DV   | pred='nyylm' | pos_acc=5/5 (100.0%) | 668tok | 1.91s
Baseline | pred='nonnn' | pos_acc=4/5 (80.0%) | 352tok | 0.93s
CoT      | pred='nonnn' | pos_acc=4/5 (80.0%) | 377tok | 0.82s
L2M      | pred='nennn' | pos_acc=5/5 (100.0%) | 598tok | 2.19s
L2M-DV   | pred='nennn' | pos_acc=5/5 (100.0%) | 730tok | 3.92s
Baseline | pred='nlyty' | pos_acc=3/5 (60.0%) | 356tok | 0.82s
CoT      | pred='nlyty' | pos_acc=3/5 (60.0%) | 381tok | 1.05s
L2M      | pred='nyyyy' | pos_acc=5/5 (100.0%) | 600tok | 1.94s
L2M-DV   | pred='nyyyy' | pos_acc=5/5 (100.0%) | 671tok | 2.08s
Baseline | pred='ytynn' | pos_acc=3/5 (60.0%) | 358tok | 2.61s
CoT      | pred='yynnt' | pos_acc=2/5 (40.0%) | 383tok | 1.13s
L2M      | pred='yyyyn' | pos_acc=5/5 (100.0%) | 603tok | 1.69s
L2M-DV   | pred='yyyyn' | pos_acc=5/5 (100.0%) | 673tok | 3.35s
Baseline | pred='nonyn' | pos_acc=4/5 (80.0%) | 355tok | 0.93s
CoT      | pred='nonyn' | pos_acc=4/5 (80.0%) | 380tok | 1.33s
L2M      | pred='nsnyn' | pos_acc=5/5 (100.0%) | 601tok | 1.90s
L2M-DV   | pred='nsnyn' | pos_acc=5/5 (100.0%) | 727tok | 4.11s
Baseline | pred='enlnn' | pos_acc=3/5 (60.0%) | 355tok | 0.78s
CoT      | pred='ednaln' | pos_acc=2/5 (40.0%) | 380tok | 0.87s | len_mismatch(gold=5, pred=6)
L2M      | pred='ennln' | pos_acc=5/5 (100.0%) | 599tok | 1.67s
L2M-DV   | pred='ennln' | pos_acc=5/5 (100.0%) | 666tok | 3.04s
Baseline | pred='esere' | pos_acc=2/5 (40.0%) | 358tok | 0.75s
CoT      | pred='esene' | pos_acc=2/5 (40.0%) | 383tok | 0.90s
L2M      | pred='eleen' | pos_acc=5/5 (100.0%) | 603tok | 1.67s
L2M-DV   | pred='eleen' | pos_acc=5/5 (100.0%) | 671tok | 2.03s
Baseline | pred='eynlt' | pos_acc=2/5 (40.0%) | 357tok | 0.82s
CoT      | pred='eynlyt' | pos_acc=3/5 (60.0%) | 382tok | 1.42s | len_mismatch(gold=5, pred=6)
L2M      | pred='eymty' | pos_acc=5/5 (100.0%) | 602tok | 2.01s
L2M-DV   | pred='eymty' | pos_acc=5/5 (100.0%) | 674tok | 2.13s
Baseline | pred='mlern' | pos_acc=2/5 (40.0%) | 358tok | 0.77s
CoT      | pred='mlern' | pos_acc=2/5 (40.0%) | 383tok | 0.88s
L2M      | pred='meyln' | pos_acc=5/5 (100.0%) | 603tok | 1.66s
L2M-DV   | pred='meyln' | pos_acc=5/5 (100.0%) | 745tok | 2.77s
Baseline | pred='yntnr' | pos_acc=3/5 (60.0%) | 360tok | 1.04s
CoT      | pred='yntnx' | pos_acc=4/5 (80.0%) | 385tok | 0.86s
L2M      | pred='ynynx' | pos_acc=5/5 (100.0%) | 605tok | 2.47s
L2M-DV   | pred='ynynx' | pos_acc=5/5 (100.0%) | 736tok | 2.67s
Baseline | pred='nysnm' | pos_acc=4/5 (80.0%) | 358tok | 1.05s
CoT      | pred='nysnm' | pos_acc=4/5 (80.0%) | 383tok | 1.03s
L2M      | pred='nynym' | pos_acc=3/5 (60.0%) | 603tok | 1.85s
L2M-DV   | pred='nyynm' | pos_acc=5/5 (100.0%) | 675tok | 1.94s
Baseline | pred='yynll' | pos_acc=4/5 (80.0%) | 356tok | 0.84s
CoT      | pred='yynll' | pos_acc=4/5 (80.0%) | 381tok | 1.11s
L2M      | pred='ynnly' | pos_acc=4/5 (80.0%) | 601tok | 2.41s
L2M-DV   | pred='ynnly' | pos_acc=4/5 (80.0%) | 743tok | 3.46s
Baseline | pred='elnon' | pos_acc=2/5 (40.0%) | 354tok | 0.76s
CoT      | pred='elnon' | pos_acc=2/5 (40.0%) | 379tok | 0.98s
L2M      | pred='ennys' | pos_acc=5/5 (100.0%) | 599tok | 1.52s
L2M-DV   | pred='ennys' | pos_acc=5/5 (100.0%) | 669tok | 2.72s
Baseline | pred='ylnsm' | pos_acc=3/5 (60.0%) | 356tok | 1.28s
CoT      | pred='ylnsm' | pos_acc=3/5 (60.0%) | 381tok | 1.10s
L2M      | pred='yltnm' | pos_acc=5/5 (100.0%) | 601tok | 1.92s
L2M-DV   | pred='yltnm' | pos_acc=5/5 (100.0%) | 667tok | 2.53s

### Batch Summary (n_words=5)
| Strategy | Accuracy | Tokens | Avg Time |
|----------|----------|--------|----------|
| Baseline |  61.00% | 7,201 | 1.074s |
| CoT      |  59.00% | 7,632 | 1.030s |
| L2M      |  96.00% | 12,029 | 1.961s |
| L2M-DV   |  99.00% | 13,805 | 2.686s |

======================================================================
num_words = 6 | batch_size = 20
Baseline | pred='ytnnon' | pos_acc=3/6 (50.0%) | 359tok | 0.85s
CoT      | pred='ytnnom' | pos_acc=4/6 (66.7%) | 384tok | 0.85s
L2M      | pred='ytmnnm' | pos_acc=6/6 (100.0%) | 624tok | 3.67s
L2M-DV   | pred='ytmnnm' | pos_acc=6/6 (100.0%) | 691tok | 2.16s
Baseline | pred='lyycne' | pos_acc=2/6 (33.3%) | 364tok | 1.21s
CoT      | pred='lyycce' | pos_acc=2/6 (33.3%) | 389tok | 0.87s
L2M      | pred='lynyec' | pos_acc=6/6 (100.0%) | 627tok | 2.47s
L2M-DV   | pred='lynye' | pos_acc=5/6 (83.3%) | 787tok | 3.55s | len_mismatch(gold=6, pred=5)
Baseline | pred='ymlrty' | pos_acc=3/6 (50.0%) | 361tok | 1.13s
CoT      | pred='ymglln' | pos_acc=3/6 (50.0%) | 386tok | 0.96s
L2M      | pred='ymnlry' | pos_acc=6/6 (100.0%) | 624tok | 2.54s
L2M-DV   | pred='ymnlry' | pos_acc=6/6 (100.0%) | 694tok | 2.80s
Baseline | pred='yymnon' | pos_acc=5/6 (83.3%) | 364tok | 0.82s
CoT      | pred='yyyonn' | pos_acc=4/6 (66.7%) | 389tok | 2.19s
L2M      | pred='yymnnn' | pos_acc=6/6 (100.0%) | 629tok | 2.23s
L2M-DV   | pred='yymnnn' | pos_acc=6/6 (100.0%) | 768tok | 3.44s
Baseline | pred='ylynny' | pos_acc=4/6 (66.7%) | 364tok | 1.21s
CoT      | pred='ylynny' | pos_acc=4/6 (66.7%) | 389tok | 0.93s
L2M      | pred='oyenny' | pos_acc=5/6 (83.3%) | 626tok | 1.85s
L2M-DV   | pred='yyenny' | pos_acc=6/6 (100.0%) | 783tok | 3.42s
Baseline | pred='nndnyn' | pos_acc=2/6 (33.3%) | 358tok | 0.95s
CoT      | pred='nndere' | pos_acc=3/6 (50.0%) | 382tok | 0.98s
L2M      | pred='nnceny' | pos_acc=6/6 (100.0%) | 621tok | 2.46s
L2M-DV   | pred='nnceny' | pos_acc=6/6 (100.0%) | 758tok | 2.49s
Baseline | pred='etctnn' | pos_acc=3/6 (50.0%) | 358tok | 1.03s
CoT      | pred='etctnn' | pos_acc=3/6 (50.0%) | 383tok | 0.98s
L2M      | pred='eycltn' | pos_acc=6/6 (100.0%) | 622tok | 2.29s
L2M-DV   | pred='eycltn' | pos_acc=6/6 (100.0%) | 696tok | 3.08s
Baseline | pred='nonnon' | pos_acc=3/6 (50.0%) | 355tok | 0.93s
CoT      | pred='nonnon' | pos_acc=3/6 (50.0%) | 380tok | 0.80s
L2M      | pred='nnnnnn' | pos_acc=5/6 (83.3%) | 621tok | 2.08s
L2M-DV   | pred='nnlnnn' | pos_acc=6/6 (100.0%) | 691tok | 2.28s
Baseline | pred='snynly' | pos_acc=6/6 (100.0%) | 359tok | 0.73s
CoT      | pred='slnyly' | pos_acc=3/6 (50.0%) | 384tok | 1.09s
L2M      | pred='snynly' | pos_acc=6/6 (100.0%) | 623tok | 2.38s
L2M-DV   | pred='snynly' | pos_acc=6/6 (100.0%) | 698tok | 2.59s
Baseline | pred='nlynnl' | pos_acc=4/6 (66.7%) | 358tok | 0.96s
CoT      | pred='nlynnl' | pos_acc=4/6 (66.7%) | 383tok | 0.94s
L2M      | pred='nyynny' | pos_acc=6/6 (100.0%) | 621tok | 2.57s
L2M-DV   | pred='nyynny' | pos_acc=6/6 (100.0%) | 780tok | 2.61s
Baseline | pred='eennly' | pos_acc=3/6 (50.0%) | 357tok | 1.31s
CoT      | pred='etynyy' | pos_acc=5/6 (83.3%) | 382tok | 0.84s
L2M      | pred='enynyy' | pos_acc=6/6 (100.0%) | 621tok | 2.20s
L2M-DV   | pred='enynyy' | pos_acc=6/6 (100.0%) | 776tok | 2.85s
Baseline | pred='sgnyen' | pos_acc=6/6 (100.0%) | 357tok | 0.91s
CoT      | pred='sgnyne' | pos_acc=4/6 (66.7%) | 382tok | 0.94s
L2M      | pred='sgnyen' | pos_acc=6/6 (100.0%) | 621tok | 2.10s
L2M-DV   | pred='sgnyen' | pos_acc=6/6 (100.0%) | 689tok | 2.39s
Baseline | pred='eennsy' | pos_acc=4/6 (66.7%) | 359tok | 0.76s
CoT      | pred='eyyonn' | pos_acc=2/6 (33.3%) | 384tok | 1.43s
L2M      | pred='eynnyy' | pos_acc=6/6 (100.0%) | 624tok | 1.72s
L2M-DV   | pred='eynnyy' | pos_acc=6/6 (100.0%) | 780tok | 2.19s
Baseline | pred='ylnnon' | pos_acc=4/6 (66.7%) | 362tok | 1.07s
CoT      | pred='ylnnon' | pos_acc=4/6 (66.7%) | 387tok | 0.79s
L2M      | pred='ylmmnn' | pos_acc=4/6 (66.7%) | 626tok | 3.07s
L2M-DV   | pred='ylmnmn' | pos_acc=6/6 (100.0%) | 780tok | 4.03s
Baseline | pred='yntnll' | pos_acc=3/6 (50.0%) | 364tok | 0.91s
CoT      | pred='yntnln' | pos_acc=2/6 (33.3%) | 389tok | 1.32s
L2M      | pred='ynynnl' | pos_acc=5/6 (83.3%) | 627tok | 2.27s
L2M-DV   | pred='ynynnl' | pos_acc=5/6 (83.3%) | 768tok | 3.50s
Baseline | pred='ylnrry' | pos_acc=3/6 (50.0%) | 357tok | 0.83s
CoT      | pred='ylnrry' | pos_acc=3/6 (50.0%) | 382tok | 0.92s
L2M      | pred='ynmrny' | pos_acc=6/6 (100.0%) | 620tok | 2.73s
L2M-DV   | pred='ynmrny' | pos_acc=6/6 (100.0%) | 778tok | 2.89s
Baseline | pred='eennno' | pos_acc=3/6 (50.0%) | 356tok | 1.04s
CoT      | pred='eenynn' | pos_acc=5/6 (83.3%) | 381tok | 0.74s
L2M      | pred='eynynn' | pos_acc=6/6 (100.0%) | 620tok | 1.70s
L2M-DV   | pred='eynynn' | pos_acc=6/6 (100.0%) | 693tok | 2.41s
Baseline | pred='yynlal' | pos_acc=3/6 (50.0%) | 357tok | 0.97s
CoT      | pred='yynlal' | pos_acc=3/6 (50.0%) | 382tok | 0.87s
L2M      | pred='yyylny' | pos_acc=6/6 (100.0%) | 622tok | 1.75s
L2M-DV   | pred='yyylny' | pos_acc=6/6 (100.0%) | 697tok | 2.61s
Baseline | pred='ngnlyg' | pos_acc=3/6 (50.0%) | 358tok | 0.80s
CoT      | pred='ngnlyg' | pos_acc=3/6 (50.0%) | 383tok | 0.80s
L2M      | pred='nynycg' | pos_acc=6/6 (100.0%) | 621tok | 2.11s
L2M-DV   | pred='nynycg' | pos_acc=6/6 (100.0%) | 693tok | 3.00s
Baseline | pred='nyrtyy' | pos_acc=3/6 (50.0%) | 356tok | 0.83s
CoT      | pred='nlyyity' | pos_acc=2/6 (33.3%) | 381tok | 0.90s | len_mismatch(gold=6, pred=7)
L2M      | pred='nynyny' | pos_acc=6/6 (100.0%) | 618tok | 1.72s
L2M-DV   | pred='nynyny' | pos_acc=6/6 (100.0%) | 692tok | 2.49s

### Batch Summary (n_words=6)
| Strategy | Accuracy | Tokens | Avg Time |
|----------|----------|--------|----------|
| Baseline |  58.33% | 7,183 | 0.962s |
| CoT      |  55.00% | 7,682 | 1.008s |
| L2M      |  95.83% | 12,458 | 2.296s |
| L2M-DV   |  98.33% | 14,692 | 2.838s |

======================================================================
num_words = 7 | batch_size = 20
Baseline | pred='nnntonn' | pos_acc=3/7 (42.9%) | 368tok | 0.81s
CoT      | pred='nnntnon' | pos_acc=3/7 (42.9%) | 393tok | 1.19s
L2M      | pred='nynnnne' | pos_acc=7/7 (100.0%) | 651tok | 1.95s
L2M-DV   | pred='nynnnen' | pos_acc=5/7 (71.4%) | 730tok | 2.64s
Baseline | pred='ialnlnn' | pos_acc=4/7 (57.1%) | 369tok | 1.12s
CoT      | pred='yelnoon' | pos_acc=4/7 (57.1%) | 389tok | 0.83s
L2M      | pred='yecnlnn' | pos_acc=7/7 (100.0%) | 647tok | 2.87s
L2M-DV   | pred='yecnlnn' | pos_acc=7/7 (100.0%) | 726tok | 2.87s
Baseline | pred='eytlynn' | pos_acc=5/7 (71.4%) | 365tok | 0.99s
CoT      | pred='eyyllnn' | pos_acc=4/7 (57.1%) | 390tok | 0.91s
L2M      | pred='eymlyyn' | pos_acc=7/7 (100.0%) | 648tok | 2.55s
L2M-DV   | pred='eyllyyn' | pos_acc=6/7 (85.7%) | 728tok | 3.91s
Baseline | pred='nnrlnnn' | pos_acc=6/7 (85.7%) | 363tok | 0.72s
CoT      | pred='nsslln' | pos_acc=4/7 (57.1%) | 389tok | 1.05s | len_mismatch(gold=7, pred=6)
L2M      | pred='nsrlnnn' | pos_acc=7/7 (100.0%) | 646tok | 2.76s
L2M-DV   | pred='nsrlnnn' | pos_acc=7/7 (100.0%) | 727tok | 2.66s
Baseline | pred='nglynon' | pos_acc=4/7 (57.1%) | 359tok | 0.92s
CoT      | pred='nglynnn' | pos_acc=4/7 (57.1%) | 385tok | 0.88s
L2M      | pred='ngylnln' | pos_acc=7/7 (100.0%) | 643tok | 2.44s
L2M-DV   | pred='ngylnln' | pos_acc=7/7 (100.0%) | 717tok | 2.17s
Baseline | pred='nnlynen' | pos_acc=5/7 (71.4%) | 359tok | 1.36s
CoT      | pred='nnlynen' | pos_acc=5/7 (71.4%) | 384tok | 0.94s
L2M      | pred='nynynen' | pos_acc=7/7 (100.0%) | 642tok | 2.53s
L2M-DV   | pred='nynynen' | pos_acc=7/7 (100.0%) | 719tok | 2.91s
Baseline | pred='yllnnss' | pos_acc=5/7 (71.4%) | 361tok | 0.80s
CoT      | pred='yllnnss' | pos_acc=5/7 (71.4%) | 386tok | 0.99s
L2M      | pred='ylynnns' | pos_acc=7/7 (100.0%) | 644tok | 3.27s
L2M-DV   | pred='ylynnns' | pos_acc=7/7 (100.0%) | 721tok | 2.28s
Baseline | pred='ialnnnn' | pos_acc=4/7 (57.1%) | 358tok | 1.35s
CoT      | pred='lnnnnnnn' | pos_acc=7/7 (100.0%) | 388tok | 0.92s | len_mismatch(gold=7, pred=8)
L2M      | pred='lnnnnnnn' | pos_acc=7/7 (100.0%) | 646tok | 2.77s | len_mismatch(gold=7, pred=8)
L2M-DV   | pred='lnnnnnn' | pos_acc=7/7 (100.0%) | 722tok | 5.11s
Baseline | pred='lmlrvey' | pos_acc=3/7 (42.9%) | 364tok | 0.82s
CoT      | pred='lmslvey' | pos_acc=3/7 (42.9%) | 389tok | 1.44s
L2M      | pred='nmlleny' | pos_acc=7/7 (100.0%) | 645tok | 2.97s
L2M-DV   | pred='nmlleny' | pos_acc=7/7 (100.0%) | 819tok | 3.54s
Baseline | pred='lnnllyy' | pos_acc=5/7 (71.4%) | 366tok | 0.90s
CoT      | pred='lnnllty' | pos_acc=4/7 (57.1%) | 390tok | 0.93s
L2M      | pred='lneelyy' | pos_acc=7/7 (100.0%) | 648tok | 2.22s
L2M-DV   | pred='lneellyy' | pos_acc=6/7 (85.7%) | 725tok | 2.88s | len_mismatch(gold=7, pred=8)
Baseline | pred='leynyyy' | pos_acc=3/7 (42.9%) | 408tok | 1.29s
CoT      | pred='lyyngyr' | pos_acc=3/7 (42.9%) | 389tok | 0.96s
L2M      | pred='lyyyyyy' | pos_acc=5/7 (71.4%) | 646tok | 1.81s
L2M-DV   | pred='lyeynny' | pos_acc=6/7 (85.7%) | 726tok | 2.73s
Baseline | pred='nneneey' | pos_acc=4/7 (57.1%) | 363tok | 0.96s
CoT      | pred='nnneyny' | pos_acc=2/7 (28.6%) | 389tok | 0.95s
L2M      | pred='nyennyy' | pos_acc=7/7 (100.0%) | 646tok | 1.99s
L2M-DV   | pred='nyennyy' | pos_acc=7/7 (100.0%) | 724tok | 3.70s
Baseline | pred='nnynlny' | pos_acc=4/7 (57.1%) | 362tok | 1.16s
CoT      | pred='nnynlny' | pos_acc=4/7 (57.1%) | 387tok | 1.41s
L2M      | pred='nnytnly' | pos_acc=7/7 (100.0%) | 644tok | 2.60s
L2M-DV   | pred='nnytnly' | pos_acc=7/7 (100.0%) | 724tok | 9.44s
Baseline | pred='nnnlnnl' | pos_acc=2/7 (28.6%) | 360tok | 1.22s
CoT      | pred='lnnlnnl' | pos_acc=2/7 (28.6%) | 385tok | 0.83s
L2M      | pred='ynnnlln' | pos_acc=7/7 (100.0%) | 643tok | 3.02s
L2M-DV   | pred='ynnnlln' | pos_acc=7/7 (100.0%) | 718tok | 3.15s
Baseline | pred='ylyynll' | pos_acc=4/7 (57.1%) | 362tok | 1.19s
CoT      | pred='ylynyll' | pos_acc=2/7 (28.6%) | 387tok | 1.04s
L2M      | pred='ynynyl' | pos_acc=1/7 (14.3%) | 644tok | 1.78s | len_mismatch(gold=7, pred=6)
L2M-DV   | pred='yynynyl' | pos_acc=7/7 (100.0%) | 719tok | 2.86s
Baseline | pred='yntlnss' | pos_acc=4/7 (57.1%) | 362tok | 0.85s
CoT      | pred='yntlnss' | pos_acc=4/7 (57.1%) | 387tok | 0.92s
L2M      | pred='ynnncss' | pos_acc=7/7 (100.0%) | 644tok | 4.66s
L2M-DV   | pred='ynncnss' | pos_acc=5/7 (71.4%) | 723tok | 2.93s
Baseline | pred='lssnnnn' | pos_acc=6/7 (85.7%) | 363tok | 0.90s
CoT      | pred='lssnnnn' | pos_acc=6/7 (85.7%) | 388tok | 0.90s
L2M      | pred='lsnnnnn' | pos_acc=7/7 (100.0%) | 646tok | 2.80s
L2M-DV   | pred='lsnnnnn' | pos_acc=7/7 (100.0%) | 723tok | 2.75s
Baseline | pred='ymsyngy' | pos_acc=4/7 (57.1%) | 362tok | 1.28s
CoT      | pred='ymsyngy' | pos_acc=4/7 (57.1%) | 387tok | 1.31s
L2M      | pred='ymyyyny' | pos_acc=7/7 (100.0%) | 644tok | 2.36s
L2M-DV   | pred='ymynyny' | pos_acc=6/7 (85.7%) | 722tok | 3.79s
Baseline | pred='yecnmyn' | pos_acc=2/7 (28.6%) | 365tok | 1.16s
CoT      | pred='yecnmty' | pos_acc=3/7 (42.9%) | 390tok | 1.61s
L2M      | pred='yenmeny' | pos_acc=7/7 (100.0%) | 647tok | 4.03s
L2M-DV   | pred='yenmeny' | pos_acc=7/7 (100.0%) | 819tok | 3.88s
Baseline | pred='yyylyly' | pos_acc=4/7 (57.1%) | 361tok | 0.94s
CoT      | pred='yyylyly' | pos_acc=4/7 (57.1%) | 386tok | 0.82s
L2M      | pred='yyyyney' | pos_acc=7/7 (100.0%) | 644tok | 2.96s
L2M-DV   | pred='yyyneyy' | pos_acc=4/7 (57.1%) | 721tok | 2.42s

### Batch Summary (n_words=7)
| Strategy | Accuracy | Tokens | Avg Time |
|----------|----------|--------|----------|
| Baseline |  57.86% | 7,300 | 1.037s |
| CoT      |  55.00% | 7,758 | 1.041s |
| L2M      |  94.29% | 12,908 | 2.717s |
| L2M-DV   |  92.14% | 14,653 | 3.432s |

======================================================================
num_words = 8 | batch_size = 20
Baseline | pred='lereylnl' | pos_acc=5/8 (62.5%) | 365tok | 1.08s
CoT      | pred='leregnlyl' | pos_acc=2/8 (25.0%) | 390tok | 1.50s | len_mismatch(gold=8, pred=9)
L2M      | pred='leynnycl' | pos_acc=5/8 (62.5%) | 666tok | 2.41s
L2M-DV   | pred='leyncynl' | pos_acc=6/8 (75.0%) | 746tok | 2.88s
Baseline | pred='lnmtylny' | pos_acc=5/8 (62.5%) | 364tok | 1.69s
CoT      | pred='lnmtylny' | pos_acc=5/8 (62.5%) | 389tok | 1.07s
L2M      | pred='ynmynlny' | pos_acc=8/8 (100.0%) | 666tok | 2.54s
L2M-DV   | pred='ynmynlny' | pos_acc=8/8 (100.0%) | 747tok | 2.72s
Baseline | pred='lsslynel' | pos_acc=4/8 (50.0%) | 365tok | 0.96s
CoT      | pred='ysslynen' | pos_acc=4/8 (50.0%) | 390tok | 0.96s
L2M      | pred='ysyyenel' | pos_acc=8/8 (100.0%) | 667tok | 3.06s
L2M-DV   | pred='ysyyenel' | pos_acc=8/8 (100.0%) | 752tok | 2.96s
Baseline | pred='tyteseen' | pos_acc=3/8 (37.5%) | 366tok | 0.93s
CoT      | pred='tytssnny' | pos_acc=4/8 (50.0%) | 392tok | 0.93s
L2M      | pred='tyeeysny' | pos_acc=8/8 (100.0%) | 668tok | 2.80s
L2M-DV   | pred='tyeeysny' | pos_acc=8/8 (100.0%) | 747tok | 3.30s
Baseline | pred='nnnynnnn' | pos_acc=6/8 (75.0%) | 367tok | 0.99s
CoT      | pred='nnnynnnn' | pos_acc=6/8 (75.0%) | 392tok | 2.10s
L2M      | pred='nnyynnyn' | pos_acc=8/8 (100.0%) | 667tok | 2.28s
L2M-DV   | pred='nnyynynn' | pos_acc=6/8 (75.0%) | 743tok | 4.42s
Baseline | pred='ynoanvyy' | pos_acc=5/8 (62.5%) | 364tok | 0.93s
CoT      | pred='ynoeneyy' | pos_acc=6/8 (75.0%) | 389tok | 1.14s
L2M      | pred='ynnnneyy' | pos_acc=8/8 (100.0%) | 665tok | 3.15s
L2M-DV   | pred='ynnnenyy' | pos_acc=6/8 (75.0%) | 741tok | 3.23s
Baseline | pred='nnlaylne' | pos_acc=5/8 (62.5%) | 364tok | 1.43s
CoT      | pred='nnntllne' | pos_acc=7/8 (87.5%) | 389tok | 1.20s
L2M      | pred='nnnyllne' | pos_acc=8/8 (100.0%) | 666tok | 2.19s
L2M-DV   | pred='nnnylnne' | pos_acc=7/8 (87.5%) | 857tok | 8.36s
Baseline | pred='llllylal' | pos_acc=2/8 (25.0%) | 362tok | 1.44s
CoT      | pred='llllylry' | pos_acc=3/8 (37.5%) | 388tok | 0.86s
L2M      | pred='nlnyyyly' | pos_acc=8/8 (100.0%) | 664tok | 2.76s
L2M-DV   | pred='nlnyyyly' | pos_acc=8/8 (100.0%) | 744tok | 3.30s
Baseline | pred='nnlymsel' | pos_acc=5/8 (62.5%) | 366tok | 0.84s
CoT      | pred='nnlynnle' | pos_acc=2/8 (25.0%) | 391tok | 0.93s
L2M      | pred='nnynmye' | pos_acc=7/8 (87.5%) | 668tok | 3.09s | len_mismatch(gold=8, pred=7)
L2M-DV   | pred='nnynmye' | pos_acc=7/8 (87.5%) | 856tok | 3.63s | len_mismatch(gold=8, pred=7)
Baseline | pred='yevnnnnn' | pos_acc=6/8 (75.0%) | 370tok | 1.01s
CoT      | pred='yevnnnnn' | pos_acc=6/8 (75.0%) | 395tok | 1.13s
L2M      | pred='yennynnn' | pos_acc=8/8 (100.0%) | 671tok | 6.25s
L2M-DV   | pred='yennynnn' | pos_acc=8/8 (100.0%) | 755tok | 2.61s
Baseline | pred='nnymclal' | pos_acc=5/8 (62.5%) | 369tok | 1.12s
CoT      | pred='nngmlncl' | pos_acc=4/8 (50.0%) | 395tok | 1.05s
L2M      | pred='nnyymynl' | pos_acc=6/8 (75.0%) | 671tok | 2.42s
L2M-DV   | pred='nnymyynl' | pos_acc=8/8 (100.0%) | 744tok | 2.34s
Baseline | pred='nnntyyyn' | pos_acc=5/8 (62.5%) | 368tok | 0.91s
CoT      | pred='nnntyyyn' | pos_acc=5/8 (62.5%) | 393tok | 0.91s
L2M      | pred='nynsynyn' | pos_acc=8/8 (100.0%) | 670tok | 2.69s
L2M-DV   | pred='nynsynyn' | pos_acc=8/8 (100.0%) | 743tok | 3.57s
Baseline | pred='ngnnysgy' | pos_acc=5/8 (62.5%) | 363tok | 0.85s
CoT      | pred='ngnnysgy' | pos_acc=5/8 (62.5%) | 388tok | 1.45s
L2M      | pred='nymyeggy' | pos_acc=4/8 (50.0%) | 666tok | 2.69s
L2M-DV   | pred='nynymegy' | pos_acc=6/8 (75.0%) | 743tok | 2.56s
Baseline | pred='esnglysl' | pos_acc=3/8 (37.5%) | 362tok | 0.93s
CoT      | pred='esnglysl' | pos_acc=3/8 (37.5%) | 387tok | 0.95s
L2M      | pred='eyngynls' | pos_acc=8/8 (100.0%) | 664tok | 3.95s
L2M-DV   | pred='eyngynyls' | pos_acc=6/8 (75.0%) | 741tok | 2.84s | len_mismatch(gold=8, pred=9)
Baseline | pred='elgyyyny' | pos_acc=7/8 (87.5%) | 363tok | 1.21s
CoT      | pred='elgyyyny' | pos_acc=7/8 (87.5%) | 388tok | 0.94s
L2M      | pred='exgyyyny' | pos_acc=8/8 (100.0%) | 664tok | 2.62s
L2M-DV   | pred='exgyyyny' | pos_acc=8/8 (100.0%) | 854tok | 3.90s
Baseline | pred='yssllnntn' | pos_acc=3/8 (37.5%) | 372tok | 2.86s | len_mismatch(gold=8, pred=9)
CoT      | pred='ysslrnle' | pos_acc=4/8 (50.0%) | 396tok | 1.07s
L2M      | pred='ysclryen' | pos_acc=8/8 (100.0%) | 672tok | 2.97s
L2M-DV   | pred='ysclryen' | pos_acc=8/8 (100.0%) | 759tok | 3.00s
Baseline | pred='ntelnoon' | pos_acc=3/8 (37.5%) | 365tok | 1.32s
CoT      | pred='tynlnnnt' | pos_acc=4/8 (50.0%) | 391tok | 1.25s
L2M      | pred='tyennnyn' | pos_acc=8/8 (100.0%) | 667tok | 2.72s
L2M-DV   | pred='tynnnnyn' | pos_acc=7/8 (87.5%) | 746tok | 4.26s
Baseline | pred='yntlnent' | pos_acc=3/8 (37.5%) | 373tok | 1.48s
CoT      | pred='yntlnnns' | pos_acc=4/8 (50.0%) | 399tok | 0.93s
L2M      | pred='ymnlennn' | pos_acc=8/8 (100.0%) | 675tok | 2.72s
L2M-DV   | pred='ymnlennn' | pos_acc=8/8 (100.0%) | 754tok | 3.37s
Baseline | pred='ylnneese' | pos_acc=3/8 (37.5%) | 369tok | 0.83s
CoT      | pred='yntnllly' | pos_acc=5/8 (62.5%) | 395tok | 0.84s
L2M      | pred='ynynleny' | pos_acc=8/8 (100.0%) | 671tok | 1.88s
L2M-DV   | pred='ynynleny' | pos_acc=8/8 (100.0%) | 754tok | 2.41s
Baseline | pred='eenlnnry' | pos_acc=4/8 (50.0%) | 366tok | 1.33s
CoT      | pred='eylntnon' | pos_acc=4/8 (50.0%) | 391tok | 0.98s
L2M      | pred='eynnlnny' | pos_acc=8/8 (100.0%) | 668tok | 2.39s
L2M-DV   | pred='eynnlnny' | pos_acc=8/8 (100.0%) | 748tok | 3.05s

### Batch Summary (n_words=8)
| Strategy | Accuracy | Tokens | Avg Time |
|----------|----------|--------|----------|
| Baseline |  54.37% | 7,323 | 1.206s |
| CoT      |  56.25% | 7,828 | 1.109s |
| L2M      |  93.75% | 13,356 | 2.878s |
| L2M-DV   |  91.88% | 15,274 | 3.436s |

======================================================================
num_words = 9 | batch_size = 20
Baseline | pred='lccmnlnse' | pos_acc=3/9 (33.3%) | 371tok | 1.05s
CoT      | pred='lccmnlyne' | pos_acc=5/9 (55.6%) | 396tok | 1.03s
L2M      | pred='rcymenyn' | pos_acc=7/9 (77.8%) | 692tok | 4.22s | len_mismatch(gold=9, pred=8)
L2M-DV   | pred='xcymenynne' | pos_acc=8/9 (88.9%) | 779tok | 4.00s | len_mismatch(gold=9, pred=10)
Baseline | pred='nyrnnleee' | pos_acc=5/9 (55.6%) | 364tok | 1.54s
CoT      | pred='nyrlnleoe' | pos_acc=4/9 (44.4%) | 389tok | 1.48s
L2M      | pred='nynnnemye' | pos_acc=9/9 (100.0%) | 684tok | 2.99s
L2M-DV   | pred='nynnnemye' | pos_acc=9/9 (100.0%) | 757tok | 3.99s
Baseline | pred='elnysmnnl' | pos_acc=4/9 (44.4%) | 371tok | 1.34s
CoT      | pred='elnysmnnl' | pos_acc=4/9 (44.4%) | 396tok | 0.80s
L2M      | pred='ennymnnly' | pos_acc=9/9 (100.0%) | 691tok | 2.66s
L2M-DV   | pred='ennymnnly' | pos_acc=9/9 (100.0%) | 775tok | 5.74s
Baseline | pred='nlynnnoen' | pos_acc=6/9 (66.7%) | 370tok | 1.53s
CoT      | pred='nlynnynne' | pos_acc=4/9 (44.4%) | 395tok | 1.06s
L2M      | pred='nyynnneen' | pos_acc=7/9 (77.8%) | 689tok | 3.83s
L2M-DV   | pred='nyynynnen' | pos_acc=9/9 (100.0%) | 774tok | 2.99s
Baseline | pred='ylnnynlno' | pos_acc=4/9 (44.4%) | 366tok | 0.82s
CoT      | pred='ylnynltnn' | pos_acc=2/9 (22.2%) | 391tok | 1.11s
L2M      | pred='ynynynynl' | pos_acc=7/9 (77.8%) | 686tok | 2.65s
L2M-DV   | pred='ynynynlyn' | pos_acc=7/9 (77.8%) | 764tok | 3.13s
Baseline | pred='ednnmsymg' | pos_acc=4/9 (44.4%) | 371tok | 0.90s
CoT      | pred='etnnmsymg' | pos_acc=4/9 (44.4%) | 396tok | 0.93s
L2M      | pred='eenlmsmyy' | pos_acc=9/9 (100.0%) | 692tok | 2.99s
L2M-DV   | pred='eenlmsmyy' | pos_acc=9/9 (100.0%) | 778tok | 3.04s
Baseline | pred='lneonener' | pos_acc=0/9 (0.0%) | 366tok | 1.07s
CoT      | pred='yenerenon' | pos_acc=4/9 (44.4%) | 391tok | 1.04s
L2M      | pred='yennenenn' | pos_acc=9/9 (100.0%) | 687tok | 2.50s
L2M-DV   | pred='yennenennn' | pos_acc=9/9 (100.0%) | 767tok | 2.43s | len_mismatch(gold=9, pred=10)
Baseline | pred='nnntnnlnn' | pos_acc=5/9 (55.6%) | 372tok | 0.96s
CoT      | pred='nnntynltn' | pos_acc=5/9 (55.6%) | 397tok | 0.82s
L2M      | pred='nmnynyltn' | pos_acc=9/9 (100.0%) | 693tok | 3.12s
L2M-DV   | pred='nmnyynltn' | pos_acc=7/9 (77.8%) | 775tok | 2.66s
Baseline | pred='ylnetnnyn' | pos_acc=4/9 (44.4%) | 369tok | 0.92s
CoT      | pred='ylnennooy' | pos_acc=5/9 (55.6%) | 394tok | 1.43s
L2M      | pred='ynlennnny' | pos_acc=9/9 (100.0%) | 690tok | 2.30s
L2M-DV   | pred='ynlennnny' | pos_acc=9/9 (100.0%) | 774tok | 2.63s
Baseline | pred='nllnnynnnn' | pos_acc=6/9 (66.7%) | 371tok | 1.54s | len_mismatch(gold=9, pred=10)
CoT      | pred='mnlnneonn' | pos_acc=5/9 (55.6%) | 394tok | 1.07s
L2M      | pred='mllneyynn' | pos_acc=9/9 (100.0%) | 690tok | 2.59s
L2M-DV   | pred='mllneyynn' | pos_acc=9/9 (100.0%) | 775tok | 2.53s
Baseline | pred='yneylntty' | pos_acc=8/9 (88.9%) | 373tok | 1.93s
CoT      | pred='yneylntyy' | pos_acc=9/9 (100.0%) | 398tok | 0.97s
L2M      | pred='ynelyntty' | pos_acc=6/9 (66.7%) | 693tok | 2.72s
L2M-DV   | pred='yneylntyy' | pos_acc=9/9 (100.0%) | 779tok | 3.57s
Baseline | pred='elnnlyyyn' | pos_acc=4/9 (44.4%) | 367tok | 0.86s
CoT      | pred='elnnlyyyn' | pos_acc=4/9 (44.4%) | 392tok | 1.39s
L2M      | pred='ennynynyy' | pos_acc=8/9 (88.9%) | 687tok | 3.18s
L2M-DV   | pred='ennyyynyy' | pos_acc=9/9 (100.0%) | 762tok | 3.86s
Baseline | pred='nmlnlnela' | pos_acc=3/9 (33.3%) | 371tok | 1.70s
CoT      | pred='nmmllseee' | pos_acc=4/9 (44.4%) | 396tok | 2.10s
L2M      | pred='nmylnenle' | pos_acc=9/9 (100.0%) | 692tok | 3.31s
L2M-DV   | pred='nmylnenle' | pos_acc=9/9 (100.0%) | 766tok | 3.09s
Baseline | pred='nnntnnnry' | pos_acc=5/9 (55.6%) | 367tok | 1.19s
CoT      | pred='nynylnnry' | pos_acc=5/9 (55.6%) | 392tok | 0.95s
L2M      | pred='nynnnlnny' | pos_acc=9/9 (100.0%) | 687tok | 3.51s
L2M-DV   | pred='nynnnlnny' | pos_acc=9/9 (100.0%) | 759tok | 2.77s
Baseline | pred='nonllyyky' | pos_acc=5/9 (55.6%) | 367tok | 1.08s
CoT      | pred='nonllyyyy' | pos_acc=5/9 (55.6%) | 391tok | 0.90s
L2M      | pred='nnnnlnyny' | pos_acc=9/9 (100.0%) | 688tok | 2.23s
L2M-DV   | pred='nnnnlnnny' | pos_acc=8/9 (88.9%) | 772tok | 2.91s
Baseline | pred='yelelnyyn' | pos_acc=5/9 (55.6%) | 369tok | 1.52s
CoT      | pred='yelnoonyy' | pos_acc=5/9 (55.6%) | 394tok | 1.15s
L2M      | pred='yelnnnyny' | pos_acc=9/9 (100.0%) | 689tok | 2.00s
L2M-DV   | pred='yelnnnnny' | pos_acc=8/9 (88.9%) | 773tok | 3.38s
Baseline | pred='yynllgyon' | pos_acc=6/9 (66.7%) | 368tok | 0.91s
CoT      | pred='yynlllynyg' | pos_acc=5/9 (55.6%) | 394tok | 1.25s | len_mismatch(gold=9, pred=10)
L2M      | pred='ynlnyyynn' | pos_acc=4/9 (44.4%) | 689tok | 3.23s
L2M-DV   | pred='ynlnyyyyn' | pos_acc=5/9 (55.6%) | 869tok | 4.47s
Baseline | pred='rllaylnic' | pos_acc=4/9 (44.4%) | 366tok | 0.84s
CoT      | pred='rllnrylnc' | pos_acc=5/9 (55.6%) | 392tok | 0.81s
L2M      | pred='rlnyynnnc' | pos_acc=8/9 (88.9%) | 687tok | 3.03s
L2M-DV   | pred='rlnyynlnc' | pos_acc=9/9 (100.0%) | 774tok | 3.81s
Baseline | pred='nysnnnion' | pos_acc=5/9 (55.6%) | 368tok | 0.98s
CoT      | pred='nysnnnntn' | pos_acc=5/9 (55.6%) | 394tok | 0.94s
L2M      | pred='nysnsnynn' | pos_acc=7/9 (77.8%) | 689tok | 2.63s
L2M-DV   | pred='nyxnsnyyn' | pos_acc=9/9 (100.0%) | 774tok | 2.68s
Baseline | pred='neseeyess' | pos_acc=4/9 (44.4%) | 372tok | 0.92s
CoT      | pred='neseeyess' | pos_acc=4/9 (44.4%) | 397tok | 1.47s
L2M      | pred='nemmyeeys' | pos_acc=8/9 (88.9%) | 693tok | 2.68s
L2M-DV   | pred='nenmeyeys' | pos_acc=7/9 (77.8%) | 780tok | 2.92s

### Batch Summary (n_words=9)
| Strategy | Accuracy | Tokens | Avg Time |
|----------|----------|--------|----------|
| Baseline |  50.00% | 7,379 | 1.181s |
| CoT      |  51.67% | 7,879 | 1.135s |
| L2M      |  89.44% | 13,788 | 2.919s |
| L2M-DV   |  92.78% | 15,526 | 3.330s |

======================================================================
num_words = 10 | batch_size = 20
Baseline | pred='nrnnlnyytl' | pos_acc=5/10 (50.0%) | 373tok | 0.91s
CoT      | pred='nrnnlyrtyy' | pos_acc=8/10 (80.0%) | 398tok | 0.92s
L2M      | pred='nxnlllryyy' | pos_acc=8/10 (80.0%) | 712tok | 4.00s
L2M-DV   | pred='nxnnlyryyy' | pos_acc=10/10 (100.0%) | 800tok | 2.99s
Baseline | pred='yllnnylgmc' | pos_acc=4/10 (40.0%) | 370tok | 0.92s
CoT      | pred='yllnnglcee' | pos_acc=4/10 (40.0%) | 395tok | 1.01s
L2M      | pred='ylnyynnlym' | pos_acc=7/10 (70.0%) | 710tok | 2.98s
L2M-DV   | pred='ylnynnleym' | pos_acc=10/10 (100.0%) | 798tok | 3.93s
Baseline | pred='yynnllnnnn' | pos_acc=9/10 (90.0%) | 370tok | 1.09s
CoT      | pred='yynnllnnnn' | pos_acc=9/10 (90.0%) | 395tok | 1.88s
L2M      | pred='ynnlsnnnnn' | pos_acc=6/10 (60.0%) | 710tok | 2.93s
L2M-DV   | pred='yynlnsnnnn' | pos_acc=8/10 (80.0%) | 792tok | 3.52s
Baseline | pred='edlyynsmnn' | pos_acc=4/10 (40.0%) | 372tok | 0.90s
CoT      | pred='edlyynsmny' | pos_acc=5/10 (50.0%) | 397tok | 0.92s
L2M      | pred='eyyylyyymn' | pos_acc=4/10 (40.0%) | 713tok | 2.83s
L2M-DV   | pred='eyylyynmny' | pos_acc=10/10 (100.0%) | 803tok | 5.66s
Baseline | pred='nnnsnnnnnn' | pos_acc=5/10 (50.0%) | 372tok | 0.89s
CoT      | pred='nleonlnnmn' | pos_acc=5/10 (50.0%) | 398tok | 0.89s
L2M      | pred='nennnynlmn' | pos_acc=8/10 (80.0%) | 713tok | 2.72s
L2M-DV   | pred='nennnynlmn' | pos_acc=8/10 (80.0%) | 799tok | 3.40s
Baseline | pred='yntnnllyy' | pos_acc=6/10 (60.0%) | 370tok | 1.11s | len_mismatch(gold=10, pred=9)
CoT      | pred='yntnlyltyy' | pos_acc=5/10 (50.0%) | 396tok | 1.05s
L2M      | pred='ynynyllyyy' | pos_acc=9/10 (90.0%) | 709tok | 3.53s
L2M-DV   | pred='ynynlyyyyy' | pos_acc=8/10 (80.0%) | 797tok | 4.62s
Baseline | pred='elyyolnnyz' | pos_acc=6/10 (60.0%) | 374tok | 0.96s
CoT      | pred='elyylnnnyr' | pos_acc=7/10 (70.0%) | 399tok | 0.96s
L2M      | pred='elylyelynyn' | pos_acc=4/10 (40.0%) | 712tok | 2.90s | len_mismatch(gold=10, pred=11)
L2M-DV   | pred='elyyleyynn' | pos_acc=8/10 (80.0%) | 790tok | 2.89s
Baseline | pred='mnntnnoomm' | pos_acc=4/10 (40.0%) | 375tok | 1.29s
CoT      | pred='mnntnnenm' | pos_acc=3/10 (30.0%) | 399tok | 1.41s | len_mismatch(gold=10, pred=9)
L2M      | pred='myneynmyym' | pos_acc=10/10 (100.0%) | 714tok | 3.01s
L2M-DV   | pred='myneynymym' | pos_acc=8/10 (80.0%) | 802tok | 2.92s
Baseline | pred='yyyneeynon' | pos_acc=6/10 (60.0%) | 373tok | 0.78s
CoT      | pred='yyrneeynnn' | pos_acc=6/10 (60.0%) | 399tok | 1.49s
L2M      | pred='ynnnenyysn' | pos_acc=8/10 (80.0%) | 714tok | 3.63s
L2M-DV   | pred='yynneyyysn' | pos_acc=10/10 (100.0%) | 799tok | 4.36s
Baseline | pred='ylnnnltyyy' | pos_acc=3/10 (30.0%) | 375tok | 1.12s
CoT      | pred='ylnnnltyny' | pos_acc=3/10 (30.0%) | 400tok | 0.85s
L2M      | pred='ynmnyylney' | pos_acc=10/10 (100.0%) | 715tok | 2.79s
L2M-DV   | pred='ynmnyylney' | pos_acc=10/10 (100.0%) | 936tok | 4.14s
Baseline | pred='yelmmynity' | pos_acc=4/10 (40.0%) | 373tok | 1.04s
CoT      | pred='yelmmynity' | pos_acc=4/10 (40.0%) | 398tok | 1.60s
L2M      | pred='yeymymyyny' | pos_acc=10/10 (100.0%) | 713tok | 3.32s
L2M-DV   | pred='yeymymyyny' | pos_acc=10/10 (100.0%) | 799tok | 2.62s
Baseline | pred='myyynsyyye' | pos_acc=7/10 (70.0%) | 441tok | 1.55s
CoT      | pred='myytgnlnce' | pos_acc=5/10 (50.0%) | 398tok | 0.92s
L2M      | pred='myyyynsyye' | pos_acc=10/10 (100.0%) | 713tok | 2.55s
L2M-DV   | pred='myyyynsyye' | pos_acc=10/10 (100.0%) | 806tok | 5.49s
Baseline | pred='lyylnrlnl' | pos_acc=3/10 (30.0%) | 373tok | 1.21s | len_mismatch(gold=10, pred=9)
CoT      | pred='lyylnrlnnl' | pos_acc=5/10 (50.0%) | 398tok | 6.97s
L2M      | pred='nyllyrnlnl' | pos_acc=9/10 (90.0%) | 712tok | 3.49s
L2M-DV   | pred='nynlyrnlnl' | pos_acc=10/10 (100.0%) | 802tok | 3.05s
Baseline | pred='ynlltynnix' | pos_acc=7/10 (70.0%) | 368tok | 0.80s
CoT      | pred='ylnnysyyxn' | pos_acc=3/10 (30.0%) | 394tok | 0.87s
L2M      | pred='ynlnynnnnx' | pos_acc=9/10 (90.0%) | 708tok | 2.73s
L2M-DV   | pred='ynlnyynnxn' | pos_acc=8/10 (80.0%) | 792tok | 2.68s
Baseline | pred='nnceylnlx' | pos_acc=5/10 (50.0%) | 371tok | 1.17s | len_mismatch(gold=10, pred=9)
CoT      | pred='nnceylnlrx' | pos_acc=6/10 (60.0%) | 397tok | 1.34s
L2M      | pred='nnemyynllx' | pos_acc=9/10 (90.0%) | 712tok | 3.60s
L2M-DV   | pred='nnymyynlyx' | pos_acc=9/10 (90.0%) | 797tok | 3.45s
Baseline | pred='yynelgnlyy' | pos_acc=5/10 (50.0%) | 375tok | 1.02s
CoT      | pred='yyyelnygly' | pos_acc=8/10 (80.0%) | 400tok | 0.84s
L2M      | pred='yyyelynmyy' | pos_acc=6/10 (60.0%) | 714tok | 3.62s
L2M-DV   | pred='yyyelnynmy' | pos_acc=10/10 (100.0%) | 803tok | 3.85s
Baseline | pred='yyyllttcgy' | pos_acc=7/10 (70.0%) | 369tok | 0.82s
CoT      | pred='yyyllttcly' | pos_acc=7/10 (70.0%) | 394tok | 0.86s
L2M      | pred='yyylctncyy' | pos_acc=10/10 (100.0%) | 710tok | 3.45s
L2M-DV   | pred='yyylctncyy' | pos_acc=10/10 (100.0%) | 797tok | 2.77s
Baseline | pred='yntlyymsis' | pos_acc=7/10 (70.0%) | 373tok | 1.06s
CoT      | pred='ynoletynss' | pos_acc=5/10 (50.0%) | 397tok | 1.23s
L2M      | pred='ynylyymnys' | pos_acc=10/10 (100.0%) | 712tok | 2.65s
L2M-DV   | pred='ynlyymnys' | pos_acc=3/10 (30.0%) | 789tok | 3.08s | len_mismatch(gold=10, pred=9)
Baseline | pred='yyyllmnncc' | pos_acc=7/10 (70.0%) | 380tok | 1.31s
CoT      | pred='yyyllmnncc' | pos_acc=7/10 (70.0%) | 405tok | 0.95s
L2M      | pred='yyyllynmyc' | pos_acc=10/10 (100.0%) | 720tok | 2.66s
L2M-DV   | pred='yyylllynmc' | pos_acc=6/10 (60.0%) | 813tok | 2.71s
Baseline | pred='nnllnnoeee' | pos_acc=5/10 (50.0%) | 379tok | 1.55s
CoT      | pred='nsseneeynn' | pos_acc=5/10 (50.0%) | 404tok | 1.07s
L2M      | pred='nslennyeyn' | pos_acc=10/10 (100.0%) | 718tok | 5.57s
L2M-DV   | pred='nslennyeyn' | pos_acc=10/10 (100.0%) | 942tok | 5.36s

### Batch Summary (n_words=10)
| Strategy | Accuracy | Tokens | Avg Time |
|----------|----------|--------|----------|
| Baseline |  54.50% | 7,526 | 1.075s |
| CoT      |  55.00% | 7,961 | 1.401s |
| L2M      |  83.50% | 14,254 | 3.248s |
| L2M-DV   |  88.00% | 16,256 | 3.675s |

======================================================================
num_words = 11 | batch_size = 20
Baseline | pred='nlyeyntnonn' | pos_acc=6/11 (54.5%) | 378tok | 1.57s
CoT      | pred='nlyeeiyntn' | pos_acc=4/11 (36.4%) | 403tok | 0.83s | len_mismatch(gold=11, pred=10)
L2M      | pred='nyreynyyynn' | pos_acc=10/11 (90.9%) | 736tok | 3.15s
L2M-DV   | pred='nyreynynnnn' | pos_acc=10/11 (90.9%) | 962tok | 5.26s
Baseline | pred='lnnnnldcylr' | pos_acc=5/11 (45.5%) | 389tok | 1.01s
CoT      | pred='yntnnleecty' | pos_acc=7/11 (63.6%) | 413tok | 1.31s
L2M      | pred='ynnelneclly' | pos_acc=5/11 (45.5%) | 746tok | 3.77s
L2M-DV   | pred='ynnnelnecly' | pos_acc=11/11 (100.0%) | 835tok | 3.19s
Baseline | pred='yssnnnooyy' | pos_acc=6/11 (54.5%) | 369tok | 1.05s | len_mismatch(gold=11, pred=10)
CoT      | pred='yssnnnoonoy' | pos_acc=6/11 (54.5%) | 394tok | 1.42s
L2M      | pred='ysynnxlynyy' | pos_acc=6/11 (54.5%) | 728tok | 4.35s
L2M-DV   | pred='ysynnxnlyny' | pos_acc=9/11 (81.8%) | 815tok | 4.43s
Baseline | pred='nnnsnnnsmnn' | pos_acc=6/11 (54.5%) | 374tok | 0.86s
CoT      | pred='nnntnnnntnn' | pos_acc=6/11 (54.5%) | 399tok | 1.33s
L2M      | pred='nynnnnynmyn' | pos_acc=11/11 (100.0%) | 733tok | 3.08s
L2M-DV   | pred='nynnnnynmyn' | pos_acc=11/11 (100.0%) | 821tok | 3.81s
Baseline | pred='nnmnnntyyly' | pos_acc=9/11 (81.8%) | 382tok | 1.84s
CoT      | pred='nnmnnntyyyl' | pos_acc=9/11 (81.8%) | 407tok | 1.09s
L2M      | pred='nnnnnnyyyyy' | pos_acc=10/11 (90.9%) | 740tok | 3.88s
L2M-DV   | pred='nnmnnnyyyyy' | pos_acc=11/11 (100.0%) | 825tok | 3.31s
Baseline | pred='nnntelntnnn' | pos_acc=6/11 (54.5%) | 373tok | 1.77s
CoT      | pred='nnntelntnnn' | pos_acc=6/11 (54.5%) | 398tok | 1.06s
L2M      | pred='nnneyytnynn' | pos_acc=9/11 (81.8%) | 731tok | 3.48s
L2M-DV   | pred='nnyeytnynnn' | pos_acc=4/11 (36.4%) | 820tok | 3.08s
Baseline | pred='ylyylnnecss' | pos_acc=5/11 (45.5%) | 377tok | 2.18s
CoT      | pred='ylyylnnecss' | pos_acc=5/11 (45.5%) | 402tok | 1.02s
L2M      | pred='yyylenysynn' | pos_acc=6/11 (54.5%) | 736tok | 2.76s
L2M-DV   | pred='yyylyensyyn' | pos_acc=9/11 (81.8%) | 825tok | 3.95s
Baseline | pred='yyyynnnnmm' | pos_acc=7/11 (63.6%) | 375tok | 0.94s | len_mismatch(gold=11, pred=10)
CoT      | pred='yyyynnnnmm' | pos_acc=7/11 (63.6%) | 400tok | 1.60s | len_mismatch(gold=11, pred=10)
L2M      | pred='yyyynnynnym' | pos_acc=11/11 (100.0%) | 733tok | 2.73s
L2M-DV   | pred='yyyynnnyynm' | pos_acc=7/11 (63.6%) | 814tok | 3.26s
Baseline | pred='syynnnnyrnn' | pos_acc=8/11 (72.7%) | 372tok | 0.72s
CoT      | pred='syynnnnnyin' | pos_acc=8/11 (72.7%) | 397tok | 1.57s
L2M      | pred='syynynyyyyn' | pos_acc=8/11 (72.7%) | 730tok | 3.65s
L2M-DV   | pred='synnnyynynn' | pos_acc=7/11 (63.6%) | 820tok | 3.41s
Baseline | pred='ynoeyntnly' | pos_acc=3/11 (27.3%) | 377tok | 1.17s | len_mismatch(gold=11, pred=10)
CoT      | pred='yntyyneonyl' | pos_acc=4/11 (36.4%) | 402tok | 0.87s
L2M      | pred='ynnynynnnny' | pos_acc=10/11 (90.9%) | 736tok | 3.58s
L2M-DV   | pred='ynyneynnyyn' | pos_acc=6/11 (54.5%) | 824tok | 2.24s
Baseline | pred='eennlylnly' | pos_acc=2/11 (18.2%) | 376tok | 1.01s | len_mismatch(gold=11, pred=10)
CoT      | pred='elnnlylnrly' | pos_acc=4/11 (36.4%) | 403tok | 1.04s
L2M      | pred='elynyyensry' | pos_acc=7/11 (63.6%) | 735tok | 3.33s
L2M-DV   | pred='elynyesnry' | pos_acc=6/11 (54.5%) | 981tok | 4.38s | len_mismatch(gold=11, pred=10)
Baseline | pred='elnnlyytmse' | pos_acc=5/11 (45.5%) | 378tok | 1.25s
CoT      | pred='elnnlyyymse' | pos_acc=5/11 (45.5%) | 401tok | 0.95s
L2M      | pred='eyntyyymeye' | pos_acc=11/11 (100.0%) | 734tok | 2.87s
L2M-DV   | pred='eyntyyymeye' | pos_acc=11/11 (100.0%) | 830tok | 2.63s
Baseline | pred='nnntyyssnns' | pos_acc=7/11 (63.6%) | 376tok | 0.86s
CoT      | pred='nnntyyssnns' | pos_acc=7/11 (63.6%) | 401tok | 1.60s
L2M      | pred='nlnnyysynnn' | pos_acc=11/11 (100.0%) | 735tok | 2.71s
L2M-DV   | pred='nlnnyyysnnn' | pos_acc=9/11 (81.8%) | 814tok | 3.53s
Baseline | pred='elnnnntnnle' | pos_acc=6/11 (54.5%) | 377tok | 1.03s
CoT      | pred='etnnnntnnee' | pos_acc=6/11 (54.5%) | 402tok | 0.92s
L2M      | pred='eenynennnne' | pos_acc=10/11 (90.9%) | 734tok | 3.97s
L2M-DV   | pred='eenynennnne' | pos_acc=10/11 (90.9%) | 942tok | 5.01s
Baseline | pred='lnyyynntgcl' | pos_acc=6/11 (54.5%) | 376tok | 0.85s
CoT      | pred='lnygyrtylcl' | pos_acc=4/11 (36.4%) | 401tok | 1.11s
L2M      | pred='lnyynnynnyl' | pos_acc=11/11 (100.0%) | 734tok | 2.82s
L2M-DV   | pred='lnyynnynnyl' | pos_acc=11/11 (100.0%) | 823tok | 2.94s
Baseline | pred='nnnedyytyee' | pos_acc=7/11 (63.6%) | 379tok | 1.00s
CoT      | pred='nnnedyytye' | pos_acc=6/11 (54.5%) | 404tok | 1.40s | len_mismatch(gold=11, pred=10)
L2M      | pred='nnsyeeyyyne' | pos_acc=9/11 (81.8%) | 738tok | 3.04s
L2M-DV   | pred='nnseeyyyyne' | pos_acc=11/11 (100.0%) | 831tok | 4.13s
Baseline | pred='nonngllnnoz' | pos_acc=2/11 (18.2%) | 373tok | 0.87s
CoT      | pred='nonnglnnnon' | pos_acc=2/11 (18.2%) | 397tok | 1.55s
L2M      | pred='nlsgynltmnn' | pos_acc=11/11 (100.0%) | 733tok | 2.83s
L2M-DV   | pred='nlsgynltmnn' | pos_acc=11/11 (100.0%) | 951tok | 4.17s
Baseline | pred='nnlnlnltynn' | pos_acc=5/11 (45.5%) | 372tok | 1.63s
CoT      | pred='nnlnlnlntn' | pos_acc=4/11 (36.4%) | 397tok | 1.04s | len_mismatch(gold=11, pred=10)
L2M      | pred='nenlnnlynnn' | pos_acc=11/11 (100.0%) | 731tok | 19.08s
L2M-DV   | pred='nenlnnlynnn' | pos_acc=11/11 (100.0%) | 972tok | 4.17s
Baseline | pred='nnlylgnnlnn' | pos_acc=6/11 (54.5%) | 377tok | 1.19s
CoT      | pred='nnlylnoonnn' | pos_acc=5/11 (45.5%) | 401tok | 1.01s
L2M      | pred='nnylynnnynn' | pos_acc=11/11 (100.0%) | 733tok | 2.97s
L2M-DV   | pred='nnylnynnnnn' | pos_acc=8/11 (72.7%) | 829tok | 4.05s
Baseline | pred='oneyletnnon' | pos_acc=2/11 (18.2%) | 379tok | 1.02s
CoT      | pred='onyyelmnne' | pos_acc=4/11 (36.4%) | 404tok | 0.85s | len_mismatch(gold=11, pred=10)
L2M      | pred='nyeemnynnen' | pos_acc=6/11 (54.5%) | 738tok | 2.77s
L2M-DV   | pred='nyyeemnynen' | pos_acc=11/11 (100.0%) | 832tok | 5.93s

### Batch Summary (n_words=11)
| Strategy | Accuracy | Tokens | Avg Time |
|----------|----------|--------|----------|
| Baseline |  49.55% | 7,529 | 1.190s |
| CoT      |  49.55% | 8,026 | 1.179s |
| L2M      |  83.64% | 14,694 | 4.042s |
| L2M-DV   |  83.64% | 17,166 | 3.845s |

======================================================================
num_words = 12 | batch_size = 20
Baseline | pred='nnntnnntnnn' | pos_acc=7/12 (58.3%) | 381tok | 1.04s | len_mismatch(gold=12, pred=11)
CoT      | pred='nnntnnnntnnn' | pos_acc=7/12 (58.3%) | 407tok | 1.21s
L2M      | pred='nlnnynntynnn' | pos_acc=10/12 (83.3%) | 760tok | 4.42s
L2M-DV   | pred='nlnnnynynnnn' | pos_acc=10/12 (83.3%) | 984tok | 7.19s
Baseline | pred='esnnveyylny' | pos_acc=4/12 (33.3%) | 377tok | 1.17s | len_mismatch(gold=12, pred=11)
CoT      | pred='etnnveyylny' | pos_acc=4/12 (33.3%) | 402tok | 1.16s | len_mismatch(gold=12, pred=11)
L2M      | pred='elnseyyeelny' | pos_acc=10/12 (83.3%) | 755tok | 3.18s
L2M-DV   | pred='elnsennyelyn' | pos_acc=9/12 (75.0%) | 843tok | 4.00s
Baseline | pred='ytyyynlntyy' | pos_acc=3/12 (25.0%) | 388tok | 1.30s | len_mismatch(gold=12, pred=11)
CoT      | pred='yyyynnnnnnyy' | pos_acc=7/12 (58.3%) | 413tok | 1.28s
L2M      | pred='yyenynemney' | pos_acc=8/12 (66.7%) | 764tok | 3.49s | len_mismatch(gold=12, pred=11)
L2M-DV   | pred='yyenynemneyy' | pos_acc=9/12 (75.0%) | 849tok | 4.54s
Baseline | pred='yllnlygssnnn' | pos_acc=7/12 (58.3%) | 384tok | 0.94s
CoT      | pred='yllnynyyynnn' | pos_acc=6/12 (50.0%) | 408tok | 0.85s
L2M      | pred='ylynyscymsny' | pos_acc=9/12 (75.0%) | 759tok | 3.04s
L2M-DV   | pred='ylynyycsnnny' | pos_acc=11/12 (91.7%) | 859tok | 4.20s
Baseline | pred='yyylnlnngne' | pos_acc=4/12 (33.3%) | 377tok | 0.87s | len_mismatch(gold=12, pred=11)
CoT      | pred='yyylnngnnne' | pos_acc=3/12 (25.0%) | 402tok | 0.94s | len_mismatch(gold=12, pred=11)
L2M      | pred='yyynyyngyyne' | pos_acc=12/12 (100.0%) | 756tok | 3.01s
L2M-DV   | pred='yyynyngyyyne' | pos_acc=9/12 (75.0%) | 1,000tok | 3.79s
Baseline | pred='yxnnynyyynnn' | pos_acc=10/12 (83.3%) | 379tok | 1.83s
CoT      | pred='yxrtyynssnnn' | pos_acc=5/12 (41.7%) | 404tok | 1.00s
L2M      | pred='yxnyynyyynnn' | pos_acc=11/12 (91.7%) | 757tok | 4.16s
L2M-DV   | pred='yxynsynyyyn' | pos_acc=6/12 (50.0%) | 851tok | 3.62s | len_mismatch(gold=12, pred=11)
Baseline | pred='nlnltylntsyy' | pos_acc=2/12 (16.7%) | 379tok | 0.97s
CoT      | pred='nlnnynlgnsly' | pos_acc=5/12 (41.7%) | 404tok | 0.87s
L2M      | pred='nnrnyllnensy' | pos_acc=8/12 (66.7%) | 755tok | 3.28s
L2M-DV   | pred='nnrnylnenysy' | pos_acc=12/12 (100.0%) | 1,012tok | 7.96s
Baseline | pred='yntyynglenn' | pos_acc=5/12 (41.7%) | 373tok | 1.01s | len_mismatch(gold=12, pred=11)
CoT      | pred='yntyylnneon' | pos_acc=4/12 (33.3%) | 398tok | 1.02s | len_mismatch(gold=12, pred=11)
L2M      | pred='yngynnneeysn' | pos_acc=7/12 (58.3%) | 750tok | 2.44s
L2M-DV   | pred='yngynnenysnn' | pos_acc=10/12 (83.3%) | 826tok | 5.23s
Baseline | pred='emnmnytylnep' | pos_acc=4/12 (33.3%) | 385tok | 1.46s
CoT      | pred='eyyynytvlynn' | pos_acc=8/12 (66.7%) | 410tok | 1.15s
L2M      | pred='eymynytneynn' | pos_acc=9/12 (75.0%) | 762tok | 2.65s
L2M-DV   | pred='eymynyteynnn' | pos_acc=11/12 (91.7%) | 999tok | 5.27s
Baseline | pred='yntnngyytgye' | pos_acc=8/12 (66.7%) | 383tok | 0.79s
CoT      | pred='yntnnmlyssle' | pos_acc=8/12 (66.7%) | 407tok | 1.06s
L2M      | pred='ynennmyysnye' | pos_acc=12/12 (100.0%) | 758tok | 5.00s
L2M-DV   | pred='ynennmyysnye' | pos_acc=12/12 (100.0%) | 851tok | 4.13s
Baseline | pred='nysyllyldity' | pos_acc=6/12 (50.0%) | 383tok | 1.04s
CoT      | pred='ntyyldlrltyy' | pos_acc=3/12 (25.0%) | 410tok | 1.31s
L2M      | pred='nyllyyylxyny' | pos_acc=10/12 (83.3%) | 761tok | 4.07s
L2M-DV   | pred='nylyeeylyxny' | pos_acc=9/12 (75.0%) | 846tok | 3.50s
Baseline | pred='onlnltyllyss' | pos_acc=2/12 (16.7%) | 384tok | 1.44s
CoT      | pred='noynltylssn' | pos_acc=2/12 (16.7%) | 409tok | 1.75s | len_mismatch(gold=12, pred=11)
L2M      | pred='nenynneymys' | pos_acc=10/12 (83.3%) | 760tok | 3.90s | len_mismatch(gold=12, pred=11)
L2M-DV   | pred='nenynneymyns' | pos_acc=12/12 (100.0%) | 1,014tok | 6.82s
Baseline | pred='lyllyyltntn' | pos_acc=5/12 (41.7%) | 381tok | 0.86s | len_mismatch(gold=12, pred=11)
CoT      | pred='nlyltyylnene' | pos_acc=5/12 (41.7%) | 406tok | 1.02s
L2M      | pred='nyelyyynnnel' | pos_acc=11/12 (91.7%) | 757tok | 4.73s
L2M-DV   | pred='nyelyyyynnell' | pos_acc=12/12 (100.0%) | 1,019tok | 5.47s | len_mismatch(gold=12, pred=13)
Baseline | pred='yymlyelntnnn' | pos_acc=7/12 (58.3%) | 381tok | 1.17s
CoT      | pred='yyrlyelntin' | pos_acc=5/12 (41.7%) | 405tok | 1.10s | len_mismatch(gold=12, pred=11)
L2M      | pred='yyeeyennnnnn' | pos_acc=10/12 (83.3%) | 758tok | 5.45s
L2M-DV   | pred='yyeeynynnnnn' | pos_acc=8/12 (66.7%) | 1,018tok | 10.66s
Baseline | pred='syonlnrtyyy' | pos_acc=5/12 (41.7%) | 374tok | 1.49s | len_mismatch(gold=12, pred=11)
CoT      | pred='syntnlnrtyym' | pos_acc=7/12 (58.3%) | 400tok | 1.35s
L2M      | pred='synnylnrymyy' | pos_acc=12/12 (100.0%) | 752tok | 5.42s
L2M-DV   | pred='synnylnrymyy' | pos_acc=12/12 (100.0%) | 848tok | 4.08s
Baseline | pred='ntytnnnooyn' | pos_acc=5/12 (41.7%) | 376tok | 2.25s | len_mismatch(gold=12, pred=11)
CoT      | pred='ntytnnnyynnn' | pos_acc=8/12 (66.7%) | 401tok | 1.23s
L2M      | pred='nyytynrnynnn' | pos_acc=12/12 (100.0%) | 753tok | 3.18s
L2M-DV   | pred='nyytynrnynnn' | pos_acc=12/12 (100.0%) | 834tok | 3.24s
Baseline | pred='nneneeyeree' | pos_acc=4/12 (33.3%) | 378tok | 1.03s | len_mismatch(gold=12, pred=11)
CoT      | pred='nneneeyeree' | pos_acc=4/12 (33.3%) | 403tok | 0.99s | len_mismatch(gold=12, pred=11)
L2M      | pred='nnenneyreyee' | pos_acc=9/12 (75.0%) | 756tok | 3.48s
L2M-DV   | pred='nnenneyreyee' | pos_acc=9/12 (75.0%) | 1,009tok | 8.19s
Baseline | pred='elnmneeyylyt' | pos_acc=6/12 (50.0%) | 381tok | 1.53s
CoT      | pred='elnnnleeyyiy' | pos_acc=6/12 (50.0%) | 407tok | 0.84s
L2M      | pred='enmnneyyyyyy' | pos_acc=12/12 (100.0%) | 758tok | 6.14s
L2M-DV   | pred='enmnneyyyyy' | pos_acc=11/12 (91.7%) | 1,021tok | 3.89s | len_mismatch(gold=12, pred=11)
Baseline | pred='nnntyyllnnsn' | pos_acc=6/12 (50.0%) | 379tok | 1.64s
CoT      | pred='nnneynltynnn' | pos_acc=8/12 (66.7%) | 404tok | 1.08s
L2M      | pred='nnnyynlyeynn' | pos_acc=12/12 (100.0%) | 756tok | 3.92s
L2M-DV   | pred='nnnyynlyeyn' | pos_acc=11/12 (91.7%) | 820tok | 3.06s | len_mismatch(gold=12, pred=11)
Baseline | pred='ednnlylrynnn' | pos_acc=6/12 (50.0%) | 382tok | 0.82s
CoT      | pred='ednnlylryonn' | pos_acc=5/12 (41.7%) | 406tok | 1.23s
L2M      | pred='ennyllytnnnn' | pos_acc=10/12 (83.3%) | 759tok | 3.51s
L2M-DV   | pred='ennyltynnnnn' | pos_acc=12/12 (100.0%) | 851tok | 3.99s

### Batch Summary (n_words=12)
| Strategy | Accuracy | Tokens | Avg Time |
|----------|----------|--------|----------|
| Baseline |  44.17% | 7,605 | 1.233s |
| CoT      |  45.83% | 8,106 | 1.123s |
| L2M      |  85.00% | 15,146 | 3.923s |
| L2M-DV   |  86.25% | 18,354 | 5.140s |

======================================================================
num_words = 13 | batch_size = 20
Baseline | pred='yneglcalyytty' | pos_acc=4/13 (30.8%) | 376tok | 1.11s
CoT      | pred='yneclclltyyyy' | pos_acc=5/13 (38.5%) | 402tok | 1.28s
L2M      | pred='ynmccllyynnyy' | pos_acc=11/13 (84.6%) | 774tok | 3.77s
L2M-DV   | pred='ynmcnlyyynnyy' | pos_acc=13/13 (100.0%) | 1,037tok | 5.14s
Baseline | pred='yntnnooyntlyy' | pos_acc=6/13 (46.2%) | 385tok | 3.79s
CoT      | pred='ynoanllgntlyy' | pos_acc=6/13 (46.2%) | 410tok | 1.15s
L2M      | pred='ynennlleyneny' | pos_acc=10/13 (76.9%) | 779tok | 3.85s
L2M-DV   | pred='ynennlyeneyny' | pos_acc=11/13 (84.6%) | 1,045tok | 7.67s
Baseline | pred='nertsyeylgnl' | pos_acc=3/13 (23.1%) | 388tok | 1.64s | len_mismatch(gold=13, pred=12)
CoT      | pred='nerssyeylssn' | pos_acc=6/13 (46.2%) | 413tok | 1.12s | len_mismatch(gold=13, pred=12)
L2M      | pred='neysyeyellsnl' | pos_acc=13/13 (100.0%) | 784tok | 3.88s
L2M-DV   | pred='neysyeeyellnl' | pos_acc=9/13 (69.2%) | 882tok | 6.64s
Baseline | pred='eledmslnnntnnn' | pos_acc=7/13 (53.8%) | 388tok | 1.54s | len_mismatch(gold=13, pred=14)
CoT      | pred='eenlsmnlnnngn' | pos_acc=3/13 (23.1%) | 412tok | 1.13s
L2M      | pred='elemmnyeneynn' | pos_acc=13/13 (100.0%) | 783tok | 5.27s
L2M-DV   | pred='elemmnynennyn' | pos_acc=8/13 (61.5%) | 883tok | 6.07s
Baseline | pred='nnnntlltyyney' | pos_acc=5/13 (38.5%) | 382tok | 0.94s
CoT      | pred='nnntlltyneonn' | pos_acc=6/13 (46.2%) | 407tok | 1.12s
L2M      | pred='nnnlyeyelynyn' | pos_acc=6/13 (46.2%) | 778tok | 3.36s
L2M-DV   | pred='nnnnlyeyelnyn' | pos_acc=13/13 (100.0%) | 850tok | 4.85s
Baseline | pred='ylyltylsyynce' | pos_acc=3/13 (23.1%) | 385tok | 1.17s
CoT      | pred='ylytylnssnce' | pos_acc=3/13 (23.1%) | 409tok | 0.88s | len_mismatch(gold=13, pred=12)
L2M      | pred='yyeylllsyynye' | pos_acc=8/13 (61.5%) | 781tok | 3.53s
L2M-DV   | pred='yyeyllsyyynne' | pos_acc=11/13 (84.6%) | 881tok | 4.96s
Baseline | pred='elnnssnnlneey' | pos_acc=6/13 (46.2%) | 381tok | 0.82s
CoT      | pred='eylnssnnlneey' | pos_acc=5/13 (38.5%) | 406tok | 0.92s
L2M      | pred='yensnnnclnney' | pos_acc=13/13 (100.0%) | 778tok | 5.33s
L2M-DV   | pred='yensnnnclnney' | pos_acc=13/13 (100.0%) | 879tok | 4.31s
Baseline | pred='cnyonlveynl' | pos_acc=5/13 (38.5%) | 386tok | 2.82s | len_mismatch(gold=13, pred=11)
CoT      | pred='cndnnoeyvyyal' | pos_acc=6/13 (46.2%) | 410tok | 1.33s
L2M      | pred='cnynnyyeynynl' | pos_acc=10/13 (76.9%) | 782tok | 3.42s
L2M-DV   | pred='cnynnyyeynynl' | pos_acc=10/13 (76.9%) | 879tok | 3.41s
Baseline | pred='yveelntngmnnn' | pos_acc=4/13 (30.8%) | 392tok | 1.33s
CoT      | pred='yveelntnltmnm' | pos_acc=3/13 (23.1%) | 417tok | 1.14s
L2M      | pred='yyeemnnlcysmn' | pos_acc=11/13 (84.6%) | 788tok | 3.74s
L2M-DV   | pred='yyeeemnlcysmn' | pos_acc=13/13 (100.0%) | 863tok | 4.00s
Baseline | pred='nnnereltntyy' | pos_acc=4/13 (30.8%) | 385tok | 1.22s | len_mismatch(gold=13, pred=12)
CoT      | pred='nnnereltntyy' | pos_acc=4/13 (30.8%) | 410tok | 1.28s | len_mismatch(gold=13, pred=12)
L2M      | pred='nnyeyermcnley' | pos_acc=13/13 (100.0%) | 781tok | 5.07s
L2M-DV   | pred='nnyeyermcnley' | pos_acc=13/13 (100.0%) | 855tok | 4.10s
Baseline | pred='nnlnnnynnnntt' | pos_acc=9/13 (69.2%) | 377tok | 1.08s
CoT      | pred='nnlnnnnnnnnny' | pos_acc=8/13 (61.5%) | 402tok | 1.15s
L2M      | pred='nlnlynnnnntty' | pos_acc=10/13 (76.9%) | 774tok | 4.08s
L2M-DV   | pred='nlnlnnynnnnty' | pos_acc=13/13 (100.0%) | 1,047tok | 7.85s
Baseline | pred='yyltynlyllyyly' | pos_acc=4/13 (30.8%) | 389tok | 1.47s | len_mismatch(gold=13, pred=14)
CoT      | pred='yyyynnnnlyyy' | pos_acc=6/13 (46.2%) | 412tok | 0.86s | len_mismatch(gold=13, pred=12)
L2M      | pred='yylynyyeynyyn' | pos_acc=10/13 (76.9%) | 783tok | 4.14s
L2M-DV   | pred='yylynyeeynnyy' | pos_acc=11/13 (84.6%) | 1,027tok | 7.49s
Baseline | pred='lglntyyeylnaa' | pos_acc=2/13 (15.4%) | 383tok | 1.02s
CoT      | pred='lclnynyrnynnl' | pos_acc=7/13 (53.8%) | 409tok | 1.07s
L2M      | pred='nlynyeynnynnl' | pos_acc=12/13 (92.3%) | 779tok | 5.23s
L2M-DV   | pred='nlynynynnyynl' | pos_acc=12/13 (92.3%) | 876tok | 3.65s
Baseline | pred='elnngmldnlyy' | pos_acc=6/13 (46.2%) | 384tok | 1.06s | len_mismatch(gold=13, pred=12)
CoT      | pred='elnngmldnlyy' | pos_acc=6/13 (46.2%) | 409tok | 0.89s | len_mismatch(gold=13, pred=12)
L2M      | pred='elnnymlnnyyny' | pos_acc=11/13 (84.6%) | 780tok | 4.91s
L2M-DV   | pred='elnnymlnnyyny' | pos_acc=11/13 (84.6%) | 876tok | 4.08s
Baseline | pred='yelelnyngnmnm' | pos_acc=6/13 (46.2%) | 381tok | 1.14s
CoT      | pred='yelelnyngnno' | pos_acc=5/13 (38.5%) | 405tok | 1.03s | len_mismatch(gold=13, pred=12)
L2M      | pred='yelyyynynmynn' | pos_acc=7/13 (53.8%) | 778tok | 7.58s
L2M-DV   | pred='yelneyyynnmyn' | pos_acc=13/13 (100.0%) | 846tok | 4.55s
Baseline | pred='yrryggelntnep' | pos_acc=7/13 (53.8%) | 383tok | 0.92s
CoT      | pred='yrryggelnyee' | pos_acc=6/13 (46.2%) | 407tok | 1.07s | len_mismatch(gold=13, pred=12)
L2M      | pred='yrnyggeeyyneee' | pos_acc=10/13 (76.9%) | 778tok | 4.00s | len_mismatch(gold=13, pred=14)
L2M-DV   | pred='yrnygyenynnee' | pos_acc=13/13 (100.0%) | 874tok | 5.73s
Baseline | pred='ctnyytnoonrre' | pos_acc=4/13 (30.8%) | 384tok | 1.20s
CoT      | pred='cnonynnnnoonn' | pos_acc=5/13 (38.5%) | 407tok | 0.89s
L2M      | pred='cnyyyyynnnner' | pos_acc=12/13 (92.3%) | 778tok | 3.22s
L2M-DV   | pred='cnyyyyynnnner' | pos_acc=12/13 (92.3%) | 874tok | 3.94s
Baseline | pred='noynneeeelal' | pos_acc=6/13 (46.2%) | 384tok | 1.09s | len_mismatch(gold=13, pred=12)
CoT      | pred='onyylnnnoalll' | pos_acc=5/13 (38.5%) | 410tok | 1.09s
L2M      | pred='nyynennelynll' | pos_acc=11/13 (84.6%) | 781tok | 3.24s
L2M-DV   | pred='nyynennelynll' | pos_acc=11/13 (84.6%) | 1,050tok | 8.71s
Baseline | pred='ynozntynymnnn' | pos_acc=6/13 (46.2%) | 385tok | 0.93s
CoT      | pred='ynozntnynlno' | pos_acc=5/13 (38.5%) | 410tok | 1.64s | len_mismatch(gold=13, pred=12)
L2M      | pred='ynnsnlnyyyynn' | pos_acc=13/13 (100.0%) | 780tok | 4.03s
L2M-DV   | pred='ynnslnyyyynnn' | pos_acc=9/13 (69.2%) | 878tok | 7.91s
Baseline | pred='stnmynnnllyy' | pos_acc=4/13 (30.8%) | 381tok | 1.07s | len_mismatch(gold=13, pred=12)
CoT      | pred='stmlgyntnlym' | pos_acc=4/13 (30.8%) | 406tok | 1.10s | len_mismatch(gold=13, pred=12)
L2M      | pred='smyynnnsnnnmy' | pos_acc=8/13 (61.5%) | 778tok | 2.97s
L2M-DV   | pred='snmyynnsynlmy' | pos_acc=13/13 (100.0%) | 876tok | 3.37s

### Batch Summary (n_words=13)
| Strategy | Accuracy | Tokens | Avg Time |
|----------|----------|--------|----------|
| Baseline |  38.85% | 7,679 | 1.368s |
| CoT      |  40.00% | 8,173 | 1.107s |
| L2M      |  81.54% | 15,597 | 4.231s |
| L2M-DV   |  89.23% | 18,278 | 5.421s |

======================================================================
num_words = 14 | batch_size = 20
Baseline | pred='nyrnyonntnyncc' | pos_acc=6/14 (42.9%) | 388tok | 1.13s
CoT      | pred='nnynnnnnnnnnnn' | pos_acc=6/14 (42.9%) | 412tok | 1.03s
L2M      | pred='nynynnntnnnyec' | pos_acc=13/14 (92.9%) | 803tok | 3.46s
L2M-DV   | pred='nynynnnnnyyenc' | pos_acc=10/14 (71.4%) | 890tok | 4.92s
Baseline | pred='yntylnoesgllc' | pos_acc=4/14 (28.6%) | 383tok | 1.44s | len_mismatch(gold=14, pred=13)
CoT      | pred='yntlynyglnlcll' | pos_acc=6/14 (42.9%) | 409tok | 1.44s
L2M      | pred='ynsyynnsynmngl' | pos_acc=14/14 (100.0%) | 799tok | 3.27s
L2M-DV   | pred='ynsyynnsynmngl' | pos_acc=14/14 (100.0%) | 896tok | 6.90s
Baseline | pred='ealelntyltyyy' | pos_acc=5/14 (35.7%) | 384tok | 1.37s | len_mismatch(gold=14, pred=13)
CoT      | pred='ealelntylrlyy' | pos_acc=4/14 (28.6%) | 408tok | 1.23s | len_mismatch(gold=14, pred=13)
L2M      | pred='elyecnlnylyyey' | pos_acc=14/14 (100.0%) | 799tok | 5.44s
L2M-DV   | pred='elyecnlnylyey' | pos_acc=11/14 (78.6%) | 1,079tok | 5.43s | len_mismatch(gold=14, pred=13)
Baseline | pred='nleeeeylnyynyy' | pos_acc=8/14 (57.1%) | 390tok | 0.93s
CoT      | pred='nleeeeylnyynyy' | pos_acc=8/14 (57.1%) | 415tok | 0.93s
L2M      | pred='neeeeynmnnyyyy' | pos_acc=12/14 (85.7%) | 804tok | 3.83s
L2M-DV   | pred='neeeeynmnyeeyy' | pos_acc=13/14 (92.9%) | 892tok | 5.06s
Baseline | pred='ylyytssylnnno' | pos_acc=5/14 (35.7%) | 386tok | 1.72s | len_mismatch(gold=14, pred=13)
CoT      | pred='ylyytygyxnnnyn' | pos_acc=9/14 (64.3%) | 411tok | 1.05s
L2M      | pred='yylysyxyxnynyn' | pos_acc=13/14 (92.9%) | 802tok | 3.80s
L2M-DV   | pred='yylysyxyxnyynn' | pos_acc=11/14 (78.6%) | 1,055tok | 5.07s
Baseline | pred='nntlnetlnnssnn' | pos_acc=7/14 (50.0%) | 386tok | 1.11s
CoT      | pred='nnntelalnssnnn' | pos_acc=9/14 (64.3%) | 411tok | 1.06s
L2M      | pred='nnnneeyynyyynn' | pos_acc=11/14 (78.6%) | 801tok | 4.20s
L2M-DV   | pred='nnnneelynysnnn' | pos_acc=14/14 (100.0%) | 1,056tok | 6.80s
Baseline | pred='nnlelneltynssn' | pos_acc=6/14 (42.9%) | 385tok | 0.90s
CoT      | pred='nnlelnyeylntn' | pos_acc=4/14 (28.6%) | 410tok | 0.91s | len_mismatch(gold=14, pred=13)
L2M      | pred='nnelynlyyensn' | pos_acc=5/14 (35.7%) | 799tok | 6.07s | len_mismatch(gold=14, pred=13)
L2M-DV   | pred='nnelnelyyensn' | pos_acc=7/14 (50.0%) | 900tok | 3.91s | len_mismatch(gold=14, pred=13)
Baseline | pred='nnynlyyngyynn' | pos_acc=6/14 (42.9%) | 384tok | 1.82s | len_mismatch(gold=14, pred=13)
CoT      | pred='nlnyglynnymnlyz' | pos_acc=2/14 (14.3%) | 410tok | 1.80s | len_mismatch(gold=14, pred=15)
L2M      | pred='nnygyynnmnyyyn' | pos_acc=14/14 (100.0%) | 799tok | 4.10s
L2M-DV   | pred='nnygyynnmnyyyn' | pos_acc=14/14 (100.0%) | 898tok | 3.74s
Baseline | pred='nnveynntnllmms' | pos_acc=5/14 (35.7%) | 388tok | 1.38s
CoT      | pred='nnveynnnnlnnmm' | pos_acc=6/14 (42.9%) | 413tok | 0.97s
L2M      | pred='nnennnnynlllnm' | pos_acc=10/14 (71.4%) | 804tok | 6.66s
L2M-DV   | pred='nnennnnnynllnm' | pos_acc=13/14 (92.9%) | 1,055tok | 5.60s
Baseline | pred='ylllyyynnnnnn' | pos_acc=7/14 (50.0%) | 389tok | 0.88s | len_mismatch(gold=14, pred=13)
CoT      | pred='ylllyyynnnnnn' | pos_acc=7/14 (50.0%) | 412tok | 1.30s | len_mismatch(gold=14, pred=13)
L2M      | pred='ylnyyyymyyynnn' | pos_acc=13/14 (92.9%) | 802tok | 5.47s
L2M-DV   | pred='ylnyyyymyyennn' | pos_acc=14/14 (100.0%) | 905tok | 5.28s
Baseline | pred='nonlyyynnnnnnn' | pos_acc=10/14 (71.4%) | 379tok | 1.05s
CoT      | pred='nonllyylnnnnnn' | pos_acc=8/14 (57.1%) | 405tok | 1.23s
L2M      | pred='nnyeyyynnnnynn' | pos_acc=14/14 (100.0%) | 795tok | 3.18s
L2M-DV   | pred='nnyeyyyynnnynn' | pos_acc=13/14 (92.9%) | 892tok | 5.46s
Baseline | pred='ylyetnnnlyynee' | pos_acc=7/14 (50.0%) | 389tok | 1.54s
CoT      | pred='ylyetssnlynyon' | pos_acc=5/14 (35.7%) | 414tok | 0.90s
L2M      | pred='yylesnsyeyyen' | pos_acc=11/14 (78.6%) | 803tok | 4.57s | len_mismatch(gold=14, pred=13)
L2M-DV   | pred='yylesnsyeyynen' | pos_acc=14/14 (100.0%) | 905tok | 3.57s
Baseline | pred='nyrnnntnnynnye' | pos_acc=7/14 (50.0%) | 395tok | 1.52s
CoT      | pred='nyrnlnnmmnnyee' | pos_acc=8/14 (57.1%) | 423tok | 1.03s
L2M      | pred='nyenltnmnnyne' | pos_acc=12/14 (85.7%) | 810tok | 3.07s | len_mismatch(gold=14, pred=13)
L2M-DV   | pred='nyenltnmnnyyne' | pos_acc=12/14 (85.7%) | 916tok | 5.41s
Baseline | pred='nnynnnnleynyyi' | pos_acc=7/14 (50.0%) | 381tok | 1.74s
CoT      | pred='nnynnnnnnnnnnn' | pos_acc=7/14 (50.0%) | 405tok | 1.21s
L2M      | pred='nnyynemyyyynny' | pos_acc=8/14 (57.1%) | 795tok | 4.82s
L2M-DV   | pred='nnyynemyyynnyy' | pos_acc=8/14 (57.1%) | 898tok | 3.39s
Baseline | pred='enynlnelntnonn' | pos_acc=7/14 (50.0%) | 384tok | 1.69s
CoT      | pred='eyylnmlenntonn' | pos_acc=8/14 (57.1%) | 409tok | 20.85s
L2M      | pred='eyynnmennnnynn' | pos_acc=13/14 (92.9%) | 800tok | 2.76s
L2M-DV   | pred='eyynnmennnnynn' | pos_acc=13/14 (92.9%) | 904tok | 3.29s
Baseline | pred='yednynelgltity' | pos_acc=5/14 (35.7%) | 379tok | 1.38s
CoT      | pred='yednynelgtygyy' | pos_acc=6/14 (42.9%) | 405tok | 1.30s
L2M      | pred='yeyneeenylccyy' | pos_acc=8/14 (57.1%) | 793tok | 5.18s
L2M-DV   | pred='yeynyenylscyyy' | pos_acc=14/14 (100.0%) | 890tok | 4.62s
Baseline | pred='lnnssyylglnnsm' | pos_acc=7/14 (50.0%) | 384tok | 1.16s
CoT      | pred='lnnssyylglnnsm' | pos_acc=7/14 (50.0%) | 409tok | 1.07s
L2M      | pred='lnnsyllylllnlm' | pos_acc=9/14 (64.3%) | 798tok | 5.41s
L2M-DV   | pred='lnnsyylnynlnym' | pos_acc=14/14 (100.0%) | 896tok | 3.98s
Baseline | pred='nymtnlxmnneny' | pos_acc=5/14 (35.7%) | 381tok | 1.01s | len_mismatch(gold=14, pred=13)
CoT      | pred='nymntnmlnntyny' | pos_acc=5/14 (35.7%) | 408tok | 1.53s
L2M      | pred='nyyntnxmnnlrny' | pos_acc=5/14 (35.7%) | 797tok | 3.90s
L2M-DV   | pred='nyytnxmnylrnny' | pos_acc=14/14 (100.0%) | 899tok | 3.68s
Baseline | pred='ylyytleltllyy' | pos_acc=6/14 (42.9%) | 387tok | 1.15s | len_mismatch(gold=14, pred=13)
CoT      | pred='ylyytleltllyy' | pos_acc=6/14 (42.9%) | 412tok | 1.24s | len_mismatch(gold=14, pred=13)
L2M      | pred='yyyynellyylley' | pos_acc=9/14 (64.3%) | 801tok | 4.17s
L2M-DV   | pred='yyyynelllyyey' | pos_acc=9/14 (64.3%) | 906tok | 3.81s | len_mismatch(gold=14, pred=13)
Baseline | pred='nnllnlnltynonn' | pos_acc=6/14 (42.9%) | 383tok | 1.30s
CoT      | pred='nnllnlnltynonn' | pos_acc=6/14 (42.9%) | 408tok | 2.50s
L2M      | pred='nllnnylyyyllnn' | pos_acc=11/14 (78.6%) | 799tok | 3.84s
L2M-DV   | pred='nllnnylyyyslnn' | pos_acc=12/14 (85.7%) | 900tok | 3.48s

### Batch Summary (n_words=14)
| Strategy | Accuracy | Tokens | Avg Time |
|----------|----------|--------|----------|
| Baseline |  45.00% | 7,705 | 1.309s |
| CoT      |  45.36% | 8,209 | 2.228s |
| L2M      |  78.21% | 16,003 | 4.359s |
| L2M-DV   |  87.14% | 18,632 | 4.669s |

======================================================================
num_words = 15 | batch_size = 20
Baseline | pred='nnynyyynnnnnnnn' | pos_acc=9/15 (60.0%) | 383tok | 0.96s
CoT      | pred='nnynynynynynynyn' | pos_acc=10/15 (66.7%) | 408tok | 1.07s | len_mismatch(gold=15, pred=16)
L2M      | pred='nlynnyyyyynynssn' | pos_acc=9/15 (60.0%) | 818tok | 3.50s | len_mismatch(gold=15, pred=16)
L2M-DV   | pred='nlynynyyyynnnsn' | pos_acc=13/15 (86.7%) | 1,124tok | 8.71s
Baseline | pred='llltyeygynslyer' | pos_acc=6/15 (40.0%) | 390tok | 1.05s
CoT      | pred='lllttyeeyynnyyr' | pos_acc=7/15 (46.7%) | 414tok | 1.42s
L2M      | pred='llmtyeeynynyyye' | pos_acc=13/15 (86.7%) | 824tok | 5.24s
L2M-DV   | pred='llmtyeynmynyyye' | pos_acc=13/15 (86.7%) | 927tok | 3.33s
Baseline | pred='nnnltylsetleblel' | pos_acc=4/15 (26.7%) | 394tok | 1.28s | len_mismatch(gold=15, pred=16)
CoT      | pred='nnnlltylsetlble' | pos_acc=4/15 (26.7%) | 418tok | 1.09s
L2M      | pred='nnycyyyeleteyl' | pos_acc=6/15 (40.0%) | 827tok | 3.73s | len_mismatch(gold=15, pred=14)
L2M-DV   | pred='nnycyyyyeleteyl' | pos_acc=10/15 (66.7%) | 1,144tok | 8.28s
Baseline | pred='elnnssytnltyyey' | pos_acc=4/15 (26.7%) | 387tok | 1.06s
CoT      | pred='elnnssytnltyyey' | pos_acc=4/15 (26.7%) | 412tok | 1.19s
L2M      | pred='eynssynyeexnlly' | pos_acc=10/15 (66.7%) | 821tok | 5.94s
L2M-DV   | pred='eynsymyelxnlty' | pos_acc=5/15 (33.3%) | 923tok | 5.81s | len_mismatch(gold=15, pred=14)
Baseline | pred='yntlynnmlyntyyg' | pos_acc=5/15 (33.3%) | 388tok | 1.20s
CoT      | pred='yntlynnnlyynyyg' | pos_acc=5/15 (33.3%) | 413tok | 1.25s
L2M      | pred='ynrynynmnnnyyyl' | pos_acc=12/15 (80.0%) | 822tok | 5.74s
L2M-DV   | pred='ynrynymnnyyyyl' | pos_acc=10/15 (66.7%) | 923tok | 3.66s | len_mismatch(gold=15, pred=14)
Baseline | pred='lyyonnnnyyssyyt' | pos_acc=7/15 (46.7%) | 395tok | 1.15s
CoT      | pred='lyyonnnnyyssyyt' | pos_acc=7/15 (46.7%) | 420tok | 1.04s
L2M      | pred='lymnnnnynyysemey' | pos_acc=12/15 (80.0%) | 829tok | 3.77s | len_mismatch(gold=15, pred=16)
L2M-DV   | pred='lymnnnnynysmeyy' | pos_acc=11/15 (73.3%) | 937tok | 7.09s
Baseline | pred='nnnynnnnnyyyyyy' | pos_acc=9/15 (60.0%) | 386tok | 1.13s
CoT      | pred='nnynngyynyyynyy' | pos_acc=11/15 (73.3%) | 411tok | 0.97s
L2M      | pred='nnyynnynynyyynny' | pos_acc=11/15 (73.3%) | 820tok | 3.16s | len_mismatch(gold=15, pred=16)
L2M-DV   | pred='nnyynynynyyyyyn' | pos_acc=9/15 (60.0%) | 923tok | 5.22s
Baseline | pred='nssyyllnntnssst' | pos_acc=6/15 (40.0%) | 392tok | 0.95s
CoT      | pred='nnnysslnnntnlyss' | pos_acc=8/15 (53.3%) | 417tok | 1.10s | len_mismatch(gold=15, pred=16)
L2M      | pred='nsnysylyeenyyns' | pos_acc=11/15 (73.3%) | 826tok | 3.76s
L2M-DV   | pred='nsnyyslyennynns' | pos_acc=13/15 (86.7%) | 929tok | 5.27s
Baseline | pred='nggnsmnleonltnl' | pos_acc=5/15 (33.3%) | 386tok | 1.02s
CoT      | pred='nggnsmnletynlnl' | pos_acc=6/15 (40.0%) | 411tok | 1.21s
L2M      | pred='ngsmnyeyenlnlyl' | pos_acc=6/15 (40.0%) | 819tok | 3.73s
L2M-DV   | pred='ngsmnyeenynnyll' | pos_acc=6/15 (40.0%) | 916tok | 4.56s
Baseline | pred='edmmynngnnttyn' | pos_acc=5/15 (33.3%) | 394tok | 1.01s | len_mismatch(gold=15, pred=14)
CoT      | pred='edmmynngnlnytty' | pos_acc=5/15 (33.3%) | 419tok | 0.96s
L2M      | pred='emmnynyyynnnnyn' | pos_acc=12/15 (80.0%) | 829tok | 3.99s
L2M-DV   | pred='emmnynyyynlnynn' | pos_acc=9/15 (60.0%) | 935tok | 5.42s
Baseline | pred='sygyntynemyncty' | pos_acc=6/15 (40.0%) | 391tok | 1.08s
CoT      | pred='sygyntynemynyy' | pos_acc=6/15 (40.0%) | 415tok | 1.03s | len_mismatch(gold=15, pred=14)
L2M      | pred='syyynreemnnyycy' | pos_acc=10/15 (66.7%) | 826tok | 3.89s
L2M-DV   | pred='seyynyreemnyycy' | pos_acc=15/15 (100.0%) | 932tok | 5.00s
Baseline | pred='elnllyltynntgxy' | pos_acc=2/15 (13.3%) | 396tok | 0.90s
CoT      | pred='elnlntlytygyxgk' | pos_acc=3/15 (20.0%) | 421tok | 1.07s
L2M      | pred='eelnylyyyyenyx' | pos_acc=13/15 (86.7%) | 828tok | 4.63s | len_mismatch(gold=15, pred=14)
L2M-DV   | pred='eelnylyyyyyenyyx' | pos_acc=11/15 (73.3%) | 935tok | 3.55s | len_mismatch(gold=15, pred=16)
Baseline | pred='nymytlntnynynnn' | pos_acc=7/15 (46.7%) | 386tok | 1.12s
CoT      | pred='nymytlntnynynnn' | pos_acc=7/15 (46.7%) | 411tok | 1.68s
L2M      | pred='nyeyeyyyynnyynn' | pos_acc=13/15 (86.7%) | 819tok | 5.21s
L2M-DV   | pred='nyeyeyyynnyyynn' | pos_acc=15/15 (100.0%) | 920tok | 5.20s
Baseline | pred='nylgllnltlntnnn' | pos_acc=5/15 (33.3%) | 395tok | 1.55s
CoT      | pred='lnnlllylnllyonn' | pos_acc=5/15 (33.3%) | 419tok | 1.19s
L2M      | pred='ynylnylllyymnnn' | pos_acc=14/15 (93.3%) | 829tok | 4.72s
L2M-DV   | pred='ynylnylllyymnnn' | pos_acc=14/15 (93.3%) | 934tok | 7.04s
Baseline | pred='yymyyndnveesyny' | pos_acc=6/15 (40.0%) | 394tok | 1.11s
CoT      | pred='yynnynnnnnnnnnn' | pos_acc=7/15 (46.7%) | 418tok | 1.12s
L2M      | pred='yytynnnennnsnny' | pos_acc=9/15 (60.0%) | 828tok | 5.11s
L2M-DV   | pred='yyyynnnnensnymy' | pos_acc=12/15 (80.0%) | 933tok | 4.98s
Baseline | pred='yelelnnlltylnee' | pos_acc=4/15 (26.7%) | 395tok | 0.87s
CoT      | pred='yelalnnltylneee' | pos_acc=4/15 (26.7%) | 421tok | 1.39s
L2M      | pred='yenllnenyyyylee' | pos_acc=12/15 (80.0%) | 828tok | 4.35s
L2M-DV   | pred='yenlnlenyyyyln' | pos_acc=14/15 (93.3%) | 938tok | 5.51s | len_mismatch(gold=15, pred=14)
Baseline | pred='nlnnnlnylnlnnln' | pos_acc=7/15 (46.7%) | 389tok | 1.45s
CoT      | pred='nnnnnlnnlnnnnnn' | pos_acc=6/15 (40.0%) | 414tok | 1.37s
L2M      | pred='nnnnlnelymlllln' | pos_acc=8/15 (53.3%) | 823tok | 3.59s
L2M-DV   | pred='nnlnlneymlllny' | pos_acc=13/15 (86.7%) | 921tok | 3.98s | len_mismatch(gold=15, pred=14)
Baseline | pred='yntyyynnnlnnnon' | pos_acc=11/15 (73.3%) | 381tok | 1.16s
CoT      | pred='yntyyynnnlnnnyy' | pos_acc=11/15 (73.3%) | 407tok | 1.22s
L2M      | pred='yneyynnnnllnyn' | pos_acc=10/15 (66.7%) | 816tok | 4.70s | len_mismatch(gold=15, pred=14)
L2M-DV   | pred='yneyyylnlleynyn' | pos_acc=11/15 (73.3%) | 912tok | 6.09s
Baseline | pred='elenntnlnnntnss' | pos_acc=6/15 (40.0%) | 386tok | 1.22s
CoT      | pred='elalnnltlntnssn' | pos_acc=5/15 (33.3%) | 411tok | 1.15s
L2M      | pred='elenlyyeelyeens' | pos_acc=9/15 (60.0%) | 818tok | 4.51s
L2M-DV   | pred='elenlyyellyensn' | pos_acc=13/15 (86.7%) | 922tok | 4.04s
Baseline | pred='cnennnnlynnnnnn' | pos_acc=10/15 (66.7%) | 387tok | 0.92s
CoT      | pred='cnennglnnlnnnnn' | pos_acc=9/15 (60.0%) | 412tok | 0.89s
L2M      | pred='cnennlyyyymnnyn' | pos_acc=11/15 (73.3%) | 822tok | 4.42s
L2M-DV   | pred='cnennlyyymnnynn' | pos_acc=15/15 (100.0%) | 925tok | 5.58s

### Batch Summary (n_words=15)
| Strategy | Accuracy | Tokens | Avg Time |
|----------|----------|--------|----------|
| Baseline |  41.33% | 7,795 | 1.109s |
| CoT      |  43.33% | 8,292 | 1.170s |
| L2M      |  70.33% | 16,472 | 4.385s |
| L2M-DV   |  77.33% | 18,953 | 5.416s |

### Average position-wise accuracy
| Strategy | Macro / Micro | Exact Match |
|----------|---------------|-------------|
| Baseline | 56.08% / 49.75% | EM: 11.33% |
| CoT      | 56.09% / 50.21% | EM: 10.00% |
| L2M      | 89.85% / 85.33% | EM: 61.67% |
| L2M-DV   | 92.13% / 88.83% | EM: 65.67% |

### Token Usage & Time
| Strategy | Token Usage (Total) | Average Time (sec) |
|----------|---------------------|-------------------|
| Baseline | 110,072 tokens | 1.099s |
| CoT      | 117,397 tokens | 1.165s |
| L2M      | 200,356 tokens | 3.027s |
| L2M-DV   | 231,985 tokens | 3.468s |

### Position-wise Accuracy by Number of Words (%)
| n_words | Baseline | CoT | L2M | L2M-DV |
| ------- | ------ | ------ | ------ | ------ |
|       1 | 100.00 | 100.00 | 100.00 | 100.00 |
|       2 |  67.50 |  65.00 | 100.00 | 100.00 |
|       3 |  60.00 |  61.67 | 100.00 | 100.00 |
|       4 |  58.75 |  58.75 |  96.25 |  96.25 |
|       5 |  61.00 |  59.00 |  96.00 |  99.00 |
|       6 |  58.33 |  55.00 |  95.83 |  98.33 |
|       7 |  57.86 |  55.00 |  94.29 |  92.14 |
|       8 |  54.37 |  56.25 |  93.75 |  91.88 |
|       9 |  50.00 |  51.67 |  89.44 |  92.78 |
|      10 |  54.50 |  55.00 |  83.50 |  88.00 |
|      11 |  49.55 |  49.55 |  83.64 |  83.64 |
|      12 |  44.17 |  45.83 |  85.00 |  86.25 |
|      13 |  38.85 |  40.00 |  81.54 |  89.23 |
|      14 |  45.00 |  45.36 |  78.21 |  87.14 |
|      15 |  41.33 |  43.33 |  70.33 |  77.33 |

###  
|  | Baseline | CoT | L2M | L2M-DV |
| ------- | ------- | ------- | ------- | ------- |
| Micro   |   49.75 |   50.21 |   85.33 |   88.83 |
| Macro   |   56.08 |   56.09 |   89.85 |   92.13 |
| EM      |   11.33 |   10.00 |   61.67 |   65.67 |
| Tokens  | 110,072 | 117,397 | 200,356 | 231,985 |
| Time(s) |   1.099 |   1.165 |   3.027 |   3.468 |

 : experiments/20251216_152533/accuracy_comparison.png
